[0.017s] Invoking command in '/home/bryansgue/uav_ws/build/mujoco_ros_utils': CMAKE_PREFIX_PATH=/home/bryansgue/uav_ws/install/quadrotor_msgs:/home/bryansgue/uav_ws/install/mujoco_ros_utils:/home/bryansgue/uav_ws/install/acp_mujoco_simulator:/home/bryansgue/acp_ws/install/quad_mujoco_sim:/home/bryansgue/acp_ws/install/voxl2_rpm_interface:/home/bryansgue/acp_ws/install/trackers_manager:/home/bryansgue/acp_ws/install/std_trackers:/home/bryansgue/uav_ws/install/drone_teleop:/home/bryansgue/acp_ws/install/sim_interface:/home/bryansgue/acp_ws/install/drone_teleop:/home/bryansgue/acp_ws/install/nmpc_control:/home/bryansgue/acp_ws/install/mav_manager_test:/home/bryansgue/acp_ws/install/dq_nmpc:/opt/ros/humble:/home/bryansgue/acp_ws/install/mav_manager:/home/bryansgue/acp_ws/install/trackers_msgs:/home/bryansgue/acp_ws/install/quadrotor_simulator:/home/bryansgue/acp_ws/install/pi_ros2_interface:/home/bryansgue/acp_ws/install/nmpc_payload_cpp:/home/bryansgue/acp_ws/install/mujoco_ros_utils:/home/bryansgue/acp_ws/install/mav_control:/home/bryansgue/acp_ws/install/dq_cpp:/home/bryansgue/acp_ws/install/acp_mujoco_simulator:/home/bryansgue/acp_ws/install/quadrotor_msgs:/home/bryansgue/acp_ws/install/mesh_visualization:/home/bryansgue/acp_ws/install/mav_manager_srv:/home/bryansgue/acp_ws/install/acp_autonomy LD_LIBRARY_PATH=/home/bryansgue/uav_ws/install/quadrotor_msgs/lib:/home/bryansgue/uav_ws/install/mujoco_ros_utils/lib:/home/bryansgue/acp_ws/install/trackers_manager/lib:/home/bryansgue/acp_ws/install/std_trackers/lib:/home/bryansgue/acp_ws/install/mav_manager/lib:/home/bryansgue/acp_ws/install/trackers_msgs/lib:/home/bryansgue/acp_ws/install/quadrotor_simulator/lib:/home/bryansgue/acp_ws/install/pi_ros2_interface/lib:/home/bryansgue/acp_ws/install/nmpc_payload_cpp/lib:/home/bryansgue/acp_ws/install/mujoco_ros_utils/lib:/home/bryansgue/acp_ws/install/mav_control/lib:/home/bryansgue/acp_ws/install/dq_cpp/lib:/home/bryansgue/acp_ws/install/quadrotor_msgs/lib:/home/bryansgue/acp_ws/install/mesh_visualization/lib:/home/bryansgue/acp_ws/install/mav_manager_srv/lib:/opt/ros/humble/opt/rviz_ogre_vendor/lib:/opt/ros/humble/lib/x86_64-linux-gnu:/opt/ros/humble/lib:/home/bryansgue/acados/lib:/home/bryansgue/acados/lib:/home/bryansgue/acados/external/blasfeo/lib:/home/bryansgue/acados/external/hpipm/lib:/home/bryansgue/acados/lib:/home/bryansgue/acados/lib:/home/bryansgue/acados/external/blasfeo/lib:/home/bryansgue/acados/external/hpipm/lib /usr/bin/cmake --build /home/bryansgue/uav_ws/build/mujoco_ros_utils -- -j16 -l16
[0.030s] /usr/bin/cmake -S/home/bryansgue/uav_ws/src/MujocoRosUtils -B/home/bryansgue/uav_ws/build/mujoco_ros_utils --check-build-system CMakeFiles/Makefile.cmake 0
[0.044s] /usr/bin/cmake -E cmake_progress_start /home/bryansgue/uav_ws/build/mujoco_ros_utils/CMakeFiles /home/bryansgue/uav_ws/build/mujoco_ros_utils//CMakeFiles/progress.marks
[0.055s] /usr/bin/gmake  -f CMakeFiles/Makefile2 all
[0.058s] gmake[1]: Entering directory '/home/bryansgue/uav_ws/build/mujoco_ros_utils'
[0.058s] /usr/bin/gmake  -f CMakeFiles/mujoco_ros_utils__cpp.dir/build.make CMakeFiles/mujoco_ros_utils__cpp.dir/depend
[0.058s] /usr/bin/gmake  -f CMakeFiles/mujoco_ros_utils__rosidl_generator_c.dir/build.make CMakeFiles/mujoco_ros_utils__rosidl_generator_c.dir/depend
[0.058s] /usr/bin/gmake  -f CMakeFiles/ament_cmake_python_symlink_mujoco_ros_utils.dir/build.make CMakeFiles/ament_cmake_python_symlink_mujoco_ros_utils.dir/depend
[0.060s] gmake[2]: Entering directory '/home/bryansgue/uav_ws/build/mujoco_ros_utils'
[0.060s] cd /home/bryansgue/uav_ws/build/mujoco_ros_utils && /usr/bin/cmake -E cmake_depends "Unix Makefiles" /home/bryansgue/uav_ws/src/MujocoRosUtils /home/bryansgue/uav_ws/src/MujocoRosUtils /home/bryansgue/uav_ws/build/mujoco_ros_utils /home/bryansgue/uav_ws/build/mujoco_ros_utils /home/bryansgue/uav_ws/build/mujoco_ros_utils/CMakeFiles/mujoco_ros_utils__cpp.dir/DependInfo.cmake --color=
[0.060s] gmake[2]: Entering directory '/home/bryansgue/uav_ws/build/mujoco_ros_utils'
[0.060s] cd /home/bryansgue/uav_ws/build/mujoco_ros_utils && /usr/bin/cmake -E cmake_depends "Unix Makefiles" /home/bryansgue/uav_ws/src/MujocoRosUtils /home/bryansgue/uav_ws/src/MujocoRosUtils /home/bryansgue/uav_ws/build/mujoco_ros_utils /home/bryansgue/uav_ws/build/mujoco_ros_utils /home/bryansgue/uav_ws/build/mujoco_ros_utils/CMakeFiles/ament_cmake_python_symlink_mujoco_ros_utils.dir/DependInfo.cmake --color=
[0.061s] gmake[2]: Entering directory '/home/bryansgue/uav_ws/build/mujoco_ros_utils'
[0.061s] cd /home/bryansgue/uav_ws/build/mujoco_ros_utils && /usr/bin/cmake -E cmake_depends "Unix Makefiles" /home/bryansgue/uav_ws/src/MujocoRosUtils /home/bryansgue/uav_ws/src/MujocoRosUtils /home/bryansgue/uav_ws/build/mujoco_ros_utils /home/bryansgue/uav_ws/build/mujoco_ros_utils /home/bryansgue/uav_ws/build/mujoco_ros_utils/CMakeFiles/mujoco_ros_utils__rosidl_generator_c.dir/DependInfo.cmake --color=
[0.071s] [35m[1mConsolidate compiler generated dependencies of target mujoco_ros_utils__rosidl_generator_c[0m
[0.071s] gmake[2]: Leaving directory '/home/bryansgue/uav_ws/build/mujoco_ros_utils'
[0.071s] gmake[2]: Leaving directory '/home/bryansgue/uav_ws/build/mujoco_ros_utils'
[0.072s] /usr/bin/gmake  -f CMakeFiles/mujoco_ros_utils__cpp.dir/build.make CMakeFiles/mujoco_ros_utils__cpp.dir/build
[0.072s] /usr/bin/gmake  -f CMakeFiles/ament_cmake_python_symlink_mujoco_ros_utils.dir/build.make CMakeFiles/ament_cmake_python_symlink_mujoco_ros_utils.dir/build
[0.073s] gmake[2]: Leaving directory '/home/bryansgue/uav_ws/build/mujoco_ros_utils'
[0.073s] /usr/bin/gmake  -f CMakeFiles/mujoco_ros_utils__rosidl_generator_c.dir/build.make CMakeFiles/mujoco_ros_utils__rosidl_generator_c.dir/build
[0.073s] gmake[2]: Entering directory '/home/bryansgue/uav_ws/build/mujoco_ros_utils'
[0.073s] /usr/bin/cmake -E create_symlink /home/bryansgue/uav_ws/build/mujoco_ros_utils/rosidl_generator_py/mujoco_ros_utils /home/bryansgue/uav_ws/build/mujoco_ros_utils/ament_cmake_python/mujoco_ros_utils/mujoco_ros_utils
[0.075s] gmake[2]: Entering directory '/home/bryansgue/uav_ws/build/mujoco_ros_utils'
[0.075s] gmake[2]: Nothing to be done for 'CMakeFiles/mujoco_ros_utils__cpp.dir/build'.
[0.075s] gmake[2]: Leaving directory '/home/bryansgue/uav_ws/build/mujoco_ros_utils'
[0.075s] gmake[2]: Entering directory '/home/bryansgue/uav_ws/build/mujoco_ros_utils'
[0.075s] gmake[2]: Nothing to be done for 'CMakeFiles/mujoco_ros_utils__rosidl_generator_c.dir/build'.
[0.075s] gmake[2]: Leaving directory '/home/bryansgue/uav_ws/build/mujoco_ros_utils'
[0.084s] [  1%] Built target mujoco_ros_utils__cpp
[0.084s] [  9%] Built target mujoco_ros_utils__rosidl_generator_c
[0.085s] gmake[2]: Leaving directory '/home/bryansgue/uav_ws/build/mujoco_ros_utils'
[0.085s] /usr/bin/gmake  -f CMakeFiles/mujoco_ros_utils__rosidl_typesupport_cpp.dir/build.make CMakeFiles/mujoco_ros_utils__rosidl_typesupport_cpp.dir/depend
[0.086s] /usr/bin/gmake  -f CMakeFiles/mujoco_ros_utils__rosidl_typesupport_fastrtps_cpp.dir/build.make CMakeFiles/mujoco_ros_utils__rosidl_typesupport_fastrtps_cpp.dir/depend
[0.087s] /usr/bin/gmake  -f CMakeFiles/mujoco_ros_utils__rosidl_typesupport_introspection_c.dir/build.make CMakeFiles/mujoco_ros_utils__rosidl_typesupport_introspection_c.dir/depend
[0.087s] /usr/bin/gmake  -f CMakeFiles/mujoco_ros_utils__rosidl_typesupport_c.dir/build.make CMakeFiles/mujoco_ros_utils__rosidl_typesupport_c.dir/depend
[0.087s] /usr/bin/gmake  -f CMakeFiles/mujoco_ros_utils__rosidl_typesupport_introspection_cpp.dir/build.make CMakeFiles/mujoco_ros_utils__rosidl_typesupport_introspection_cpp.dir/depend
[0.088s] gmake[2]: Entering directory '/home/bryansgue/uav_ws/build/mujoco_ros_utils'
[0.088s] cd /home/bryansgue/uav_ws/build/mujoco_ros_utils && /usr/bin/cmake -E cmake_depends "Unix Makefiles" /home/bryansgue/uav_ws/src/MujocoRosUtils /home/bryansgue/uav_ws/src/MujocoRosUtils /home/bryansgue/uav_ws/build/mujoco_ros_utils /home/bryansgue/uav_ws/build/mujoco_ros_utils /home/bryansgue/uav_ws/build/mujoco_ros_utils/CMakeFiles/mujoco_ros_utils__rosidl_typesupport_cpp.dir/DependInfo.cmake --color=
[0.089s] gmake[2]: Entering directory '/home/bryansgue/uav_ws/build/mujoco_ros_utils'
[0.089s] cd /home/bryansgue/uav_ws/build/mujoco_ros_utils && /usr/bin/cmake -E cmake_depends "Unix Makefiles" /home/bryansgue/uav_ws/src/MujocoRosUtils /home/bryansgue/uav_ws/src/MujocoRosUtils /home/bryansgue/uav_ws/build/mujoco_ros_utils /home/bryansgue/uav_ws/build/mujoco_ros_utils /home/bryansgue/uav_ws/build/mujoco_ros_utils/CMakeFiles/mujoco_ros_utils__rosidl_typesupport_fastrtps_cpp.dir/DependInfo.cmake --color=
[0.089s] gmake[2]: Entering directory '/home/bryansgue/uav_ws/build/mujoco_ros_utils'
[0.089s] cd /home/bryansgue/uav_ws/build/mujoco_ros_utils && /usr/bin/cmake -E cmake_depends "Unix Makefiles" /home/bryansgue/uav_ws/src/MujocoRosUtils /home/bryansgue/uav_ws/src/MujocoRosUtils /home/bryansgue/uav_ws/build/mujoco_ros_utils /home/bryansgue/uav_ws/build/mujoco_ros_utils /home/bryansgue/uav_ws/build/mujoco_ros_utils/CMakeFiles/mujoco_ros_utils__rosidl_typesupport_c.dir/DependInfo.cmake --color=
[0.089s] gmake[2]: Entering directory '/home/bryansgue/uav_ws/build/mujoco_ros_utils'
[0.089s] cd /home/bryansgue/uav_ws/build/mujoco_ros_utils && /usr/bin/cmake -E cmake_depends "Unix Makefiles" /home/bryansgue/uav_ws/src/MujocoRosUtils /home/bryansgue/uav_ws/src/MujocoRosUtils /home/bryansgue/uav_ws/build/mujoco_ros_utils /home/bryansgue/uav_ws/build/mujoco_ros_utils /home/bryansgue/uav_ws/build/mujoco_ros_utils/CMakeFiles/mujoco_ros_utils__rosidl_typesupport_introspection_c.dir/DependInfo.cmake --color=
[0.089s] gmake[2]: Entering directory '/home/bryansgue/uav_ws/build/mujoco_ros_utils'
[0.089s] cd /home/bryansgue/uav_ws/build/mujoco_ros_utils && /usr/bin/cmake -E cmake_depends "Unix Makefiles" /home/bryansgue/uav_ws/src/MujocoRosUtils /home/bryansgue/uav_ws/src/MujocoRosUtils /home/bryansgue/uav_ws/build/mujoco_ros_utils /home/bryansgue/uav_ws/build/mujoco_ros_utils /home/bryansgue/uav_ws/build/mujoco_ros_utils/CMakeFiles/mujoco_ros_utils__rosidl_typesupport_introspection_cpp.dir/DependInfo.cmake --color=
[0.101s] [  9%] Built target ament_cmake_python_symlink_mujoco_ros_utils
[0.101s] [35m[1mConsolidate compiler generated dependencies of target mujoco_ros_utils__rosidl_typesupport_introspection_c[0m
[0.101s] [35m[1mConsolidate compiler generated dependencies of target mujoco_ros_utils__rosidl_typesupport_c[0m
[0.101s] [35m[1mConsolidate compiler generated dependencies of target mujoco_ros_utils__rosidl_typesupport_cpp[0m
[0.101s] [35m[1mConsolidate compiler generated dependencies of target mujoco_ros_utils__rosidl_typesupport_introspection_cpp[0m
[0.101s] [35m[1mConsolidate compiler generated dependencies of target mujoco_ros_utils__rosidl_typesupport_fastrtps_cpp[0m
[0.103s] /usr/bin/gmake  -f CMakeFiles/mujoco_ros_utils__rosidl_typesupport_fastrtps_c.dir/build.make CMakeFiles/mujoco_ros_utils__rosidl_typesupport_fastrtps_c.dir/depend
[0.103s] gmake[2]: Leaving directory '/home/bryansgue/uav_ws/build/mujoco_ros_utils'
[0.103s] gmake[2]: Leaving directory '/home/bryansgue/uav_ws/build/mujoco_ros_utils'
[0.103s] /usr/bin/gmake  -f CMakeFiles/ament_cmake_python_build_mujoco_ros_utils_egg.dir/build.make CMakeFiles/ament_cmake_python_build_mujoco_ros_utils_egg.dir/depend
[0.104s] /usr/bin/gmake  -f CMakeFiles/mujoco_ros_utils__rosidl_typesupport_introspection_c.dir/build.make CMakeFiles/mujoco_ros_utils__rosidl_typesupport_introspection_c.dir/build
[0.104s] gmake[2]: Leaving directory '/home/bryansgue/uav_ws/build/mujoco_ros_utils'
[0.104s] /usr/bin/gmake  -f CMakeFiles/mujoco_ros_utils__rosidl_typesupport_c.dir/build.make CMakeFiles/mujoco_ros_utils__rosidl_typesupport_c.dir/build
[0.104s] gmake[2]: Leaving directory '/home/bryansgue/uav_ws/build/mujoco_ros_utils'
[0.104s] /usr/bin/gmake  -f CMakeFiles/mujoco_ros_utils__rosidl_typesupport_introspection_cpp.dir/build.make CMakeFiles/mujoco_ros_utils__rosidl_typesupport_introspection_cpp.dir/build
[0.104s] /usr/bin/gmake  -f CMakeFiles/mujoco_ros_utils__rosidl_typesupport_cpp.dir/build.make CMakeFiles/mujoco_ros_utils__rosidl_typesupport_cpp.dir/build
[0.105s] gmake[2]: Entering directory '/home/bryansgue/uav_ws/build/mujoco_ros_utils'
[0.105s] cd /home/bryansgue/uav_ws/build/mujoco_ros_utils && /usr/bin/cmake -E cmake_depends "Unix Makefiles" /home/bryansgue/uav_ws/src/MujocoRosUtils /home/bryansgue/uav_ws/src/MujocoRosUtils /home/bryansgue/uav_ws/build/mujoco_ros_utils /home/bryansgue/uav_ws/build/mujoco_ros_utils /home/bryansgue/uav_ws/build/mujoco_ros_utils/CMakeFiles/ament_cmake_python_build_mujoco_ros_utils_egg.dir/DependInfo.cmake --color=
[0.105s] gmake[2]: Leaving directory '/home/bryansgue/uav_ws/build/mujoco_ros_utils'
[0.105s] /usr/bin/gmake  -f CMakeFiles/mujoco_ros_utils__rosidl_typesupport_fastrtps_cpp.dir/build.make CMakeFiles/mujoco_ros_utils__rosidl_typesupport_fastrtps_cpp.dir/build
[0.106s] gmake[2]: Entering directory '/home/bryansgue/uav_ws/build/mujoco_ros_utils'
[0.106s] gmake[2]: Nothing to be done for 'CMakeFiles/mujoco_ros_utils__rosidl_typesupport_c.dir/build'.
[0.106s] gmake[2]: Leaving directory '/home/bryansgue/uav_ws/build/mujoco_ros_utils'
[0.106s] gmake[2]: Entering directory '/home/bryansgue/uav_ws/build/mujoco_ros_utils'
[0.106s] gmake[2]: Nothing to be done for 'CMakeFiles/mujoco_ros_utils__rosidl_typesupport_introspection_c.dir/build'.
[0.107s] gmake[2]: Leaving directory '/home/bryansgue/uav_ws/build/mujoco_ros_utils'
[0.107s] gmake[2]: Entering directory '/home/bryansgue/uav_ws/build/mujoco_ros_utils'
[0.107s] cd /home/bryansgue/uav_ws/build/mujoco_ros_utils && /usr/bin/cmake -E cmake_depends "Unix Makefiles" /home/bryansgue/uav_ws/src/MujocoRosUtils /home/bryansgue/uav_ws/src/MujocoRosUtils /home/bryansgue/uav_ws/build/mujoco_ros_utils /home/bryansgue/uav_ws/build/mujoco_ros_utils /home/bryansgue/uav_ws/build/mujoco_ros_utils/CMakeFiles/mujoco_ros_utils__rosidl_typesupport_fastrtps_c.dir/DependInfo.cmake --color=
[0.107s] gmake[2]: Entering directory '/home/bryansgue/uav_ws/build/mujoco_ros_utils'
[0.107s] gmake[2]: Nothing to be done for 'CMakeFiles/mujoco_ros_utils__rosidl_typesupport_cpp.dir/build'.
[0.107s] gmake[2]: Leaving directory '/home/bryansgue/uav_ws/build/mujoco_ros_utils'
[0.107s] gmake[2]: Entering directory '/home/bryansgue/uav_ws/build/mujoco_ros_utils'
[0.107s] gmake[2]: Nothing to be done for 'CMakeFiles/mujoco_ros_utils__rosidl_typesupport_introspection_cpp.dir/build'.
[0.107s] gmake[2]: Leaving directory '/home/bryansgue/uav_ws/build/mujoco_ros_utils'
[0.109s] gmake[2]: Entering directory '/home/bryansgue/uav_ws/build/mujoco_ros_utils'
[0.109s] gmake[2]: Nothing to be done for 'CMakeFiles/mujoco_ros_utils__rosidl_typesupport_fastrtps_cpp.dir/build'.
[0.109s] gmake[2]: Leaving directory '/home/bryansgue/uav_ws/build/mujoco_ros_utils'
[0.119s] [ 38%] Built target mujoco_ros_utils__rosidl_typesupport_introspection_cpp
[0.119s] [ 38%] Built target mujoco_ros_utils__rosidl_typesupport_introspection_c
[0.119s] [ 38%] Built target mujoco_ros_utils__rosidl_typesupport_c
[0.119s] [ 38%] Built target mujoco_ros_utils__rosidl_typesupport_cpp
[0.119s] [35m[1mConsolidate compiler generated dependencies of target mujoco_ros_utils__rosidl_typesupport_fastrtps_c[0m
[0.119s] [ 46%] Built target mujoco_ros_utils__rosidl_typesupport_fastrtps_cpp
[0.119s] gmake[2]: Leaving directory '/home/bryansgue/uav_ws/build/mujoco_ros_utils'
[0.120s] /usr/bin/gmake  -f CMakeFiles/ament_cmake_python_build_mujoco_ros_utils_egg.dir/build.make CMakeFiles/ament_cmake_python_build_mujoco_ros_utils_egg.dir/build
[0.123s] gmake[2]: Entering directory '/home/bryansgue/uav_ws/build/mujoco_ros_utils'
[0.123s] cd /home/bryansgue/uav_ws/build/mujoco_ros_utils/ament_cmake_python/mujoco_ros_utils && /usr/bin/python3 setup.py egg_info
[0.123s] gmake[2]: Leaving directory '/home/bryansgue/uav_ws/build/mujoco_ros_utils'
[0.123s] /usr/bin/gmake  -f CMakeFiles/mujoco_ros_utils__rosidl_typesupport_fastrtps_c.dir/build.make CMakeFiles/mujoco_ros_utils__rosidl_typesupport_fastrtps_c.dir/build
[0.126s] gmake[2]: Entering directory '/home/bryansgue/uav_ws/build/mujoco_ros_utils'
[0.126s] gmake[2]: Nothing to be done for 'CMakeFiles/mujoco_ros_utils__rosidl_typesupport_fastrtps_c.dir/build'.
[0.126s] gmake[2]: Leaving directory '/home/bryansgue/uav_ws/build/mujoco_ros_utils'
[0.139s] [ 53%] Built target mujoco_ros_utils__rosidl_typesupport_fastrtps_c
[0.141s] /usr/bin/gmake  -f CMakeFiles/mujoco_ros_utils.dir/build.make CMakeFiles/mujoco_ros_utils.dir/depend
[0.143s] gmake[2]: Entering directory '/home/bryansgue/uav_ws/build/mujoco_ros_utils'
[0.143s] cd /home/bryansgue/uav_ws/build/mujoco_ros_utils && /usr/bin/cmake -E cmake_depends "Unix Makefiles" /home/bryansgue/uav_ws/src/MujocoRosUtils /home/bryansgue/uav_ws/src/MujocoRosUtils /home/bryansgue/uav_ws/build/mujoco_ros_utils /home/bryansgue/uav_ws/build/mujoco_ros_utils /home/bryansgue/uav_ws/build/mujoco_ros_utils/CMakeFiles/mujoco_ros_utils.dir/DependInfo.cmake --color=
[0.158s] gmake[2]: Leaving directory '/home/bryansgue/uav_ws/build/mujoco_ros_utils'
[0.159s] /usr/bin/gmake  -f CMakeFiles/mujoco_ros_utils.dir/build.make CMakeFiles/mujoco_ros_utils.dir/build
[0.162s] gmake[2]: Entering directory '/home/bryansgue/uav_ws/build/mujoco_ros_utils'
[0.162s] gmake[2]: Nothing to be done for 'CMakeFiles/mujoco_ros_utils.dir/build'.
[0.162s] gmake[2]: Leaving directory '/home/bryansgue/uav_ws/build/mujoco_ros_utils'
[0.175s] [ 53%] Built target mujoco_ros_utils
[0.176s] /usr/bin/gmake  -f mujoco_ros_utils__py/CMakeFiles/mujoco_ros_utils__py.dir/build.make mujoco_ros_utils__py/CMakeFiles/mujoco_ros_utils__py.dir/depend
[0.177s] /usr/bin/gmake  -f plugin/CMakeFiles/MujocoRosUtils.dir/build.make plugin/CMakeFiles/MujocoRosUtils.dir/depend
[0.179s] gmake[2]: Entering directory '/home/bryansgue/uav_ws/build/mujoco_ros_utils'
[0.179s] cd /home/bryansgue/uav_ws/build/mujoco_ros_utils && /usr/bin/cmake -E cmake_depends "Unix Makefiles" /home/bryansgue/uav_ws/src/MujocoRosUtils /home/bryansgue/uav_ws/src/MujocoRosUtils/plugin /home/bryansgue/uav_ws/build/mujoco_ros_utils /home/bryansgue/uav_ws/build/mujoco_ros_utils/plugin /home/bryansgue/uav_ws/build/mujoco_ros_utils/plugin/CMakeFiles/MujocoRosUtils.dir/DependInfo.cmake --color=
[0.180s] gmake[2]: Entering directory '/home/bryansgue/uav_ws/build/mujoco_ros_utils'
[0.180s] cd /home/bryansgue/uav_ws/build/mujoco_ros_utils && /usr/bin/cmake -E cmake_depends "Unix Makefiles" /home/bryansgue/uav_ws/src/MujocoRosUtils /home/bryansgue/uav_ws/build/mujoco_ros_utils/mujoco_ros_utils__py /home/bryansgue/uav_ws/build/mujoco_ros_utils /home/bryansgue/uav_ws/build/mujoco_ros_utils/mujoco_ros_utils__py /home/bryansgue/uav_ws/build/mujoco_ros_utils/mujoco_ros_utils__py/CMakeFiles/mujoco_ros_utils__py.dir/DependInfo.cmake --color=
[0.194s] gmake[2]: Leaving directory '/home/bryansgue/uav_ws/build/mujoco_ros_utils'
[0.194s] /usr/bin/gmake  -f mujoco_ros_utils__py/CMakeFiles/mujoco_ros_utils__py.dir/build.make mujoco_ros_utils__py/CMakeFiles/mujoco_ros_utils__py.dir/build
[0.197s] gmake[2]: Entering directory '/home/bryansgue/uav_ws/build/mujoco_ros_utils'
[0.197s] gmake[2]: Nothing to be done for 'mujoco_ros_utils__py/CMakeFiles/mujoco_ros_utils__py.dir/build'.
[0.197s] gmake[2]: Leaving directory '/home/bryansgue/uav_ws/build/mujoco_ros_utils'
[0.198s] [35m[1mConsolidate compiler generated dependencies of target MujocoRosUtils[0m
[0.211s] [ 55%] Built target mujoco_ros_utils__py
[0.213s] /usr/bin/gmake  -f CMakeFiles/mujoco_ros_utils__rosidl_generator_py.dir/build.make CMakeFiles/mujoco_ros_utils__rosidl_generator_py.dir/depend
[0.215s] gmake[2]: Entering directory '/home/bryansgue/uav_ws/build/mujoco_ros_utils'
[0.215s] cd /home/bryansgue/uav_ws/build/mujoco_ros_utils && /usr/bin/cmake -E cmake_depends "Unix Makefiles" /home/bryansgue/uav_ws/src/MujocoRosUtils /home/bryansgue/uav_ws/src/MujocoRosUtils /home/bryansgue/uav_ws/build/mujoco_ros_utils /home/bryansgue/uav_ws/build/mujoco_ros_utils /home/bryansgue/uav_ws/build/mujoco_ros_utils/CMakeFiles/mujoco_ros_utils__rosidl_generator_py.dir/DependInfo.cmake --color=
[0.220s] gmake[2]: Leaving directory '/home/bryansgue/uav_ws/build/mujoco_ros_utils'
[0.220s] /usr/bin/gmake  -f plugin/CMakeFiles/MujocoRosUtils.dir/build.make plugin/CMakeFiles/MujocoRosUtils.dir/build
[0.228s] [35m[1mConsolidate compiler generated dependencies of target mujoco_ros_utils__rosidl_generator_py[0m
[0.232s] gmake[2]: Entering directory '/home/bryansgue/uav_ws/build/mujoco_ros_utils'
[0.232s] gmake[2]: Nothing to be done for 'plugin/CMakeFiles/MujocoRosUtils.dir/build'.
[0.232s] gmake[2]: Leaving directory '/home/bryansgue/uav_ws/build/mujoco_ros_utils'
[0.232s] gmake[2]: Leaving directory '/home/bryansgue/uav_ws/build/mujoco_ros_utils'
[0.232s] /usr/bin/gmake  -f CMakeFiles/mujoco_ros_utils__rosidl_generator_py.dir/build.make CMakeFiles/mujoco_ros_utils__rosidl_generator_py.dir/build
[0.236s] gmake[2]: Entering directory '/home/bryansgue/uav_ws/build/mujoco_ros_utils'
[0.236s] gmake[2]: Nothing to be done for 'CMakeFiles/mujoco_ros_utils__rosidl_generator_py.dir/build'.
[0.236s] gmake[2]: Leaving directory '/home/bryansgue/uav_ws/build/mujoco_ros_utils'
[0.245s] [ 79%] Built target MujocoRosUtils
[0.248s] /usr/bin/gmake  -f plugin/CMakeFiles/MujocoRosUtilsPlugin.dir/build.make plugin/CMakeFiles/MujocoRosUtilsPlugin.dir/depend
[0.249s] [ 85%] Built target mujoco_ros_utils__rosidl_generator_py
[0.250s] gmake[2]: Entering directory '/home/bryansgue/uav_ws/build/mujoco_ros_utils'
[0.250s] cd /home/bryansgue/uav_ws/build/mujoco_ros_utils && /usr/bin/cmake -E cmake_depends "Unix Makefiles" /home/bryansgue/uav_ws/src/MujocoRosUtils /home/bryansgue/uav_ws/src/MujocoRosUtils/plugin /home/bryansgue/uav_ws/build/mujoco_ros_utils /home/bryansgue/uav_ws/build/mujoco_ros_utils/plugin /home/bryansgue/uav_ws/build/mujoco_ros_utils/plugin/CMakeFiles/MujocoRosUtilsPlugin.dir/DependInfo.cmake --color=
[0.251s] /usr/bin/gmake  -f CMakeFiles/mujoco_ros_utils__rosidl_typesupport_fastrtps_c__pyext.dir/build.make CMakeFiles/mujoco_ros_utils__rosidl_typesupport_fastrtps_c__pyext.dir/depend
[0.251s] /usr/bin/gmake  -f CMakeFiles/mujoco_ros_utils__rosidl_typesupport_introspection_c__pyext.dir/build.make CMakeFiles/mujoco_ros_utils__rosidl_typesupport_introspection_c__pyext.dir/depend
[0.251s] /usr/bin/gmake  -f CMakeFiles/mujoco_ros_utils__rosidl_typesupport_c__pyext.dir/build.make CMakeFiles/mujoco_ros_utils__rosidl_typesupport_c__pyext.dir/depend
[0.253s] gmake[2]: Entering directory '/home/bryansgue/uav_ws/build/mujoco_ros_utils'
[0.253s] cd /home/bryansgue/uav_ws/build/mujoco_ros_utils && /usr/bin/cmake -E cmake_depends "Unix Makefiles" /home/bryansgue/uav_ws/src/MujocoRosUtils /home/bryansgue/uav_ws/src/MujocoRosUtils /home/bryansgue/uav_ws/build/mujoco_ros_utils /home/bryansgue/uav_ws/build/mujoco_ros_utils /home/bryansgue/uav_ws/build/mujoco_ros_utils/CMakeFiles/mujoco_ros_utils__rosidl_typesupport_fastrtps_c__pyext.dir/DependInfo.cmake --color=
[0.253s] gmake[2]: Entering directory '/home/bryansgue/uav_ws/build/mujoco_ros_utils'
[0.253s] cd /home/bryansgue/uav_ws/build/mujoco_ros_utils && /usr/bin/cmake -E cmake_depends "Unix Makefiles" /home/bryansgue/uav_ws/src/MujocoRosUtils /home/bryansgue/uav_ws/src/MujocoRosUtils /home/bryansgue/uav_ws/build/mujoco_ros_utils /home/bryansgue/uav_ws/build/mujoco_ros_utils /home/bryansgue/uav_ws/build/mujoco_ros_utils/CMakeFiles/mujoco_ros_utils__rosidl_typesupport_introspection_c__pyext.dir/DependInfo.cmake --color=
[0.253s] gmake[2]: Entering directory '/home/bryansgue/uav_ws/build/mujoco_ros_utils'
[0.253s] cd /home/bryansgue/uav_ws/build/mujoco_ros_utils && /usr/bin/cmake -E cmake_depends "Unix Makefiles" /home/bryansgue/uav_ws/src/MujocoRosUtils /home/bryansgue/uav_ws/src/MujocoRosUtils /home/bryansgue/uav_ws/build/mujoco_ros_utils /home/bryansgue/uav_ws/build/mujoco_ros_utils /home/bryansgue/uav_ws/build/mujoco_ros_utils/CMakeFiles/mujoco_ros_utils__rosidl_typesupport_c__pyext.dir/DependInfo.cmake --color=
[0.264s] [35m[1mConsolidate compiler generated dependencies of target MujocoRosUtilsPlugin[0m
[0.264s] [35m[1mConsolidate compiler generated dependencies of target mujoco_ros_utils__rosidl_typesupport_fastrtps_c__pyext[0m
[0.264s] [35m[1mConsolidate compiler generated dependencies of target mujoco_ros_utils__rosidl_typesupport_introspection_c__pyext[0m
[0.264s] [35m[1mConsolidate compiler generated dependencies of target mujoco_ros_utils__rosidl_typesupport_c__pyext[0m
[0.267s] gmake[2]: Leaving directory '/home/bryansgue/uav_ws/build/mujoco_ros_utils'
[0.267s] gmake[2]: Leaving directory '/home/bryansgue/uav_ws/build/mujoco_ros_utils'
[0.267s] gmake[2]: Leaving directory '/home/bryansgue/uav_ws/build/mujoco_ros_utils'
[0.268s] /usr/bin/gmake  -f CMakeFiles/mujoco_ros_utils__rosidl_typesupport_introspection_c__pyext.dir/build.make CMakeFiles/mujoco_ros_utils__rosidl_typesupport_introspection_c__pyext.dir/build
[0.268s] /usr/bin/gmake  -f CMakeFiles/mujoco_ros_utils__rosidl_typesupport_fastrtps_c__pyext.dir/build.make CMakeFiles/mujoco_ros_utils__rosidl_typesupport_fastrtps_c__pyext.dir/build
[0.268s] /usr/bin/gmake  -f CMakeFiles/mujoco_ros_utils__rosidl_typesupport_c__pyext.dir/build.make CMakeFiles/mujoco_ros_utils__rosidl_typesupport_c__pyext.dir/build
[0.269s] gmake[2]: Leaving directory '/home/bryansgue/uav_ws/build/mujoco_ros_utils'
[0.269s] /usr/bin/gmake  -f plugin/CMakeFiles/MujocoRosUtilsPlugin.dir/build.make plugin/CMakeFiles/MujocoRosUtilsPlugin.dir/build
[0.271s] gmake[2]: Entering directory '/home/bryansgue/uav_ws/build/mujoco_ros_utils'
[0.271s] gmake[2]: Entering directory '/home/bryansgue/uav_ws/build/mujoco_ros_utils'
[0.271s] gmake[2]: Nothing to be done for 'CMakeFiles/mujoco_ros_utils__rosidl_typesupport_introspection_c__pyext.dir/build'.
[0.271s] gmake[2]: Nothing to be done for 'CMakeFiles/mujoco_ros_utils__rosidl_typesupport_fastrtps_c__pyext.dir/build'.
[0.271s] gmake[2]: Leaving directory '/home/bryansgue/uav_ws/build/mujoco_ros_utils'
[0.271s] gmake[2]: Leaving directory '/home/bryansgue/uav_ws/build/mujoco_ros_utils'
[0.271s] gmake[2]: Entering directory '/home/bryansgue/uav_ws/build/mujoco_ros_utils'
[0.271s] gmake[2]: Nothing to be done for 'CMakeFiles/mujoco_ros_utils__rosidl_typesupport_c__pyext.dir/build'.
[0.271s] gmake[2]: Leaving directory '/home/bryansgue/uav_ws/build/mujoco_ros_utils'
[0.276s] gmake[2]: Entering directory '/home/bryansgue/uav_ws/build/mujoco_ros_utils'
[0.276s] gmake[2]: Nothing to be done for 'plugin/CMakeFiles/MujocoRosUtilsPlugin.dir/build'.
[0.276s] gmake[2]: Leaving directory '/home/bryansgue/uav_ws/build/mujoco_ros_utils'
[0.282s] [ 94%] Built target mujoco_ros_utils__rosidl_typesupport_fastrtps_c__pyext
[0.283s] [ 94%] Built target mujoco_ros_utils__rosidl_typesupport_introspection_c__pyext
[0.283s] [ 96%] Built target mujoco_ros_utils__rosidl_typesupport_c__pyext
[0.289s] [100%] Built target MujocoRosUtilsPlugin
[0.343s] running egg_info
[0.343s] writing mujoco_ros_utils.egg-info/PKG-INFO
[0.344s] writing dependency_links to mujoco_ros_utils.egg-info/dependency_links.txt
[0.344s] writing top-level names to mujoco_ros_utils.egg-info/top_level.txt
[0.346s] reading manifest file 'mujoco_ros_utils.egg-info/SOURCES.txt'
[0.346s] writing manifest file 'mujoco_ros_utils.egg-info/SOURCES.txt'
[0.372s] gmake[2]: Leaving directory '/home/bryansgue/uav_ws/build/mujoco_ros_utils'
[0.385s] [100%] Built target ament_cmake_python_build_mujoco_ros_utils_egg
[0.386s] gmake[1]: Leaving directory '/home/bryansgue/uav_ws/build/mujoco_ros_utils'
[0.387s] /usr/bin/cmake -E cmake_progress_start /home/bryansgue/uav_ws/build/mujoco_ros_utils/CMakeFiles 0
[0.421s] Invoked command in '/home/bryansgue/uav_ws/build/mujoco_ros_utils' returned '0': CMAKE_PREFIX_PATH=/home/bryansgue/uav_ws/install/quadrotor_msgs:/home/bryansgue/uav_ws/install/mujoco_ros_utils:/home/bryansgue/uav_ws/install/acp_mujoco_simulator:/home/bryansgue/acp_ws/install/quad_mujoco_sim:/home/bryansgue/acp_ws/install/voxl2_rpm_interface:/home/bryansgue/acp_ws/install/trackers_manager:/home/bryansgue/acp_ws/install/std_trackers:/home/bryansgue/uav_ws/install/drone_teleop:/home/bryansgue/acp_ws/install/sim_interface:/home/bryansgue/acp_ws/install/drone_teleop:/home/bryansgue/acp_ws/install/nmpc_control:/home/bryansgue/acp_ws/install/mav_manager_test:/home/bryansgue/acp_ws/install/dq_nmpc:/opt/ros/humble:/home/bryansgue/acp_ws/install/mav_manager:/home/bryansgue/acp_ws/install/trackers_msgs:/home/bryansgue/acp_ws/install/quadrotor_simulator:/home/bryansgue/acp_ws/install/pi_ros2_interface:/home/bryansgue/acp_ws/install/nmpc_payload_cpp:/home/bryansgue/acp_ws/install/mujoco_ros_utils:/home/bryansgue/acp_ws/install/mav_control:/home/bryansgue/acp_ws/install/dq_cpp:/home/bryansgue/acp_ws/install/acp_mujoco_simulator:/home/bryansgue/acp_ws/install/quadrotor_msgs:/home/bryansgue/acp_ws/install/mesh_visualization:/home/bryansgue/acp_ws/install/mav_manager_srv:/home/bryansgue/acp_ws/install/acp_autonomy LD_LIBRARY_PATH=/home/bryansgue/uav_ws/install/quadrotor_msgs/lib:/home/bryansgue/uav_ws/install/mujoco_ros_utils/lib:/home/bryansgue/acp_ws/install/trackers_manager/lib:/home/bryansgue/acp_ws/install/std_trackers/lib:/home/bryansgue/acp_ws/install/mav_manager/lib:/home/bryansgue/acp_ws/install/trackers_msgs/lib:/home/bryansgue/acp_ws/install/quadrotor_simulator/lib:/home/bryansgue/acp_ws/install/pi_ros2_interface/lib:/home/bryansgue/acp_ws/install/nmpc_payload_cpp/lib:/home/bryansgue/acp_ws/install/mujoco_ros_utils/lib:/home/bryansgue/acp_ws/install/mav_control/lib:/home/bryansgue/acp_ws/install/dq_cpp/lib:/home/bryansgue/acp_ws/install/quadrotor_msgs/lib:/home/bryansgue/acp_ws/install/mesh_visualization/lib:/home/bryansgue/acp_ws/install/mav_manager_srv/lib:/opt/ros/humble/opt/rviz_ogre_vendor/lib:/opt/ros/humble/lib/x86_64-linux-gnu:/opt/ros/humble/lib:/home/bryansgue/acados/lib:/home/bryansgue/acados/lib:/home/bryansgue/acados/external/blasfeo/lib:/home/bryansgue/acados/external/hpipm/lib:/home/bryansgue/acados/lib:/home/bryansgue/acados/lib:/home/bryansgue/acados/external/blasfeo/lib:/home/bryansgue/acados/external/hpipm/lib /usr/bin/cmake --build /home/bryansgue/uav_ws/build/mujoco_ros_utils -- -j16 -l16
[0.423s] Invoking command in '/home/bryansgue/uav_ws/build/mujoco_ros_utils': CMAKE_PREFIX_PATH=/home/bryansgue/uav_ws/install/quadrotor_msgs:/home/bryansgue/uav_ws/install/mujoco_ros_utils:/home/bryansgue/uav_ws/install/acp_mujoco_simulator:/home/bryansgue/acp_ws/install/quad_mujoco_sim:/home/bryansgue/acp_ws/install/voxl2_rpm_interface:/home/bryansgue/acp_ws/install/trackers_manager:/home/bryansgue/acp_ws/install/std_trackers:/home/bryansgue/uav_ws/install/drone_teleop:/home/bryansgue/acp_ws/install/sim_interface:/home/bryansgue/acp_ws/install/drone_teleop:/home/bryansgue/acp_ws/install/nmpc_control:/home/bryansgue/acp_ws/install/mav_manager_test:/home/bryansgue/acp_ws/install/dq_nmpc:/opt/ros/humble:/home/bryansgue/acp_ws/install/mav_manager:/home/bryansgue/acp_ws/install/trackers_msgs:/home/bryansgue/acp_ws/install/quadrotor_simulator:/home/bryansgue/acp_ws/install/pi_ros2_interface:/home/bryansgue/acp_ws/install/nmpc_payload_cpp:/home/bryansgue/acp_ws/install/mujoco_ros_utils:/home/bryansgue/acp_ws/install/mav_control:/home/bryansgue/acp_ws/install/dq_cpp:/home/bryansgue/acp_ws/install/acp_mujoco_simulator:/home/bryansgue/acp_ws/install/quadrotor_msgs:/home/bryansgue/acp_ws/install/mesh_visualization:/home/bryansgue/acp_ws/install/mav_manager_srv:/home/bryansgue/acp_ws/install/acp_autonomy LD_LIBRARY_PATH=/home/bryansgue/uav_ws/install/quadrotor_msgs/lib:/home/bryansgue/uav_ws/install/mujoco_ros_utils/lib:/home/bryansgue/acp_ws/install/trackers_manager/lib:/home/bryansgue/acp_ws/install/std_trackers/lib:/home/bryansgue/acp_ws/install/mav_manager/lib:/home/bryansgue/acp_ws/install/trackers_msgs/lib:/home/bryansgue/acp_ws/install/quadrotor_simulator/lib:/home/bryansgue/acp_ws/install/pi_ros2_interface/lib:/home/bryansgue/acp_ws/install/nmpc_payload_cpp/lib:/home/bryansgue/acp_ws/install/mujoco_ros_utils/lib:/home/bryansgue/acp_ws/install/mav_control/lib:/home/bryansgue/acp_ws/install/dq_cpp/lib:/home/bryansgue/acp_ws/install/quadrotor_msgs/lib:/home/bryansgue/acp_ws/install/mesh_visualization/lib:/home/bryansgue/acp_ws/install/mav_manager_srv/lib:/opt/ros/humble/opt/rviz_ogre_vendor/lib:/opt/ros/humble/lib/x86_64-linux-gnu:/opt/ros/humble/lib:/home/bryansgue/acados/lib:/home/bryansgue/acados/lib:/home/bryansgue/acados/external/blasfeo/lib:/home/bryansgue/acados/external/hpipm/lib:/home/bryansgue/acados/lib:/home/bryansgue/acados/lib:/home/bryansgue/acados/external/blasfeo/lib:/home/bryansgue/acados/external/hpipm/lib /usr/bin/cmake --install /home/bryansgue/uav_ws/build/mujoco_ros_utils
[0.434s] -- Install configuration: ""
[0.447s] CMake Error: Invalid value used with --config
[0.447s] Usage: cmake --build <dir>             [options] [-- [native-options]]
[0.447s]        cmake --build --preset <preset> [options] [-- [native-options]]
[0.447s] Options:
[0.447s]   <dir>          = Project binary directory to be built.
[0.447s]   --preset <preset>, --preset=<preset>
[0.447s]                  = Specify a build preset.
[0.447s]   --list-presets
[0.447s]                  = List available build presets.
[0.447s]   --parallel [<jobs>], -j [<jobs>]
[0.447s]                  = Build in parallel using the given number of jobs. 
[0.447s]                    If <jobs> is omitted the native build tool's 
[0.447s]                    default number is used.
[0.447s]                    The CMAKE_BUILD_PARALLEL_LEVEL environment variable
[0.447s]                    specifies a default parallel level when this option
[0.447s]                    is not given.
[0.447s]   --target <tgt>..., -t <tgt>... 
[0.447s]                  = Build <tgt> instead of default targets.
[0.447s]   --config <cfg> = For multi-configuration tools, choose <cfg>.
[0.447s]   --clean-first  = Build target 'clean' first, then build.
[0.447s]                    (To clean only, use --target 'clean'.)
[0.447s]   --verbose, -v  = Enable verbose output - if supported - including
[0.447s]                    the build commands to be executed. 
[0.447s]   --             = Pass remaining options to the native tool.
[0.449s] -- Execute custom install script
[0.449s] -- Up-to-date symlink: /home/bryansgue/uav_ws/install/mujoco_ros_utils/share/ament_index/resource_index/rosidl_interfaces/mujoco_ros_utils
[0.449s] -- Up-to-date symlink: /home/bryansgue/uav_ws/install/mujoco_ros_utils/include/mujoco_ros_utils/mujoco_ros_utils/msg/detail/external_force__functions.h
[0.450s] -- Up-to-date symlink: /home/bryansgue/uav_ws/install/mujoco_ros_utils/include/mujoco_ros_utils/mujoco_ros_utils/msg/detail/external_force__struct.h
[0.450s] -- Up-to-date symlink: /home/bryansgue/uav_ws/install/mujoco_ros_utils/include/mujoco_ros_utils/mujoco_ros_utils/msg/detail/external_force__type_support.h
[0.450s] -- Up-to-date symlink: /home/bryansgue/uav_ws/install/mujoco_ros_utils/include/mujoco_ros_utils/mujoco_ros_utils/msg/detail/scalar_stamped__functions.h
[0.450s] -- Up-to-date symlink: /home/bryansgue/uav_ws/install/mujoco_ros_utils/include/mujoco_ros_utils/mujoco_ros_utils/msg/detail/scalar_stamped__struct.h
[0.450s] -- Up-to-date symlink: /home/bryansgue/uav_ws/install/mujoco_ros_utils/include/mujoco_ros_utils/mujoco_ros_utils/msg/detail/scalar_stamped__type_support.h
[0.450s] -- Up-to-date symlink: /home/bryansgue/uav_ws/install/mujoco_ros_utils/include/mujoco_ros_utils/mujoco_ros_utils/msg/external_force.h
[0.450s] -- Up-to-date symlink: /home/bryansgue/uav_ws/install/mujoco_ros_utils/include/mujoco_ros_utils/mujoco_ros_utils/msg/rosidl_generator_c__visibility_control.h
[0.450s] -- Up-to-date symlink: /home/bryansgue/uav_ws/install/mujoco_ros_utils/include/mujoco_ros_utils/mujoco_ros_utils/msg/scalar_stamped.h
[0.450s] -- Up-to-date symlink: /home/bryansgue/uav_ws/install/mujoco_ros_utils/share/mujoco_ros_utils/environment/library_path.sh
[0.450s] -- Up-to-date symlink: /home/bryansgue/uav_ws/install/mujoco_ros_utils/share/mujoco_ros_utils/environment/library_path.dsv
[0.451s] -- Up-to-date symlink: /home/bryansgue/uav_ws/install/mujoco_ros_utils/include/mujoco_ros_utils/mujoco_ros_utils/msg/detail/external_force__rosidl_typesupport_fastrtps_c.h
[0.451s] -- Up-to-date symlink: /home/bryansgue/uav_ws/install/mujoco_ros_utils/include/mujoco_ros_utils/mujoco_ros_utils/msg/detail/scalar_stamped__rosidl_typesupport_fastrtps_c.h
[0.451s] -- Up-to-date symlink: /home/bryansgue/uav_ws/install/mujoco_ros_utils/include/mujoco_ros_utils/mujoco_ros_utils/msg/rosidl_typesupport_fastrtps_c__visibility_control.h
[0.451s] -- Up-to-date symlink: /home/bryansgue/uav_ws/install/mujoco_ros_utils/include/mujoco_ros_utils/mujoco_ros_utils/msg/detail/external_force__builder.hpp
[0.451s] -- Up-to-date symlink: /home/bryansgue/uav_ws/install/mujoco_ros_utils/include/mujoco_ros_utils/mujoco_ros_utils/msg/detail/external_force__struct.hpp
[0.451s] -- Up-to-date symlink: /home/bryansgue/uav_ws/install/mujoco_ros_utils/include/mujoco_ros_utils/mujoco_ros_utils/msg/detail/external_force__traits.hpp
[0.451s] -- Up-to-date symlink: /home/bryansgue/uav_ws/install/mujoco_ros_utils/include/mujoco_ros_utils/mujoco_ros_utils/msg/detail/external_force__type_support.hpp
[0.451s] -- Up-to-date symlink: /home/bryansgue/uav_ws/install/mujoco_ros_utils/include/mujoco_ros_utils/mujoco_ros_utils/msg/detail/scalar_stamped__builder.hpp
[0.451s] -- Up-to-date symlink: /home/bryansgue/uav_ws/install/mujoco_ros_utils/include/mujoco_ros_utils/mujoco_ros_utils/msg/detail/scalar_stamped__struct.hpp
[0.452s] -- Up-to-date symlink: /home/bryansgue/uav_ws/install/mujoco_ros_utils/include/mujoco_ros_utils/mujoco_ros_utils/msg/detail/scalar_stamped__traits.hpp
[0.452s] -- Up-to-date symlink: /home/bryansgue/uav_ws/install/mujoco_ros_utils/include/mujoco_ros_utils/mujoco_ros_utils/msg/detail/scalar_stamped__type_support.hpp
[0.452s] -- Up-to-date symlink: /home/bryansgue/uav_ws/install/mujoco_ros_utils/include/mujoco_ros_utils/mujoco_ros_utils/msg/external_force.hpp
[0.452s] -- Up-to-date symlink: /home/bryansgue/uav_ws/install/mujoco_ros_utils/include/mujoco_ros_utils/mujoco_ros_utils/msg/rosidl_generator_cpp__visibility_control.hpp
[0.452s] -- Up-to-date symlink: /home/bryansgue/uav_ws/install/mujoco_ros_utils/include/mujoco_ros_utils/mujoco_ros_utils/msg/scalar_stamped.hpp
[0.452s] -- Up-to-date symlink: /home/bryansgue/uav_ws/install/mujoco_ros_utils/include/mujoco_ros_utils/mujoco_ros_utils/msg/detail/external_force__rosidl_typesupport_fastrtps_cpp.hpp
[0.452s] -- Up-to-date symlink: /home/bryansgue/uav_ws/install/mujoco_ros_utils/include/mujoco_ros_utils/mujoco_ros_utils/msg/detail/scalar_stamped__rosidl_typesupport_fastrtps_cpp.hpp
[0.452s] -- Up-to-date symlink: /home/bryansgue/uav_ws/install/mujoco_ros_utils/include/mujoco_ros_utils/mujoco_ros_utils/msg/rosidl_typesupport_fastrtps_cpp__visibility_control.h
[0.453s] -- Up-to-date symlink: /home/bryansgue/uav_ws/install/mujoco_ros_utils/include/mujoco_ros_utils/mujoco_ros_utils/msg/detail/external_force__rosidl_typesupport_introspection_c.h
[0.453s] -- Up-to-date symlink: /home/bryansgue/uav_ws/install/mujoco_ros_utils/include/mujoco_ros_utils/mujoco_ros_utils/msg/detail/scalar_stamped__rosidl_typesupport_introspection_c.h
[0.453s] -- Up-to-date symlink: /home/bryansgue/uav_ws/install/mujoco_ros_utils/include/mujoco_ros_utils/mujoco_ros_utils/msg/rosidl_typesupport_introspection_c__visibility_control.h
[0.453s] -- Up-to-date symlink: /home/bryansgue/uav_ws/install/mujoco_ros_utils/include/mujoco_ros_utils/mujoco_ros_utils/msg/detail/external_force__rosidl_typesupport_introspection_cpp.hpp
[0.453s] -- Up-to-date symlink: /home/bryansgue/uav_ws/install/mujoco_ros_utils/include/mujoco_ros_utils/mujoco_ros_utils/msg/detail/scalar_stamped__rosidl_typesupport_introspection_cpp.hpp
[0.453s] -- Up-to-date symlink: /home/bryansgue/uav_ws/install/mujoco_ros_utils/share/mujoco_ros_utils/environment/pythonpath.sh
[0.453s] -- Up-to-date symlink: /home/bryansgue/uav_ws/install/mujoco_ros_utils/share/mujoco_ros_utils/environment/pythonpath.dsv
[0.454s] -- Up-to-date symlink: /home/bryansgue/uav_ws/install/mujoco_ros_utils/local/lib/python3.10/dist-packages/mujoco_ros_utils-0.1.0-py3.10.egg-info/PKG-INFO
[0.454s] -- Up-to-date symlink: /home/bryansgue/uav_ws/install/mujoco_ros_utils/local/lib/python3.10/dist-packages/mujoco_ros_utils-0.1.0-py3.10.egg-info/SOURCES.txt
[0.454s] -- Up-to-date symlink: /home/bryansgue/uav_ws/install/mujoco_ros_utils/local/lib/python3.10/dist-packages/mujoco_ros_utils-0.1.0-py3.10.egg-info/dependency_links.txt
[0.454s] -- Up-to-date symlink: /home/bryansgue/uav_ws/install/mujoco_ros_utils/local/lib/python3.10/dist-packages/mujoco_ros_utils-0.1.0-py3.10.egg-info/top_level.txt
[0.454s] -- Up-to-date symlink: /home/bryansgue/uav_ws/install/mujoco_ros_utils/local/lib/python3.10/dist-packages/mujoco_ros_utils/__init__.py
[0.454s] -- Up-to-date symlink: /home/bryansgue/uav_ws/install/mujoco_ros_utils/local/lib/python3.10/dist-packages/mujoco_ros_utils/_mujoco_ros_utils_s.ep.rosidl_typesupport_c.c
[0.454s] -- Up-to-date symlink: /home/bryansgue/uav_ws/install/mujoco_ros_utils/local/lib/python3.10/dist-packages/mujoco_ros_utils/_mujoco_ros_utils_s.ep.rosidl_typesupport_fastrtps_c.c
[0.454s] -- Up-to-date symlink: /home/bryansgue/uav_ws/install/mujoco_ros_utils/local/lib/python3.10/dist-packages/mujoco_ros_utils/_mujoco_ros_utils_s.ep.rosidl_typesupport_introspection_c.c
[0.455s] -- Up-to-date symlink: /home/bryansgue/uav_ws/install/mujoco_ros_utils/local/lib/python3.10/dist-packages/mujoco_ros_utils/libmujoco_ros_utils__rosidl_generator_py.so
[0.455s] -- Up-to-date symlink: /home/bryansgue/uav_ws/install/mujoco_ros_utils/local/lib/python3.10/dist-packages/mujoco_ros_utils/msg/__init__.py
[0.455s] -- Up-to-date symlink: /home/bryansgue/uav_ws/install/mujoco_ros_utils/local/lib/python3.10/dist-packages/mujoco_ros_utils/msg/_external_force.py
[0.455s] -- Up-to-date symlink: /home/bryansgue/uav_ws/install/mujoco_ros_utils/local/lib/python3.10/dist-packages/mujoco_ros_utils/msg/_external_force_s.c
[0.455s] -- Up-to-date symlink: /home/bryansgue/uav_ws/install/mujoco_ros_utils/local/lib/python3.10/dist-packages/mujoco_ros_utils/msg/_scalar_stamped.py
[0.455s] -- Up-to-date symlink: /home/bryansgue/uav_ws/install/mujoco_ros_utils/local/lib/python3.10/dist-packages/mujoco_ros_utils/msg/_scalar_stamped_s.c
[0.455s] -- Up-to-date symlink: /home/bryansgue/uav_ws/install/mujoco_ros_utils/local/lib/python3.10/dist-packages/mujoco_ros_utils/mujoco_ros_utils_s__rosidl_typesupport_c.cpython-310-x86_64-linux-gnu.so
[0.455s] -- Up-to-date symlink: /home/bryansgue/uav_ws/install/mujoco_ros_utils/local/lib/python3.10/dist-packages/mujoco_ros_utils/mujoco_ros_utils_s__rosidl_typesupport_fastrtps_c.cpython-310-x86_64-linux-gnu.so
[0.455s] -- Up-to-date symlink: /home/bryansgue/uav_ws/install/mujoco_ros_utils/local/lib/python3.10/dist-packages/mujoco_ros_utils/mujoco_ros_utils_s__rosidl_typesupport_introspection_c.cpython-310-x86_64-linux-gnu.so
[0.456s] -- Up-to-date symlink: /home/bryansgue/uav_ws/install/mujoco_ros_utils/local/lib/python3.10/dist-packages/mujoco_ros_utils/mujoco_ros_utils_s__rosidl_typesupport_fastrtps_c.cpython-310-x86_64-linux-gnu.so
[0.456s] -- Up-to-date symlink: /home/bryansgue/uav_ws/install/mujoco_ros_utils/local/lib/python3.10/dist-packages/mujoco_ros_utils/mujoco_ros_utils_s__rosidl_typesupport_introspection_c.cpython-310-x86_64-linux-gnu.so
[0.456s] -- Up-to-date symlink: /home/bryansgue/uav_ws/install/mujoco_ros_utils/local/lib/python3.10/dist-packages/mujoco_ros_utils/mujoco_ros_utils_s__rosidl_typesupport_c.cpython-310-x86_64-linux-gnu.so
[0.456s] -- Up-to-date symlink: /home/bryansgue/uav_ws/install/mujoco_ros_utils/share/mujoco_ros_utils/msg/ExternalForce.idl
[0.456s] -- Up-to-date symlink: /home/bryansgue/uav_ws/install/mujoco_ros_utils/share/mujoco_ros_utils/msg/ScalarStamped.idl
[0.456s] -- Up-to-date symlink: /home/bryansgue/uav_ws/install/mujoco_ros_utils/share/mujoco_ros_utils/msg/ExternalForce.msg
[0.456s] -- Up-to-date symlink: /home/bryansgue/uav_ws/install/mujoco_ros_utils/share/mujoco_ros_utils/msg/ScalarStamped.msg
[0.457s] -- Up-to-date symlink: /home/bryansgue/uav_ws/install/mujoco_ros_utils/share/mujoco_ros_utils/launch/display.launch.py
[0.457s] -- Up-to-date symlink: /home/bryansgue/uav_ws/install/mujoco_ros_utils/share/mujoco_ros_utils/launch/display.rviz
[0.457s] -- Up-to-date symlink: /home/bryansgue/uav_ws/install/mujoco_ros_utils/share/ament_index/resource_index/package_run_dependencies/mujoco_ros_utils
[0.457s] -- Up-to-date symlink: /home/bryansgue/uav_ws/install/mujoco_ros_utils/share/ament_index/resource_index/parent_prefix_path/mujoco_ros_utils
[0.457s] -- Up-to-date symlink: /home/bryansgue/uav_ws/install/mujoco_ros_utils/share/mujoco_ros_utils/environment/ament_prefix_path.sh
[0.457s] -- Up-to-date symlink: /home/bryansgue/uav_ws/install/mujoco_ros_utils/share/mujoco_ros_utils/environment/ament_prefix_path.dsv
[0.457s] -- Up-to-date symlink: /home/bryansgue/uav_ws/install/mujoco_ros_utils/share/mujoco_ros_utils/environment/path.sh
[0.457s] -- Up-to-date symlink: /home/bryansgue/uav_ws/install/mujoco_ros_utils/share/mujoco_ros_utils/environment/path.dsv
[0.457s] -- Up-to-date symlink: /home/bryansgue/uav_ws/install/mujoco_ros_utils/share/mujoco_ros_utils/local_setup.bash
[0.457s] -- Up-to-date symlink: /home/bryansgue/uav_ws/install/mujoco_ros_utils/share/mujoco_ros_utils/local_setup.sh
[0.458s] -- Up-to-date symlink: /home/bryansgue/uav_ws/install/mujoco_ros_utils/share/mujoco_ros_utils/local_setup.zsh
[0.458s] -- Up-to-date symlink: /home/bryansgue/uav_ws/install/mujoco_ros_utils/share/mujoco_ros_utils/local_setup.dsv
[0.458s] -- Symlinking: /home/bryansgue/uav_ws/install/mujoco_ros_utils/share/mujoco_ros_utils/package.dsv
[0.472s] -- Up-to-date symlink: /home/bryansgue/uav_ws/install/mujoco_ros_utils/share/ament_index/resource_index/packages/mujoco_ros_utils
[0.472s] -- Up-to-date symlink: /home/bryansgue/uav_ws/install/mujoco_ros_utils/share/mujoco_ros_utils/cmake/rosidl_cmake-extras.cmake
[0.472s] -- Up-to-date symlink: /home/bryansgue/uav_ws/install/mujoco_ros_utils/share/mujoco_ros_utils/cmake/ament_cmake_export_dependencies-extras.cmake
[0.472s] -- Up-to-date symlink: /home/bryansgue/uav_ws/install/mujoco_ros_utils/share/mujoco_ros_utils/cmake/ament_cmake_export_include_directories-extras.cmake
[0.472s] -- Up-to-date symlink: /home/bryansgue/uav_ws/install/mujoco_ros_utils/share/mujoco_ros_utils/cmake/ament_cmake_export_libraries-extras.cmake
[0.472s] -- Up-to-date symlink: /home/bryansgue/uav_ws/install/mujoco_ros_utils/share/mujoco_ros_utils/cmake/ament_cmake_export_targets-extras.cmake
[0.472s] -- Up-to-date symlink: /home/bryansgue/uav_ws/install/mujoco_ros_utils/share/mujoco_ros_utils/cmake/rosidl_cmake_export_typesupport_targets-extras.cmake
[0.472s] -- Up-to-date symlink: /home/bryansgue/uav_ws/install/mujoco_ros_utils/share/mujoco_ros_utils/cmake/rosidl_cmake_export_typesupport_libraries-extras.cmake
[0.472s] -- Up-to-date symlink: /home/bryansgue/uav_ws/install/mujoco_ros_utils/share/mujoco_ros_utils/cmake/mujoco_ros_utilsConfig.cmake
[0.472s] -- Up-to-date symlink: /home/bryansgue/uav_ws/install/mujoco_ros_utils/share/mujoco_ros_utils/cmake/mujoco_ros_utilsConfig-version.cmake
[0.472s] -- Up-to-date symlink: /home/bryansgue/uav_ws/install/mujoco_ros_utils/share/mujoco_ros_utils/package.xml
[0.472s] -- Up-to-date symlink: /home/bryansgue/uav_ws/install/mujoco_ros_utils/share/xml/sample_mujoco_ros_utils.xml
[0.473s] -- Up-to-date: /home/bryansgue/uav_ws/install/mujoco_ros_utils/lib/libmujoco_ros_utils__rosidl_generator_c.so
[0.473s] -- Up-to-date: /home/bryansgue/uav_ws/install/mujoco_ros_utils/lib/libmujoco_ros_utils__rosidl_typesupport_fastrtps_c.so
[0.473s] -- Up-to-date: /home/bryansgue/uav_ws/install/mujoco_ros_utils/lib/libmujoco_ros_utils__rosidl_typesupport_fastrtps_cpp.so
[0.473s] -- Up-to-date: /home/bryansgue/uav_ws/install/mujoco_ros_utils/lib/libmujoco_ros_utils__rosidl_typesupport_introspection_c.so
[0.474s] -- Up-to-date: /home/bryansgue/uav_ws/install/mujoco_ros_utils/lib/libmujoco_ros_utils__rosidl_typesupport_c.so
[0.474s] -- Up-to-date: /home/bryansgue/uav_ws/install/mujoco_ros_utils/lib/libmujoco_ros_utils__rosidl_typesupport_introspection_cpp.so
[0.474s] -- Up-to-date: /home/bryansgue/uav_ws/install/mujoco_ros_utils/lib/libmujoco_ros_utils__rosidl_typesupport_cpp.so
[0.511s] Listing '/home/bryansgue/uav_ws/install/mujoco_ros_utils/local/lib/python3.10/dist-packages/mujoco_ros_utils'...
[0.511s] Listing '/home/bryansgue/uav_ws/install/mujoco_ros_utils/local/lib/python3.10/dist-packages/mujoco_ros_utils/msg'...
[0.517s] -- Up-to-date: /home/bryansgue/uav_ws/install/mujoco_ros_utils/lib/libmujoco_ros_utils__rosidl_generator_py.so
[0.517s] -- Up-to-date: /home/bryansgue/uav_ws/install/mujoco_ros_utils/share/mujoco_ros_utils/cmake/export_mujoco_ros_utils__rosidl_generator_cExport.cmake
[0.517s] -- Up-to-date: /home/bryansgue/uav_ws/install/mujoco_ros_utils/share/mujoco_ros_utils/cmake/export_mujoco_ros_utils__rosidl_generator_cExport-noconfig.cmake
[0.518s] -- Up-to-date: /home/bryansgue/uav_ws/install/mujoco_ros_utils/share/mujoco_ros_utils/cmake/export_mujoco_ros_utils__rosidl_typesupport_fastrtps_cExport.cmake
[0.518s] -- Up-to-date: /home/bryansgue/uav_ws/install/mujoco_ros_utils/share/mujoco_ros_utils/cmake/export_mujoco_ros_utils__rosidl_typesupport_fastrtps_cExport-noconfig.cmake
[0.518s] -- Up-to-date: /home/bryansgue/uav_ws/install/mujoco_ros_utils/share/mujoco_ros_utils/cmake/export_mujoco_ros_utils__rosidl_generator_cppExport.cmake
[0.518s] -- Up-to-date: /home/bryansgue/uav_ws/install/mujoco_ros_utils/share/mujoco_ros_utils/cmake/export_mujoco_ros_utils__rosidl_typesupport_fastrtps_cppExport.cmake
[0.518s] -- Up-to-date: /home/bryansgue/uav_ws/install/mujoco_ros_utils/share/mujoco_ros_utils/cmake/export_mujoco_ros_utils__rosidl_typesupport_fastrtps_cppExport-noconfig.cmake
[0.518s] -- Up-to-date: /home/bryansgue/uav_ws/install/mujoco_ros_utils/share/mujoco_ros_utils/cmake/mujoco_ros_utils__rosidl_typesupport_introspection_cExport.cmake
[0.518s] -- Up-to-date: /home/bryansgue/uav_ws/install/mujoco_ros_utils/share/mujoco_ros_utils/cmake/mujoco_ros_utils__rosidl_typesupport_introspection_cExport-noconfig.cmake
[0.518s] -- Up-to-date: /home/bryansgue/uav_ws/install/mujoco_ros_utils/share/mujoco_ros_utils/cmake/mujoco_ros_utils__rosidl_typesupport_cExport.cmake
[0.518s] -- Up-to-date: /home/bryansgue/uav_ws/install/mujoco_ros_utils/share/mujoco_ros_utils/cmake/mujoco_ros_utils__rosidl_typesupport_cExport-noconfig.cmake
[0.519s] -- Up-to-date: /home/bryansgue/uav_ws/install/mujoco_ros_utils/share/mujoco_ros_utils/cmake/mujoco_ros_utils__rosidl_typesupport_introspection_cppExport.cmake
[0.519s] -- Up-to-date: /home/bryansgue/uav_ws/install/mujoco_ros_utils/share/mujoco_ros_utils/cmake/mujoco_ros_utils__rosidl_typesupport_introspection_cppExport-noconfig.cmake
[0.519s] -- Up-to-date: /home/bryansgue/uav_ws/install/mujoco_ros_utils/share/mujoco_ros_utils/cmake/mujoco_ros_utils__rosidl_typesupport_cppExport.cmake
[0.519s] -- Up-to-date: /home/bryansgue/uav_ws/install/mujoco_ros_utils/share/mujoco_ros_utils/cmake/mujoco_ros_utils__rosidl_typesupport_cppExport-noconfig.cmake
[0.519s] -- Up-to-date: /home/bryansgue/uav_ws/install/mujoco_ros_utils/share/mujoco_ros_utils/cmake/export_mujoco_ros_utils__rosidl_generator_pyExport.cmake
[0.519s] -- Up-to-date: /home/bryansgue/uav_ws/install/mujoco_ros_utils/share/mujoco_ros_utils/cmake/export_mujoco_ros_utils__rosidl_generator_pyExport-noconfig.cmake
[0.519s] -- Up-to-date: /home/bryansgue/uav_ws/mujoco-3.4.0/bin/mujoco_plugin/libMujocoRosUtils.so
[0.519s] -- Up-to-date: /home/bryansgue/uav_ws/mujoco-3.4.0/bin/mujoco_plugin/libMujocoRosUtilsPlugin.so
[0.519s] -- Up-to-date: /home/bryansgue/uav_ws/install/mujoco_ros_utils/lib/pkgconfig/mujoco_ros_utils.pc
[0.523s] Invoked command in '/home/bryansgue/uav_ws/build/mujoco_ros_utils' returned '0': CMAKE_PREFIX_PATH=/home/bryansgue/uav_ws/install/quadrotor_msgs:/home/bryansgue/uav_ws/install/mujoco_ros_utils:/home/bryansgue/uav_ws/install/acp_mujoco_simulator:/home/bryansgue/acp_ws/install/quad_mujoco_sim:/home/bryansgue/acp_ws/install/voxl2_rpm_interface:/home/bryansgue/acp_ws/install/trackers_manager:/home/bryansgue/acp_ws/install/std_trackers:/home/bryansgue/uav_ws/install/drone_teleop:/home/bryansgue/acp_ws/install/sim_interface:/home/bryansgue/acp_ws/install/drone_teleop:/home/bryansgue/acp_ws/install/nmpc_control:/home/bryansgue/acp_ws/install/mav_manager_test:/home/bryansgue/acp_ws/install/dq_nmpc:/opt/ros/humble:/home/bryansgue/acp_ws/install/mav_manager:/home/bryansgue/acp_ws/install/trackers_msgs:/home/bryansgue/acp_ws/install/quadrotor_simulator:/home/bryansgue/acp_ws/install/pi_ros2_interface:/home/bryansgue/acp_ws/install/nmpc_payload_cpp:/home/bryansgue/acp_ws/install/mujoco_ros_utils:/home/bryansgue/acp_ws/install/mav_control:/home/bryansgue/acp_ws/install/dq_cpp:/home/bryansgue/acp_ws/install/acp_mujoco_simulator:/home/bryansgue/acp_ws/install/quadrotor_msgs:/home/bryansgue/acp_ws/install/mesh_visualization:/home/bryansgue/acp_ws/install/mav_manager_srv:/home/bryansgue/acp_ws/install/acp_autonomy LD_LIBRARY_PATH=/home/bryansgue/uav_ws/install/quadrotor_msgs/lib:/home/bryansgue/uav_ws/install/mujoco_ros_utils/lib:/home/bryansgue/acp_ws/install/trackers_manager/lib:/home/bryansgue/acp_ws/install/std_trackers/lib:/home/bryansgue/acp_ws/install/mav_manager/lib:/home/bryansgue/acp_ws/install/trackers_msgs/lib:/home/bryansgue/acp_ws/install/quadrotor_simulator/lib:/home/bryansgue/acp_ws/install/pi_ros2_interface/lib:/home/bryansgue/acp_ws/install/nmpc_payload_cpp/lib:/home/bryansgue/acp_ws/install/mujoco_ros_utils/lib:/home/bryansgue/acp_ws/install/mav_control/lib:/home/bryansgue/acp_ws/install/dq_cpp/lib:/home/bryansgue/acp_ws/install/quadrotor_msgs/lib:/home/bryansgue/acp_ws/install/mesh_visualization/lib:/home/bryansgue/acp_ws/install/mav_manager_srv/lib:/opt/ros/humble/opt/rviz_ogre_vendor/lib:/opt/ros/humble/lib/x86_64-linux-gnu:/opt/ros/humble/lib:/home/bryansgue/acados/lib:/home/bryansgue/acados/lib:/home/bryansgue/acados/external/blasfeo/lib:/home/bryansgue/acados/external/hpipm/lib:/home/bryansgue/acados/lib:/home/bryansgue/acados/lib:/home/bryansgue/acados/external/blasfeo/lib:/home/bryansgue/acados/external/hpipm/lib /usr/bin/cmake --install /home/bryansgue/uav_ws/build/mujoco_ros_utils
