[35m[1mConsolidate compiler generated dependencies of target quadrotor_msgs__rosidl_generator_c[0m
[  0%] Built target quadrotor_msgs__cpp
[  1%] Built target ament_cmake_python_symlink_quadrotor_msgs
[ 12%] Built target quadrotor_msgs__rosidl_generator_c
[35m[1mConsolidate compiler generated dependencies of target quadrotor_msgs__rosidl_typesupport_cpp[0m
[35m[1mConsolidate compiler generated dependencies of target quadrotor_msgs__rosidl_typesupport_introspection_cpp[0m
[35m[1mConsolidate compiler generated dependencies of target quadrotor_msgs__rosidl_typesupport_fastrtps_cpp[0m
[35m[1mConsolidate compiler generated dependencies of target quadrotor_msgs__rosidl_typesupport_c[0m
[35m[1mConsolidate compiler generated dependencies of target quadrotor_msgs__rosidl_typesupport_introspection_c[0m
[35m[1mConsolidate compiler generated dependencies of target quadrotor_msgs__rosidl_typesupport_fastrtps_c[0m
[ 36%] Built target quadrotor_msgs__rosidl_typesupport_cpp
[ 37%] Built target quadrotor_msgs__rosidl_typesupport_introspection_cpp
[ 49%] Built target quadrotor_msgs__rosidl_typesupport_c
[ 61%] Built target quadrotor_msgs__rosidl_typesupport_fastrtps_cpp
[ 74%] Built target quadrotor_msgs__rosidl_typesupport_introspection_c
[ 86%] Built target quadrotor_msgs__rosidl_typesupport_fastrtps_c
[ 86%] Built target quadrotor_msgs
[ 86%] Built target quadrotor_msgs__py
[35m[1mConsolidate compiler generated dependencies of target quadrotor_msgs__rosidl_generator_py[0m
[ 98%] Built target quadrotor_msgs__rosidl_generator_py
[35m[1mConsolidate compiler generated dependencies of target quadrotor_msgs__rosidl_typesupport_c__pyext[0m
[35m[1mConsolidate compiler generated dependencies of target quadrotor_msgs__rosidl_typesupport_introspection_c__pyext[0m
[35m[1mConsolidate compiler generated dependencies of target quadrotor_msgs__rosidl_typesupport_fastrtps_c__pyext[0m
[100%] Built target quadrotor_msgs__rosidl_typesupport_fastrtps_c__pyext
[100%] Built target quadrotor_msgs__rosidl_typesupport_introspection_c__pyext
[100%] Built target quadrotor_msgs__rosidl_typesupport_c__pyext
running egg_info
writing quadrotor_msgs.egg-info/PKG-INFO
writing dependency_links to quadrotor_msgs.egg-info/dependency_links.txt
writing top-level names to quadrotor_msgs.egg-info/top_level.txt
reading manifest file 'quadrotor_msgs.egg-info/SOURCES.txt'
writing manifest file 'quadrotor_msgs.egg-info/SOURCES.txt'
[100%] Built target ament_cmake_python_build_quadrotor_msgs_egg
-- Install configuration: ""
-- Execute custom install script
-- Up-to-date symlink: /home/bryansgue/uav_ws/install/quadrotor_msgs/share/ament_index/resource_index/rosidl_interfaces/quadrotor_msgs
-- Up-to-date symlink: /home/bryansgue/uav_ws/install/quadrotor_msgs/include/quadrotor_msgs/quadrotor_msgs/msg/aux_command.h
-- Up-to-date symlink: /home/bryansgue/uav_ws/install/quadrotor_msgs/include/quadrotor_msgs/quadrotor_msgs/msg/beta_flight_onboard_control.h
-- Up-to-date symlink: /home/bryansgue/uav_ws/install/quadrotor_msgs/include/quadrotor_msgs/quadrotor_msgs/msg/beta_flight_states.h
-- Up-to-date symlink: /home/bryansgue/uav_ws/install/quadrotor_msgs/include/quadrotor_msgs/quadrotor_msgs/msg/circle_planner_goal.h
-- Up-to-date symlink: /home/bryansgue/uav_ws/install/quadrotor_msgs/include/quadrotor_msgs/quadrotor_msgs/msg/corrections.h
-- Up-to-date symlink: /home/bryansgue/uav_ws/install/quadrotor_msgs/include/quadrotor_msgs/quadrotor_msgs/msg/cuboid_map.h
-- Up-to-date symlink: /home/bryansgue/uav_ws/install/quadrotor_msgs/include/quadrotor_msgs/quadrotor_msgs/msg/detail/aux_command__functions.h
-- Up-to-date symlink: /home/bryansgue/uav_ws/install/quadrotor_msgs/include/quadrotor_msgs/quadrotor_msgs/msg/detail/aux_command__struct.h
-- Up-to-date symlink: /home/bryansgue/uav_ws/install/quadrotor_msgs/include/quadrotor_msgs/quadrotor_msgs/msg/detail/aux_command__type_support.h
-- Up-to-date symlink: /home/bryansgue/uav_ws/install/quadrotor_msgs/include/quadrotor_msgs/quadrotor_msgs/msg/detail/beta_flight_onboard_control__functions.h
-- Up-to-date symlink: /home/bryansgue/uav_ws/install/quadrotor_msgs/include/quadrotor_msgs/quadrotor_msgs/msg/detail/beta_flight_onboard_control__struct.h
-- Up-to-date symlink: /home/bryansgue/uav_ws/install/quadrotor_msgs/include/quadrotor_msgs/quadrotor_msgs/msg/detail/beta_flight_onboard_control__type_support.h
-- Up-to-date symlink: /home/bryansgue/uav_ws/install/quadrotor_msgs/include/quadrotor_msgs/quadrotor_msgs/msg/detail/beta_flight_states__functions.h
-- Up-to-date symlink: /home/bryansgue/uav_ws/install/quadrotor_msgs/include/quadrotor_msgs/quadrotor_msgs/msg/detail/beta_flight_states__struct.h
-- Up-to-date symlink: /home/bryansgue/uav_ws/install/quadrotor_msgs/include/quadrotor_msgs/quadrotor_msgs/msg/detail/beta_flight_states__type_support.h
-- Up-to-date symlink: /home/bryansgue/uav_ws/install/quadrotor_msgs/include/quadrotor_msgs/quadrotor_msgs/msg/detail/circle_planner_goal__functions.h
-- Up-to-date symlink: /home/bryansgue/uav_ws/install/quadrotor_msgs/include/quadrotor_msgs/quadrotor_msgs/msg/detail/circle_planner_goal__struct.h
-- Up-to-date symlink: /home/bryansgue/uav_ws/install/quadrotor_msgs/include/quadrotor_msgs/quadrotor_msgs/msg/detail/circle_planner_goal__type_support.h
-- Up-to-date symlink: /home/bryansgue/uav_ws/install/quadrotor_msgs/include/quadrotor_msgs/quadrotor_msgs/msg/detail/corrections__functions.h
-- Up-to-date symlink: /home/bryansgue/uav_ws/install/quadrotor_msgs/include/quadrotor_msgs/quadrotor_msgs/msg/detail/corrections__struct.h
-- Up-to-date symlink: /home/bryansgue/uav_ws/install/quadrotor_msgs/include/quadrotor_msgs/quadrotor_msgs/msg/detail/corrections__type_support.h
-- Up-to-date symlink: /home/bryansgue/uav_ws/install/quadrotor_msgs/include/quadrotor_msgs/quadrotor_msgs/msg/detail/cuboid_map__functions.h
-- Up-to-date symlink: /home/bryansgue/uav_ws/install/quadrotor_msgs/include/quadrotor_msgs/quadrotor_msgs/msg/detail/cuboid_map__struct.h
-- Up-to-date symlink: /home/bryansgue/uav_ws/install/quadrotor_msgs/include/quadrotor_msgs/quadrotor_msgs/msg/detail/cuboid_map__type_support.h
-- Up-to-date symlink: /home/bryansgue/uav_ws/install/quadrotor_msgs/include/quadrotor_msgs/quadrotor_msgs/msg/detail/flat_outputs__functions.h
-- Up-to-date symlink: /home/bryansgue/uav_ws/install/quadrotor_msgs/include/quadrotor_msgs/quadrotor_msgs/msg/detail/flat_outputs__struct.h
-- Up-to-date symlink: /home/bryansgue/uav_ws/install/quadrotor_msgs/include/quadrotor_msgs/quadrotor_msgs/msg/detail/flat_outputs__type_support.h
-- Up-to-date symlink: /home/bryansgue/uav_ws/install/quadrotor_msgs/include/quadrotor_msgs/quadrotor_msgs/msg/detail/fm_command__functions.h
-- Up-to-date symlink: /home/bryansgue/uav_ws/install/quadrotor_msgs/include/quadrotor_msgs/quadrotor_msgs/msg/detail/fm_command__struct.h
-- Up-to-date symlink: /home/bryansgue/uav_ws/install/quadrotor_msgs/include/quadrotor_msgs/quadrotor_msgs/msg/detail/fm_command__type_support.h
-- Up-to-date symlink: /home/bryansgue/uav_ws/install/quadrotor_msgs/include/quadrotor_msgs/quadrotor_msgs/msg/detail/line_planner_goal__functions.h
-- Up-to-date symlink: /home/bryansgue/uav_ws/install/quadrotor_msgs/include/quadrotor_msgs/quadrotor_msgs/msg/detail/line_planner_goal__struct.h
-- Up-to-date symlink: /home/bryansgue/uav_ws/install/quadrotor_msgs/include/quadrotor_msgs/quadrotor_msgs/msg/detail/line_planner_goal__type_support.h
-- Up-to-date symlink: /home/bryansgue/uav_ws/install/quadrotor_msgs/include/quadrotor_msgs/quadrotor_msgs/msg/detail/lissa_planner_goal__functions.h
-- Up-to-date symlink: /home/bryansgue/uav_ws/install/quadrotor_msgs/include/quadrotor_msgs/quadrotor_msgs/msg/detail/lissa_planner_goal__struct.h
-- Up-to-date symlink: /home/bryansgue/uav_ws/install/quadrotor_msgs/include/quadrotor_msgs/quadrotor_msgs/msg/detail/lissa_planner_goal__type_support.h
-- Up-to-date symlink: /home/bryansgue/uav_ws/install/quadrotor_msgs/include/quadrotor_msgs/quadrotor_msgs/msg/detail/local_ss__functions.h
-- Up-to-date symlink: /home/bryansgue/uav_ws/install/quadrotor_msgs/include/quadrotor_msgs/quadrotor_msgs/msg/detail/local_ss__struct.h
-- Up-to-date symlink: /home/bryansgue/uav_ws/install/quadrotor_msgs/include/quadrotor_msgs/quadrotor_msgs/msg/detail/local_ss__type_support.h
-- Up-to-date symlink: /home/bryansgue/uav_ws/install/quadrotor_msgs/include/quadrotor_msgs/quadrotor_msgs/msg/detail/motor_speed__functions.h
-- Up-to-date symlink: /home/bryansgue/uav_ws/install/quadrotor_msgs/include/quadrotor_msgs/quadrotor_msgs/msg/detail/motor_speed__struct.h
-- Up-to-date symlink: /home/bryansgue/uav_ws/install/quadrotor_msgs/include/quadrotor_msgs/quadrotor_msgs/msg/detail/motor_speed__type_support.h
-- Up-to-date symlink: /home/bryansgue/uav_ws/install/quadrotor_msgs/include/quadrotor_msgs/quadrotor_msgs/msg/detail/output_data__functions.h
-- Up-to-date symlink: /home/bryansgue/uav_ws/install/quadrotor_msgs/include/quadrotor_msgs/quadrotor_msgs/msg/detail/output_data__struct.h
-- Up-to-date symlink: /home/bryansgue/uav_ws/install/quadrotor_msgs/include/quadrotor_msgs/quadrotor_msgs/msg/detail/output_data__type_support.h
-- Up-to-date symlink: /home/bryansgue/uav_ws/install/quadrotor_msgs/include/quadrotor_msgs/quadrotor_msgs/msg/detail/planner_goal__functions.h
-- Up-to-date symlink: /home/bryansgue/uav_ws/install/quadrotor_msgs/include/quadrotor_msgs/quadrotor_msgs/msg/detail/planner_goal__struct.h
-- Up-to-date symlink: /home/bryansgue/uav_ws/install/quadrotor_msgs/include/quadrotor_msgs/quadrotor_msgs/msg/detail/planner_goal__type_support.h
-- Up-to-date symlink: /home/bryansgue/uav_ws/install/quadrotor_msgs/include/quadrotor_msgs/quadrotor_msgs/msg/detail/position_command__functions.h
-- Up-to-date symlink: /home/bryansgue/uav_ws/install/quadrotor_msgs/include/quadrotor_msgs/quadrotor_msgs/msg/detail/position_command__struct.h
-- Up-to-date symlink: /home/bryansgue/uav_ws/install/quadrotor_msgs/include/quadrotor_msgs/quadrotor_msgs/msg/detail/position_command__type_support.h
-- Up-to-date symlink: /home/bryansgue/uav_ws/install/quadrotor_msgs/include/quadrotor_msgs/quadrotor_msgs/msg/detail/pwm_command__functions.h
-- Up-to-date symlink: /home/bryansgue/uav_ws/install/quadrotor_msgs/include/quadrotor_msgs/quadrotor_msgs/msg/detail/pwm_command__struct.h
-- Up-to-date symlink: /home/bryansgue/uav_ws/install/quadrotor_msgs/include/quadrotor_msgs/quadrotor_msgs/msg/detail/pwm_command__type_support.h
-- Up-to-date symlink: /home/bryansgue/uav_ws/install/quadrotor_msgs/include/quadrotor_msgs/quadrotor_msgs/msg/detail/qp_planner_goal__functions.h
-- Up-to-date symlink: /home/bryansgue/uav_ws/install/quadrotor_msgs/include/quadrotor_msgs/quadrotor_msgs/msg/detail/qp_planner_goal__struct.h
-- Up-to-date symlink: /home/bryansgue/uav_ws/install/quadrotor_msgs/include/quadrotor_msgs/quadrotor_msgs/msg/detail/qp_planner_goal__type_support.h
-- Up-to-date symlink: /home/bryansgue/uav_ws/install/quadrotor_msgs/include/quadrotor_msgs/quadrotor_msgs/msg/detail/rpm_command__functions.h
-- Up-to-date symlink: /home/bryansgue/uav_ws/install/quadrotor_msgs/include/quadrotor_msgs/quadrotor_msgs/msg/detail/rpm_command__struct.h
-- Up-to-date symlink: /home/bryansgue/uav_ws/install/quadrotor_msgs/include/quadrotor_msgs/quadrotor_msgs/msg/detail/rpm_command__type_support.h
-- Up-to-date symlink: /home/bryansgue/uav_ws/install/quadrotor_msgs/include/quadrotor_msgs/quadrotor_msgs/msg/detail/serial__functions.h
-- Up-to-date symlink: /home/bryansgue/uav_ws/install/quadrotor_msgs/include/quadrotor_msgs/quadrotor_msgs/msg/detail/serial__struct.h
-- Up-to-date symlink: /home/bryansgue/uav_ws/install/quadrotor_msgs/include/quadrotor_msgs/quadrotor_msgs/msg/detail/serial__type_support.h
-- Up-to-date symlink: /home/bryansgue/uav_ws/install/quadrotor_msgs/include/quadrotor_msgs/quadrotor_msgs/msg/detail/so3_command__functions.h
-- Up-to-date symlink: /home/bryansgue/uav_ws/install/quadrotor_msgs/include/quadrotor_msgs/quadrotor_msgs/msg/detail/so3_command__struct.h
-- Up-to-date symlink: /home/bryansgue/uav_ws/install/quadrotor_msgs/include/quadrotor_msgs/quadrotor_msgs/msg/detail/so3_command__type_support.h
-- Up-to-date symlink: /home/bryansgue/uav_ws/install/quadrotor_msgs/include/quadrotor_msgs/quadrotor_msgs/msg/detail/stamped_int__functions.h
-- Up-to-date symlink: /home/bryansgue/uav_ws/install/quadrotor_msgs/include/quadrotor_msgs/quadrotor_msgs/msg/detail/stamped_int__struct.h
-- Up-to-date symlink: /home/bryansgue/uav_ws/install/quadrotor_msgs/include/quadrotor_msgs/quadrotor_msgs/msg/detail/stamped_int__type_support.h
-- Up-to-date symlink: /home/bryansgue/uav_ws/install/quadrotor_msgs/include/quadrotor_msgs/quadrotor_msgs/msg/detail/status_data__functions.h
-- Up-to-date symlink: /home/bryansgue/uav_ws/install/quadrotor_msgs/include/quadrotor_msgs/quadrotor_msgs/msg/detail/status_data__struct.h
-- Up-to-date symlink: /home/bryansgue/uav_ws/install/quadrotor_msgs/include/quadrotor_msgs/quadrotor_msgs/msg/detail/status_data__type_support.h
-- Up-to-date symlink: /home/bryansgue/uav_ws/install/quadrotor_msgs/include/quadrotor_msgs/quadrotor_msgs/msg/detail/trajectory_point__functions.h
-- Up-to-date symlink: /home/bryansgue/uav_ws/install/quadrotor_msgs/include/quadrotor_msgs/quadrotor_msgs/msg/detail/trajectory_point__struct.h
-- Up-to-date symlink: /home/bryansgue/uav_ws/install/quadrotor_msgs/include/quadrotor_msgs/quadrotor_msgs/msg/detail/trajectory_point__type_support.h
-- Up-to-date symlink: /home/bryansgue/uav_ws/install/quadrotor_msgs/include/quadrotor_msgs/quadrotor_msgs/msg/detail/trpy_command__functions.h
-- Up-to-date symlink: /home/bryansgue/uav_ws/install/quadrotor_msgs/include/quadrotor_msgs/quadrotor_msgs/msg/detail/trpy_command__struct.h
-- Up-to-date symlink: /home/bryansgue/uav_ws/install/quadrotor_msgs/include/quadrotor_msgs/quadrotor_msgs/msg/detail/trpy_command__type_support.h
-- Up-to-date symlink: /home/bryansgue/uav_ws/install/quadrotor_msgs/include/quadrotor_msgs/quadrotor_msgs/msg/detail/velocity_planner_goal__functions.h
-- Up-to-date symlink: /home/bryansgue/uav_ws/install/quadrotor_msgs/include/quadrotor_msgs/quadrotor_msgs/msg/detail/velocity_planner_goal__struct.h
-- Up-to-date symlink: /home/bryansgue/uav_ws/install/quadrotor_msgs/include/quadrotor_msgs/quadrotor_msgs/msg/detail/velocity_planner_goal__type_support.h
-- Up-to-date symlink: /home/bryansgue/uav_ws/install/quadrotor_msgs/include/quadrotor_msgs/quadrotor_msgs/msg/flat_outputs.h
-- Up-to-date symlink: /home/bryansgue/uav_ws/install/quadrotor_msgs/include/quadrotor_msgs/quadrotor_msgs/msg/fm_command.h
-- Up-to-date symlink: /home/bryansgue/uav_ws/install/quadrotor_msgs/include/quadrotor_msgs/quadrotor_msgs/msg/line_planner_goal.h
-- Up-to-date symlink: /home/bryansgue/uav_ws/install/quadrotor_msgs/include/quadrotor_msgs/quadrotor_msgs/msg/lissa_planner_goal.h
-- Up-to-date symlink: /home/bryansgue/uav_ws/install/quadrotor_msgs/include/quadrotor_msgs/quadrotor_msgs/msg/local_ss.h
-- Up-to-date symlink: /home/bryansgue/uav_ws/install/quadrotor_msgs/include/quadrotor_msgs/quadrotor_msgs/msg/motor_speed.h
-- Up-to-date symlink: /home/bryansgue/uav_ws/install/quadrotor_msgs/include/quadrotor_msgs/quadrotor_msgs/msg/output_data.h
-- Up-to-date symlink: /home/bryansgue/uav_ws/install/quadrotor_msgs/include/quadrotor_msgs/quadrotor_msgs/msg/planner_goal.h
-- Up-to-date symlink: /home/bryansgue/uav_ws/install/quadrotor_msgs/include/quadrotor_msgs/quadrotor_msgs/msg/position_command.h
-- Up-to-date symlink: /home/bryansgue/uav_ws/install/quadrotor_msgs/include/quadrotor_msgs/quadrotor_msgs/msg/pwm_command.h
-- Up-to-date symlink: /home/bryansgue/uav_ws/install/quadrotor_msgs/include/quadrotor_msgs/quadrotor_msgs/msg/qp_planner_goal.h
-- Up-to-date symlink: /home/bryansgue/uav_ws/install/quadrotor_msgs/include/quadrotor_msgs/quadrotor_msgs/msg/rosidl_generator_c__visibility_control.h
-- Up-to-date symlink: /home/bryansgue/uav_ws/install/quadrotor_msgs/include/quadrotor_msgs/quadrotor_msgs/msg/rpm_command.h
-- Up-to-date symlink: /home/bryansgue/uav_ws/install/quadrotor_msgs/include/quadrotor_msgs/quadrotor_msgs/msg/serial.h
-- Up-to-date symlink: /home/bryansgue/uav_ws/install/quadrotor_msgs/include/quadrotor_msgs/quadrotor_msgs/msg/so3_command.h
-- Up-to-date symlink: /home/bryansgue/uav_ws/install/quadrotor_msgs/include/quadrotor_msgs/quadrotor_msgs/msg/stamped_int.h
-- Up-to-date symlink: /home/bryansgue/uav_ws/install/quadrotor_msgs/include/quadrotor_msgs/quadrotor_msgs/msg/status_data.h
-- Up-to-date symlink: /home/bryansgue/uav_ws/install/quadrotor_msgs/include/quadrotor_msgs/quadrotor_msgs/msg/trajectory_point.h
-- Up-to-date symlink: /home/bryansgue/uav_ws/install/quadrotor_msgs/include/quadrotor_msgs/quadrotor_msgs/msg/trpy_command.h
-- Up-to-date symlink: /home/bryansgue/uav_ws/install/quadrotor_msgs/include/quadrotor_msgs/quadrotor_msgs/msg/velocity_planner_goal.h
-- Up-to-date symlink: /home/bryansgue/uav_ws/install/quadrotor_msgs/include/quadrotor_msgs/quadrotor_msgs/srv/detail/transition__functions.h
-- Up-to-date symlink: /home/bryansgue/uav_ws/install/quadrotor_msgs/include/quadrotor_msgs/quadrotor_msgs/srv/detail/transition__struct.h
-- Up-to-date symlink: /home/bryansgue/uav_ws/install/quadrotor_msgs/include/quadrotor_msgs/quadrotor_msgs/srv/detail/transition__type_support.h
-- Up-to-date symlink: /home/bryansgue/uav_ws/install/quadrotor_msgs/include/quadrotor_msgs/quadrotor_msgs/srv/transition.h
-- Up-to-date symlink: /home/bryansgue/uav_ws/install/quadrotor_msgs/share/quadrotor_msgs/environment/library_path.sh
-- Up-to-date symlink: /home/bryansgue/uav_ws/install/quadrotor_msgs/share/quadrotor_msgs/environment/library_path.dsv
-- Up-to-date symlink: /home/bryansgue/uav_ws/install/quadrotor_msgs/include/quadrotor_msgs/quadrotor_msgs/msg/detail/aux_command__rosidl_typesupport_fastrtps_c.h
-- Up-to-date symlink: /home/bryansgue/uav_ws/install/quadrotor_msgs/include/quadrotor_msgs/quadrotor_msgs/msg/detail/beta_flight_onboard_control__rosidl_typesupport_fastrtps_c.h
-- Up-to-date symlink: /home/bryansgue/uav_ws/install/quadrotor_msgs/include/quadrotor_msgs/quadrotor_msgs/msg/detail/beta_flight_states__rosidl_typesupport_fastrtps_c.h
-- Up-to-date symlink: /home/bryansgue/uav_ws/install/quadrotor_msgs/include/quadrotor_msgs/quadrotor_msgs/msg/detail/circle_planner_goal__rosidl_typesupport_fastrtps_c.h
-- Up-to-date symlink: /home/bryansgue/uav_ws/install/quadrotor_msgs/include/quadrotor_msgs/quadrotor_msgs/msg/detail/corrections__rosidl_typesupport_fastrtps_c.h
-- Up-to-date symlink: /home/bryansgue/uav_ws/install/quadrotor_msgs/include/quadrotor_msgs/quadrotor_msgs/msg/detail/cuboid_map__rosidl_typesupport_fastrtps_c.h
-- Up-to-date symlink: /home/bryansgue/uav_ws/install/quadrotor_msgs/include/quadrotor_msgs/quadrotor_msgs/msg/detail/flat_outputs__rosidl_typesupport_fastrtps_c.h
-- Up-to-date symlink: /home/bryansgue/uav_ws/install/quadrotor_msgs/include/quadrotor_msgs/quadrotor_msgs/msg/detail/fm_command__rosidl_typesupport_fastrtps_c.h
-- Up-to-date symlink: /home/bryansgue/uav_ws/install/quadrotor_msgs/include/quadrotor_msgs/quadrotor_msgs/msg/detail/line_planner_goal__rosidl_typesupport_fastrtps_c.h
-- Up-to-date symlink: /home/bryansgue/uav_ws/install/quadrotor_msgs/include/quadrotor_msgs/quadrotor_msgs/msg/detail/lissa_planner_goal__rosidl_typesupport_fastrtps_c.h
-- Up-to-date symlink: /home/bryansgue/uav_ws/install/quadrotor_msgs/include/quadrotor_msgs/quadrotor_msgs/msg/detail/local_ss__rosidl_typesupport_fastrtps_c.h
-- Up-to-date symlink: /home/bryansgue/uav_ws/install/quadrotor_msgs/include/quadrotor_msgs/quadrotor_msgs/msg/detail/motor_speed__rosidl_typesupport_fastrtps_c.h
-- Up-to-date symlink: /home/bryansgue/uav_ws/install/quadrotor_msgs/include/quadrotor_msgs/quadrotor_msgs/msg/detail/output_data__rosidl_typesupport_fastrtps_c.h
-- Up-to-date symlink: /home/bryansgue/uav_ws/install/quadrotor_msgs/include/quadrotor_msgs/quadrotor_msgs/msg/detail/planner_goal__rosidl_typesupport_fastrtps_c.h
-- Up-to-date symlink: /home/bryansgue/uav_ws/install/quadrotor_msgs/include/quadrotor_msgs/quadrotor_msgs/msg/detail/position_command__rosidl_typesupport_fastrtps_c.h
-- Up-to-date symlink: /home/bryansgue/uav_ws/install/quadrotor_msgs/include/quadrotor_msgs/quadrotor_msgs/msg/detail/pwm_command__rosidl_typesupport_fastrtps_c.h
-- Up-to-date symlink: /home/bryansgue/uav_ws/install/quadrotor_msgs/include/quadrotor_msgs/quadrotor_msgs/msg/detail/qp_planner_goal__rosidl_typesupport_fastrtps_c.h
-- Up-to-date symlink: /home/bryansgue/uav_ws/install/quadrotor_msgs/include/quadrotor_msgs/quadrotor_msgs/msg/detail/rpm_command__rosidl_typesupport_fastrtps_c.h
-- Up-to-date symlink: /home/bryansgue/uav_ws/install/quadrotor_msgs/include/quadrotor_msgs/quadrotor_msgs/msg/detail/serial__rosidl_typesupport_fastrtps_c.h
-- Up-to-date symlink: /home/bryansgue/uav_ws/install/quadrotor_msgs/include/quadrotor_msgs/quadrotor_msgs/msg/detail/so3_command__rosidl_typesupport_fastrtps_c.h
-- Up-to-date symlink: /home/bryansgue/uav_ws/install/quadrotor_msgs/include/quadrotor_msgs/quadrotor_msgs/msg/detail/stamped_int__rosidl_typesupport_fastrtps_c.h
-- Up-to-date symlink: /home/bryansgue/uav_ws/install/quadrotor_msgs/include/quadrotor_msgs/quadrotor_msgs/msg/detail/status_data__rosidl_typesupport_fastrtps_c.h
-- Up-to-date symlink: /home/bryansgue/uav_ws/install/quadrotor_msgs/include/quadrotor_msgs/quadrotor_msgs/msg/detail/trajectory_point__rosidl_typesupport_fastrtps_c.h
-- Up-to-date symlink: /home/bryansgue/uav_ws/install/quadrotor_msgs/include/quadrotor_msgs/quadrotor_msgs/msg/detail/trpy_command__rosidl_typesupport_fastrtps_c.h
-- Up-to-date symlink: /home/bryansgue/uav_ws/install/quadrotor_msgs/include/quadrotor_msgs/quadrotor_msgs/msg/detail/velocity_planner_goal__rosidl_typesupport_fastrtps_c.h
-- Up-to-date symlink: /home/bryansgue/uav_ws/install/quadrotor_msgs/include/quadrotor_msgs/quadrotor_msgs/msg/rosidl_typesupport_fastrtps_c__visibility_control.h
-- Up-to-date symlink: /home/bryansgue/uav_ws/install/quadrotor_msgs/include/quadrotor_msgs/quadrotor_msgs/srv/detail/transition__rosidl_typesupport_fastrtps_c.h
-- Up-to-date symlink: /home/bryansgue/uav_ws/install/quadrotor_msgs/include/quadrotor_msgs/quadrotor_msgs/msg/aux_command.hpp
-- Up-to-date symlink: /home/bryansgue/uav_ws/install/quadrotor_msgs/include/quadrotor_msgs/quadrotor_msgs/msg/beta_flight_onboard_control.hpp
-- Up-to-date symlink: /home/bryansgue/uav_ws/install/quadrotor_msgs/include/quadrotor_msgs/quadrotor_msgs/msg/beta_flight_states.hpp
-- Up-to-date symlink: /home/bryansgue/uav_ws/install/quadrotor_msgs/include/quadrotor_msgs/quadrotor_msgs/msg/circle_planner_goal.hpp
-- Up-to-date symlink: /home/bryansgue/uav_ws/install/quadrotor_msgs/include/quadrotor_msgs/quadrotor_msgs/msg/corrections.hpp
-- Up-to-date symlink: /home/bryansgue/uav_ws/install/quadrotor_msgs/include/quadrotor_msgs/quadrotor_msgs/msg/cuboid_map.hpp
-- Up-to-date symlink: /home/bryansgue/uav_ws/install/quadrotor_msgs/include/quadrotor_msgs/quadrotor_msgs/msg/detail/aux_command__builder.hpp
-- Up-to-date symlink: /home/bryansgue/uav_ws/install/quadrotor_msgs/include/quadrotor_msgs/quadrotor_msgs/msg/detail/aux_command__struct.hpp
-- Up-to-date symlink: /home/bryansgue/uav_ws/install/quadrotor_msgs/include/quadrotor_msgs/quadrotor_msgs/msg/detail/aux_command__traits.hpp
-- Up-to-date symlink: /home/bryansgue/uav_ws/install/quadrotor_msgs/include/quadrotor_msgs/quadrotor_msgs/msg/detail/aux_command__type_support.hpp
-- Up-to-date symlink: /home/bryansgue/uav_ws/install/quadrotor_msgs/include/quadrotor_msgs/quadrotor_msgs/msg/detail/beta_flight_onboard_control__builder.hpp
-- Up-to-date symlink: /home/bryansgue/uav_ws/install/quadrotor_msgs/include/quadrotor_msgs/quadrotor_msgs/msg/detail/beta_flight_onboard_control__struct.hpp
-- Up-to-date symlink: /home/bryansgue/uav_ws/install/quadrotor_msgs/include/quadrotor_msgs/quadrotor_msgs/msg/detail/beta_flight_onboard_control__traits.hpp
-- Up-to-date symlink: /home/bryansgue/uav_ws/install/quadrotor_msgs/include/quadrotor_msgs/quadrotor_msgs/msg/detail/beta_flight_onboard_control__type_support.hpp
-- Up-to-date symlink: /home/bryansgue/uav_ws/install/quadrotor_msgs/include/quadrotor_msgs/quadrotor_msgs/msg/detail/beta_flight_states__builder.hpp
-- Up-to-date symlink: /home/bryansgue/uav_ws/install/quadrotor_msgs/include/quadrotor_msgs/quadrotor_msgs/msg/detail/beta_flight_states__struct.hpp
-- Up-to-date symlink: /home/bryansgue/uav_ws/install/quadrotor_msgs/include/quadrotor_msgs/quadrotor_msgs/msg/detail/beta_flight_states__traits.hpp
-- Up-to-date symlink: /home/bryansgue/uav_ws/install/quadrotor_msgs/include/quadrotor_msgs/quadrotor_msgs/msg/detail/beta_flight_states__type_support.hpp
-- Up-to-date symlink: /home/bryansgue/uav_ws/install/quadrotor_msgs/include/quadrotor_msgs/quadrotor_msgs/msg/detail/circle_planner_goal__builder.hpp
-- Up-to-date symlink: /home/bryansgue/uav_ws/install/quadrotor_msgs/include/quadrotor_msgs/quadrotor_msgs/msg/detail/circle_planner_goal__struct.hpp
-- Up-to-date symlink: /home/bryansgue/uav_ws/install/quadrotor_msgs/include/quadrotor_msgs/quadrotor_msgs/msg/detail/circle_planner_goal__traits.hpp
-- Up-to-date symlink: /home/bryansgue/uav_ws/install/quadrotor_msgs/include/quadrotor_msgs/quadrotor_msgs/msg/detail/circle_planner_goal__type_support.hpp
-- Up-to-date symlink: /home/bryansgue/uav_ws/install/quadrotor_msgs/include/quadrotor_msgs/quadrotor_msgs/msg/detail/corrections__builder.hpp
-- Up-to-date symlink: /home/bryansgue/uav_ws/install/quadrotor_msgs/include/quadrotor_msgs/quadrotor_msgs/msg/detail/corrections__struct.hpp
-- Up-to-date symlink: /home/bryansgue/uav_ws/install/quadrotor_msgs/include/quadrotor_msgs/quadrotor_msgs/msg/detail/corrections__traits.hpp
-- Up-to-date symlink: /home/bryansgue/uav_ws/install/quadrotor_msgs/include/quadrotor_msgs/quadrotor_msgs/msg/detail/corrections__type_support.hpp
-- Up-to-date symlink: /home/bryansgue/uav_ws/install/quadrotor_msgs/include/quadrotor_msgs/quadrotor_msgs/msg/detail/cuboid_map__builder.hpp
-- Up-to-date symlink: /home/bryansgue/uav_ws/install/quadrotor_msgs/include/quadrotor_msgs/quadrotor_msgs/msg/detail/cuboid_map__struct.hpp
-- Up-to-date symlink: /home/bryansgue/uav_ws/install/quadrotor_msgs/include/quadrotor_msgs/quadrotor_msgs/msg/detail/cuboid_map__traits.hpp
-- Up-to-date symlink: /home/bryansgue/uav_ws/install/quadrotor_msgs/include/quadrotor_msgs/quadrotor_msgs/msg/detail/cuboid_map__type_support.hpp
-- Up-to-date symlink: /home/bryansgue/uav_ws/install/quadrotor_msgs/include/quadrotor_msgs/quadrotor_msgs/msg/detail/flat_outputs__builder.hpp
-- Up-to-date symlink: /home/bryansgue/uav_ws/install/quadrotor_msgs/include/quadrotor_msgs/quadrotor_msgs/msg/detail/flat_outputs__struct.hpp
-- Up-to-date symlink: /home/bryansgue/uav_ws/install/quadrotor_msgs/include/quadrotor_msgs/quadrotor_msgs/msg/detail/flat_outputs__traits.hpp
-- Up-to-date symlink: /home/bryansgue/uav_ws/install/quadrotor_msgs/include/quadrotor_msgs/quadrotor_msgs/msg/detail/flat_outputs__type_support.hpp
-- Up-to-date symlink: /home/bryansgue/uav_ws/install/quadrotor_msgs/include/quadrotor_msgs/quadrotor_msgs/msg/detail/fm_command__builder.hpp
-- Up-to-date symlink: /home/bryansgue/uav_ws/install/quadrotor_msgs/include/quadrotor_msgs/quadrotor_msgs/msg/detail/fm_command__struct.hpp
-- Up-to-date symlink: /home/bryansgue/uav_ws/install/quadrotor_msgs/include/quadrotor_msgs/quadrotor_msgs/msg/detail/fm_command__traits.hpp
-- Up-to-date symlink: /home/bryansgue/uav_ws/install/quadrotor_msgs/include/quadrotor_msgs/quadrotor_msgs/msg/detail/fm_command__type_support.hpp
-- Up-to-date symlink: /home/bryansgue/uav_ws/install/quadrotor_msgs/include/quadrotor_msgs/quadrotor_msgs/msg/detail/line_planner_goal__builder.hpp
-- Up-to-date symlink: /home/bryansgue/uav_ws/install/quadrotor_msgs/include/quadrotor_msgs/quadrotor_msgs/msg/detail/line_planner_goal__struct.hpp
-- Up-to-date symlink: /home/bryansgue/uav_ws/install/quadrotor_msgs/include/quadrotor_msgs/quadrotor_msgs/msg/detail/line_planner_goal__traits.hpp
-- Up-to-date symlink: /home/bryansgue/uav_ws/install/quadrotor_msgs/include/quadrotor_msgs/quadrotor_msgs/msg/detail/line_planner_goal__type_support.hpp
-- Up-to-date symlink: /home/bryansgue/uav_ws/install/quadrotor_msgs/include/quadrotor_msgs/quadrotor_msgs/msg/detail/lissa_planner_goal__builder.hpp
-- Up-to-date symlink: /home/bryansgue/uav_ws/install/quadrotor_msgs/include/quadrotor_msgs/quadrotor_msgs/msg/detail/lissa_planner_goal__struct.hpp
-- Up-to-date symlink: /home/bryansgue/uav_ws/install/quadrotor_msgs/include/quadrotor_msgs/quadrotor_msgs/msg/detail/lissa_planner_goal__traits.hpp
-- Up-to-date symlink: /home/bryansgue/uav_ws/install/quadrotor_msgs/include/quadrotor_msgs/quadrotor_msgs/msg/detail/lissa_planner_goal__type_support.hpp
-- Up-to-date symlink: /home/bryansgue/uav_ws/install/quadrotor_msgs/include/quadrotor_msgs/quadrotor_msgs/msg/detail/local_ss__builder.hpp
-- Up-to-date symlink: /home/bryansgue/uav_ws/install/quadrotor_msgs/include/quadrotor_msgs/quadrotor_msgs/msg/detail/local_ss__struct.hpp
-- Up-to-date symlink: /home/bryansgue/uav_ws/install/quadrotor_msgs/include/quadrotor_msgs/quadrotor_msgs/msg/detail/local_ss__traits.hpp
-- Up-to-date symlink: /home/bryansgue/uav_ws/install/quadrotor_msgs/include/quadrotor_msgs/quadrotor_msgs/msg/detail/local_ss__type_support.hpp
-- Up-to-date symlink: /home/bryansgue/uav_ws/install/quadrotor_msgs/include/quadrotor_msgs/quadrotor_msgs/msg/detail/motor_speed__builder.hpp
-- Up-to-date symlink: /home/bryansgue/uav_ws/install/quadrotor_msgs/include/quadrotor_msgs/quadrotor_msgs/msg/detail/motor_speed__struct.hpp
-- Up-to-date symlink: /home/bryansgue/uav_ws/install/quadrotor_msgs/include/quadrotor_msgs/quadrotor_msgs/msg/detail/motor_speed__traits.hpp
-- Up-to-date symlink: /home/bryansgue/uav_ws/install/quadrotor_msgs/include/quadrotor_msgs/quadrotor_msgs/msg/detail/motor_speed__type_support.hpp
-- Up-to-date symlink: /home/bryansgue/uav_ws/install/quadrotor_msgs/include/quadrotor_msgs/quadrotor_msgs/msg/detail/output_data__builder.hpp
-- Up-to-date symlink: /home/bryansgue/uav_ws/install/quadrotor_msgs/include/quadrotor_msgs/quadrotor_msgs/msg/detail/output_data__struct.hpp
-- Up-to-date symlink: /home/bryansgue/uav_ws/install/quadrotor_msgs/include/quadrotor_msgs/quadrotor_msgs/msg/detail/output_data__traits.hpp
-- Up-to-date symlink: /home/bryansgue/uav_ws/install/quadrotor_msgs/include/quadrotor_msgs/quadrotor_msgs/msg/detail/output_data__type_support.hpp
-- Up-to-date symlink: /home/bryansgue/uav_ws/install/quadrotor_msgs/include/quadrotor_msgs/quadrotor_msgs/msg/detail/planner_goal__builder.hpp
-- Up-to-date symlink: /home/bryansgue/uav_ws/install/quadrotor_msgs/include/quadrotor_msgs/quadrotor_msgs/msg/detail/planner_goal__struct.hpp
-- Up-to-date symlink: /home/bryansgue/uav_ws/install/quadrotor_msgs/include/quadrotor_msgs/quadrotor_msgs/msg/detail/planner_goal__traits.hpp
-- Up-to-date symlink: /home/bryansgue/uav_ws/install/quadrotor_msgs/include/quadrotor_msgs/quadrotor_msgs/msg/detail/planner_goal__type_support.hpp
-- Up-to-date symlink: /home/bryansgue/uav_ws/install/quadrotor_msgs/include/quadrotor_msgs/quadrotor_msgs/msg/detail/position_command__builder.hpp
-- Up-to-date symlink: /home/bryansgue/uav_ws/install/quadrotor_msgs/include/quadrotor_msgs/quadrotor_msgs/msg/detail/position_command__struct.hpp
-- Up-to-date symlink: /home/bryansgue/uav_ws/install/quadrotor_msgs/include/quadrotor_msgs/quadrotor_msgs/msg/detail/position_command__traits.hpp
-- Up-to-date symlink: /home/bryansgue/uav_ws/install/quadrotor_msgs/include/quadrotor_msgs/quadrotor_msgs/msg/detail/position_command__type_support.hpp
-- Up-to-date symlink: /home/bryansgue/uav_ws/install/quadrotor_msgs/include/quadrotor_msgs/quadrotor_msgs/msg/detail/pwm_command__builder.hpp
-- Up-to-date symlink: /home/bryansgue/uav_ws/install/quadrotor_msgs/include/quadrotor_msgs/quadrotor_msgs/msg/detail/pwm_command__struct.hpp
-- Up-to-date symlink: /home/bryansgue/uav_ws/install/quadrotor_msgs/include/quadrotor_msgs/quadrotor_msgs/msg/detail/pwm_command__traits.hpp
-- Up-to-date symlink: /home/bryansgue/uav_ws/install/quadrotor_msgs/include/quadrotor_msgs/quadrotor_msgs/msg/detail/pwm_command__type_support.hpp
-- Up-to-date symlink: /home/bryansgue/uav_ws/install/quadrotor_msgs/include/quadrotor_msgs/quadrotor_msgs/msg/detail/qp_planner_goal__builder.hpp
-- Up-to-date symlink: /home/bryansgue/uav_ws/install/quadrotor_msgs/include/quadrotor_msgs/quadrotor_msgs/msg/detail/qp_planner_goal__struct.hpp
-- Up-to-date symlink: /home/bryansgue/uav_ws/install/quadrotor_msgs/include/quadrotor_msgs/quadrotor_msgs/msg/detail/qp_planner_goal__traits.hpp
-- Up-to-date symlink: /home/bryansgue/uav_ws/install/quadrotor_msgs/include/quadrotor_msgs/quadrotor_msgs/msg/detail/qp_planner_goal__type_support.hpp
-- Up-to-date symlink: /home/bryansgue/uav_ws/install/quadrotor_msgs/include/quadrotor_msgs/quadrotor_msgs/msg/detail/rpm_command__builder.hpp
-- Up-to-date symlink: /home/bryansgue/uav_ws/install/quadrotor_msgs/include/quadrotor_msgs/quadrotor_msgs/msg/detail/rpm_command__struct.hpp
-- Up-to-date symlink: /home/bryansgue/uav_ws/install/quadrotor_msgs/include/quadrotor_msgs/quadrotor_msgs/msg/detail/rpm_command__traits.hpp
-- Up-to-date symlink: /home/bryansgue/uav_ws/install/quadrotor_msgs/include/quadrotor_msgs/quadrotor_msgs/msg/detail/rpm_command__type_support.hpp
-- Up-to-date symlink: /home/bryansgue/uav_ws/install/quadrotor_msgs/include/quadrotor_msgs/quadrotor_msgs/msg/detail/serial__builder.hpp
-- Up-to-date symlink: /home/bryansgue/uav_ws/install/quadrotor_msgs/include/quadrotor_msgs/quadrotor_msgs/msg/detail/serial__struct.hpp
-- Up-to-date symlink: /home/bryansgue/uav_ws/install/quadrotor_msgs/include/quadrotor_msgs/quadrotor_msgs/msg/detail/serial__traits.hpp
-- Up-to-date symlink: /home/bryansgue/uav_ws/install/quadrotor_msgs/include/quadrotor_msgs/quadrotor_msgs/msg/detail/serial__type_support.hpp
-- Up-to-date symlink: /home/bryansgue/uav_ws/install/quadrotor_msgs/include/quadrotor_msgs/quadrotor_msgs/msg/detail/so3_command__builder.hpp
-- Up-to-date symlink: /home/bryansgue/uav_ws/install/quadrotor_msgs/include/quadrotor_msgs/quadrotor_msgs/msg/detail/so3_command__struct.hpp
-- Up-to-date symlink: /home/bryansgue/uav_ws/install/quadrotor_msgs/include/quadrotor_msgs/quadrotor_msgs/msg/detail/so3_command__traits.hpp
-- Up-to-date symlink: /home/bryansgue/uav_ws/install/quadrotor_msgs/include/quadrotor_msgs/quadrotor_msgs/msg/detail/so3_command__type_support.hpp
-- Up-to-date symlink: /home/bryansgue/uav_ws/install/quadrotor_msgs/include/quadrotor_msgs/quadrotor_msgs/msg/detail/stamped_int__builder.hpp
-- Up-to-date symlink: /home/bryansgue/uav_ws/install/quadrotor_msgs/include/quadrotor_msgs/quadrotor_msgs/msg/detail/stamped_int__struct.hpp
-- Up-to-date symlink: /home/bryansgue/uav_ws/install/quadrotor_msgs/include/quadrotor_msgs/quadrotor_msgs/msg/detail/stamped_int__traits.hpp
-- Up-to-date symlink: /home/bryansgue/uav_ws/install/quadrotor_msgs/include/quadrotor_msgs/quadrotor_msgs/msg/detail/stamped_int__type_support.hpp
-- Up-to-date symlink: /home/bryansgue/uav_ws/install/quadrotor_msgs/include/quadrotor_msgs/quadrotor_msgs/msg/detail/status_data__builder.hpp
-- Up-to-date symlink: /home/bryansgue/uav_ws/install/quadrotor_msgs/include/quadrotor_msgs/quadrotor_msgs/msg/detail/status_data__struct.hpp
-- Up-to-date symlink: /home/bryansgue/uav_ws/install/quadrotor_msgs/include/quadrotor_msgs/quadrotor_msgs/msg/detail/status_data__traits.hpp
-- Up-to-date symlink: /home/bryansgue/uav_ws/install/quadrotor_msgs/include/quadrotor_msgs/quadrotor_msgs/msg/detail/status_data__type_support.hpp
-- Up-to-date symlink: /home/bryansgue/uav_ws/install/quadrotor_msgs/include/quadrotor_msgs/quadrotor_msgs/msg/detail/trajectory_point__builder.hpp
-- Up-to-date symlink: /home/bryansgue/uav_ws/install/quadrotor_msgs/include/quadrotor_msgs/quadrotor_msgs/msg/detail/trajectory_point__struct.hpp
-- Up-to-date symlink: /home/bryansgue/uav_ws/install/quadrotor_msgs/include/quadrotor_msgs/quadrotor_msgs/msg/detail/trajectory_point__traits.hpp
-- Up-to-date symlink: /home/bryansgue/uav_ws/install/quadrotor_msgs/include/quadrotor_msgs/quadrotor_msgs/msg/detail/trajectory_point__type_support.hpp
-- Up-to-date symlink: /home/bryansgue/uav_ws/install/quadrotor_msgs/include/quadrotor_msgs/quadrotor_msgs/msg/detail/trpy_command__builder.hpp
-- Up-to-date symlink: /home/bryansgue/uav_ws/install/quadrotor_msgs/include/quadrotor_msgs/quadrotor_msgs/msg/detail/trpy_command__struct.hpp
-- Up-to-date symlink: /home/bryansgue/uav_ws/install/quadrotor_msgs/include/quadrotor_msgs/quadrotor_msgs/msg/detail/trpy_command__traits.hpp
-- Up-to-date symlink: /home/bryansgue/uav_ws/install/quadrotor_msgs/include/quadrotor_msgs/quadrotor_msgs/msg/detail/trpy_command__type_support.hpp
-- Up-to-date symlink: /home/bryansgue/uav_ws/install/quadrotor_msgs/include/quadrotor_msgs/quadrotor_msgs/msg/detail/velocity_planner_goal__builder.hpp
-- Up-to-date symlink: /home/bryansgue/uav_ws/install/quadrotor_msgs/include/quadrotor_msgs/quadrotor_msgs/msg/detail/velocity_planner_goal__struct.hpp
-- Up-to-date symlink: /home/bryansgue/uav_ws/install/quadrotor_msgs/include/quadrotor_msgs/quadrotor_msgs/msg/detail/velocity_planner_goal__traits.hpp
-- Up-to-date symlink: /home/bryansgue/uav_ws/install/quadrotor_msgs/include/quadrotor_msgs/quadrotor_msgs/msg/detail/velocity_planner_goal__type_support.hpp
-- Up-to-date symlink: /home/bryansgue/uav_ws/install/quadrotor_msgs/include/quadrotor_msgs/quadrotor_msgs/msg/flat_outputs.hpp
-- Up-to-date symlink: /home/bryansgue/uav_ws/install/quadrotor_msgs/include/quadrotor_msgs/quadrotor_msgs/msg/fm_command.hpp
-- Up-to-date symlink: /home/bryansgue/uav_ws/install/quadrotor_msgs/include/quadrotor_msgs/quadrotor_msgs/msg/line_planner_goal.hpp
-- Up-to-date symlink: /home/bryansgue/uav_ws/install/quadrotor_msgs/include/quadrotor_msgs/quadrotor_msgs/msg/lissa_planner_goal.hpp
-- Up-to-date symlink: /home/bryansgue/uav_ws/install/quadrotor_msgs/include/quadrotor_msgs/quadrotor_msgs/msg/local_ss.hpp
-- Up-to-date symlink: /home/bryansgue/uav_ws/install/quadrotor_msgs/include/quadrotor_msgs/quadrotor_msgs/msg/motor_speed.hpp
-- Up-to-date symlink: /home/bryansgue/uav_ws/install/quadrotor_msgs/include/quadrotor_msgs/quadrotor_msgs/msg/output_data.hpp
-- Up-to-date symlink: /home/bryansgue/uav_ws/install/quadrotor_msgs/include/quadrotor_msgs/quadrotor_msgs/msg/planner_goal.hpp
-- Up-to-date symlink: /home/bryansgue/uav_ws/install/quadrotor_msgs/include/quadrotor_msgs/quadrotor_msgs/msg/position_command.hpp
-- Up-to-date symlink: /home/bryansgue/uav_ws/install/quadrotor_msgs/include/quadrotor_msgs/quadrotor_msgs/msg/pwm_command.hpp
-- Up-to-date symlink: /home/bryansgue/uav_ws/install/quadrotor_msgs/include/quadrotor_msgs/quadrotor_msgs/msg/qp_planner_goal.hpp
-- Up-to-date symlink: /home/bryansgue/uav_ws/install/quadrotor_msgs/include/quadrotor_msgs/quadrotor_msgs/msg/rosidl_generator_cpp__visibility_control.hpp
-- Up-to-date symlink: /home/bryansgue/uav_ws/install/quadrotor_msgs/include/quadrotor_msgs/quadrotor_msgs/msg/rpm_command.hpp
-- Up-to-date symlink: /home/bryansgue/uav_ws/install/quadrotor_msgs/include/quadrotor_msgs/quadrotor_msgs/msg/serial.hpp
-- Up-to-date symlink: /home/bryansgue/uav_ws/install/quadrotor_msgs/include/quadrotor_msgs/quadrotor_msgs/msg/so3_command.hpp
-- Up-to-date symlink: /home/bryansgue/uav_ws/install/quadrotor_msgs/include/quadrotor_msgs/quadrotor_msgs/msg/stamped_int.hpp
-- Up-to-date symlink: /home/bryansgue/uav_ws/install/quadrotor_msgs/include/quadrotor_msgs/quadrotor_msgs/msg/status_data.hpp
-- Up-to-date symlink: /home/bryansgue/uav_ws/install/quadrotor_msgs/include/quadrotor_msgs/quadrotor_msgs/msg/trajectory_point.hpp
-- Up-to-date symlink: /home/bryansgue/uav_ws/install/quadrotor_msgs/include/quadrotor_msgs/quadrotor_msgs/msg/trpy_command.hpp
-- Up-to-date symlink: /home/bryansgue/uav_ws/install/quadrotor_msgs/include/quadrotor_msgs/quadrotor_msgs/msg/velocity_planner_goal.hpp
-- Up-to-date symlink: /home/bryansgue/uav_ws/install/quadrotor_msgs/include/quadrotor_msgs/quadrotor_msgs/srv/detail/transition__builder.hpp
-- Up-to-date symlink: /home/bryansgue/uav_ws/install/quadrotor_msgs/include/quadrotor_msgs/quadrotor_msgs/srv/detail/transition__struct.hpp
-- Up-to-date symlink: /home/bryansgue/uav_ws/install/quadrotor_msgs/include/quadrotor_msgs/quadrotor_msgs/srv/detail/transition__traits.hpp
-- Up-to-date symlink: /home/bryansgue/uav_ws/install/quadrotor_msgs/include/quadrotor_msgs/quadrotor_msgs/srv/detail/transition__type_support.hpp
-- Up-to-date symlink: /home/bryansgue/uav_ws/install/quadrotor_msgs/include/quadrotor_msgs/quadrotor_msgs/srv/transition.hpp
-- Up-to-date symlink: /home/bryansgue/uav_ws/install/quadrotor_msgs/include/quadrotor_msgs/quadrotor_msgs/msg/detail/aux_command__rosidl_typesupport_fastrtps_cpp.hpp
-- Up-to-date symlink: /home/bryansgue/uav_ws/install/quadrotor_msgs/include/quadrotor_msgs/quadrotor_msgs/msg/detail/beta_flight_onboard_control__rosidl_typesupport_fastrtps_cpp.hpp
-- Up-to-date symlink: /home/bryansgue/uav_ws/install/quadrotor_msgs/include/quadrotor_msgs/quadrotor_msgs/msg/detail/beta_flight_states__rosidl_typesupport_fastrtps_cpp.hpp
-- Up-to-date symlink: /home/bryansgue/uav_ws/install/quadrotor_msgs/include/quadrotor_msgs/quadrotor_msgs/msg/detail/circle_planner_goal__rosidl_typesupport_fastrtps_cpp.hpp
-- Up-to-date symlink: /home/bryansgue/uav_ws/install/quadrotor_msgs/include/quadrotor_msgs/quadrotor_msgs/msg/detail/corrections__rosidl_typesupport_fastrtps_cpp.hpp
-- Up-to-date symlink: /home/bryansgue/uav_ws/install/quadrotor_msgs/include/quadrotor_msgs/quadrotor_msgs/msg/detail/cuboid_map__rosidl_typesupport_fastrtps_cpp.hpp
-- Up-to-date symlink: /home/bryansgue/uav_ws/install/quadrotor_msgs/include/quadrotor_msgs/quadrotor_msgs/msg/detail/flat_outputs__rosidl_typesupport_fastrtps_cpp.hpp
-- Up-to-date symlink: /home/bryansgue/uav_ws/install/quadrotor_msgs/include/quadrotor_msgs/quadrotor_msgs/msg/detail/fm_command__rosidl_typesupport_fastrtps_cpp.hpp
-- Up-to-date symlink: /home/bryansgue/uav_ws/install/quadrotor_msgs/include/quadrotor_msgs/quadrotor_msgs/msg/detail/line_planner_goal__rosidl_typesupport_fastrtps_cpp.hpp
-- Up-to-date symlink: /home/bryansgue/uav_ws/install/quadrotor_msgs/include/quadrotor_msgs/quadrotor_msgs/msg/detail/lissa_planner_goal__rosidl_typesupport_fastrtps_cpp.hpp
-- Up-to-date symlink: /home/bryansgue/uav_ws/install/quadrotor_msgs/include/quadrotor_msgs/quadrotor_msgs/msg/detail/local_ss__rosidl_typesupport_fastrtps_cpp.hpp
-- Up-to-date symlink: /home/bryansgue/uav_ws/install/quadrotor_msgs/include/quadrotor_msgs/quadrotor_msgs/msg/detail/motor_speed__rosidl_typesupport_fastrtps_cpp.hpp
-- Up-to-date symlink: /home/bryansgue/uav_ws/install/quadrotor_msgs/include/quadrotor_msgs/quadrotor_msgs/msg/detail/output_data__rosidl_typesupport_fastrtps_cpp.hpp
-- Up-to-date symlink: /home/bryansgue/uav_ws/install/quadrotor_msgs/include/quadrotor_msgs/quadrotor_msgs/msg/detail/planner_goal__rosidl_typesupport_fastrtps_cpp.hpp
-- Up-to-date symlink: /home/bryansgue/uav_ws/install/quadrotor_msgs/include/quadrotor_msgs/quadrotor_msgs/msg/detail/position_command__rosidl_typesupport_fastrtps_cpp.hpp
-- Up-to-date symlink: /home/bryansgue/uav_ws/install/quadrotor_msgs/include/quadrotor_msgs/quadrotor_msgs/msg/detail/pwm_command__rosidl_typesupport_fastrtps_cpp.hpp
-- Up-to-date symlink: /home/bryansgue/uav_ws/install/quadrotor_msgs/include/quadrotor_msgs/quadrotor_msgs/msg/detail/qp_planner_goal__rosidl_typesupport_fastrtps_cpp.hpp
-- Up-to-date symlink: /home/bryansgue/uav_ws/install/quadrotor_msgs/include/quadrotor_msgs/quadrotor_msgs/msg/detail/rpm_command__rosidl_typesupport_fastrtps_cpp.hpp
-- Up-to-date symlink: /home/bryansgue/uav_ws/install/quadrotor_msgs/include/quadrotor_msgs/quadrotor_msgs/msg/detail/serial__rosidl_typesupport_fastrtps_cpp.hpp
-- Up-to-date symlink: /home/bryansgue/uav_ws/install/quadrotor_msgs/include/quadrotor_msgs/quadrotor_msgs/msg/detail/so3_command__rosidl_typesupport_fastrtps_cpp.hpp
-- Up-to-date symlink: /home/bryansgue/uav_ws/install/quadrotor_msgs/include/quadrotor_msgs/quadrotor_msgs/msg/detail/stamped_int__rosidl_typesupport_fastrtps_cpp.hpp
-- Up-to-date symlink: /home/bryansgue/uav_ws/install/quadrotor_msgs/include/quadrotor_msgs/quadrotor_msgs/msg/detail/status_data__rosidl_typesupport_fastrtps_cpp.hpp
-- Up-to-date symlink: /home/bryansgue/uav_ws/install/quadrotor_msgs/include/quadrotor_msgs/quadrotor_msgs/msg/detail/trajectory_point__rosidl_typesupport_fastrtps_cpp.hpp
-- Up-to-date symlink: /home/bryansgue/uav_ws/install/quadrotor_msgs/include/quadrotor_msgs/quadrotor_msgs/msg/detail/trpy_command__rosidl_typesupport_fastrtps_cpp.hpp
-- Up-to-date symlink: /home/bryansgue/uav_ws/install/quadrotor_msgs/include/quadrotor_msgs/quadrotor_msgs/msg/detail/velocity_planner_goal__rosidl_typesupport_fastrtps_cpp.hpp
-- Up-to-date symlink: /home/bryansgue/uav_ws/install/quadrotor_msgs/include/quadrotor_msgs/quadrotor_msgs/msg/rosidl_typesupport_fastrtps_cpp__visibility_control.h
-- Up-to-date symlink: /home/bryansgue/uav_ws/install/quadrotor_msgs/include/quadrotor_msgs/quadrotor_msgs/srv/detail/transition__rosidl_typesupport_fastrtps_cpp.hpp
-- Up-to-date symlink: /home/bryansgue/uav_ws/install/quadrotor_msgs/include/quadrotor_msgs/quadrotor_msgs/msg/detail/aux_command__rosidl_typesupport_introspection_c.h
-- Up-to-date symlink: /home/bryansgue/uav_ws/install/quadrotor_msgs/include/quadrotor_msgs/quadrotor_msgs/msg/detail/beta_flight_onboard_control__rosidl_typesupport_introspection_c.h
-- Up-to-date symlink: /home/bryansgue/uav_ws/install/quadrotor_msgs/include/quadrotor_msgs/quadrotor_msgs/msg/detail/beta_flight_states__rosidl_typesupport_introspection_c.h
-- Up-to-date symlink: /home/bryansgue/uav_ws/install/quadrotor_msgs/include/quadrotor_msgs/quadrotor_msgs/msg/detail/circle_planner_goal__rosidl_typesupport_introspection_c.h
-- Up-to-date symlink: /home/bryansgue/uav_ws/install/quadrotor_msgs/include/quadrotor_msgs/quadrotor_msgs/msg/detail/corrections__rosidl_typesupport_introspection_c.h
-- Up-to-date symlink: /home/bryansgue/uav_ws/install/quadrotor_msgs/include/quadrotor_msgs/quadrotor_msgs/msg/detail/cuboid_map__rosidl_typesupport_introspection_c.h
-- Up-to-date symlink: /home/bryansgue/uav_ws/install/quadrotor_msgs/include/quadrotor_msgs/quadrotor_msgs/msg/detail/flat_outputs__rosidl_typesupport_introspection_c.h
-- Up-to-date symlink: /home/bryansgue/uav_ws/install/quadrotor_msgs/include/quadrotor_msgs/quadrotor_msgs/msg/detail/fm_command__rosidl_typesupport_introspection_c.h
-- Up-to-date symlink: /home/bryansgue/uav_ws/install/quadrotor_msgs/include/quadrotor_msgs/quadrotor_msgs/msg/detail/line_planner_goal__rosidl_typesupport_introspection_c.h
-- Up-to-date symlink: /home/bryansgue/uav_ws/install/quadrotor_msgs/include/quadrotor_msgs/quadrotor_msgs/msg/detail/lissa_planner_goal__rosidl_typesupport_introspection_c.h
-- Up-to-date symlink: /home/bryansgue/uav_ws/install/quadrotor_msgs/include/quadrotor_msgs/quadrotor_msgs/msg/detail/local_ss__rosidl_typesupport_introspection_c.h
-- Up-to-date symlink: /home/bryansgue/uav_ws/install/quadrotor_msgs/include/quadrotor_msgs/quadrotor_msgs/msg/detail/motor_speed__rosidl_typesupport_introspection_c.h
-- Up-to-date symlink: /home/bryansgue/uav_ws/install/quadrotor_msgs/include/quadrotor_msgs/quadrotor_msgs/msg/detail/output_data__rosidl_typesupport_introspection_c.h
-- Up-to-date symlink: /home/bryansgue/uav_ws/install/quadrotor_msgs/include/quadrotor_msgs/quadrotor_msgs/msg/detail/planner_goal__rosidl_typesupport_introspection_c.h
-- Up-to-date symlink: /home/bryansgue/uav_ws/install/quadrotor_msgs/include/quadrotor_msgs/quadrotor_msgs/msg/detail/position_command__rosidl_typesupport_introspection_c.h
-- Up-to-date symlink: /home/bryansgue/uav_ws/install/quadrotor_msgs/include/quadrotor_msgs/quadrotor_msgs/msg/detail/pwm_command__rosidl_typesupport_introspection_c.h
-- Up-to-date symlink: /home/bryansgue/uav_ws/install/quadrotor_msgs/include/quadrotor_msgs/quadrotor_msgs/msg/detail/qp_planner_goal__rosidl_typesupport_introspection_c.h
-- Up-to-date symlink: /home/bryansgue/uav_ws/install/quadrotor_msgs/include/quadrotor_msgs/quadrotor_msgs/msg/detail/rpm_command__rosidl_typesupport_introspection_c.h
-- Up-to-date symlink: /home/bryansgue/uav_ws/install/quadrotor_msgs/include/quadrotor_msgs/quadrotor_msgs/msg/detail/serial__rosidl_typesupport_introspection_c.h
-- Up-to-date symlink: /home/bryansgue/uav_ws/install/quadrotor_msgs/include/quadrotor_msgs/quadrotor_msgs/msg/detail/so3_command__rosidl_typesupport_introspection_c.h
-- Up-to-date symlink: /home/bryansgue/uav_ws/install/quadrotor_msgs/include/quadrotor_msgs/quadrotor_msgs/msg/detail/stamped_int__rosidl_typesupport_introspection_c.h
-- Up-to-date symlink: /home/bryansgue/uav_ws/install/quadrotor_msgs/include/quadrotor_msgs/quadrotor_msgs/msg/detail/status_data__rosidl_typesupport_introspection_c.h
-- Up-to-date symlink: /home/bryansgue/uav_ws/install/quadrotor_msgs/include/quadrotor_msgs/quadrotor_msgs/msg/detail/trajectory_point__rosidl_typesupport_introspection_c.h
-- Up-to-date symlink: /home/bryansgue/uav_ws/install/quadrotor_msgs/include/quadrotor_msgs/quadrotor_msgs/msg/detail/trpy_command__rosidl_typesupport_introspection_c.h
-- Up-to-date symlink: /home/bryansgue/uav_ws/install/quadrotor_msgs/include/quadrotor_msgs/quadrotor_msgs/msg/detail/velocity_planner_goal__rosidl_typesupport_introspection_c.h
-- Up-to-date symlink: /home/bryansgue/uav_ws/install/quadrotor_msgs/include/quadrotor_msgs/quadrotor_msgs/msg/rosidl_typesupport_introspection_c__visibility_control.h
-- Up-to-date symlink: /home/bryansgue/uav_ws/install/quadrotor_msgs/include/quadrotor_msgs/quadrotor_msgs/srv/detail/transition__rosidl_typesupport_introspection_c.h
-- Up-to-date symlink: /home/bryansgue/uav_ws/install/quadrotor_msgs/include/quadrotor_msgs/quadrotor_msgs/msg/detail/aux_command__rosidl_typesupport_introspection_cpp.hpp
-- Up-to-date symlink: /home/bryansgue/uav_ws/install/quadrotor_msgs/include/quadrotor_msgs/quadrotor_msgs/msg/detail/beta_flight_onboard_control__rosidl_typesupport_introspection_cpp.hpp
-- Up-to-date symlink: /home/bryansgue/uav_ws/install/quadrotor_msgs/include/quadrotor_msgs/quadrotor_msgs/msg/detail/beta_flight_states__rosidl_typesupport_introspection_cpp.hpp
-- Up-to-date symlink: /home/bryansgue/uav_ws/install/quadrotor_msgs/include/quadrotor_msgs/quadrotor_msgs/msg/detail/circle_planner_goal__rosidl_typesupport_introspection_cpp.hpp
-- Up-to-date symlink: /home/bryansgue/uav_ws/install/quadrotor_msgs/include/quadrotor_msgs/quadrotor_msgs/msg/detail/corrections__rosidl_typesupport_introspection_cpp.hpp
-- Up-to-date symlink: /home/bryansgue/uav_ws/install/quadrotor_msgs/include/quadrotor_msgs/quadrotor_msgs/msg/detail/cuboid_map__rosidl_typesupport_introspection_cpp.hpp
-- Up-to-date symlink: /home/bryansgue/uav_ws/install/quadrotor_msgs/include/quadrotor_msgs/quadrotor_msgs/msg/detail/flat_outputs__rosidl_typesupport_introspection_cpp.hpp
-- Up-to-date symlink: /home/bryansgue/uav_ws/install/quadrotor_msgs/include/quadrotor_msgs/quadrotor_msgs/msg/detail/fm_command__rosidl_typesupport_introspection_cpp.hpp
-- Up-to-date symlink: /home/bryansgue/uav_ws/install/quadrotor_msgs/include/quadrotor_msgs/quadrotor_msgs/msg/detail/line_planner_goal__rosidl_typesupport_introspection_cpp.hpp
-- Up-to-date symlink: /home/bryansgue/uav_ws/install/quadrotor_msgs/include/quadrotor_msgs/quadrotor_msgs/msg/detail/lissa_planner_goal__rosidl_typesupport_introspection_cpp.hpp
-- Up-to-date symlink: /home/bryansgue/uav_ws/install/quadrotor_msgs/include/quadrotor_msgs/quadrotor_msgs/msg/detail/local_ss__rosidl_typesupport_introspection_cpp.hpp
-- Up-to-date symlink: /home/bryansgue/uav_ws/install/quadrotor_msgs/include/quadrotor_msgs/quadrotor_msgs/msg/detail/motor_speed__rosidl_typesupport_introspection_cpp.hpp
-- Up-to-date symlink: /home/bryansgue/uav_ws/install/quadrotor_msgs/include/quadrotor_msgs/quadrotor_msgs/msg/detail/output_data__rosidl_typesupport_introspection_cpp.hpp
-- Up-to-date symlink: /home/bryansgue/uav_ws/install/quadrotor_msgs/include/quadrotor_msgs/quadrotor_msgs/msg/detail/planner_goal__rosidl_typesupport_introspection_cpp.hpp
-- Up-to-date symlink: /home/bryansgue/uav_ws/install/quadrotor_msgs/include/quadrotor_msgs/quadrotor_msgs/msg/detail/position_command__rosidl_typesupport_introspection_cpp.hpp
-- Up-to-date symlink: /home/bryansgue/uav_ws/install/quadrotor_msgs/include/quadrotor_msgs/quadrotor_msgs/msg/detail/pwm_command__rosidl_typesupport_introspection_cpp.hpp
-- Up-to-date symlink: /home/bryansgue/uav_ws/install/quadrotor_msgs/include/quadrotor_msgs/quadrotor_msgs/msg/detail/qp_planner_goal__rosidl_typesupport_introspection_cpp.hpp
-- Up-to-date symlink: /home/bryansgue/uav_ws/install/quadrotor_msgs/include/quadrotor_msgs/quadrotor_msgs/msg/detail/rpm_command__rosidl_typesupport_introspection_cpp.hpp
-- Up-to-date symlink: /home/bryansgue/uav_ws/install/quadrotor_msgs/include/quadrotor_msgs/quadrotor_msgs/msg/detail/serial__rosidl_typesupport_introspection_cpp.hpp
-- Up-to-date symlink: /home/bryansgue/uav_ws/install/quadrotor_msgs/include/quadrotor_msgs/quadrotor_msgs/msg/detail/so3_command__rosidl_typesupport_introspection_cpp.hpp
-- Up-to-date symlink: /home/bryansgue/uav_ws/install/quadrotor_msgs/include/quadrotor_msgs/quadrotor_msgs/msg/detail/stamped_int__rosidl_typesupport_introspection_cpp.hpp
-- Up-to-date symlink: /home/bryansgue/uav_ws/install/quadrotor_msgs/include/quadrotor_msgs/quadrotor_msgs/msg/detail/status_data__rosidl_typesupport_introspection_cpp.hpp
-- Up-to-date symlink: /home/bryansgue/uav_ws/install/quadrotor_msgs/include/quadrotor_msgs/quadrotor_msgs/msg/detail/trajectory_point__rosidl_typesupport_introspection_cpp.hpp
-- Up-to-date symlink: /home/bryansgue/uav_ws/install/quadrotor_msgs/include/quadrotor_msgs/quadrotor_msgs/msg/detail/trpy_command__rosidl_typesupport_introspection_cpp.hpp
-- Up-to-date symlink: /home/bryansgue/uav_ws/install/quadrotor_msgs/include/quadrotor_msgs/quadrotor_msgs/msg/detail/velocity_planner_goal__rosidl_typesupport_introspection_cpp.hpp
-- Up-to-date symlink: /home/bryansgue/uav_ws/install/quadrotor_msgs/include/quadrotor_msgs/quadrotor_msgs/srv/detail/transition__rosidl_typesupport_introspection_cpp.hpp
-- Up-to-date symlink: /home/bryansgue/uav_ws/install/quadrotor_msgs/share/quadrotor_msgs/environment/pythonpath.sh
-- Up-to-date symlink: /home/bryansgue/uav_ws/install/quadrotor_msgs/share/quadrotor_msgs/environment/pythonpath.dsv
-- Up-to-date symlink: /home/bryansgue/uav_ws/install/quadrotor_msgs/local/lib/python3.10/dist-packages/quadrotor_msgs-1.0.0-py3.10.egg-info/PKG-INFO
-- Up-to-date symlink: /home/bryansgue/uav_ws/install/quadrotor_msgs/local/lib/python3.10/dist-packages/quadrotor_msgs-1.0.0-py3.10.egg-info/SOURCES.txt
-- Up-to-date symlink: /home/bryansgue/uav_ws/install/quadrotor_msgs/local/lib/python3.10/dist-packages/quadrotor_msgs-1.0.0-py3.10.egg-info/dependency_links.txt
-- Up-to-date symlink: /home/bryansgue/uav_ws/install/quadrotor_msgs/local/lib/python3.10/dist-packages/quadrotor_msgs-1.0.0-py3.10.egg-info/top_level.txt
-- Up-to-date symlink: /home/bryansgue/uav_ws/install/quadrotor_msgs/local/lib/python3.10/dist-packages/quadrotor_msgs/__init__.py
-- Up-to-date symlink: /home/bryansgue/uav_ws/install/quadrotor_msgs/local/lib/python3.10/dist-packages/quadrotor_msgs/_quadrotor_msgs_s.ep.rosidl_typesupport_c.c
-- Up-to-date symlink: /home/bryansgue/uav_ws/install/quadrotor_msgs/local/lib/python3.10/dist-packages/quadrotor_msgs/_quadrotor_msgs_s.ep.rosidl_typesupport_fastrtps_c.c
-- Up-to-date symlink: /home/bryansgue/uav_ws/install/quadrotor_msgs/local/lib/python3.10/dist-packages/quadrotor_msgs/_quadrotor_msgs_s.ep.rosidl_typesupport_introspection_c.c
-- Up-to-date symlink: /home/bryansgue/uav_ws/install/quadrotor_msgs/local/lib/python3.10/dist-packages/quadrotor_msgs/libquadrotor_msgs__rosidl_generator_py.so
-- Up-to-date symlink: /home/bryansgue/uav_ws/install/quadrotor_msgs/local/lib/python3.10/dist-packages/quadrotor_msgs/msg/__init__.py
-- Up-to-date symlink: /home/bryansgue/uav_ws/install/quadrotor_msgs/local/lib/python3.10/dist-packages/quadrotor_msgs/msg/_aux_command.py
-- Up-to-date symlink: /home/bryansgue/uav_ws/install/quadrotor_msgs/local/lib/python3.10/dist-packages/quadrotor_msgs/msg/_aux_command_s.c
-- Up-to-date symlink: /home/bryansgue/uav_ws/install/quadrotor_msgs/local/lib/python3.10/dist-packages/quadrotor_msgs/msg/_beta_flight_onboard_control.py
-- Up-to-date symlink: /home/bryansgue/uav_ws/install/quadrotor_msgs/local/lib/python3.10/dist-packages/quadrotor_msgs/msg/_beta_flight_onboard_control_s.c
-- Up-to-date symlink: /home/bryansgue/uav_ws/install/quadrotor_msgs/local/lib/python3.10/dist-packages/quadrotor_msgs/msg/_beta_flight_states.py
-- Up-to-date symlink: /home/bryansgue/uav_ws/install/quadrotor_msgs/local/lib/python3.10/dist-packages/quadrotor_msgs/msg/_beta_flight_states_s.c
-- Up-to-date symlink: /home/bryansgue/uav_ws/install/quadrotor_msgs/local/lib/python3.10/dist-packages/quadrotor_msgs/msg/_circle_planner_goal.py
-- Up-to-date symlink: /home/bryansgue/uav_ws/install/quadrotor_msgs/local/lib/python3.10/dist-packages/quadrotor_msgs/msg/_circle_planner_goal_s.c
-- Up-to-date symlink: /home/bryansgue/uav_ws/install/quadrotor_msgs/local/lib/python3.10/dist-packages/quadrotor_msgs/msg/_corrections.py
-- Up-to-date symlink: /home/bryansgue/uav_ws/install/quadrotor_msgs/local/lib/python3.10/dist-packages/quadrotor_msgs/msg/_corrections_s.c
-- Up-to-date symlink: /home/bryansgue/uav_ws/install/quadrotor_msgs/local/lib/python3.10/dist-packages/quadrotor_msgs/msg/_cuboid_map.py
-- Up-to-date symlink: /home/bryansgue/uav_ws/install/quadrotor_msgs/local/lib/python3.10/dist-packages/quadrotor_msgs/msg/_cuboid_map_s.c
-- Up-to-date symlink: /home/bryansgue/uav_ws/install/quadrotor_msgs/local/lib/python3.10/dist-packages/quadrotor_msgs/msg/_flat_outputs.py
-- Up-to-date symlink: /home/bryansgue/uav_ws/install/quadrotor_msgs/local/lib/python3.10/dist-packages/quadrotor_msgs/msg/_flat_outputs_s.c
-- Up-to-date symlink: /home/bryansgue/uav_ws/install/quadrotor_msgs/local/lib/python3.10/dist-packages/quadrotor_msgs/msg/_fm_command.py
-- Up-to-date symlink: /home/bryansgue/uav_ws/install/quadrotor_msgs/local/lib/python3.10/dist-packages/quadrotor_msgs/msg/_fm_command_s.c
-- Up-to-date symlink: /home/bryansgue/uav_ws/install/quadrotor_msgs/local/lib/python3.10/dist-packages/quadrotor_msgs/msg/_line_planner_goal.py
-- Up-to-date symlink: /home/bryansgue/uav_ws/install/quadrotor_msgs/local/lib/python3.10/dist-packages/quadrotor_msgs/msg/_line_planner_goal_s.c
-- Up-to-date symlink: /home/bryansgue/uav_ws/install/quadrotor_msgs/local/lib/python3.10/dist-packages/quadrotor_msgs/msg/_lissa_planner_goal.py
-- Up-to-date symlink: /home/bryansgue/uav_ws/install/quadrotor_msgs/local/lib/python3.10/dist-packages/quadrotor_msgs/msg/_lissa_planner_goal_s.c
-- Up-to-date symlink: /home/bryansgue/uav_ws/install/quadrotor_msgs/local/lib/python3.10/dist-packages/quadrotor_msgs/msg/_local_ss.py
-- Up-to-date symlink: /home/bryansgue/uav_ws/install/quadrotor_msgs/local/lib/python3.10/dist-packages/quadrotor_msgs/msg/_local_ss_s.c
-- Up-to-date symlink: /home/bryansgue/uav_ws/install/quadrotor_msgs/local/lib/python3.10/dist-packages/quadrotor_msgs/msg/_motor_speed.py
-- Up-to-date symlink: /home/bryansgue/uav_ws/install/quadrotor_msgs/local/lib/python3.10/dist-packages/quadrotor_msgs/msg/_motor_speed_s.c
-- Up-to-date symlink: /home/bryansgue/uav_ws/install/quadrotor_msgs/local/lib/python3.10/dist-packages/quadrotor_msgs/msg/_output_data.py
-- Up-to-date symlink: /home/bryansgue/uav_ws/install/quadrotor_msgs/local/lib/python3.10/dist-packages/quadrotor_msgs/msg/_output_data_s.c
-- Up-to-date symlink: /home/bryansgue/uav_ws/install/quadrotor_msgs/local/lib/python3.10/dist-packages/quadrotor_msgs/msg/_planner_goal.py
-- Up-to-date symlink: /home/bryansgue/uav_ws/install/quadrotor_msgs/local/lib/python3.10/dist-packages/quadrotor_msgs/msg/_planner_goal_s.c
-- Up-to-date symlink: /home/bryansgue/uav_ws/install/quadrotor_msgs/local/lib/python3.10/dist-packages/quadrotor_msgs/msg/_position_command.py
-- Up-to-date symlink: /home/bryansgue/uav_ws/install/quadrotor_msgs/local/lib/python3.10/dist-packages/quadrotor_msgs/msg/_position_command_s.c
-- Up-to-date symlink: /home/bryansgue/uav_ws/install/quadrotor_msgs/local/lib/python3.10/dist-packages/quadrotor_msgs/msg/_pwm_command.py
-- Up-to-date symlink: /home/bryansgue/uav_ws/install/quadrotor_msgs/local/lib/python3.10/dist-packages/quadrotor_msgs/msg/_pwm_command_s.c
-- Up-to-date symlink: /home/bryansgue/uav_ws/install/quadrotor_msgs/local/lib/python3.10/dist-packages/quadrotor_msgs/msg/_qp_planner_goal.py
-- Up-to-date symlink: /home/bryansgue/uav_ws/install/quadrotor_msgs/local/lib/python3.10/dist-packages/quadrotor_msgs/msg/_qp_planner_goal_s.c
-- Up-to-date symlink: /home/bryansgue/uav_ws/install/quadrotor_msgs/local/lib/python3.10/dist-packages/quadrotor_msgs/msg/_rpm_command.py
-- Up-to-date symlink: /home/bryansgue/uav_ws/install/quadrotor_msgs/local/lib/python3.10/dist-packages/quadrotor_msgs/msg/_rpm_command_s.c
-- Up-to-date symlink: /home/bryansgue/uav_ws/install/quadrotor_msgs/local/lib/python3.10/dist-packages/quadrotor_msgs/msg/_serial.py
-- Up-to-date symlink: /home/bryansgue/uav_ws/install/quadrotor_msgs/local/lib/python3.10/dist-packages/quadrotor_msgs/msg/_serial_s.c
-- Up-to-date symlink: /home/bryansgue/uav_ws/install/quadrotor_msgs/local/lib/python3.10/dist-packages/quadrotor_msgs/msg/_so3_command.py
-- Up-to-date symlink: /home/bryansgue/uav_ws/install/quadrotor_msgs/local/lib/python3.10/dist-packages/quadrotor_msgs/msg/_so3_command_s.c
-- Up-to-date symlink: /home/bryansgue/uav_ws/install/quadrotor_msgs/local/lib/python3.10/dist-packages/quadrotor_msgs/msg/_stamped_int.py
-- Up-to-date symlink: /home/bryansgue/uav_ws/install/quadrotor_msgs/local/lib/python3.10/dist-packages/quadrotor_msgs/msg/_stamped_int_s.c
-- Up-to-date symlink: /home/bryansgue/uav_ws/install/quadrotor_msgs/local/lib/python3.10/dist-packages/quadrotor_msgs/msg/_status_data.py
-- Up-to-date symlink: /home/bryansgue/uav_ws/install/quadrotor_msgs/local/lib/python3.10/dist-packages/quadrotor_msgs/msg/_status_data_s.c
-- Up-to-date symlink: /home/bryansgue/uav_ws/install/quadrotor_msgs/local/lib/python3.10/dist-packages/quadrotor_msgs/msg/_trajectory_point.py
-- Up-to-date symlink: /home/bryansgue/uav_ws/install/quadrotor_msgs/local/lib/python3.10/dist-packages/quadrotor_msgs/msg/_trajectory_point_s.c
-- Up-to-date symlink: /home/bryansgue/uav_ws/install/quadrotor_msgs/local/lib/python3.10/dist-packages/quadrotor_msgs/msg/_trpy_command.py
-- Up-to-date symlink: /home/bryansgue/uav_ws/install/quadrotor_msgs/local/lib/python3.10/dist-packages/quadrotor_msgs/msg/_trpy_command_s.c
-- Up-to-date symlink: /home/bryansgue/uav_ws/install/quadrotor_msgs/local/lib/python3.10/dist-packages/quadrotor_msgs/msg/_velocity_planner_goal.py
-- Up-to-date symlink: /home/bryansgue/uav_ws/install/quadrotor_msgs/local/lib/python3.10/dist-packages/quadrotor_msgs/msg/_velocity_planner_goal_s.c
-- Up-to-date symlink: /home/bryansgue/uav_ws/install/quadrotor_msgs/local/lib/python3.10/dist-packages/quadrotor_msgs/quadrotor_msgs_s__rosidl_typesupport_c.cpython-310-x86_64-linux-gnu.so
-- Up-to-date symlink: /home/bryansgue/uav_ws/install/quadrotor_msgs/local/lib/python3.10/dist-packages/quadrotor_msgs/quadrotor_msgs_s__rosidl_typesupport_fastrtps_c.cpython-310-x86_64-linux-gnu.so
-- Up-to-date symlink: /home/bryansgue/uav_ws/install/quadrotor_msgs/local/lib/python3.10/dist-packages/quadrotor_msgs/quadrotor_msgs_s__rosidl_typesupport_introspection_c.cpython-310-x86_64-linux-gnu.so
-- Up-to-date symlink: /home/bryansgue/uav_ws/install/quadrotor_msgs/local/lib/python3.10/dist-packages/quadrotor_msgs/srv/__init__.py
-- Up-to-date symlink: /home/bryansgue/uav_ws/install/quadrotor_msgs/local/lib/python3.10/dist-packages/quadrotor_msgs/srv/_transition.py
-- Up-to-date symlink: /home/bryansgue/uav_ws/install/quadrotor_msgs/local/lib/python3.10/dist-packages/quadrotor_msgs/srv/_transition_s.c
-- Up-to-date symlink: /home/bryansgue/uav_ws/install/quadrotor_msgs/local/lib/python3.10/dist-packages/quadrotor_msgs/quadrotor_msgs_s__rosidl_typesupport_fastrtps_c.cpython-310-x86_64-linux-gnu.so
-- Up-to-date symlink: /home/bryansgue/uav_ws/install/quadrotor_msgs/local/lib/python3.10/dist-packages/quadrotor_msgs/quadrotor_msgs_s__rosidl_typesupport_introspection_c.cpython-310-x86_64-linux-gnu.so
-- Up-to-date symlink: /home/bryansgue/uav_ws/install/quadrotor_msgs/local/lib/python3.10/dist-packages/quadrotor_msgs/quadrotor_msgs_s__rosidl_typesupport_c.cpython-310-x86_64-linux-gnu.so
-- Up-to-date symlink: /home/bryansgue/uav_ws/install/quadrotor_msgs/share/quadrotor_msgs/msg/AuxCommand.idl
-- Up-to-date symlink: /home/bryansgue/uav_ws/install/quadrotor_msgs/share/quadrotor_msgs/msg/FMCommand.idl
-- Up-to-date symlink: /home/bryansgue/uav_ws/install/quadrotor_msgs/share/quadrotor_msgs/msg/RPMCommand.idl
-- Up-to-date symlink: /home/bryansgue/uav_ws/install/quadrotor_msgs/share/quadrotor_msgs/msg/TrajectoryPoint.idl
-- Up-to-date symlink: /home/bryansgue/uav_ws/install/quadrotor_msgs/share/quadrotor_msgs/msg/PositionCommand.idl
-- Up-to-date symlink: /home/bryansgue/uav_ws/install/quadrotor_msgs/share/quadrotor_msgs/msg/PWMCommand.idl
-- Up-to-date symlink: /home/bryansgue/uav_ws/install/quadrotor_msgs/share/quadrotor_msgs/msg/MotorSpeed.idl
-- Up-to-date symlink: /home/bryansgue/uav_ws/install/quadrotor_msgs/share/quadrotor_msgs/msg/SO3Command.idl
-- Up-to-date symlink: /home/bryansgue/uav_ws/install/quadrotor_msgs/share/quadrotor_msgs/msg/TRPYCommand.idl
-- Up-to-date symlink: /home/bryansgue/uav_ws/install/quadrotor_msgs/share/quadrotor_msgs/msg/BetaFlightStates.idl
-- Up-to-date symlink: /home/bryansgue/uav_ws/install/quadrotor_msgs/share/quadrotor_msgs/msg/BetaFlightOnboardControl.idl
-- Up-to-date symlink: /home/bryansgue/uav_ws/install/quadrotor_msgs/share/quadrotor_msgs/msg/QpPlannerGoal.idl
-- Up-to-date symlink: /home/bryansgue/uav_ws/install/quadrotor_msgs/share/quadrotor_msgs/msg/LinePlannerGoal.idl
-- Up-to-date symlink: /home/bryansgue/uav_ws/install/quadrotor_msgs/share/quadrotor_msgs/msg/CirclePlannerGoal.idl
-- Up-to-date symlink: /home/bryansgue/uav_ws/install/quadrotor_msgs/share/quadrotor_msgs/msg/LissaPlannerGoal.idl
-- Up-to-date symlink: /home/bryansgue/uav_ws/install/quadrotor_msgs/share/quadrotor_msgs/msg/VelocityPlannerGoal.idl
-- Up-to-date symlink: /home/bryansgue/uav_ws/install/quadrotor_msgs/share/quadrotor_msgs/msg/PlannerGoal.idl
-- Up-to-date symlink: /home/bryansgue/uav_ws/install/quadrotor_msgs/share/quadrotor_msgs/msg/StampedInt.idl
-- Up-to-date symlink: /home/bryansgue/uav_ws/install/quadrotor_msgs/share/quadrotor_msgs/msg/Corrections.idl
-- Up-to-date symlink: /home/bryansgue/uav_ws/install/quadrotor_msgs/share/quadrotor_msgs/msg/OutputData.idl
-- Up-to-date symlink: /home/bryansgue/uav_ws/install/quadrotor_msgs/share/quadrotor_msgs/msg/Serial.idl
-- Up-to-date symlink: /home/bryansgue/uav_ws/install/quadrotor_msgs/share/quadrotor_msgs/msg/StatusData.idl
-- Up-to-date symlink: /home/bryansgue/uav_ws/install/quadrotor_msgs/share/quadrotor_msgs/msg/LocalSS.idl
-- Up-to-date symlink: /home/bryansgue/uav_ws/install/quadrotor_msgs/share/quadrotor_msgs/msg/FlatOutputs.idl
-- Up-to-date symlink: /home/bryansgue/uav_ws/install/quadrotor_msgs/share/quadrotor_msgs/msg/CuboidMap.idl
-- Up-to-date symlink: /home/bryansgue/uav_ws/install/quadrotor_msgs/share/quadrotor_msgs/srv/Transition.idl
-- Up-to-date symlink: /home/bryansgue/uav_ws/install/quadrotor_msgs/share/quadrotor_msgs/control_cmds/AuxCommand.msg
-- Up-to-date symlink: /home/bryansgue/uav_ws/install/quadrotor_msgs/share/quadrotor_msgs/control_cmds/FMCommand.msg
-- Up-to-date symlink: /home/bryansgue/uav_ws/install/quadrotor_msgs/share/quadrotor_msgs/control_cmds/RPMCommand.msg
-- Up-to-date symlink: /home/bryansgue/uav_ws/install/quadrotor_msgs/share/quadrotor_msgs/control_cmds/TrajectoryPoint.msg
-- Up-to-date symlink: /home/bryansgue/uav_ws/install/quadrotor_msgs/share/quadrotor_msgs/control_cmds/PositionCommand.msg
-- Up-to-date symlink: /home/bryansgue/uav_ws/install/quadrotor_msgs/share/quadrotor_msgs/control_cmds/PWMCommand.msg
-- Up-to-date symlink: /home/bryansgue/uav_ws/install/quadrotor_msgs/share/quadrotor_msgs/control_cmds/MotorSpeed.msg
-- Up-to-date symlink: /home/bryansgue/uav_ws/install/quadrotor_msgs/share/quadrotor_msgs/control_cmds/SO3Command.msg
-- Up-to-date symlink: /home/bryansgue/uav_ws/install/quadrotor_msgs/share/quadrotor_msgs/control_cmds/TRPYCommand.msg
-- Up-to-date symlink: /home/bryansgue/uav_ws/install/quadrotor_msgs/share/quadrotor_msgs/control_cmds/BetaFlightStates.msg
-- Up-to-date symlink: /home/bryansgue/uav_ws/install/quadrotor_msgs/share/quadrotor_msgs/control_cmds/BetaFlightOnboardControl.msg
-- Up-to-date symlink: /home/bryansgue/uav_ws/install/quadrotor_msgs/share/quadrotor_msgs/planner_goals/QpPlannerGoal.msg
-- Up-to-date symlink: /home/bryansgue/uav_ws/install/quadrotor_msgs/share/quadrotor_msgs/planner_goals/LinePlannerGoal.msg
-- Up-to-date symlink: /home/bryansgue/uav_ws/install/quadrotor_msgs/share/quadrotor_msgs/planner_goals/CirclePlannerGoal.msg
-- Up-to-date symlink: /home/bryansgue/uav_ws/install/quadrotor_msgs/share/quadrotor_msgs/planner_goals/LissaPlannerGoal.msg
-- Up-to-date symlink: /home/bryansgue/uav_ws/install/quadrotor_msgs/share/quadrotor_msgs/planner_goals/VelocityPlannerGoal.msg
-- Up-to-date symlink: /home/bryansgue/uav_ws/install/quadrotor_msgs/share/quadrotor_msgs/planner_goals/PlannerGoal.msg
-- Up-to-date symlink: /home/bryansgue/uav_ws/install/quadrotor_msgs/share/quadrotor_msgs/msg_ros2/StampedInt.msg
-- Up-to-date symlink: /home/bryansgue/uav_ws/install/quadrotor_msgs/share/quadrotor_msgs/msg_ros2/Corrections.msg
-- Up-to-date symlink: /home/bryansgue/uav_ws/install/quadrotor_msgs/share/quadrotor_msgs/msg_ros2/OutputData.msg
-- Up-to-date symlink: /home/bryansgue/uav_ws/install/quadrotor_msgs/share/quadrotor_msgs/msg_ros2/Serial.msg
-- Up-to-date symlink: /home/bryansgue/uav_ws/install/quadrotor_msgs/share/quadrotor_msgs/msg_ros2/StatusData.msg
-- Up-to-date symlink: /home/bryansgue/uav_ws/install/quadrotor_msgs/share/quadrotor_msgs/msg_ros2/LocalSS.msg
-- Up-to-date symlink: /home/bryansgue/uav_ws/install/quadrotor_msgs/share/quadrotor_msgs/msg_ros2/FlatOutputs.msg
-- Up-to-date symlink: /home/bryansgue/uav_ws/install/quadrotor_msgs/share/quadrotor_msgs/msg_ros2/CuboidMap.msg
-- Up-to-date symlink: /home/bryansgue/uav_ws/install/quadrotor_msgs/share/quadrotor_msgs/srv_ros2/Transition.srv
-- Up-to-date symlink: /home/bryansgue/uav_ws/install/quadrotor_msgs/share/quadrotor_msgs/srv_ros2/Transition_Request.msg
-- Up-to-date symlink: /home/bryansgue/uav_ws/install/quadrotor_msgs/share/quadrotor_msgs/srv_ros2/Transition_Response.msg
-- Up-to-date symlink: /home/bryansgue/uav_ws/install/quadrotor_msgs/share/ament_index/resource_index/package_run_dependencies/quadrotor_msgs
-- Up-to-date symlink: /home/bryansgue/uav_ws/install/quadrotor_msgs/share/ament_index/resource_index/parent_prefix_path/quadrotor_msgs
-- Up-to-date symlink: /home/bryansgue/uav_ws/install/quadrotor_msgs/share/quadrotor_msgs/environment/ament_prefix_path.sh
-- Up-to-date symlink: /home/bryansgue/uav_ws/install/quadrotor_msgs/share/quadrotor_msgs/environment/ament_prefix_path.dsv
-- Up-to-date symlink: /home/bryansgue/uav_ws/install/quadrotor_msgs/share/quadrotor_msgs/environment/path.sh
-- Up-to-date symlink: /home/bryansgue/uav_ws/install/quadrotor_msgs/share/quadrotor_msgs/environment/path.dsv
-- Up-to-date symlink: /home/bryansgue/uav_ws/install/quadrotor_msgs/share/quadrotor_msgs/local_setup.bash
-- Up-to-date symlink: /home/bryansgue/uav_ws/install/quadrotor_msgs/share/quadrotor_msgs/local_setup.sh
-- Up-to-date symlink: /home/bryansgue/uav_ws/install/quadrotor_msgs/share/quadrotor_msgs/local_setup.zsh
-- Up-to-date symlink: /home/bryansgue/uav_ws/install/quadrotor_msgs/share/quadrotor_msgs/local_setup.dsv
-- Symlinking: /home/bryansgue/uav_ws/install/quadrotor_msgs/share/quadrotor_msgs/package.dsv
-- Up-to-date symlink: /home/bryansgue/uav_ws/install/quadrotor_msgs/share/ament_index/resource_index/packages/quadrotor_msgs
-- Up-to-date symlink: /home/bryansgue/uav_ws/install/quadrotor_msgs/share/quadrotor_msgs/cmake/rosidl_cmake-extras.cmake
-- Up-to-date symlink: /home/bryansgue/uav_ws/install/quadrotor_msgs/share/quadrotor_msgs/cmake/ament_cmake_export_dependencies-extras.cmake
-- Up-to-date symlink: /home/bryansgue/uav_ws/install/quadrotor_msgs/share/quadrotor_msgs/cmake/ament_cmake_export_include_directories-extras.cmake
-- Up-to-date symlink: /home/bryansgue/uav_ws/install/quadrotor_msgs/share/quadrotor_msgs/cmake/ament_cmake_export_libraries-extras.cmake
-- Up-to-date symlink: /home/bryansgue/uav_ws/install/quadrotor_msgs/share/quadrotor_msgs/cmake/ament_cmake_export_targets-extras.cmake
-- Up-to-date symlink: /home/bryansgue/uav_ws/install/quadrotor_msgs/share/quadrotor_msgs/cmake/rosidl_cmake_export_typesupport_targets-extras.cmake
-- Up-to-date symlink: /home/bryansgue/uav_ws/install/quadrotor_msgs/share/quadrotor_msgs/cmake/rosidl_cmake_export_typesupport_libraries-extras.cmake
-- Up-to-date symlink: /home/bryansgue/uav_ws/install/quadrotor_msgs/share/quadrotor_msgs/cmake/quadrotor_msgsConfig.cmake
-- Up-to-date symlink: /home/bryansgue/uav_ws/install/quadrotor_msgs/share/quadrotor_msgs/cmake/quadrotor_msgsConfig-version.cmake
-- Up-to-date symlink: /home/bryansgue/uav_ws/install/quadrotor_msgs/share/quadrotor_msgs/package.xml
-- Up-to-date: /home/bryansgue/uav_ws/install/quadrotor_msgs/lib/libquadrotor_msgs__rosidl_generator_c.so
-- Up-to-date: /home/bryansgue/uav_ws/install/quadrotor_msgs/lib/libquadrotor_msgs__rosidl_typesupport_fastrtps_c.so
-- Up-to-date: /home/bryansgue/uav_ws/install/quadrotor_msgs/lib/libquadrotor_msgs__rosidl_typesupport_fastrtps_cpp.so
-- Up-to-date: /home/bryansgue/uav_ws/install/quadrotor_msgs/lib/libquadrotor_msgs__rosidl_typesupport_introspection_c.so
-- Up-to-date: /home/bryansgue/uav_ws/install/quadrotor_msgs/lib/libquadrotor_msgs__rosidl_typesupport_c.so
-- Up-to-date: /home/bryansgue/uav_ws/install/quadrotor_msgs/lib/libquadrotor_msgs__rosidl_typesupport_introspection_cpp.so
-- Up-to-date: /home/bryansgue/uav_ws/install/quadrotor_msgs/lib/libquadrotor_msgs__rosidl_typesupport_cpp.so
Listing '/home/bryansgue/uav_ws/install/quadrotor_msgs/local/lib/python3.10/dist-packages/quadrotor_msgs'...
Listing '/home/bryansgue/uav_ws/install/quadrotor_msgs/local/lib/python3.10/dist-packages/quadrotor_msgs/msg'...
Listing '/home/bryansgue/uav_ws/install/quadrotor_msgs/local/lib/python3.10/dist-packages/quadrotor_msgs/srv'...
-- Up-to-date: /home/bryansgue/uav_ws/install/quadrotor_msgs/lib/libquadrotor_msgs__rosidl_generator_py.so
-- Up-to-date: /home/bryansgue/uav_ws/install/quadrotor_msgs/share/quadrotor_msgs/cmake/export_quadrotor_msgs__rosidl_generator_cExport.cmake
-- Up-to-date: /home/bryansgue/uav_ws/install/quadrotor_msgs/share/quadrotor_msgs/cmake/export_quadrotor_msgs__rosidl_generator_cExport-noconfig.cmake
-- Up-to-date: /home/bryansgue/uav_ws/install/quadrotor_msgs/share/quadrotor_msgs/cmake/export_quadrotor_msgs__rosidl_typesupport_fastrtps_cExport.cmake
-- Up-to-date: /home/bryansgue/uav_ws/install/quadrotor_msgs/share/quadrotor_msgs/cmake/export_quadrotor_msgs__rosidl_typesupport_fastrtps_cExport-noconfig.cmake
-- Up-to-date: /home/bryansgue/uav_ws/install/quadrotor_msgs/share/quadrotor_msgs/cmake/export_quadrotor_msgs__rosidl_generator_cppExport.cmake
-- Up-to-date: /home/bryansgue/uav_ws/install/quadrotor_msgs/share/quadrotor_msgs/cmake/export_quadrotor_msgs__rosidl_typesupport_fastrtps_cppExport.cmake
-- Up-to-date: /home/bryansgue/uav_ws/install/quadrotor_msgs/share/quadrotor_msgs/cmake/export_quadrotor_msgs__rosidl_typesupport_fastrtps_cppExport-noconfig.cmake
-- Up-to-date: /home/bryansgue/uav_ws/install/quadrotor_msgs/share/quadrotor_msgs/cmake/quadrotor_msgs__rosidl_typesupport_introspection_cExport.cmake
-- Up-to-date: /home/bryansgue/uav_ws/install/quadrotor_msgs/share/quadrotor_msgs/cmake/quadrotor_msgs__rosidl_typesupport_introspection_cExport-noconfig.cmake
-- Up-to-date: /home/bryansgue/uav_ws/install/quadrotor_msgs/share/quadrotor_msgs/cmake/quadrotor_msgs__rosidl_typesupport_cExport.cmake
-- Up-to-date: /home/bryansgue/uav_ws/install/quadrotor_msgs/share/quadrotor_msgs/cmake/quadrotor_msgs__rosidl_typesupport_cExport-noconfig.cmake
-- Up-to-date: /home/bryansgue/uav_ws/install/quadrotor_msgs/share/quadrotor_msgs/cmake/quadrotor_msgs__rosidl_typesupport_introspection_cppExport.cmake
-- Up-to-date: /home/bryansgue/uav_ws/install/quadrotor_msgs/share/quadrotor_msgs/cmake/quadrotor_msgs__rosidl_typesupport_introspection_cppExport-noconfig.cmake
-- Up-to-date: /home/bryansgue/uav_ws/install/quadrotor_msgs/share/quadrotor_msgs/cmake/quadrotor_msgs__rosidl_typesupport_cppExport.cmake
-- Up-to-date: /home/bryansgue/uav_ws/install/quadrotor_msgs/share/quadrotor_msgs/cmake/quadrotor_msgs__rosidl_typesupport_cppExport-noconfig.cmake
-- Up-to-date: /home/bryansgue/uav_ws/install/quadrotor_msgs/share/quadrotor_msgs/cmake/export_quadrotor_msgs__rosidl_generator_pyExport.cmake
-- Up-to-date: /home/bryansgue/uav_ws/install/quadrotor_msgs/share/quadrotor_msgs/cmake/export_quadrotor_msgs__rosidl_generator_pyExport-noconfig.cmake
