[0.020s] Invoking command in '/home/bryansgue/uav_ws/build/quadrotor_msgs': CMAKE_PREFIX_PATH=/home/bryansgue/uav_ws/install/mujoco_ros_utils:/home/bryansgue/uav_ws/install/acp_mujoco_simulator:/home/bryansgue/uav_ws/install/quadrotor_msgs:/home/bryansgue/acp_ws/install/quad_mujoco_sim:/home/bryansgue/acp_ws/install/voxl2_rpm_interface:/home/bryansgue/acp_ws/install/trackers_manager:/home/bryansgue/acp_ws/install/std_trackers:/home/bryansgue/uav_ws/install/drone_teleop:/home/bryansgue/acp_ws/install/sim_interface:/home/bryansgue/acp_ws/install/drone_teleop:/home/bryansgue/acp_ws/install/nmpc_control:/home/bryansgue/acp_ws/install/mav_manager_test:/home/bryansgue/acp_ws/install/dq_nmpc:/opt/ros/humble:/home/bryansgue/acp_ws/install/mav_manager:/home/bryansgue/acp_ws/install/trackers_msgs:/home/bryansgue/acp_ws/install/quadrotor_simulator:/home/bryansgue/acp_ws/install/pi_ros2_interface:/home/bryansgue/acp_ws/install/nmpc_payload_cpp:/home/bryansgue/acp_ws/install/mujoco_ros_utils:/home/bryansgue/acp_ws/install/mav_control:/home/bryansgue/acp_ws/install/dq_cpp:/home/bryansgue/acp_ws/install/acp_mujoco_simulator:/home/bryansgue/acp_ws/install/quadrotor_msgs:/home/bryansgue/acp_ws/install/mesh_visualization:/home/bryansgue/acp_ws/install/mav_manager_srv:/home/bryansgue/acp_ws/install/acp_autonomy /usr/bin/cmake --build /home/bryansgue/uav_ws/build/quadrotor_msgs -- -j16 -l16
[0.096s] [35m[1mConsolidate compiler generated dependencies of target quadrotor_msgs__rosidl_generator_c[0m
[0.105s] [  0%] Built target quadrotor_msgs__cpp
[0.119s] [  1%] Built target ament_cmake_python_symlink_quadrotor_msgs
[0.120s] [ 12%] Built target quadrotor_msgs__rosidl_generator_c
[0.131s] [35m[1mConsolidate compiler generated dependencies of target quadrotor_msgs__rosidl_typesupport_cpp[0m
[0.132s] [35m[1mConsolidate compiler generated dependencies of target quadrotor_msgs__rosidl_typesupport_introspection_cpp[0m
[0.133s] [35m[1mConsolidate compiler generated dependencies of target quadrotor_msgs__rosidl_typesupport_fastrtps_cpp[0m
[0.143s] [35m[1mConsolidate compiler generated dependencies of target quadrotor_msgs__rosidl_typesupport_c[0m
[0.149s] [35m[1mConsolidate compiler generated dependencies of target quadrotor_msgs__rosidl_typesupport_introspection_c[0m
[0.149s] [35m[1mConsolidate compiler generated dependencies of target quadrotor_msgs__rosidl_typesupport_fastrtps_c[0m
[0.161s] [ 36%] Built target quadrotor_msgs__rosidl_typesupport_cpp
[0.161s] [ 37%] Built target quadrotor_msgs__rosidl_typesupport_introspection_cpp
[0.165s] [ 49%] Built target quadrotor_msgs__rosidl_typesupport_c
[0.167s] [ 61%] Built target quadrotor_msgs__rosidl_typesupport_fastrtps_cpp
[0.172s] [ 74%] Built target quadrotor_msgs__rosidl_typesupport_introspection_c
[0.181s] [ 86%] Built target quadrotor_msgs__rosidl_typesupport_fastrtps_c
[0.217s] [ 86%] Built target quadrotor_msgs
[0.253s] [ 86%] Built target quadrotor_msgs__py
[0.280s] [35m[1mConsolidate compiler generated dependencies of target quadrotor_msgs__rosidl_generator_py[0m
[0.318s] [ 98%] Built target quadrotor_msgs__rosidl_generator_py
[0.336s] [35m[1mConsolidate compiler generated dependencies of target quadrotor_msgs__rosidl_typesupport_c__pyext[0m
[0.336s] [35m[1mConsolidate compiler generated dependencies of target quadrotor_msgs__rosidl_typesupport_introspection_c__pyext[0m
[0.336s] [35m[1mConsolidate compiler generated dependencies of target quadrotor_msgs__rosidl_typesupport_fastrtps_c__pyext[0m
[0.353s] [100%] Built target quadrotor_msgs__rosidl_typesupport_fastrtps_c__pyext
[0.353s] [100%] Built target quadrotor_msgs__rosidl_typesupport_introspection_c__pyext
[0.353s] [100%] Built target quadrotor_msgs__rosidl_typesupport_c__pyext
[0.355s] running egg_info
[0.356s] writing quadrotor_msgs.egg-info/PKG-INFO
[0.356s] writing dependency_links to quadrotor_msgs.egg-info/dependency_links.txt
[0.356s] writing top-level names to quadrotor_msgs.egg-info/top_level.txt
[0.359s] reading manifest file 'quadrotor_msgs.egg-info/SOURCES.txt'
[0.360s] writing manifest file 'quadrotor_msgs.egg-info/SOURCES.txt'
[0.396s] [100%] Built target ament_cmake_python_build_quadrotor_msgs_egg
[0.417s] Invoked command in '/home/bryansgue/uav_ws/build/quadrotor_msgs' returned '0': CMAKE_PREFIX_PATH=/home/bryansgue/uav_ws/install/mujoco_ros_utils:/home/bryansgue/uav_ws/install/acp_mujoco_simulator:/home/bryansgue/uav_ws/install/quadrotor_msgs:/home/bryansgue/acp_ws/install/quad_mujoco_sim:/home/bryansgue/acp_ws/install/voxl2_rpm_interface:/home/bryansgue/acp_ws/install/trackers_manager:/home/bryansgue/acp_ws/install/std_trackers:/home/bryansgue/uav_ws/install/drone_teleop:/home/bryansgue/acp_ws/install/sim_interface:/home/bryansgue/acp_ws/install/drone_teleop:/home/bryansgue/acp_ws/install/nmpc_control:/home/bryansgue/acp_ws/install/mav_manager_test:/home/bryansgue/acp_ws/install/dq_nmpc:/opt/ros/humble:/home/bryansgue/acp_ws/install/mav_manager:/home/bryansgue/acp_ws/install/trackers_msgs:/home/bryansgue/acp_ws/install/quadrotor_simulator:/home/bryansgue/acp_ws/install/pi_ros2_interface:/home/bryansgue/acp_ws/install/nmpc_payload_cpp:/home/bryansgue/acp_ws/install/mujoco_ros_utils:/home/bryansgue/acp_ws/install/mav_control:/home/bryansgue/acp_ws/install/dq_cpp:/home/bryansgue/acp_ws/install/acp_mujoco_simulator:/home/bryansgue/acp_ws/install/quadrotor_msgs:/home/bryansgue/acp_ws/install/mesh_visualization:/home/bryansgue/acp_ws/install/mav_manager_srv:/home/bryansgue/acp_ws/install/acp_autonomy /usr/bin/cmake --build /home/bryansgue/uav_ws/build/quadrotor_msgs -- -j16 -l16
[0.435s] Invoking command in '/home/bryansgue/uav_ws/build/quadrotor_msgs': CMAKE_PREFIX_PATH=/home/bryansgue/uav_ws/install/mujoco_ros_utils:/home/bryansgue/uav_ws/install/acp_mujoco_simulator:/home/bryansgue/uav_ws/install/quadrotor_msgs:/home/bryansgue/acp_ws/install/quad_mujoco_sim:/home/bryansgue/acp_ws/install/voxl2_rpm_interface:/home/bryansgue/acp_ws/install/trackers_manager:/home/bryansgue/acp_ws/install/std_trackers:/home/bryansgue/uav_ws/install/drone_teleop:/home/bryansgue/acp_ws/install/sim_interface:/home/bryansgue/acp_ws/install/drone_teleop:/home/bryansgue/acp_ws/install/nmpc_control:/home/bryansgue/acp_ws/install/mav_manager_test:/home/bryansgue/acp_ws/install/dq_nmpc:/opt/ros/humble:/home/bryansgue/acp_ws/install/mav_manager:/home/bryansgue/acp_ws/install/trackers_msgs:/home/bryansgue/acp_ws/install/quadrotor_simulator:/home/bryansgue/acp_ws/install/pi_ros2_interface:/home/bryansgue/acp_ws/install/nmpc_payload_cpp:/home/bryansgue/acp_ws/install/mujoco_ros_utils:/home/bryansgue/acp_ws/install/mav_control:/home/bryansgue/acp_ws/install/dq_cpp:/home/bryansgue/acp_ws/install/acp_mujoco_simulator:/home/bryansgue/acp_ws/install/quadrotor_msgs:/home/bryansgue/acp_ws/install/mesh_visualization:/home/bryansgue/acp_ws/install/mav_manager_srv:/home/bryansgue/acp_ws/install/acp_autonomy /usr/bin/cmake --install /home/bryansgue/uav_ws/build/quadrotor_msgs
[0.446s] -- Install configuration: ""
[0.447s] -- Execute custom install script
[0.447s] -- Up-to-date symlink: /home/bryansgue/uav_ws/install/quadrotor_msgs/share/ament_index/resource_index/rosidl_interfaces/quadrotor_msgs
[0.449s] -- Up-to-date symlink: /home/bryansgue/uav_ws/install/quadrotor_msgs/include/quadrotor_msgs/quadrotor_msgs/msg/aux_command.h
[0.450s] -- Up-to-date symlink: /home/bryansgue/uav_ws/install/quadrotor_msgs/include/quadrotor_msgs/quadrotor_msgs/msg/beta_flight_onboard_control.h
[0.450s] -- Up-to-date symlink: /home/bryansgue/uav_ws/install/quadrotor_msgs/include/quadrotor_msgs/quadrotor_msgs/msg/beta_flight_states.h
[0.450s] -- Up-to-date symlink: /home/bryansgue/uav_ws/install/quadrotor_msgs/include/quadrotor_msgs/quadrotor_msgs/msg/circle_planner_goal.h
[0.450s] -- Up-to-date symlink: /home/bryansgue/uav_ws/install/quadrotor_msgs/include/quadrotor_msgs/quadrotor_msgs/msg/corrections.h
[0.450s] -- Up-to-date symlink: /home/bryansgue/uav_ws/install/quadrotor_msgs/include/quadrotor_msgs/quadrotor_msgs/msg/cuboid_map.h
[0.450s] -- Up-to-date symlink: /home/bryansgue/uav_ws/install/quadrotor_msgs/include/quadrotor_msgs/quadrotor_msgs/msg/detail/aux_command__functions.h
[0.450s] -- Up-to-date symlink: /home/bryansgue/uav_ws/install/quadrotor_msgs/include/quadrotor_msgs/quadrotor_msgs/msg/detail/aux_command__struct.h
[0.451s] -- Up-to-date symlink: /home/bryansgue/uav_ws/install/quadrotor_msgs/include/quadrotor_msgs/quadrotor_msgs/msg/detail/aux_command__type_support.h
[0.451s] -- Up-to-date symlink: /home/bryansgue/uav_ws/install/quadrotor_msgs/include/quadrotor_msgs/quadrotor_msgs/msg/detail/beta_flight_onboard_control__functions.h
[0.451s] -- Up-to-date symlink: /home/bryansgue/uav_ws/install/quadrotor_msgs/include/quadrotor_msgs/quadrotor_msgs/msg/detail/beta_flight_onboard_control__struct.h
[0.451s] -- Up-to-date symlink: /home/bryansgue/uav_ws/install/quadrotor_msgs/include/quadrotor_msgs/quadrotor_msgs/msg/detail/beta_flight_onboard_control__type_support.h
[0.451s] -- Up-to-date symlink: /home/bryansgue/uav_ws/install/quadrotor_msgs/include/quadrotor_msgs/quadrotor_msgs/msg/detail/beta_flight_states__functions.h
[0.451s] -- Up-to-date symlink: /home/bryansgue/uav_ws/install/quadrotor_msgs/include/quadrotor_msgs/quadrotor_msgs/msg/detail/beta_flight_states__struct.h
[0.451s] -- Up-to-date symlink: /home/bryansgue/uav_ws/install/quadrotor_msgs/include/quadrotor_msgs/quadrotor_msgs/msg/detail/beta_flight_states__type_support.h
[0.451s] -- Up-to-date symlink: /home/bryansgue/uav_ws/install/quadrotor_msgs/include/quadrotor_msgs/quadrotor_msgs/msg/detail/circle_planner_goal__functions.h
[0.452s] -- Up-to-date symlink: /home/bryansgue/uav_ws/install/quadrotor_msgs/include/quadrotor_msgs/quadrotor_msgs/msg/detail/circle_planner_goal__struct.h
[0.452s] -- Up-to-date symlink: /home/bryansgue/uav_ws/install/quadrotor_msgs/include/quadrotor_msgs/quadrotor_msgs/msg/detail/circle_planner_goal__type_support.h
[0.452s] -- Up-to-date symlink: /home/bryansgue/uav_ws/install/quadrotor_msgs/include/quadrotor_msgs/quadrotor_msgs/msg/detail/corrections__functions.h
[0.452s] -- Up-to-date symlink: /home/bryansgue/uav_ws/install/quadrotor_msgs/include/quadrotor_msgs/quadrotor_msgs/msg/detail/corrections__struct.h
[0.452s] -- Up-to-date symlink: /home/bryansgue/uav_ws/install/quadrotor_msgs/include/quadrotor_msgs/quadrotor_msgs/msg/detail/corrections__type_support.h
[0.452s] -- Up-to-date symlink: /home/bryansgue/uav_ws/install/quadrotor_msgs/include/quadrotor_msgs/quadrotor_msgs/msg/detail/cuboid_map__functions.h
[0.452s] -- Up-to-date symlink: /home/bryansgue/uav_ws/install/quadrotor_msgs/include/quadrotor_msgs/quadrotor_msgs/msg/detail/cuboid_map__struct.h
[0.452s] -- Up-to-date symlink: /home/bryansgue/uav_ws/install/quadrotor_msgs/include/quadrotor_msgs/quadrotor_msgs/msg/detail/cuboid_map__type_support.h
[0.452s] -- Up-to-date symlink: /home/bryansgue/uav_ws/install/quadrotor_msgs/include/quadrotor_msgs/quadrotor_msgs/msg/detail/flat_outputs__functions.h
[0.453s] -- Up-to-date symlink: /home/bryansgue/uav_ws/install/quadrotor_msgs/include/quadrotor_msgs/quadrotor_msgs/msg/detail/flat_outputs__struct.h
[0.453s] -- Up-to-date symlink: /home/bryansgue/uav_ws/install/quadrotor_msgs/include/quadrotor_msgs/quadrotor_msgs/msg/detail/flat_outputs__type_support.h
[0.453s] -- Up-to-date symlink: /home/bryansgue/uav_ws/install/quadrotor_msgs/include/quadrotor_msgs/quadrotor_msgs/msg/detail/fm_command__functions.h
[0.453s] -- Up-to-date symlink: /home/bryansgue/uav_ws/install/quadrotor_msgs/include/quadrotor_msgs/quadrotor_msgs/msg/detail/fm_command__struct.h
[0.453s] -- Up-to-date symlink: /home/bryansgue/uav_ws/install/quadrotor_msgs/include/quadrotor_msgs/quadrotor_msgs/msg/detail/fm_command__type_support.h
[0.453s] -- Up-to-date symlink: /home/bryansgue/uav_ws/install/quadrotor_msgs/include/quadrotor_msgs/quadrotor_msgs/msg/detail/line_planner_goal__functions.h
[0.453s] -- Up-to-date symlink: /home/bryansgue/uav_ws/install/quadrotor_msgs/include/quadrotor_msgs/quadrotor_msgs/msg/detail/line_planner_goal__struct.h
[0.454s] -- Up-to-date symlink: /home/bryansgue/uav_ws/install/quadrotor_msgs/include/quadrotor_msgs/quadrotor_msgs/msg/detail/line_planner_goal__type_support.h
[0.454s] -- Up-to-date symlink: /home/bryansgue/uav_ws/install/quadrotor_msgs/include/quadrotor_msgs/quadrotor_msgs/msg/detail/lissa_planner_goal__functions.h
[0.454s] -- Up-to-date symlink: /home/bryansgue/uav_ws/install/quadrotor_msgs/include/quadrotor_msgs/quadrotor_msgs/msg/detail/lissa_planner_goal__struct.h
[0.454s] -- Up-to-date symlink: /home/bryansgue/uav_ws/install/quadrotor_msgs/include/quadrotor_msgs/quadrotor_msgs/msg/detail/lissa_planner_goal__type_support.h
[0.454s] -- Up-to-date symlink: /home/bryansgue/uav_ws/install/quadrotor_msgs/include/quadrotor_msgs/quadrotor_msgs/msg/detail/local_ss__functions.h
[0.454s] -- Up-to-date symlink: /home/bryansgue/uav_ws/install/quadrotor_msgs/include/quadrotor_msgs/quadrotor_msgs/msg/detail/local_ss__struct.h
[0.454s] -- Up-to-date symlink: /home/bryansgue/uav_ws/install/quadrotor_msgs/include/quadrotor_msgs/quadrotor_msgs/msg/detail/local_ss__type_support.h
[0.454s] -- Up-to-date symlink: /home/bryansgue/uav_ws/install/quadrotor_msgs/include/quadrotor_msgs/quadrotor_msgs/msg/detail/motor_speed__functions.h
[0.454s] -- Up-to-date symlink: /home/bryansgue/uav_ws/install/quadrotor_msgs/include/quadrotor_msgs/quadrotor_msgs/msg/detail/motor_speed__struct.h
[0.454s] -- Up-to-date symlink: /home/bryansgue/uav_ws/install/quadrotor_msgs/include/quadrotor_msgs/quadrotor_msgs/msg/detail/motor_speed__type_support.h
[0.455s] -- Up-to-date symlink: /home/bryansgue/uav_ws/install/quadrotor_msgs/include/quadrotor_msgs/quadrotor_msgs/msg/detail/output_data__functions.h
[0.455s] -- Up-to-date symlink: /home/bryansgue/uav_ws/install/quadrotor_msgs/include/quadrotor_msgs/quadrotor_msgs/msg/detail/output_data__struct.h
[0.455s] -- Up-to-date symlink: /home/bryansgue/uav_ws/install/quadrotor_msgs/include/quadrotor_msgs/quadrotor_msgs/msg/detail/output_data__type_support.h
[0.455s] -- Up-to-date symlink: /home/bryansgue/uav_ws/install/quadrotor_msgs/include/quadrotor_msgs/quadrotor_msgs/msg/detail/planner_goal__functions.h
[0.455s] -- Up-to-date symlink: /home/bryansgue/uav_ws/install/quadrotor_msgs/include/quadrotor_msgs/quadrotor_msgs/msg/detail/planner_goal__struct.h
[0.455s] -- Up-to-date symlink: /home/bryansgue/uav_ws/install/quadrotor_msgs/include/quadrotor_msgs/quadrotor_msgs/msg/detail/planner_goal__type_support.h
[0.455s] -- Up-to-date symlink: /home/bryansgue/uav_ws/install/quadrotor_msgs/include/quadrotor_msgs/quadrotor_msgs/msg/detail/position_command__functions.h
[0.456s] -- Up-to-date symlink: /home/bryansgue/uav_ws/install/quadrotor_msgs/include/quadrotor_msgs/quadrotor_msgs/msg/detail/position_command__struct.h
[0.456s] -- Up-to-date symlink: /home/bryansgue/uav_ws/install/quadrotor_msgs/include/quadrotor_msgs/quadrotor_msgs/msg/detail/position_command__type_support.h
[0.456s] -- Up-to-date symlink: /home/bryansgue/uav_ws/install/quadrotor_msgs/include/quadrotor_msgs/quadrotor_msgs/msg/detail/pwm_command__functions.h
[0.456s] -- Up-to-date symlink: /home/bryansgue/uav_ws/install/quadrotor_msgs/include/quadrotor_msgs/quadrotor_msgs/msg/detail/pwm_command__struct.h
[0.456s] -- Up-to-date symlink: /home/bryansgue/uav_ws/install/quadrotor_msgs/include/quadrotor_msgs/quadrotor_msgs/msg/detail/pwm_command__type_support.h
[0.456s] -- Up-to-date symlink: /home/bryansgue/uav_ws/install/quadrotor_msgs/include/quadrotor_msgs/quadrotor_msgs/msg/detail/qp_planner_goal__functions.h
[0.456s] -- Up-to-date symlink: /home/bryansgue/uav_ws/install/quadrotor_msgs/include/quadrotor_msgs/quadrotor_msgs/msg/detail/qp_planner_goal__struct.h
[0.456s] -- Up-to-date symlink: /home/bryansgue/uav_ws/install/quadrotor_msgs/include/quadrotor_msgs/quadrotor_msgs/msg/detail/qp_planner_goal__type_support.h
[0.456s] -- Up-to-date symlink: /home/bryansgue/uav_ws/install/quadrotor_msgs/include/quadrotor_msgs/quadrotor_msgs/msg/detail/rpm_command__functions.h
[0.457s] -- Up-to-date symlink: /home/bryansgue/uav_ws/install/quadrotor_msgs/include/quadrotor_msgs/quadrotor_msgs/msg/detail/rpm_command__struct.h
[0.457s] -- Up-to-date symlink: /home/bryansgue/uav_ws/install/quadrotor_msgs/include/quadrotor_msgs/quadrotor_msgs/msg/detail/rpm_command__type_support.h
[0.457s] -- Up-to-date symlink: /home/bryansgue/uav_ws/install/quadrotor_msgs/include/quadrotor_msgs/quadrotor_msgs/msg/detail/serial__functions.h
[0.457s] -- Up-to-date symlink: /home/bryansgue/uav_ws/install/quadrotor_msgs/include/quadrotor_msgs/quadrotor_msgs/msg/detail/serial__struct.h
[0.457s] -- Up-to-date symlink: /home/bryansgue/uav_ws/install/quadrotor_msgs/include/quadrotor_msgs/quadrotor_msgs/msg/detail/serial__type_support.h
[0.457s] -- Up-to-date symlink: /home/bryansgue/uav_ws/install/quadrotor_msgs/include/quadrotor_msgs/quadrotor_msgs/msg/detail/so3_command__functions.h
[0.457s] -- Up-to-date symlink: /home/bryansgue/uav_ws/install/quadrotor_msgs/include/quadrotor_msgs/quadrotor_msgs/msg/detail/so3_command__struct.h
[0.458s] -- Up-to-date symlink: /home/bryansgue/uav_ws/install/quadrotor_msgs/include/quadrotor_msgs/quadrotor_msgs/msg/detail/so3_command__type_support.h
[0.458s] -- Up-to-date symlink: /home/bryansgue/uav_ws/install/quadrotor_msgs/include/quadrotor_msgs/quadrotor_msgs/msg/detail/stamped_int__functions.h
[0.458s] -- Up-to-date symlink: /home/bryansgue/uav_ws/install/quadrotor_msgs/include/quadrotor_msgs/quadrotor_msgs/msg/detail/stamped_int__struct.h
[0.458s] -- Up-to-date symlink: /home/bryansgue/uav_ws/install/quadrotor_msgs/include/quadrotor_msgs/quadrotor_msgs/msg/detail/stamped_int__type_support.h
[0.458s] -- Up-to-date symlink: /home/bryansgue/uav_ws/install/quadrotor_msgs/include/quadrotor_msgs/quadrotor_msgs/msg/detail/status_data__functions.h
[0.458s] -- Up-to-date symlink: /home/bryansgue/uav_ws/install/quadrotor_msgs/include/quadrotor_msgs/quadrotor_msgs/msg/detail/status_data__struct.h
[0.458s] -- Up-to-date symlink: /home/bryansgue/uav_ws/install/quadrotor_msgs/include/quadrotor_msgs/quadrotor_msgs/msg/detail/status_data__type_support.h
[0.459s] -- Up-to-date symlink: /home/bryansgue/uav_ws/install/quadrotor_msgs/include/quadrotor_msgs/quadrotor_msgs/msg/detail/trajectory_point__functions.h
[0.459s] -- Up-to-date symlink: /home/bryansgue/uav_ws/install/quadrotor_msgs/include/quadrotor_msgs/quadrotor_msgs/msg/detail/trajectory_point__struct.h
[0.459s] -- Up-to-date symlink: /home/bryansgue/uav_ws/install/quadrotor_msgs/include/quadrotor_msgs/quadrotor_msgs/msg/detail/trajectory_point__type_support.h
[0.459s] -- Up-to-date symlink: /home/bryansgue/uav_ws/install/quadrotor_msgs/include/quadrotor_msgs/quadrotor_msgs/msg/detail/trpy_command__functions.h
[0.459s] -- Up-to-date symlink: /home/bryansgue/uav_ws/install/quadrotor_msgs/include/quadrotor_msgs/quadrotor_msgs/msg/detail/trpy_command__struct.h
[0.459s] -- Up-to-date symlink: /home/bryansgue/uav_ws/install/quadrotor_msgs/include/quadrotor_msgs/quadrotor_msgs/msg/detail/trpy_command__type_support.h
[0.459s] -- Up-to-date symlink: /home/bryansgue/uav_ws/install/quadrotor_msgs/include/quadrotor_msgs/quadrotor_msgs/msg/detail/velocity_planner_goal__functions.h
[0.459s] -- Up-to-date symlink: /home/bryansgue/uav_ws/install/quadrotor_msgs/include/quadrotor_msgs/quadrotor_msgs/msg/detail/velocity_planner_goal__struct.h
[0.460s] -- Up-to-date symlink: /home/bryansgue/uav_ws/install/quadrotor_msgs/include/quadrotor_msgs/quadrotor_msgs/msg/detail/velocity_planner_goal__type_support.h
[0.460s] -- Up-to-date symlink: /home/bryansgue/uav_ws/install/quadrotor_msgs/include/quadrotor_msgs/quadrotor_msgs/msg/flat_outputs.h
[0.460s] -- Up-to-date symlink: /home/bryansgue/uav_ws/install/quadrotor_msgs/include/quadrotor_msgs/quadrotor_msgs/msg/fm_command.h
[0.460s] -- Up-to-date symlink: /home/bryansgue/uav_ws/install/quadrotor_msgs/include/quadrotor_msgs/quadrotor_msgs/msg/line_planner_goal.h
[0.460s] -- Up-to-date symlink: /home/bryansgue/uav_ws/install/quadrotor_msgs/include/quadrotor_msgs/quadrotor_msgs/msg/lissa_planner_goal.h
[0.460s] -- Up-to-date symlink: /home/bryansgue/uav_ws/install/quadrotor_msgs/include/quadrotor_msgs/quadrotor_msgs/msg/local_ss.h
[0.460s] -- Up-to-date symlink: /home/bryansgue/uav_ws/install/quadrotor_msgs/include/quadrotor_msgs/quadrotor_msgs/msg/motor_speed.h
[0.460s] -- Up-to-date symlink: /home/bryansgue/uav_ws/install/quadrotor_msgs/include/quadrotor_msgs/quadrotor_msgs/msg/output_data.h
[0.461s] -- Up-to-date symlink: /home/bryansgue/uav_ws/install/quadrotor_msgs/include/quadrotor_msgs/quadrotor_msgs/msg/planner_goal.h
[0.461s] -- Up-to-date symlink: /home/bryansgue/uav_ws/install/quadrotor_msgs/include/quadrotor_msgs/quadrotor_msgs/msg/position_command.h
[0.461s] -- Up-to-date symlink: /home/bryansgue/uav_ws/install/quadrotor_msgs/include/quadrotor_msgs/quadrotor_msgs/msg/pwm_command.h
[0.461s] -- Up-to-date symlink: /home/bryansgue/uav_ws/install/quadrotor_msgs/include/quadrotor_msgs/quadrotor_msgs/msg/qp_planner_goal.h
[0.461s] -- Up-to-date symlink: /home/bryansgue/uav_ws/install/quadrotor_msgs/include/quadrotor_msgs/quadrotor_msgs/msg/rosidl_generator_c__visibility_control.h
[0.461s] -- Up-to-date symlink: /home/bryansgue/uav_ws/install/quadrotor_msgs/include/quadrotor_msgs/quadrotor_msgs/msg/rpm_command.h
[0.461s] -- Up-to-date symlink: /home/bryansgue/uav_ws/install/quadrotor_msgs/include/quadrotor_msgs/quadrotor_msgs/msg/serial.h
[0.461s] -- Up-to-date symlink: /home/bryansgue/uav_ws/install/quadrotor_msgs/include/quadrotor_msgs/quadrotor_msgs/msg/so3_command.h
[0.461s] -- Up-to-date symlink: /home/bryansgue/uav_ws/install/quadrotor_msgs/include/quadrotor_msgs/quadrotor_msgs/msg/stamped_int.h
[0.462s] -- Up-to-date symlink: /home/bryansgue/uav_ws/install/quadrotor_msgs/include/quadrotor_msgs/quadrotor_msgs/msg/status_data.h
[0.462s] -- Up-to-date symlink: /home/bryansgue/uav_ws/install/quadrotor_msgs/include/quadrotor_msgs/quadrotor_msgs/msg/trajectory_point.h
[0.462s] -- Up-to-date symlink: /home/bryansgue/uav_ws/install/quadrotor_msgs/include/quadrotor_msgs/quadrotor_msgs/msg/trpy_command.h
[0.462s] -- Up-to-date symlink: /home/bryansgue/uav_ws/install/quadrotor_msgs/include/quadrotor_msgs/quadrotor_msgs/msg/velocity_planner_goal.h
[0.462s] -- Up-to-date symlink: /home/bryansgue/uav_ws/install/quadrotor_msgs/include/quadrotor_msgs/quadrotor_msgs/srv/detail/transition__functions.h
[0.462s] -- Up-to-date symlink: /home/bryansgue/uav_ws/install/quadrotor_msgs/include/quadrotor_msgs/quadrotor_msgs/srv/detail/transition__struct.h
[0.462s] -- Up-to-date symlink: /home/bryansgue/uav_ws/install/quadrotor_msgs/include/quadrotor_msgs/quadrotor_msgs/srv/detail/transition__type_support.h
[0.462s] -- Up-to-date symlink: /home/bryansgue/uav_ws/install/quadrotor_msgs/include/quadrotor_msgs/quadrotor_msgs/srv/transition.h
[0.463s] -- Up-to-date symlink: /home/bryansgue/uav_ws/install/quadrotor_msgs/share/quadrotor_msgs/environment/library_path.sh
[0.463s] -- Up-to-date symlink: /home/bryansgue/uav_ws/install/quadrotor_msgs/share/quadrotor_msgs/environment/library_path.dsv
[0.464s] -- Up-to-date symlink: /home/bryansgue/uav_ws/install/quadrotor_msgs/include/quadrotor_msgs/quadrotor_msgs/msg/detail/aux_command__rosidl_typesupport_fastrtps_c.h
[0.465s] -- Up-to-date symlink: /home/bryansgue/uav_ws/install/quadrotor_msgs/include/quadrotor_msgs/quadrotor_msgs/msg/detail/beta_flight_onboard_control__rosidl_typesupport_fastrtps_c.h
[0.465s] -- Up-to-date symlink: /home/bryansgue/uav_ws/install/quadrotor_msgs/include/quadrotor_msgs/quadrotor_msgs/msg/detail/beta_flight_states__rosidl_typesupport_fastrtps_c.h
[0.465s] -- Up-to-date symlink: /home/bryansgue/uav_ws/install/quadrotor_msgs/include/quadrotor_msgs/quadrotor_msgs/msg/detail/circle_planner_goal__rosidl_typesupport_fastrtps_c.h
[0.465s] -- Up-to-date symlink: /home/bryansgue/uav_ws/install/quadrotor_msgs/include/quadrotor_msgs/quadrotor_msgs/msg/detail/corrections__rosidl_typesupport_fastrtps_c.h
[0.465s] -- Up-to-date symlink: /home/bryansgue/uav_ws/install/quadrotor_msgs/include/quadrotor_msgs/quadrotor_msgs/msg/detail/cuboid_map__rosidl_typesupport_fastrtps_c.h
[0.465s] -- Up-to-date symlink: /home/bryansgue/uav_ws/install/quadrotor_msgs/include/quadrotor_msgs/quadrotor_msgs/msg/detail/flat_outputs__rosidl_typesupport_fastrtps_c.h
[0.465s] -- Up-to-date symlink: /home/bryansgue/uav_ws/install/quadrotor_msgs/include/quadrotor_msgs/quadrotor_msgs/msg/detail/fm_command__rosidl_typesupport_fastrtps_c.h
[0.466s] -- Up-to-date symlink: /home/bryansgue/uav_ws/install/quadrotor_msgs/include/quadrotor_msgs/quadrotor_msgs/msg/detail/line_planner_goal__rosidl_typesupport_fastrtps_c.h
[0.466s] -- Up-to-date symlink: /home/bryansgue/uav_ws/install/quadrotor_msgs/include/quadrotor_msgs/quadrotor_msgs/msg/detail/lissa_planner_goal__rosidl_typesupport_fastrtps_c.h
[0.466s] -- Up-to-date symlink: /home/bryansgue/uav_ws/install/quadrotor_msgs/include/quadrotor_msgs/quadrotor_msgs/msg/detail/local_ss__rosidl_typesupport_fastrtps_c.h
[0.466s] -- Up-to-date symlink: /home/bryansgue/uav_ws/install/quadrotor_msgs/include/quadrotor_msgs/quadrotor_msgs/msg/detail/motor_speed__rosidl_typesupport_fastrtps_c.h
[0.466s] -- Up-to-date symlink: /home/bryansgue/uav_ws/install/quadrotor_msgs/include/quadrotor_msgs/quadrotor_msgs/msg/detail/output_data__rosidl_typesupport_fastrtps_c.h
[0.466s] -- Up-to-date symlink: /home/bryansgue/uav_ws/install/quadrotor_msgs/include/quadrotor_msgs/quadrotor_msgs/msg/detail/planner_goal__rosidl_typesupport_fastrtps_c.h
[0.466s] -- Up-to-date symlink: /home/bryansgue/uav_ws/install/quadrotor_msgs/include/quadrotor_msgs/quadrotor_msgs/msg/detail/position_command__rosidl_typesupport_fastrtps_c.h
[0.466s] -- Up-to-date symlink: /home/bryansgue/uav_ws/install/quadrotor_msgs/include/quadrotor_msgs/quadrotor_msgs/msg/detail/pwm_command__rosidl_typesupport_fastrtps_c.h
[0.467s] -- Up-to-date symlink: /home/bryansgue/uav_ws/install/quadrotor_msgs/include/quadrotor_msgs/quadrotor_msgs/msg/detail/qp_planner_goal__rosidl_typesupport_fastrtps_c.h
[0.467s] -- Up-to-date symlink: /home/bryansgue/uav_ws/install/quadrotor_msgs/include/quadrotor_msgs/quadrotor_msgs/msg/detail/rpm_command__rosidl_typesupport_fastrtps_c.h
[0.467s] -- Up-to-date symlink: /home/bryansgue/uav_ws/install/quadrotor_msgs/include/quadrotor_msgs/quadrotor_msgs/msg/detail/serial__rosidl_typesupport_fastrtps_c.h
[0.467s] -- Up-to-date symlink: /home/bryansgue/uav_ws/install/quadrotor_msgs/include/quadrotor_msgs/quadrotor_msgs/msg/detail/so3_command__rosidl_typesupport_fastrtps_c.h
[0.467s] -- Up-to-date symlink: /home/bryansgue/uav_ws/install/quadrotor_msgs/include/quadrotor_msgs/quadrotor_msgs/msg/detail/stamped_int__rosidl_typesupport_fastrtps_c.h
[0.467s] -- Up-to-date symlink: /home/bryansgue/uav_ws/install/quadrotor_msgs/include/quadrotor_msgs/quadrotor_msgs/msg/detail/status_data__rosidl_typesupport_fastrtps_c.h
[0.467s] -- Up-to-date symlink: /home/bryansgue/uav_ws/install/quadrotor_msgs/include/quadrotor_msgs/quadrotor_msgs/msg/detail/trajectory_point__rosidl_typesupport_fastrtps_c.h
[0.467s] -- Up-to-date symlink: /home/bryansgue/uav_ws/install/quadrotor_msgs/include/quadrotor_msgs/quadrotor_msgs/msg/detail/trpy_command__rosidl_typesupport_fastrtps_c.h
[0.468s] -- Up-to-date symlink: /home/bryansgue/uav_ws/install/quadrotor_msgs/include/quadrotor_msgs/quadrotor_msgs/msg/detail/velocity_planner_goal__rosidl_typesupport_fastrtps_c.h
[0.468s] -- Up-to-date symlink: /home/bryansgue/uav_ws/install/quadrotor_msgs/include/quadrotor_msgs/quadrotor_msgs/msg/rosidl_typesupport_fastrtps_c__visibility_control.h
[0.468s] -- Up-to-date symlink: /home/bryansgue/uav_ws/install/quadrotor_msgs/include/quadrotor_msgs/quadrotor_msgs/srv/detail/transition__rosidl_typesupport_fastrtps_c.h
[0.470s] -- Up-to-date symlink: /home/bryansgue/uav_ws/install/quadrotor_msgs/include/quadrotor_msgs/quadrotor_msgs/msg/aux_command.hpp
[0.470s] -- Up-to-date symlink: /home/bryansgue/uav_ws/install/quadrotor_msgs/include/quadrotor_msgs/quadrotor_msgs/msg/beta_flight_onboard_control.hpp
[0.470s] -- Up-to-date symlink: /home/bryansgue/uav_ws/install/quadrotor_msgs/include/quadrotor_msgs/quadrotor_msgs/msg/beta_flight_states.hpp
[0.470s] -- Up-to-date symlink: /home/bryansgue/uav_ws/install/quadrotor_msgs/include/quadrotor_msgs/quadrotor_msgs/msg/circle_planner_goal.hpp
[0.470s] -- Up-to-date symlink: /home/bryansgue/uav_ws/install/quadrotor_msgs/include/quadrotor_msgs/quadrotor_msgs/msg/corrections.hpp
[0.470s] -- Up-to-date symlink: /home/bryansgue/uav_ws/install/quadrotor_msgs/include/quadrotor_msgs/quadrotor_msgs/msg/cuboid_map.hpp
[0.471s] -- Up-to-date symlink: /home/bryansgue/uav_ws/install/quadrotor_msgs/include/quadrotor_msgs/quadrotor_msgs/msg/detail/aux_command__builder.hpp
[0.471s] -- Up-to-date symlink: /home/bryansgue/uav_ws/install/quadrotor_msgs/include/quadrotor_msgs/quadrotor_msgs/msg/detail/aux_command__struct.hpp
[0.471s] -- Up-to-date symlink: /home/bryansgue/uav_ws/install/quadrotor_msgs/include/quadrotor_msgs/quadrotor_msgs/msg/detail/aux_command__traits.hpp
[0.471s] -- Up-to-date symlink: /home/bryansgue/uav_ws/install/quadrotor_msgs/include/quadrotor_msgs/quadrotor_msgs/msg/detail/aux_command__type_support.hpp
[0.471s] -- Up-to-date symlink: /home/bryansgue/uav_ws/install/quadrotor_msgs/include/quadrotor_msgs/quadrotor_msgs/msg/detail/beta_flight_onboard_control__builder.hpp
[0.471s] -- Up-to-date symlink: /home/bryansgue/uav_ws/install/quadrotor_msgs/include/quadrotor_msgs/quadrotor_msgs/msg/detail/beta_flight_onboard_control__struct.hpp
[0.471s] -- Up-to-date symlink: /home/bryansgue/uav_ws/install/quadrotor_msgs/include/quadrotor_msgs/quadrotor_msgs/msg/detail/beta_flight_onboard_control__traits.hpp
[0.471s] -- Up-to-date symlink: /home/bryansgue/uav_ws/install/quadrotor_msgs/include/quadrotor_msgs/quadrotor_msgs/msg/detail/beta_flight_onboard_control__type_support.hpp
[0.472s] -- Up-to-date symlink: /home/bryansgue/uav_ws/install/quadrotor_msgs/include/quadrotor_msgs/quadrotor_msgs/msg/detail/beta_flight_states__builder.hpp
[0.472s] -- Up-to-date symlink: /home/bryansgue/uav_ws/install/quadrotor_msgs/include/quadrotor_msgs/quadrotor_msgs/msg/detail/beta_flight_states__struct.hpp
[0.472s] -- Up-to-date symlink: /home/bryansgue/uav_ws/install/quadrotor_msgs/include/quadrotor_msgs/quadrotor_msgs/msg/detail/beta_flight_states__traits.hpp
[0.472s] -- Up-to-date symlink: /home/bryansgue/uav_ws/install/quadrotor_msgs/include/quadrotor_msgs/quadrotor_msgs/msg/detail/beta_flight_states__type_support.hpp
[0.472s] -- Up-to-date symlink: /home/bryansgue/uav_ws/install/quadrotor_msgs/include/quadrotor_msgs/quadrotor_msgs/msg/detail/circle_planner_goal__builder.hpp
[0.472s] -- Up-to-date symlink: /home/bryansgue/uav_ws/install/quadrotor_msgs/include/quadrotor_msgs/quadrotor_msgs/msg/detail/circle_planner_goal__struct.hpp
[0.472s] -- Up-to-date symlink: /home/bryansgue/uav_ws/install/quadrotor_msgs/include/quadrotor_msgs/quadrotor_msgs/msg/detail/circle_planner_goal__traits.hpp
[0.472s] -- Up-to-date symlink: /home/bryansgue/uav_ws/install/quadrotor_msgs/include/quadrotor_msgs/quadrotor_msgs/msg/detail/circle_planner_goal__type_support.hpp
[0.472s] -- Up-to-date symlink: /home/bryansgue/uav_ws/install/quadrotor_msgs/include/quadrotor_msgs/quadrotor_msgs/msg/detail/corrections__builder.hpp
[0.473s] -- Up-to-date symlink: /home/bryansgue/uav_ws/install/quadrotor_msgs/include/quadrotor_msgs/quadrotor_msgs/msg/detail/corrections__struct.hpp
[0.473s] -- Up-to-date symlink: /home/bryansgue/uav_ws/install/quadrotor_msgs/include/quadrotor_msgs/quadrotor_msgs/msg/detail/corrections__traits.hpp
[0.473s] -- Up-to-date symlink: /home/bryansgue/uav_ws/install/quadrotor_msgs/include/quadrotor_msgs/quadrotor_msgs/msg/detail/corrections__type_support.hpp
[0.473s] -- Up-to-date symlink: /home/bryansgue/uav_ws/install/quadrotor_msgs/include/quadrotor_msgs/quadrotor_msgs/msg/detail/cuboid_map__builder.hpp
[0.473s] -- Up-to-date symlink: /home/bryansgue/uav_ws/install/quadrotor_msgs/include/quadrotor_msgs/quadrotor_msgs/msg/detail/cuboid_map__struct.hpp
[0.473s] -- Up-to-date symlink: /home/bryansgue/uav_ws/install/quadrotor_msgs/include/quadrotor_msgs/quadrotor_msgs/msg/detail/cuboid_map__traits.hpp
[0.473s] -- Up-to-date symlink: /home/bryansgue/uav_ws/install/quadrotor_msgs/include/quadrotor_msgs/quadrotor_msgs/msg/detail/cuboid_map__type_support.hpp
[0.473s] -- Up-to-date symlink: /home/bryansgue/uav_ws/install/quadrotor_msgs/include/quadrotor_msgs/quadrotor_msgs/msg/detail/flat_outputs__builder.hpp
[0.474s] -- Up-to-date symlink: /home/bryansgue/uav_ws/install/quadrotor_msgs/include/quadrotor_msgs/quadrotor_msgs/msg/detail/flat_outputs__struct.hpp
[0.474s] -- Up-to-date symlink: /home/bryansgue/uav_ws/install/quadrotor_msgs/include/quadrotor_msgs/quadrotor_msgs/msg/detail/flat_outputs__traits.hpp
[0.474s] -- Up-to-date symlink: /home/bryansgue/uav_ws/install/quadrotor_msgs/include/quadrotor_msgs/quadrotor_msgs/msg/detail/flat_outputs__type_support.hpp
[0.474s] -- Up-to-date symlink: /home/bryansgue/uav_ws/install/quadrotor_msgs/include/quadrotor_msgs/quadrotor_msgs/msg/detail/fm_command__builder.hpp
[0.474s] -- Up-to-date symlink: /home/bryansgue/uav_ws/install/quadrotor_msgs/include/quadrotor_msgs/quadrotor_msgs/msg/detail/fm_command__struct.hpp
[0.474s] -- Up-to-date symlink: /home/bryansgue/uav_ws/install/quadrotor_msgs/include/quadrotor_msgs/quadrotor_msgs/msg/detail/fm_command__traits.hpp
[0.474s] -- Up-to-date symlink: /home/bryansgue/uav_ws/install/quadrotor_msgs/include/quadrotor_msgs/quadrotor_msgs/msg/detail/fm_command__type_support.hpp
[0.474s] -- Up-to-date symlink: /home/bryansgue/uav_ws/install/quadrotor_msgs/include/quadrotor_msgs/quadrotor_msgs/msg/detail/line_planner_goal__builder.hpp
[0.474s] -- Up-to-date symlink: /home/bryansgue/uav_ws/install/quadrotor_msgs/include/quadrotor_msgs/quadrotor_msgs/msg/detail/line_planner_goal__struct.hpp
[0.475s] -- Up-to-date symlink: /home/bryansgue/uav_ws/install/quadrotor_msgs/include/quadrotor_msgs/quadrotor_msgs/msg/detail/line_planner_goal__traits.hpp
[0.475s] -- Up-to-date symlink: /home/bryansgue/uav_ws/install/quadrotor_msgs/include/quadrotor_msgs/quadrotor_msgs/msg/detail/line_planner_goal__type_support.hpp
[0.475s] -- Up-to-date symlink: /home/bryansgue/uav_ws/install/quadrotor_msgs/include/quadrotor_msgs/quadrotor_msgs/msg/detail/lissa_planner_goal__builder.hpp
[0.475s] -- Up-to-date symlink: /home/bryansgue/uav_ws/install/quadrotor_msgs/include/quadrotor_msgs/quadrotor_msgs/msg/detail/lissa_planner_goal__struct.hpp
[0.475s] -- Up-to-date symlink: /home/bryansgue/uav_ws/install/quadrotor_msgs/include/quadrotor_msgs/quadrotor_msgs/msg/detail/lissa_planner_goal__traits.hpp
[0.475s] -- Up-to-date symlink: /home/bryansgue/uav_ws/install/quadrotor_msgs/include/quadrotor_msgs/quadrotor_msgs/msg/detail/lissa_planner_goal__type_support.hpp
[0.475s] -- Up-to-date symlink: /home/bryansgue/uav_ws/install/quadrotor_msgs/include/quadrotor_msgs/quadrotor_msgs/msg/detail/local_ss__builder.hpp
[0.476s] -- Up-to-date symlink: /home/bryansgue/uav_ws/install/quadrotor_msgs/include/quadrotor_msgs/quadrotor_msgs/msg/detail/local_ss__struct.hpp
[0.476s] -- Up-to-date symlink: /home/bryansgue/uav_ws/install/quadrotor_msgs/include/quadrotor_msgs/quadrotor_msgs/msg/detail/local_ss__traits.hpp
[0.476s] -- Up-to-date symlink: /home/bryansgue/uav_ws/install/quadrotor_msgs/include/quadrotor_msgs/quadrotor_msgs/msg/detail/local_ss__type_support.hpp
[0.476s] -- Up-to-date symlink: /home/bryansgue/uav_ws/install/quadrotor_msgs/include/quadrotor_msgs/quadrotor_msgs/msg/detail/motor_speed__builder.hpp
[0.476s] -- Up-to-date symlink: /home/bryansgue/uav_ws/install/quadrotor_msgs/include/quadrotor_msgs/quadrotor_msgs/msg/detail/motor_speed__struct.hpp
[0.476s] -- Up-to-date symlink: /home/bryansgue/uav_ws/install/quadrotor_msgs/include/quadrotor_msgs/quadrotor_msgs/msg/detail/motor_speed__traits.hpp
[0.476s] -- Up-to-date symlink: /home/bryansgue/uav_ws/install/quadrotor_msgs/include/quadrotor_msgs/quadrotor_msgs/msg/detail/motor_speed__type_support.hpp
[0.476s] -- Up-to-date symlink: /home/bryansgue/uav_ws/install/quadrotor_msgs/include/quadrotor_msgs/quadrotor_msgs/msg/detail/output_data__builder.hpp
[0.477s] -- Up-to-date symlink: /home/bryansgue/uav_ws/install/quadrotor_msgs/include/quadrotor_msgs/quadrotor_msgs/msg/detail/output_data__struct.hpp
[0.477s] -- Up-to-date symlink: /home/bryansgue/uav_ws/install/quadrotor_msgs/include/quadrotor_msgs/quadrotor_msgs/msg/detail/output_data__traits.hpp
[0.477s] -- Up-to-date symlink: /home/bryansgue/uav_ws/install/quadrotor_msgs/include/quadrotor_msgs/quadrotor_msgs/msg/detail/output_data__type_support.hpp
[0.477s] -- Up-to-date symlink: /home/bryansgue/uav_ws/install/quadrotor_msgs/include/quadrotor_msgs/quadrotor_msgs/msg/detail/planner_goal__builder.hpp
[0.477s] -- Up-to-date symlink: /home/bryansgue/uav_ws/install/quadrotor_msgs/include/quadrotor_msgs/quadrotor_msgs/msg/detail/planner_goal__struct.hpp
[0.477s] -- Up-to-date symlink: /home/bryansgue/uav_ws/install/quadrotor_msgs/include/quadrotor_msgs/quadrotor_msgs/msg/detail/planner_goal__traits.hpp
[0.477s] -- Up-to-date symlink: /home/bryansgue/uav_ws/install/quadrotor_msgs/include/quadrotor_msgs/quadrotor_msgs/msg/detail/planner_goal__type_support.hpp
[0.477s] -- Up-to-date symlink: /home/bryansgue/uav_ws/install/quadrotor_msgs/include/quadrotor_msgs/quadrotor_msgs/msg/detail/position_command__builder.hpp
[0.477s] -- Up-to-date symlink: /home/bryansgue/uav_ws/install/quadrotor_msgs/include/quadrotor_msgs/quadrotor_msgs/msg/detail/position_command__struct.hpp
[0.478s] -- Up-to-date symlink: /home/bryansgue/uav_ws/install/quadrotor_msgs/include/quadrotor_msgs/quadrotor_msgs/msg/detail/position_command__traits.hpp
[0.478s] -- Up-to-date symlink: /home/bryansgue/uav_ws/install/quadrotor_msgs/include/quadrotor_msgs/quadrotor_msgs/msg/detail/position_command__type_support.hpp
[0.478s] -- Up-to-date symlink: /home/bryansgue/uav_ws/install/quadrotor_msgs/include/quadrotor_msgs/quadrotor_msgs/msg/detail/pwm_command__builder.hpp
[0.478s] -- Up-to-date symlink: /home/bryansgue/uav_ws/install/quadrotor_msgs/include/quadrotor_msgs/quadrotor_msgs/msg/detail/pwm_command__struct.hpp
[0.478s] -- Up-to-date symlink: /home/bryansgue/uav_ws/install/quadrotor_msgs/include/quadrotor_msgs/quadrotor_msgs/msg/detail/pwm_command__traits.hpp
[0.478s] -- Up-to-date symlink: /home/bryansgue/uav_ws/install/quadrotor_msgs/include/quadrotor_msgs/quadrotor_msgs/msg/detail/pwm_command__type_support.hpp
[0.479s] -- Up-to-date symlink: /home/bryansgue/uav_ws/install/quadrotor_msgs/include/quadrotor_msgs/quadrotor_msgs/msg/detail/qp_planner_goal__builder.hpp
[0.479s] -- Up-to-date symlink: /home/bryansgue/uav_ws/install/quadrotor_msgs/include/quadrotor_msgs/quadrotor_msgs/msg/detail/qp_planner_goal__struct.hpp
[0.479s] -- Up-to-date symlink: /home/bryansgue/uav_ws/install/quadrotor_msgs/include/quadrotor_msgs/quadrotor_msgs/msg/detail/qp_planner_goal__traits.hpp
[0.479s] -- Up-to-date symlink: /home/bryansgue/uav_ws/install/quadrotor_msgs/include/quadrotor_msgs/quadrotor_msgs/msg/detail/qp_planner_goal__type_support.hpp
[0.479s] -- Up-to-date symlink: /home/bryansgue/uav_ws/install/quadrotor_msgs/include/quadrotor_msgs/quadrotor_msgs/msg/detail/rpm_command__builder.hpp
[0.479s] -- Up-to-date symlink: /home/bryansgue/uav_ws/install/quadrotor_msgs/include/quadrotor_msgs/quadrotor_msgs/msg/detail/rpm_command__struct.hpp
[0.479s] -- Up-to-date symlink: /home/bryansgue/uav_ws/install/quadrotor_msgs/include/quadrotor_msgs/quadrotor_msgs/msg/detail/rpm_command__traits.hpp
[0.479s] -- Up-to-date symlink: /home/bryansgue/uav_ws/install/quadrotor_msgs/include/quadrotor_msgs/quadrotor_msgs/msg/detail/rpm_command__type_support.hpp
[0.479s] -- Up-to-date symlink: /home/bryansgue/uav_ws/install/quadrotor_msgs/include/quadrotor_msgs/quadrotor_msgs/msg/detail/serial__builder.hpp
[0.480s] -- Up-to-date symlink: /home/bryansgue/uav_ws/install/quadrotor_msgs/include/quadrotor_msgs/quadrotor_msgs/msg/detail/serial__struct.hpp
[0.480s] -- Up-to-date symlink: /home/bryansgue/uav_ws/install/quadrotor_msgs/include/quadrotor_msgs/quadrotor_msgs/msg/detail/serial__traits.hpp
[0.480s] -- Up-to-date symlink: /home/bryansgue/uav_ws/install/quadrotor_msgs/include/quadrotor_msgs/quadrotor_msgs/msg/detail/serial__type_support.hpp
[0.480s] -- Up-to-date symlink: /home/bryansgue/uav_ws/install/quadrotor_msgs/include/quadrotor_msgs/quadrotor_msgs/msg/detail/so3_command__builder.hpp
[0.480s] -- Up-to-date symlink: /home/bryansgue/uav_ws/install/quadrotor_msgs/include/quadrotor_msgs/quadrotor_msgs/msg/detail/so3_command__struct.hpp
[0.480s] -- Up-to-date symlink: /home/bryansgue/uav_ws/install/quadrotor_msgs/include/quadrotor_msgs/quadrotor_msgs/msg/detail/so3_command__traits.hpp
[0.480s] -- Up-to-date symlink: /home/bryansgue/uav_ws/install/quadrotor_msgs/include/quadrotor_msgs/quadrotor_msgs/msg/detail/so3_command__type_support.hpp
[0.480s] -- Up-to-date symlink: /home/bryansgue/uav_ws/install/quadrotor_msgs/include/quadrotor_msgs/quadrotor_msgs/msg/detail/stamped_int__builder.hpp
[0.480s] -- Up-to-date symlink: /home/bryansgue/uav_ws/install/quadrotor_msgs/include/quadrotor_msgs/quadrotor_msgs/msg/detail/stamped_int__struct.hpp
[0.481s] -- Up-to-date symlink: /home/bryansgue/uav_ws/install/quadrotor_msgs/include/quadrotor_msgs/quadrotor_msgs/msg/detail/stamped_int__traits.hpp
[0.481s] -- Up-to-date symlink: /home/bryansgue/uav_ws/install/quadrotor_msgs/include/quadrotor_msgs/quadrotor_msgs/msg/detail/stamped_int__type_support.hpp
[0.481s] -- Up-to-date symlink: /home/bryansgue/uav_ws/install/quadrotor_msgs/include/quadrotor_msgs/quadrotor_msgs/msg/detail/status_data__builder.hpp
[0.481s] -- Up-to-date symlink: /home/bryansgue/uav_ws/install/quadrotor_msgs/include/quadrotor_msgs/quadrotor_msgs/msg/detail/status_data__struct.hpp
[0.481s] -- Up-to-date symlink: /home/bryansgue/uav_ws/install/quadrotor_msgs/include/quadrotor_msgs/quadrotor_msgs/msg/detail/status_data__traits.hpp
[0.481s] -- Up-to-date symlink: /home/bryansgue/uav_ws/install/quadrotor_msgs/include/quadrotor_msgs/quadrotor_msgs/msg/detail/status_data__type_support.hpp
[0.481s] -- Up-to-date symlink: /home/bryansgue/uav_ws/install/quadrotor_msgs/include/quadrotor_msgs/quadrotor_msgs/msg/detail/trajectory_point__builder.hpp
[0.481s] -- Up-to-date symlink: /home/bryansgue/uav_ws/install/quadrotor_msgs/include/quadrotor_msgs/quadrotor_msgs/msg/detail/trajectory_point__struct.hpp
[0.481s] -- Up-to-date symlink: /home/bryansgue/uav_ws/install/quadrotor_msgs/include/quadrotor_msgs/quadrotor_msgs/msg/detail/trajectory_point__traits.hpp
[0.482s] -- Up-to-date symlink: /home/bryansgue/uav_ws/install/quadrotor_msgs/include/quadrotor_msgs/quadrotor_msgs/msg/detail/trajectory_point__type_support.hpp
[0.482s] -- Up-to-date symlink: /home/bryansgue/uav_ws/install/quadrotor_msgs/include/quadrotor_msgs/quadrotor_msgs/msg/detail/trpy_command__builder.hpp
[0.482s] -- Up-to-date symlink: /home/bryansgue/uav_ws/install/quadrotor_msgs/include/quadrotor_msgs/quadrotor_msgs/msg/detail/trpy_command__struct.hpp
[0.482s] -- Up-to-date symlink: /home/bryansgue/uav_ws/install/quadrotor_msgs/include/quadrotor_msgs/quadrotor_msgs/msg/detail/trpy_command__traits.hpp
[0.482s] -- Up-to-date symlink: /home/bryansgue/uav_ws/install/quadrotor_msgs/include/quadrotor_msgs/quadrotor_msgs/msg/detail/trpy_command__type_support.hpp
[0.482s] -- Up-to-date symlink: /home/bryansgue/uav_ws/install/quadrotor_msgs/include/quadrotor_msgs/quadrotor_msgs/msg/detail/velocity_planner_goal__builder.hpp
[0.482s] -- Up-to-date symlink: /home/bryansgue/uav_ws/install/quadrotor_msgs/include/quadrotor_msgs/quadrotor_msgs/msg/detail/velocity_planner_goal__struct.hpp
[0.482s] -- Up-to-date symlink: /home/bryansgue/uav_ws/install/quadrotor_msgs/include/quadrotor_msgs/quadrotor_msgs/msg/detail/velocity_planner_goal__traits.hpp
[0.483s] -- Up-to-date symlink: /home/bryansgue/uav_ws/install/quadrotor_msgs/include/quadrotor_msgs/quadrotor_msgs/msg/detail/velocity_planner_goal__type_support.hpp
[0.483s] -- Up-to-date symlink: /home/bryansgue/uav_ws/install/quadrotor_msgs/include/quadrotor_msgs/quadrotor_msgs/msg/flat_outputs.hpp
[0.483s] -- Up-to-date symlink: /home/bryansgue/uav_ws/install/quadrotor_msgs/include/quadrotor_msgs/quadrotor_msgs/msg/fm_command.hpp
[0.483s] -- Up-to-date symlink: /home/bryansgue/uav_ws/install/quadrotor_msgs/include/quadrotor_msgs/quadrotor_msgs/msg/line_planner_goal.hpp
[0.483s] -- Up-to-date symlink: /home/bryansgue/uav_ws/install/quadrotor_msgs/include/quadrotor_msgs/quadrotor_msgs/msg/lissa_planner_goal.hpp
[0.483s] -- Up-to-date symlink: /home/bryansgue/uav_ws/install/quadrotor_msgs/include/quadrotor_msgs/quadrotor_msgs/msg/local_ss.hpp
[0.483s] -- Up-to-date symlink: /home/bryansgue/uav_ws/install/quadrotor_msgs/include/quadrotor_msgs/quadrotor_msgs/msg/motor_speed.hpp
[0.483s] -- Up-to-date symlink: /home/bryansgue/uav_ws/install/quadrotor_msgs/include/quadrotor_msgs/quadrotor_msgs/msg/output_data.hpp
[0.484s] -- Up-to-date symlink: /home/bryansgue/uav_ws/install/quadrotor_msgs/include/quadrotor_msgs/quadrotor_msgs/msg/planner_goal.hpp
[0.484s] -- Up-to-date symlink: /home/bryansgue/uav_ws/install/quadrotor_msgs/include/quadrotor_msgs/quadrotor_msgs/msg/position_command.hpp
[0.484s] -- Up-to-date symlink: /home/bryansgue/uav_ws/install/quadrotor_msgs/include/quadrotor_msgs/quadrotor_msgs/msg/pwm_command.hpp
[0.484s] -- Up-to-date symlink: /home/bryansgue/uav_ws/install/quadrotor_msgs/include/quadrotor_msgs/quadrotor_msgs/msg/qp_planner_goal.hpp
[0.484s] -- Up-to-date symlink: /home/bryansgue/uav_ws/install/quadrotor_msgs/include/quadrotor_msgs/quadrotor_msgs/msg/rosidl_generator_cpp__visibility_control.hpp
[0.484s] -- Up-to-date symlink: /home/bryansgue/uav_ws/install/quadrotor_msgs/include/quadrotor_msgs/quadrotor_msgs/msg/rpm_command.hpp
[0.485s] -- Up-to-date symlink: /home/bryansgue/uav_ws/install/quadrotor_msgs/include/quadrotor_msgs/quadrotor_msgs/msg/serial.hpp
[0.485s] -- Up-to-date symlink: /home/bryansgue/uav_ws/install/quadrotor_msgs/include/quadrotor_msgs/quadrotor_msgs/msg/so3_command.hpp
[0.485s] -- Up-to-date symlink: /home/bryansgue/uav_ws/install/quadrotor_msgs/include/quadrotor_msgs/quadrotor_msgs/msg/stamped_int.hpp
[0.485s] -- Up-to-date symlink: /home/bryansgue/uav_ws/install/quadrotor_msgs/include/quadrotor_msgs/quadrotor_msgs/msg/status_data.hpp
[0.485s] -- Up-to-date symlink: /home/bryansgue/uav_ws/install/quadrotor_msgs/include/quadrotor_msgs/quadrotor_msgs/msg/trajectory_point.hpp
[0.485s] -- Up-to-date symlink: /home/bryansgue/uav_ws/install/quadrotor_msgs/include/quadrotor_msgs/quadrotor_msgs/msg/trpy_command.hpp
[0.485s] -- Up-to-date symlink: /home/bryansgue/uav_ws/install/quadrotor_msgs/include/quadrotor_msgs/quadrotor_msgs/msg/velocity_planner_goal.hpp
[0.485s] -- Up-to-date symlink: /home/bryansgue/uav_ws/install/quadrotor_msgs/include/quadrotor_msgs/quadrotor_msgs/srv/detail/transition__builder.hpp
[0.485s] -- Up-to-date symlink: /home/bryansgue/uav_ws/install/quadrotor_msgs/include/quadrotor_msgs/quadrotor_msgs/srv/detail/transition__struct.hpp
[0.485s] -- Up-to-date symlink: /home/bryansgue/uav_ws/install/quadrotor_msgs/include/quadrotor_msgs/quadrotor_msgs/srv/detail/transition__traits.hpp
[0.486s] -- Up-to-date symlink: /home/bryansgue/uav_ws/install/quadrotor_msgs/include/quadrotor_msgs/quadrotor_msgs/srv/detail/transition__type_support.hpp
[0.486s] -- Up-to-date symlink: /home/bryansgue/uav_ws/install/quadrotor_msgs/include/quadrotor_msgs/quadrotor_msgs/srv/transition.hpp
[0.488s] -- Up-to-date symlink: /home/bryansgue/uav_ws/install/quadrotor_msgs/include/quadrotor_msgs/quadrotor_msgs/msg/detail/aux_command__rosidl_typesupport_fastrtps_cpp.hpp
[0.488s] -- Up-to-date symlink: /home/bryansgue/uav_ws/install/quadrotor_msgs/include/quadrotor_msgs/quadrotor_msgs/msg/detail/beta_flight_onboard_control__rosidl_typesupport_fastrtps_cpp.hpp
[0.488s] -- Up-to-date symlink: /home/bryansgue/uav_ws/install/quadrotor_msgs/include/quadrotor_msgs/quadrotor_msgs/msg/detail/beta_flight_states__rosidl_typesupport_fastrtps_cpp.hpp
[0.488s] -- Up-to-date symlink: /home/bryansgue/uav_ws/install/quadrotor_msgs/include/quadrotor_msgs/quadrotor_msgs/msg/detail/circle_planner_goal__rosidl_typesupport_fastrtps_cpp.hpp
[0.488s] -- Up-to-date symlink: /home/bryansgue/uav_ws/install/quadrotor_msgs/include/quadrotor_msgs/quadrotor_msgs/msg/detail/corrections__rosidl_typesupport_fastrtps_cpp.hpp
[0.489s] -- Up-to-date symlink: /home/bryansgue/uav_ws/install/quadrotor_msgs/include/quadrotor_msgs/quadrotor_msgs/msg/detail/cuboid_map__rosidl_typesupport_fastrtps_cpp.hpp
[0.489s] -- Up-to-date symlink: /home/bryansgue/uav_ws/install/quadrotor_msgs/include/quadrotor_msgs/quadrotor_msgs/msg/detail/flat_outputs__rosidl_typesupport_fastrtps_cpp.hpp
[0.489s] -- Up-to-date symlink: /home/bryansgue/uav_ws/install/quadrotor_msgs/include/quadrotor_msgs/quadrotor_msgs/msg/detail/fm_command__rosidl_typesupport_fastrtps_cpp.hpp
[0.489s] -- Up-to-date symlink: /home/bryansgue/uav_ws/install/quadrotor_msgs/include/quadrotor_msgs/quadrotor_msgs/msg/detail/line_planner_goal__rosidl_typesupport_fastrtps_cpp.hpp
[0.489s] -- Up-to-date symlink: /home/bryansgue/uav_ws/install/quadrotor_msgs/include/quadrotor_msgs/quadrotor_msgs/msg/detail/lissa_planner_goal__rosidl_typesupport_fastrtps_cpp.hpp
[0.489s] -- Up-to-date symlink: /home/bryansgue/uav_ws/install/quadrotor_msgs/include/quadrotor_msgs/quadrotor_msgs/msg/detail/local_ss__rosidl_typesupport_fastrtps_cpp.hpp
[0.489s] -- Up-to-date symlink: /home/bryansgue/uav_ws/install/quadrotor_msgs/include/quadrotor_msgs/quadrotor_msgs/msg/detail/motor_speed__rosidl_typesupport_fastrtps_cpp.hpp
[0.489s] -- Up-to-date symlink: /home/bryansgue/uav_ws/install/quadrotor_msgs/include/quadrotor_msgs/quadrotor_msgs/msg/detail/output_data__rosidl_typesupport_fastrtps_cpp.hpp
[0.489s] -- Up-to-date symlink: /home/bryansgue/uav_ws/install/quadrotor_msgs/include/quadrotor_msgs/quadrotor_msgs/msg/detail/planner_goal__rosidl_typesupport_fastrtps_cpp.hpp
[0.490s] -- Up-to-date symlink: /home/bryansgue/uav_ws/install/quadrotor_msgs/include/quadrotor_msgs/quadrotor_msgs/msg/detail/position_command__rosidl_typesupport_fastrtps_cpp.hpp
[0.490s] -- Up-to-date symlink: /home/bryansgue/uav_ws/install/quadrotor_msgs/include/quadrotor_msgs/quadrotor_msgs/msg/detail/pwm_command__rosidl_typesupport_fastrtps_cpp.hpp
[0.490s] -- Up-to-date symlink: /home/bryansgue/uav_ws/install/quadrotor_msgs/include/quadrotor_msgs/quadrotor_msgs/msg/detail/qp_planner_goal__rosidl_typesupport_fastrtps_cpp.hpp
[0.490s] -- Up-to-date symlink: /home/bryansgue/uav_ws/install/quadrotor_msgs/include/quadrotor_msgs/quadrotor_msgs/msg/detail/rpm_command__rosidl_typesupport_fastrtps_cpp.hpp
[0.490s] -- Up-to-date symlink: /home/bryansgue/uav_ws/install/quadrotor_msgs/include/quadrotor_msgs/quadrotor_msgs/msg/detail/serial__rosidl_typesupport_fastrtps_cpp.hpp
[0.490s] -- Up-to-date symlink: /home/bryansgue/uav_ws/install/quadrotor_msgs/include/quadrotor_msgs/quadrotor_msgs/msg/detail/so3_command__rosidl_typesupport_fastrtps_cpp.hpp
[0.490s] -- Up-to-date symlink: /home/bryansgue/uav_ws/install/quadrotor_msgs/include/quadrotor_msgs/quadrotor_msgs/msg/detail/stamped_int__rosidl_typesupport_fastrtps_cpp.hpp
[0.491s] -- Up-to-date symlink: /home/bryansgue/uav_ws/install/quadrotor_msgs/include/quadrotor_msgs/quadrotor_msgs/msg/detail/status_data__rosidl_typesupport_fastrtps_cpp.hpp
[0.491s] -- Up-to-date symlink: /home/bryansgue/uav_ws/install/quadrotor_msgs/include/quadrotor_msgs/quadrotor_msgs/msg/detail/trajectory_point__rosidl_typesupport_fastrtps_cpp.hpp
[0.491s] -- Up-to-date symlink: /home/bryansgue/uav_ws/install/quadrotor_msgs/include/quadrotor_msgs/quadrotor_msgs/msg/detail/trpy_command__rosidl_typesupport_fastrtps_cpp.hpp
[0.491s] -- Up-to-date symlink: /home/bryansgue/uav_ws/install/quadrotor_msgs/include/quadrotor_msgs/quadrotor_msgs/msg/detail/velocity_planner_goal__rosidl_typesupport_fastrtps_cpp.hpp
[0.491s] -- Up-to-date symlink: /home/bryansgue/uav_ws/install/quadrotor_msgs/include/quadrotor_msgs/quadrotor_msgs/msg/rosidl_typesupport_fastrtps_cpp__visibility_control.h
[0.491s] -- Up-to-date symlink: /home/bryansgue/uav_ws/install/quadrotor_msgs/include/quadrotor_msgs/quadrotor_msgs/srv/detail/transition__rosidl_typesupport_fastrtps_cpp.hpp
[0.492s] -- Up-to-date symlink: /home/bryansgue/uav_ws/install/quadrotor_msgs/include/quadrotor_msgs/quadrotor_msgs/msg/detail/aux_command__rosidl_typesupport_introspection_c.h
[0.492s] -- Up-to-date symlink: /home/bryansgue/uav_ws/install/quadrotor_msgs/include/quadrotor_msgs/quadrotor_msgs/msg/detail/beta_flight_onboard_control__rosidl_typesupport_introspection_c.h
[0.493s] -- Up-to-date symlink: /home/bryansgue/uav_ws/install/quadrotor_msgs/include/quadrotor_msgs/quadrotor_msgs/msg/detail/beta_flight_states__rosidl_typesupport_introspection_c.h
[0.493s] -- Up-to-date symlink: /home/bryansgue/uav_ws/install/quadrotor_msgs/include/quadrotor_msgs/quadrotor_msgs/msg/detail/circle_planner_goal__rosidl_typesupport_introspection_c.h
[0.493s] -- Up-to-date symlink: /home/bryansgue/uav_ws/install/quadrotor_msgs/include/quadrotor_msgs/quadrotor_msgs/msg/detail/corrections__rosidl_typesupport_introspection_c.h
[0.493s] -- Up-to-date symlink: /home/bryansgue/uav_ws/install/quadrotor_msgs/include/quadrotor_msgs/quadrotor_msgs/msg/detail/cuboid_map__rosidl_typesupport_introspection_c.h
[0.493s] -- Up-to-date symlink: /home/bryansgue/uav_ws/install/quadrotor_msgs/include/quadrotor_msgs/quadrotor_msgs/msg/detail/flat_outputs__rosidl_typesupport_introspection_c.h
[0.493s] -- Up-to-date symlink: /home/bryansgue/uav_ws/install/quadrotor_msgs/include/quadrotor_msgs/quadrotor_msgs/msg/detail/fm_command__rosidl_typesupport_introspection_c.h
[0.493s] -- Up-to-date symlink: /home/bryansgue/uav_ws/install/quadrotor_msgs/include/quadrotor_msgs/quadrotor_msgs/msg/detail/line_planner_goal__rosidl_typesupport_introspection_c.h
[0.493s] -- Up-to-date symlink: /home/bryansgue/uav_ws/install/quadrotor_msgs/include/quadrotor_msgs/quadrotor_msgs/msg/detail/lissa_planner_goal__rosidl_typesupport_introspection_c.h
[0.494s] -- Up-to-date symlink: /home/bryansgue/uav_ws/install/quadrotor_msgs/include/quadrotor_msgs/quadrotor_msgs/msg/detail/local_ss__rosidl_typesupport_introspection_c.h
[0.494s] -- Up-to-date symlink: /home/bryansgue/uav_ws/install/quadrotor_msgs/include/quadrotor_msgs/quadrotor_msgs/msg/detail/motor_speed__rosidl_typesupport_introspection_c.h
[0.494s] -- Up-to-date symlink: /home/bryansgue/uav_ws/install/quadrotor_msgs/include/quadrotor_msgs/quadrotor_msgs/msg/detail/output_data__rosidl_typesupport_introspection_c.h
[0.494s] -- Up-to-date symlink: /home/bryansgue/uav_ws/install/quadrotor_msgs/include/quadrotor_msgs/quadrotor_msgs/msg/detail/planner_goal__rosidl_typesupport_introspection_c.h
[0.494s] -- Up-to-date symlink: /home/bryansgue/uav_ws/install/quadrotor_msgs/include/quadrotor_msgs/quadrotor_msgs/msg/detail/position_command__rosidl_typesupport_introspection_c.h
[0.494s] -- Up-to-date symlink: /home/bryansgue/uav_ws/install/quadrotor_msgs/include/quadrotor_msgs/quadrotor_msgs/msg/detail/pwm_command__rosidl_typesupport_introspection_c.h
[0.494s] -- Up-to-date symlink: /home/bryansgue/uav_ws/install/quadrotor_msgs/include/quadrotor_msgs/quadrotor_msgs/msg/detail/qp_planner_goal__rosidl_typesupport_introspection_c.h
[0.494s] -- Up-to-date symlink: /home/bryansgue/uav_ws/install/quadrotor_msgs/include/quadrotor_msgs/quadrotor_msgs/msg/detail/rpm_command__rosidl_typesupport_introspection_c.h
[0.495s] -- Up-to-date symlink: /home/bryansgue/uav_ws/install/quadrotor_msgs/include/quadrotor_msgs/quadrotor_msgs/msg/detail/serial__rosidl_typesupport_introspection_c.h
[0.495s] -- Up-to-date symlink: /home/bryansgue/uav_ws/install/quadrotor_msgs/include/quadrotor_msgs/quadrotor_msgs/msg/detail/so3_command__rosidl_typesupport_introspection_c.h
[0.495s] -- Up-to-date symlink: /home/bryansgue/uav_ws/install/quadrotor_msgs/include/quadrotor_msgs/quadrotor_msgs/msg/detail/stamped_int__rosidl_typesupport_introspection_c.h
[0.495s] -- Up-to-date symlink: /home/bryansgue/uav_ws/install/quadrotor_msgs/include/quadrotor_msgs/quadrotor_msgs/msg/detail/status_data__rosidl_typesupport_introspection_c.h
[0.495s] -- Up-to-date symlink: /home/bryansgue/uav_ws/install/quadrotor_msgs/include/quadrotor_msgs/quadrotor_msgs/msg/detail/trajectory_point__rosidl_typesupport_introspection_c.h
[0.495s] -- Up-to-date symlink: /home/bryansgue/uav_ws/install/quadrotor_msgs/include/quadrotor_msgs/quadrotor_msgs/msg/detail/trpy_command__rosidl_typesupport_introspection_c.h
[0.495s] -- Up-to-date symlink: /home/bryansgue/uav_ws/install/quadrotor_msgs/include/quadrotor_msgs/quadrotor_msgs/msg/detail/velocity_planner_goal__rosidl_typesupport_introspection_c.h
[0.495s] -- Up-to-date symlink: /home/bryansgue/uav_ws/install/quadrotor_msgs/include/quadrotor_msgs/quadrotor_msgs/msg/rosidl_typesupport_introspection_c__visibility_control.h
[0.496s] -- Up-to-date symlink: /home/bryansgue/uav_ws/install/quadrotor_msgs/include/quadrotor_msgs/quadrotor_msgs/srv/detail/transition__rosidl_typesupport_introspection_c.h
[0.497s] -- Up-to-date symlink: /home/bryansgue/uav_ws/install/quadrotor_msgs/include/quadrotor_msgs/quadrotor_msgs/msg/detail/aux_command__rosidl_typesupport_introspection_cpp.hpp
[0.497s] -- Up-to-date symlink: /home/bryansgue/uav_ws/install/quadrotor_msgs/include/quadrotor_msgs/quadrotor_msgs/msg/detail/beta_flight_onboard_control__rosidl_typesupport_introspection_cpp.hpp
[0.497s] -- Up-to-date symlink: /home/bryansgue/uav_ws/install/quadrotor_msgs/include/quadrotor_msgs/quadrotor_msgs/msg/detail/beta_flight_states__rosidl_typesupport_introspection_cpp.hpp
[0.497s] -- Up-to-date symlink: /home/bryansgue/uav_ws/install/quadrotor_msgs/include/quadrotor_msgs/quadrotor_msgs/msg/detail/circle_planner_goal__rosidl_typesupport_introspection_cpp.hpp
[0.497s] -- Up-to-date symlink: /home/bryansgue/uav_ws/install/quadrotor_msgs/include/quadrotor_msgs/quadrotor_msgs/msg/detail/corrections__rosidl_typesupport_introspection_cpp.hpp
[0.497s] -- Up-to-date symlink: /home/bryansgue/uav_ws/install/quadrotor_msgs/include/quadrotor_msgs/quadrotor_msgs/msg/detail/cuboid_map__rosidl_typesupport_introspection_cpp.hpp
[0.497s] -- Up-to-date symlink: /home/bryansgue/uav_ws/install/quadrotor_msgs/include/quadrotor_msgs/quadrotor_msgs/msg/detail/flat_outputs__rosidl_typesupport_introspection_cpp.hpp
[0.498s] -- Up-to-date symlink: /home/bryansgue/uav_ws/install/quadrotor_msgs/include/quadrotor_msgs/quadrotor_msgs/msg/detail/fm_command__rosidl_typesupport_introspection_cpp.hpp
[0.498s] -- Up-to-date symlink: /home/bryansgue/uav_ws/install/quadrotor_msgs/include/quadrotor_msgs/quadrotor_msgs/msg/detail/line_planner_goal__rosidl_typesupport_introspection_cpp.hpp
[0.498s] -- Up-to-date symlink: /home/bryansgue/uav_ws/install/quadrotor_msgs/include/quadrotor_msgs/quadrotor_msgs/msg/detail/lissa_planner_goal__rosidl_typesupport_introspection_cpp.hpp
[0.498s] -- Up-to-date symlink: /home/bryansgue/uav_ws/install/quadrotor_msgs/include/quadrotor_msgs/quadrotor_msgs/msg/detail/local_ss__rosidl_typesupport_introspection_cpp.hpp
[0.498s] -- Up-to-date symlink: /home/bryansgue/uav_ws/install/quadrotor_msgs/include/quadrotor_msgs/quadrotor_msgs/msg/detail/motor_speed__rosidl_typesupport_introspection_cpp.hpp
[0.498s] -- Up-to-date symlink: /home/bryansgue/uav_ws/install/quadrotor_msgs/include/quadrotor_msgs/quadrotor_msgs/msg/detail/output_data__rosidl_typesupport_introspection_cpp.hpp
[0.498s] -- Up-to-date symlink: /home/bryansgue/uav_ws/install/quadrotor_msgs/include/quadrotor_msgs/quadrotor_msgs/msg/detail/planner_goal__rosidl_typesupport_introspection_cpp.hpp
[0.498s] -- Up-to-date symlink: /home/bryansgue/uav_ws/install/quadrotor_msgs/include/quadrotor_msgs/quadrotor_msgs/msg/detail/position_command__rosidl_typesupport_introspection_cpp.hpp
[0.499s] -- Up-to-date symlink: /home/bryansgue/uav_ws/install/quadrotor_msgs/include/quadrotor_msgs/quadrotor_msgs/msg/detail/pwm_command__rosidl_typesupport_introspection_cpp.hpp
[0.499s] -- Up-to-date symlink: /home/bryansgue/uav_ws/install/quadrotor_msgs/include/quadrotor_msgs/quadrotor_msgs/msg/detail/qp_planner_goal__rosidl_typesupport_introspection_cpp.hpp
[0.499s] -- Up-to-date symlink: /home/bryansgue/uav_ws/install/quadrotor_msgs/include/quadrotor_msgs/quadrotor_msgs/msg/detail/rpm_command__rosidl_typesupport_introspection_cpp.hpp
[0.499s] -- Up-to-date symlink: /home/bryansgue/uav_ws/install/quadrotor_msgs/include/quadrotor_msgs/quadrotor_msgs/msg/detail/serial__rosidl_typesupport_introspection_cpp.hpp
[0.499s] -- Up-to-date symlink: /home/bryansgue/uav_ws/install/quadrotor_msgs/include/quadrotor_msgs/quadrotor_msgs/msg/detail/so3_command__rosidl_typesupport_introspection_cpp.hpp
[0.499s] -- Up-to-date symlink: /home/bryansgue/uav_ws/install/quadrotor_msgs/include/quadrotor_msgs/quadrotor_msgs/msg/detail/stamped_int__rosidl_typesupport_introspection_cpp.hpp
[0.499s] -- Up-to-date symlink: /home/bryansgue/uav_ws/install/quadrotor_msgs/include/quadrotor_msgs/quadrotor_msgs/msg/detail/status_data__rosidl_typesupport_introspection_cpp.hpp
[0.499s] -- Up-to-date symlink: /home/bryansgue/uav_ws/install/quadrotor_msgs/include/quadrotor_msgs/quadrotor_msgs/msg/detail/trajectory_point__rosidl_typesupport_introspection_cpp.hpp
[0.499s] -- Up-to-date symlink: /home/bryansgue/uav_ws/install/quadrotor_msgs/include/quadrotor_msgs/quadrotor_msgs/msg/detail/trpy_command__rosidl_typesupport_introspection_cpp.hpp
[0.500s] -- Up-to-date symlink: /home/bryansgue/uav_ws/install/quadrotor_msgs/include/quadrotor_msgs/quadrotor_msgs/msg/detail/velocity_planner_goal__rosidl_typesupport_introspection_cpp.hpp
[0.500s] -- Up-to-date symlink: /home/bryansgue/uav_ws/install/quadrotor_msgs/include/quadrotor_msgs/quadrotor_msgs/srv/detail/transition__rosidl_typesupport_introspection_cpp.hpp
[0.500s] -- Up-to-date symlink: /home/bryansgue/uav_ws/install/quadrotor_msgs/share/quadrotor_msgs/environment/pythonpath.sh
[0.500s] -- Up-to-date symlink: /home/bryansgue/uav_ws/install/quadrotor_msgs/share/quadrotor_msgs/environment/pythonpath.dsv
[0.500s] -- Up-to-date symlink: /home/bryansgue/uav_ws/install/quadrotor_msgs/local/lib/python3.10/dist-packages/quadrotor_msgs-1.0.0-py3.10.egg-info/PKG-INFO
[0.500s] -- Up-to-date symlink: /home/bryansgue/uav_ws/install/quadrotor_msgs/local/lib/python3.10/dist-packages/quadrotor_msgs-1.0.0-py3.10.egg-info/SOURCES.txt
[0.501s] -- Up-to-date symlink: /home/bryansgue/uav_ws/install/quadrotor_msgs/local/lib/python3.10/dist-packages/quadrotor_msgs-1.0.0-py3.10.egg-info/dependency_links.txt
[0.501s] -- Up-to-date symlink: /home/bryansgue/uav_ws/install/quadrotor_msgs/local/lib/python3.10/dist-packages/quadrotor_msgs-1.0.0-py3.10.egg-info/top_level.txt
[0.502s] -- Up-to-date symlink: /home/bryansgue/uav_ws/install/quadrotor_msgs/local/lib/python3.10/dist-packages/quadrotor_msgs/__init__.py
[0.502s] -- Up-to-date symlink: /home/bryansgue/uav_ws/install/quadrotor_msgs/local/lib/python3.10/dist-packages/quadrotor_msgs/_quadrotor_msgs_s.ep.rosidl_typesupport_c.c
[0.502s] -- Up-to-date symlink: /home/bryansgue/uav_ws/install/quadrotor_msgs/local/lib/python3.10/dist-packages/quadrotor_msgs/_quadrotor_msgs_s.ep.rosidl_typesupport_fastrtps_c.c
[0.502s] -- Up-to-date symlink: /home/bryansgue/uav_ws/install/quadrotor_msgs/local/lib/python3.10/dist-packages/quadrotor_msgs/_quadrotor_msgs_s.ep.rosidl_typesupport_introspection_c.c
[0.502s] -- Up-to-date symlink: /home/bryansgue/uav_ws/install/quadrotor_msgs/local/lib/python3.10/dist-packages/quadrotor_msgs/libquadrotor_msgs__rosidl_generator_py.so
[0.502s] -- Up-to-date symlink: /home/bryansgue/uav_ws/install/quadrotor_msgs/local/lib/python3.10/dist-packages/quadrotor_msgs/msg/__init__.py
[0.503s] -- Up-to-date symlink: /home/bryansgue/uav_ws/install/quadrotor_msgs/local/lib/python3.10/dist-packages/quadrotor_msgs/msg/_aux_command.py
[0.503s] -- Up-to-date symlink: /home/bryansgue/uav_ws/install/quadrotor_msgs/local/lib/python3.10/dist-packages/quadrotor_msgs/msg/_aux_command_s.c
[0.503s] -- Up-to-date symlink: /home/bryansgue/uav_ws/install/quadrotor_msgs/local/lib/python3.10/dist-packages/quadrotor_msgs/msg/_beta_flight_onboard_control.py
[0.503s] -- Up-to-date symlink: /home/bryansgue/uav_ws/install/quadrotor_msgs/local/lib/python3.10/dist-packages/quadrotor_msgs/msg/_beta_flight_onboard_control_s.c
[0.503s] -- Up-to-date symlink: /home/bryansgue/uav_ws/install/quadrotor_msgs/local/lib/python3.10/dist-packages/quadrotor_msgs/msg/_beta_flight_states.py
[0.503s] -- Up-to-date symlink: /home/bryansgue/uav_ws/install/quadrotor_msgs/local/lib/python3.10/dist-packages/quadrotor_msgs/msg/_beta_flight_states_s.c
[0.503s] -- Up-to-date symlink: /home/bryansgue/uav_ws/install/quadrotor_msgs/local/lib/python3.10/dist-packages/quadrotor_msgs/msg/_circle_planner_goal.py
[0.503s] -- Up-to-date symlink: /home/bryansgue/uav_ws/install/quadrotor_msgs/local/lib/python3.10/dist-packages/quadrotor_msgs/msg/_circle_planner_goal_s.c
[0.504s] -- Up-to-date symlink: /home/bryansgue/uav_ws/install/quadrotor_msgs/local/lib/python3.10/dist-packages/quadrotor_msgs/msg/_corrections.py
[0.504s] -- Up-to-date symlink: /home/bryansgue/uav_ws/install/quadrotor_msgs/local/lib/python3.10/dist-packages/quadrotor_msgs/msg/_corrections_s.c
[0.504s] -- Up-to-date symlink: /home/bryansgue/uav_ws/install/quadrotor_msgs/local/lib/python3.10/dist-packages/quadrotor_msgs/msg/_cuboid_map.py
[0.504s] -- Up-to-date symlink: /home/bryansgue/uav_ws/install/quadrotor_msgs/local/lib/python3.10/dist-packages/quadrotor_msgs/msg/_cuboid_map_s.c
[0.504s] -- Up-to-date symlink: /home/bryansgue/uav_ws/install/quadrotor_msgs/local/lib/python3.10/dist-packages/quadrotor_msgs/msg/_flat_outputs.py
[0.504s] -- Up-to-date symlink: /home/bryansgue/uav_ws/install/quadrotor_msgs/local/lib/python3.10/dist-packages/quadrotor_msgs/msg/_flat_outputs_s.c
[0.504s] -- Up-to-date symlink: /home/bryansgue/uav_ws/install/quadrotor_msgs/local/lib/python3.10/dist-packages/quadrotor_msgs/msg/_fm_command.py
[0.504s] -- Up-to-date symlink: /home/bryansgue/uav_ws/install/quadrotor_msgs/local/lib/python3.10/dist-packages/quadrotor_msgs/msg/_fm_command_s.c
[0.504s] -- Up-to-date symlink: /home/bryansgue/uav_ws/install/quadrotor_msgs/local/lib/python3.10/dist-packages/quadrotor_msgs/msg/_line_planner_goal.py
[0.505s] -- Up-to-date symlink: /home/bryansgue/uav_ws/install/quadrotor_msgs/local/lib/python3.10/dist-packages/quadrotor_msgs/msg/_line_planner_goal_s.c
[0.505s] -- Up-to-date symlink: /home/bryansgue/uav_ws/install/quadrotor_msgs/local/lib/python3.10/dist-packages/quadrotor_msgs/msg/_lissa_planner_goal.py
[0.505s] -- Up-to-date symlink: /home/bryansgue/uav_ws/install/quadrotor_msgs/local/lib/python3.10/dist-packages/quadrotor_msgs/msg/_lissa_planner_goal_s.c
[0.505s] -- Up-to-date symlink: /home/bryansgue/uav_ws/install/quadrotor_msgs/local/lib/python3.10/dist-packages/quadrotor_msgs/msg/_local_ss.py
[0.505s] -- Up-to-date symlink: /home/bryansgue/uav_ws/install/quadrotor_msgs/local/lib/python3.10/dist-packages/quadrotor_msgs/msg/_local_ss_s.c
[0.505s] -- Up-to-date symlink: /home/bryansgue/uav_ws/install/quadrotor_msgs/local/lib/python3.10/dist-packages/quadrotor_msgs/msg/_motor_speed.py
[0.505s] -- Up-to-date symlink: /home/bryansgue/uav_ws/install/quadrotor_msgs/local/lib/python3.10/dist-packages/quadrotor_msgs/msg/_motor_speed_s.c
[0.506s] -- Up-to-date symlink: /home/bryansgue/uav_ws/install/quadrotor_msgs/local/lib/python3.10/dist-packages/quadrotor_msgs/msg/_output_data.py
[0.506s] -- Up-to-date symlink: /home/bryansgue/uav_ws/install/quadrotor_msgs/local/lib/python3.10/dist-packages/quadrotor_msgs/msg/_output_data_s.c
[0.506s] -- Up-to-date symlink: /home/bryansgue/uav_ws/install/quadrotor_msgs/local/lib/python3.10/dist-packages/quadrotor_msgs/msg/_planner_goal.py
[0.506s] -- Up-to-date symlink: /home/bryansgue/uav_ws/install/quadrotor_msgs/local/lib/python3.10/dist-packages/quadrotor_msgs/msg/_planner_goal_s.c
[0.506s] -- Up-to-date symlink: /home/bryansgue/uav_ws/install/quadrotor_msgs/local/lib/python3.10/dist-packages/quadrotor_msgs/msg/_position_command.py
[0.506s] -- Up-to-date symlink: /home/bryansgue/uav_ws/install/quadrotor_msgs/local/lib/python3.10/dist-packages/quadrotor_msgs/msg/_position_command_s.c
[0.506s] -- Up-to-date symlink: /home/bryansgue/uav_ws/install/quadrotor_msgs/local/lib/python3.10/dist-packages/quadrotor_msgs/msg/_pwm_command.py
[0.506s] -- Up-to-date symlink: /home/bryansgue/uav_ws/install/quadrotor_msgs/local/lib/python3.10/dist-packages/quadrotor_msgs/msg/_pwm_command_s.c
[0.506s] -- Up-to-date symlink: /home/bryansgue/uav_ws/install/quadrotor_msgs/local/lib/python3.10/dist-packages/quadrotor_msgs/msg/_qp_planner_goal.py
[0.507s] -- Up-to-date symlink: /home/bryansgue/uav_ws/install/quadrotor_msgs/local/lib/python3.10/dist-packages/quadrotor_msgs/msg/_qp_planner_goal_s.c
[0.507s] -- Up-to-date symlink: /home/bryansgue/uav_ws/install/quadrotor_msgs/local/lib/python3.10/dist-packages/quadrotor_msgs/msg/_rpm_command.py
[0.507s] -- Up-to-date symlink: /home/bryansgue/uav_ws/install/quadrotor_msgs/local/lib/python3.10/dist-packages/quadrotor_msgs/msg/_rpm_command_s.c
[0.507s] -- Up-to-date symlink: /home/bryansgue/uav_ws/install/quadrotor_msgs/local/lib/python3.10/dist-packages/quadrotor_msgs/msg/_serial.py
[0.507s] -- Up-to-date symlink: /home/bryansgue/uav_ws/install/quadrotor_msgs/local/lib/python3.10/dist-packages/quadrotor_msgs/msg/_serial_s.c
[0.507s] -- Up-to-date symlink: /home/bryansgue/uav_ws/install/quadrotor_msgs/local/lib/python3.10/dist-packages/quadrotor_msgs/msg/_so3_command.py
[0.507s] -- Up-to-date symlink: /home/bryansgue/uav_ws/install/quadrotor_msgs/local/lib/python3.10/dist-packages/quadrotor_msgs/msg/_so3_command_s.c
[0.508s] -- Up-to-date symlink: /home/bryansgue/uav_ws/install/quadrotor_msgs/local/lib/python3.10/dist-packages/quadrotor_msgs/msg/_stamped_int.py
[0.508s] -- Up-to-date symlink: /home/bryansgue/uav_ws/install/quadrotor_msgs/local/lib/python3.10/dist-packages/quadrotor_msgs/msg/_stamped_int_s.c
[0.508s] -- Up-to-date symlink: /home/bryansgue/uav_ws/install/quadrotor_msgs/local/lib/python3.10/dist-packages/quadrotor_msgs/msg/_status_data.py
[0.508s] -- Up-to-date symlink: /home/bryansgue/uav_ws/install/quadrotor_msgs/local/lib/python3.10/dist-packages/quadrotor_msgs/msg/_status_data_s.c
[0.508s] -- Up-to-date symlink: /home/bryansgue/uav_ws/install/quadrotor_msgs/local/lib/python3.10/dist-packages/quadrotor_msgs/msg/_trajectory_point.py
[0.508s] -- Up-to-date symlink: /home/bryansgue/uav_ws/install/quadrotor_msgs/local/lib/python3.10/dist-packages/quadrotor_msgs/msg/_trajectory_point_s.c
[0.508s] -- Up-to-date symlink: /home/bryansgue/uav_ws/install/quadrotor_msgs/local/lib/python3.10/dist-packages/quadrotor_msgs/msg/_trpy_command.py
[0.508s] -- Up-to-date symlink: /home/bryansgue/uav_ws/install/quadrotor_msgs/local/lib/python3.10/dist-packages/quadrotor_msgs/msg/_trpy_command_s.c
[0.508s] -- Up-to-date symlink: /home/bryansgue/uav_ws/install/quadrotor_msgs/local/lib/python3.10/dist-packages/quadrotor_msgs/msg/_velocity_planner_goal.py
[0.508s] -- Up-to-date symlink: /home/bryansgue/uav_ws/install/quadrotor_msgs/local/lib/python3.10/dist-packages/quadrotor_msgs/msg/_velocity_planner_goal_s.c
[0.509s] -- Up-to-date symlink: /home/bryansgue/uav_ws/install/quadrotor_msgs/local/lib/python3.10/dist-packages/quadrotor_msgs/quadrotor_msgs_s__rosidl_typesupport_c.cpython-310-x86_64-linux-gnu.so
[0.509s] -- Up-to-date symlink: /home/bryansgue/uav_ws/install/quadrotor_msgs/local/lib/python3.10/dist-packages/quadrotor_msgs/quadrotor_msgs_s__rosidl_typesupport_fastrtps_c.cpython-310-x86_64-linux-gnu.so
[0.509s] -- Up-to-date symlink: /home/bryansgue/uav_ws/install/quadrotor_msgs/local/lib/python3.10/dist-packages/quadrotor_msgs/quadrotor_msgs_s__rosidl_typesupport_introspection_c.cpython-310-x86_64-linux-gnu.so
[0.509s] -- Up-to-date symlink: /home/bryansgue/uav_ws/install/quadrotor_msgs/local/lib/python3.10/dist-packages/quadrotor_msgs/srv/__init__.py
[0.509s] -- Up-to-date symlink: /home/bryansgue/uav_ws/install/quadrotor_msgs/local/lib/python3.10/dist-packages/quadrotor_msgs/srv/_transition.py
[0.509s] -- Up-to-date symlink: /home/bryansgue/uav_ws/install/quadrotor_msgs/local/lib/python3.10/dist-packages/quadrotor_msgs/srv/_transition_s.c
[0.510s] -- Up-to-date symlink: /home/bryansgue/uav_ws/install/quadrotor_msgs/local/lib/python3.10/dist-packages/quadrotor_msgs/quadrotor_msgs_s__rosidl_typesupport_fastrtps_c.cpython-310-x86_64-linux-gnu.so
[0.510s] -- Up-to-date symlink: /home/bryansgue/uav_ws/install/quadrotor_msgs/local/lib/python3.10/dist-packages/quadrotor_msgs/quadrotor_msgs_s__rosidl_typesupport_introspection_c.cpython-310-x86_64-linux-gnu.so
[0.510s] -- Up-to-date symlink: /home/bryansgue/uav_ws/install/quadrotor_msgs/local/lib/python3.10/dist-packages/quadrotor_msgs/quadrotor_msgs_s__rosidl_typesupport_c.cpython-310-x86_64-linux-gnu.so
[0.511s] -- Up-to-date symlink: /home/bryansgue/uav_ws/install/quadrotor_msgs/share/quadrotor_msgs/msg/AuxCommand.idl
[0.511s] -- Up-to-date symlink: /home/bryansgue/uav_ws/install/quadrotor_msgs/share/quadrotor_msgs/msg/FMCommand.idl
[0.511s] -- Up-to-date symlink: /home/bryansgue/uav_ws/install/quadrotor_msgs/share/quadrotor_msgs/msg/RPMCommand.idl
[0.511s] -- Up-to-date symlink: /home/bryansgue/uav_ws/install/quadrotor_msgs/share/quadrotor_msgs/msg/TrajectoryPoint.idl
[0.511s] -- Up-to-date symlink: /home/bryansgue/uav_ws/install/quadrotor_msgs/share/quadrotor_msgs/msg/PositionCommand.idl
[0.511s] -- Up-to-date symlink: /home/bryansgue/uav_ws/install/quadrotor_msgs/share/quadrotor_msgs/msg/PWMCommand.idl
[0.511s] -- Up-to-date symlink: /home/bryansgue/uav_ws/install/quadrotor_msgs/share/quadrotor_msgs/msg/MotorSpeed.idl
[0.511s] -- Up-to-date symlink: /home/bryansgue/uav_ws/install/quadrotor_msgs/share/quadrotor_msgs/msg/SO3Command.idl
[0.512s] -- Up-to-date symlink: /home/bryansgue/uav_ws/install/quadrotor_msgs/share/quadrotor_msgs/msg/TRPYCommand.idl
[0.512s] -- Up-to-date symlink: /home/bryansgue/uav_ws/install/quadrotor_msgs/share/quadrotor_msgs/msg/BetaFlightStates.idl
[0.512s] -- Up-to-date symlink: /home/bryansgue/uav_ws/install/quadrotor_msgs/share/quadrotor_msgs/msg/BetaFlightOnboardControl.idl
[0.512s] -- Up-to-date symlink: /home/bryansgue/uav_ws/install/quadrotor_msgs/share/quadrotor_msgs/msg/QpPlannerGoal.idl
[0.512s] -- Up-to-date symlink: /home/bryansgue/uav_ws/install/quadrotor_msgs/share/quadrotor_msgs/msg/LinePlannerGoal.idl
[0.512s] -- Up-to-date symlink: /home/bryansgue/uav_ws/install/quadrotor_msgs/share/quadrotor_msgs/msg/CirclePlannerGoal.idl
[0.513s] -- Up-to-date symlink: /home/bryansgue/uav_ws/install/quadrotor_msgs/share/quadrotor_msgs/msg/LissaPlannerGoal.idl
[0.513s] -- Up-to-date symlink: /home/bryansgue/uav_ws/install/quadrotor_msgs/share/quadrotor_msgs/msg/VelocityPlannerGoal.idl
[0.513s] -- Up-to-date symlink: /home/bryansgue/uav_ws/install/quadrotor_msgs/share/quadrotor_msgs/msg/PlannerGoal.idl
[0.513s] -- Up-to-date symlink: /home/bryansgue/uav_ws/install/quadrotor_msgs/share/quadrotor_msgs/msg/StampedInt.idl
[0.513s] -- Up-to-date symlink: /home/bryansgue/uav_ws/install/quadrotor_msgs/share/quadrotor_msgs/msg/Corrections.idl
[0.513s] -- Up-to-date symlink: /home/bryansgue/uav_ws/install/quadrotor_msgs/share/quadrotor_msgs/msg/OutputData.idl
[0.513s] -- Up-to-date symlink: /home/bryansgue/uav_ws/install/quadrotor_msgs/share/quadrotor_msgs/msg/Serial.idl
[0.513s] -- Up-to-date symlink: /home/bryansgue/uav_ws/install/quadrotor_msgs/share/quadrotor_msgs/msg/StatusData.idl
[0.514s] -- Up-to-date symlink: /home/bryansgue/uav_ws/install/quadrotor_msgs/share/quadrotor_msgs/msg/LocalSS.idl
[0.514s] -- Up-to-date symlink: /home/bryansgue/uav_ws/install/quadrotor_msgs/share/quadrotor_msgs/msg/FlatOutputs.idl
[0.514s] -- Up-to-date symlink: /home/bryansgue/uav_ws/install/quadrotor_msgs/share/quadrotor_msgs/msg/CuboidMap.idl
[0.514s] -- Up-to-date symlink: /home/bryansgue/uav_ws/install/quadrotor_msgs/share/quadrotor_msgs/srv/Transition.idl
[0.514s] -- Up-to-date symlink: /home/bryansgue/uav_ws/install/quadrotor_msgs/share/quadrotor_msgs/control_cmds/AuxCommand.msg
[0.515s] -- Up-to-date symlink: /home/bryansgue/uav_ws/install/quadrotor_msgs/share/quadrotor_msgs/control_cmds/FMCommand.msg
[0.515s] -- Up-to-date symlink: /home/bryansgue/uav_ws/install/quadrotor_msgs/share/quadrotor_msgs/control_cmds/RPMCommand.msg
[0.515s] -- Up-to-date symlink: /home/bryansgue/uav_ws/install/quadrotor_msgs/share/quadrotor_msgs/control_cmds/TrajectoryPoint.msg
[0.515s] -- Up-to-date symlink: /home/bryansgue/uav_ws/install/quadrotor_msgs/share/quadrotor_msgs/control_cmds/PositionCommand.msg
[0.515s] -- Up-to-date symlink: /home/bryansgue/uav_ws/install/quadrotor_msgs/share/quadrotor_msgs/control_cmds/PWMCommand.msg
[0.515s] -- Up-to-date symlink: /home/bryansgue/uav_ws/install/quadrotor_msgs/share/quadrotor_msgs/control_cmds/MotorSpeed.msg
[0.515s] -- Up-to-date symlink: /home/bryansgue/uav_ws/install/quadrotor_msgs/share/quadrotor_msgs/control_cmds/SO3Command.msg
[0.516s] -- Up-to-date symlink: /home/bryansgue/uav_ws/install/quadrotor_msgs/share/quadrotor_msgs/control_cmds/TRPYCommand.msg
[0.516s] -- Up-to-date symlink: /home/bryansgue/uav_ws/install/quadrotor_msgs/share/quadrotor_msgs/control_cmds/BetaFlightStates.msg
[0.516s] -- Up-to-date symlink: /home/bryansgue/uav_ws/install/quadrotor_msgs/share/quadrotor_msgs/control_cmds/BetaFlightOnboardControl.msg
[0.516s] -- Up-to-date symlink: /home/bryansgue/uav_ws/install/quadrotor_msgs/share/quadrotor_msgs/planner_goals/QpPlannerGoal.msg
[0.516s] -- Up-to-date symlink: /home/bryansgue/uav_ws/install/quadrotor_msgs/share/quadrotor_msgs/planner_goals/LinePlannerGoal.msg
[0.516s] -- Up-to-date symlink: /home/bryansgue/uav_ws/install/quadrotor_msgs/share/quadrotor_msgs/planner_goals/CirclePlannerGoal.msg
[0.516s] -- Up-to-date symlink: /home/bryansgue/uav_ws/install/quadrotor_msgs/share/quadrotor_msgs/planner_goals/LissaPlannerGoal.msg
[0.517s] -- Up-to-date symlink: /home/bryansgue/uav_ws/install/quadrotor_msgs/share/quadrotor_msgs/planner_goals/VelocityPlannerGoal.msg
[0.517s] -- Up-to-date symlink: /home/bryansgue/uav_ws/install/quadrotor_msgs/share/quadrotor_msgs/planner_goals/PlannerGoal.msg
[0.517s] -- Up-to-date symlink: /home/bryansgue/uav_ws/install/quadrotor_msgs/share/quadrotor_msgs/msg_ros2/StampedInt.msg
[0.517s] -- Up-to-date symlink: /home/bryansgue/uav_ws/install/quadrotor_msgs/share/quadrotor_msgs/msg_ros2/Corrections.msg
[0.517s] -- Up-to-date symlink: /home/bryansgue/uav_ws/install/quadrotor_msgs/share/quadrotor_msgs/msg_ros2/OutputData.msg
[0.517s] -- Up-to-date symlink: /home/bryansgue/uav_ws/install/quadrotor_msgs/share/quadrotor_msgs/msg_ros2/Serial.msg
[0.517s] -- Up-to-date symlink: /home/bryansgue/uav_ws/install/quadrotor_msgs/share/quadrotor_msgs/msg_ros2/StatusData.msg
[0.517s] -- Up-to-date symlink: /home/bryansgue/uav_ws/install/quadrotor_msgs/share/quadrotor_msgs/msg_ros2/LocalSS.msg
[0.518s] -- Up-to-date symlink: /home/bryansgue/uav_ws/install/quadrotor_msgs/share/quadrotor_msgs/msg_ros2/FlatOutputs.msg
[0.518s] -- Up-to-date symlink: /home/bryansgue/uav_ws/install/quadrotor_msgs/share/quadrotor_msgs/msg_ros2/CuboidMap.msg
[0.518s] -- Up-to-date symlink: /home/bryansgue/uav_ws/install/quadrotor_msgs/share/quadrotor_msgs/srv_ros2/Transition.srv
[0.518s] -- Up-to-date symlink: /home/bryansgue/uav_ws/install/quadrotor_msgs/share/quadrotor_msgs/srv_ros2/Transition_Request.msg
[0.518s] -- Up-to-date symlink: /home/bryansgue/uav_ws/install/quadrotor_msgs/share/quadrotor_msgs/srv_ros2/Transition_Response.msg
[0.518s] -- Up-to-date symlink: /home/bryansgue/uav_ws/install/quadrotor_msgs/share/ament_index/resource_index/package_run_dependencies/quadrotor_msgs
[0.518s] -- Up-to-date symlink: /home/bryansgue/uav_ws/install/quadrotor_msgs/share/ament_index/resource_index/parent_prefix_path/quadrotor_msgs
[0.519s] -- Up-to-date symlink: /home/bryansgue/uav_ws/install/quadrotor_msgs/share/quadrotor_msgs/environment/ament_prefix_path.sh
[0.519s] -- Up-to-date symlink: /home/bryansgue/uav_ws/install/quadrotor_msgs/share/quadrotor_msgs/environment/ament_prefix_path.dsv
[0.519s] -- Up-to-date symlink: /home/bryansgue/uav_ws/install/quadrotor_msgs/share/quadrotor_msgs/environment/path.sh
[0.519s] -- Up-to-date symlink: /home/bryansgue/uav_ws/install/quadrotor_msgs/share/quadrotor_msgs/environment/path.dsv
[0.519s] -- Up-to-date symlink: /home/bryansgue/uav_ws/install/quadrotor_msgs/share/quadrotor_msgs/local_setup.bash
[0.519s] -- Up-to-date symlink: /home/bryansgue/uav_ws/install/quadrotor_msgs/share/quadrotor_msgs/local_setup.sh
[0.519s] -- Up-to-date symlink: /home/bryansgue/uav_ws/install/quadrotor_msgs/share/quadrotor_msgs/local_setup.zsh
[0.519s] -- Up-to-date symlink: /home/bryansgue/uav_ws/install/quadrotor_msgs/share/quadrotor_msgs/local_setup.dsv
[0.519s] -- Symlinking: /home/bryansgue/uav_ws/install/quadrotor_msgs/share/quadrotor_msgs/package.dsv
[0.535s] -- Up-to-date symlink: /home/bryansgue/uav_ws/install/quadrotor_msgs/share/ament_index/resource_index/packages/quadrotor_msgs
[0.536s] -- Up-to-date symlink: /home/bryansgue/uav_ws/install/quadrotor_msgs/share/quadrotor_msgs/cmake/rosidl_cmake-extras.cmake
[0.536s] -- Up-to-date symlink: /home/bryansgue/uav_ws/install/quadrotor_msgs/share/quadrotor_msgs/cmake/ament_cmake_export_dependencies-extras.cmake
[0.536s] -- Up-to-date symlink: /home/bryansgue/uav_ws/install/quadrotor_msgs/share/quadrotor_msgs/cmake/ament_cmake_export_include_directories-extras.cmake
[0.536s] -- Up-to-date symlink: /home/bryansgue/uav_ws/install/quadrotor_msgs/share/quadrotor_msgs/cmake/ament_cmake_export_libraries-extras.cmake
[0.536s] -- Up-to-date symlink: /home/bryansgue/uav_ws/install/quadrotor_msgs/share/quadrotor_msgs/cmake/ament_cmake_export_targets-extras.cmake
[0.536s] -- Up-to-date symlink: /home/bryansgue/uav_ws/install/quadrotor_msgs/share/quadrotor_msgs/cmake/rosidl_cmake_export_typesupport_targets-extras.cmake
[0.536s] -- Up-to-date symlink: /home/bryansgue/uav_ws/install/quadrotor_msgs/share/quadrotor_msgs/cmake/rosidl_cmake_export_typesupport_libraries-extras.cmake
[0.537s] -- Up-to-date symlink: /home/bryansgue/uav_ws/install/quadrotor_msgs/share/quadrotor_msgs/cmake/quadrotor_msgsConfig.cmake
[0.537s] -- Up-to-date symlink: /home/bryansgue/uav_ws/install/quadrotor_msgs/share/quadrotor_msgs/cmake/quadrotor_msgsConfig-version.cmake
[0.537s] -- Up-to-date symlink: /home/bryansgue/uav_ws/install/quadrotor_msgs/share/quadrotor_msgs/package.xml
[0.537s] -- Up-to-date: /home/bryansgue/uav_ws/install/quadrotor_msgs/lib/libquadrotor_msgs__rosidl_generator_c.so
[0.537s] -- Up-to-date: /home/bryansgue/uav_ws/install/quadrotor_msgs/lib/libquadrotor_msgs__rosidl_typesupport_fastrtps_c.so
[0.538s] -- Up-to-date: /home/bryansgue/uav_ws/install/quadrotor_msgs/lib/libquadrotor_msgs__rosidl_typesupport_fastrtps_cpp.so
[0.538s] -- Up-to-date: /home/bryansgue/uav_ws/install/quadrotor_msgs/lib/libquadrotor_msgs__rosidl_typesupport_introspection_c.so
[0.538s] -- Up-to-date: /home/bryansgue/uav_ws/install/quadrotor_msgs/lib/libquadrotor_msgs__rosidl_typesupport_c.so
[0.538s] -- Up-to-date: /home/bryansgue/uav_ws/install/quadrotor_msgs/lib/libquadrotor_msgs__rosidl_typesupport_introspection_cpp.so
[0.539s] -- Up-to-date: /home/bryansgue/uav_ws/install/quadrotor_msgs/lib/libquadrotor_msgs__rosidl_typesupport_cpp.so
[0.579s] Listing '/home/bryansgue/uav_ws/install/quadrotor_msgs/local/lib/python3.10/dist-packages/quadrotor_msgs'...
[0.579s] Listing '/home/bryansgue/uav_ws/install/quadrotor_msgs/local/lib/python3.10/dist-packages/quadrotor_msgs/msg'...
[0.579s] Listing '/home/bryansgue/uav_ws/install/quadrotor_msgs/local/lib/python3.10/dist-packages/quadrotor_msgs/srv'...
[0.585s] -- Up-to-date: /home/bryansgue/uav_ws/install/quadrotor_msgs/lib/libquadrotor_msgs__rosidl_generator_py.so
[0.585s] -- Up-to-date: /home/bryansgue/uav_ws/install/quadrotor_msgs/share/quadrotor_msgs/cmake/export_quadrotor_msgs__rosidl_generator_cExport.cmake
[0.585s] -- Up-to-date: /home/bryansgue/uav_ws/install/quadrotor_msgs/share/quadrotor_msgs/cmake/export_quadrotor_msgs__rosidl_generator_cExport-noconfig.cmake
[0.585s] -- Up-to-date: /home/bryansgue/uav_ws/install/quadrotor_msgs/share/quadrotor_msgs/cmake/export_quadrotor_msgs__rosidl_typesupport_fastrtps_cExport.cmake
[0.585s] -- Up-to-date: /home/bryansgue/uav_ws/install/quadrotor_msgs/share/quadrotor_msgs/cmake/export_quadrotor_msgs__rosidl_typesupport_fastrtps_cExport-noconfig.cmake
[0.586s] -- Up-to-date: /home/bryansgue/uav_ws/install/quadrotor_msgs/share/quadrotor_msgs/cmake/export_quadrotor_msgs__rosidl_generator_cppExport.cmake
[0.586s] -- Up-to-date: /home/bryansgue/uav_ws/install/quadrotor_msgs/share/quadrotor_msgs/cmake/export_quadrotor_msgs__rosidl_typesupport_fastrtps_cppExport.cmake
[0.586s] -- Up-to-date: /home/bryansgue/uav_ws/install/quadrotor_msgs/share/quadrotor_msgs/cmake/export_quadrotor_msgs__rosidl_typesupport_fastrtps_cppExport-noconfig.cmake
[0.586s] -- Up-to-date: /home/bryansgue/uav_ws/install/quadrotor_msgs/share/quadrotor_msgs/cmake/quadrotor_msgs__rosidl_typesupport_introspection_cExport.cmake
[0.586s] -- Up-to-date: /home/bryansgue/uav_ws/install/quadrotor_msgs/share/quadrotor_msgs/cmake/quadrotor_msgs__rosidl_typesupport_introspection_cExport-noconfig.cmake
[0.587s] -- Up-to-date: /home/bryansgue/uav_ws/install/quadrotor_msgs/share/quadrotor_msgs/cmake/quadrotor_msgs__rosidl_typesupport_cExport.cmake
[0.587s] -- Up-to-date: /home/bryansgue/uav_ws/install/quadrotor_msgs/share/quadrotor_msgs/cmake/quadrotor_msgs__rosidl_typesupport_cExport-noconfig.cmake
[0.587s] -- Up-to-date: /home/bryansgue/uav_ws/install/quadrotor_msgs/share/quadrotor_msgs/cmake/quadrotor_msgs__rosidl_typesupport_introspection_cppExport.cmake
[0.587s] -- Up-to-date: /home/bryansgue/uav_ws/install/quadrotor_msgs/share/quadrotor_msgs/cmake/quadrotor_msgs__rosidl_typesupport_introspection_cppExport-noconfig.cmake
[0.588s] -- Up-to-date: /home/bryansgue/uav_ws/install/quadrotor_msgs/share/quadrotor_msgs/cmake/quadrotor_msgs__rosidl_typesupport_cppExport.cmake
[0.588s] -- Up-to-date: /home/bryansgue/uav_ws/install/quadrotor_msgs/share/quadrotor_msgs/cmake/quadrotor_msgs__rosidl_typesupport_cppExport-noconfig.cmake
[0.588s] -- Up-to-date: /home/bryansgue/uav_ws/install/quadrotor_msgs/share/quadrotor_msgs/cmake/export_quadrotor_msgs__rosidl_generator_pyExport.cmake
[0.588s] -- Up-to-date: /home/bryansgue/uav_ws/install/quadrotor_msgs/share/quadrotor_msgs/cmake/export_quadrotor_msgs__rosidl_generator_pyExport-noconfig.cmake
[0.592s] Invoked command in '/home/bryansgue/uav_ws/build/quadrotor_msgs' returned '0': CMAKE_PREFIX_PATH=/home/bryansgue/uav_ws/install/mujoco_ros_utils:/home/bryansgue/uav_ws/install/acp_mujoco_simulator:/home/bryansgue/uav_ws/install/quadrotor_msgs:/home/bryansgue/acp_ws/install/quad_mujoco_sim:/home/bryansgue/acp_ws/install/voxl2_rpm_interface:/home/bryansgue/acp_ws/install/trackers_manager:/home/bryansgue/acp_ws/install/std_trackers:/home/bryansgue/uav_ws/install/drone_teleop:/home/bryansgue/acp_ws/install/sim_interface:/home/bryansgue/acp_ws/install/drone_teleop:/home/bryansgue/acp_ws/install/nmpc_control:/home/bryansgue/acp_ws/install/mav_manager_test:/home/bryansgue/acp_ws/install/dq_nmpc:/opt/ros/humble:/home/bryansgue/acp_ws/install/mav_manager:/home/bryansgue/acp_ws/install/trackers_msgs:/home/bryansgue/acp_ws/install/quadrotor_simulator:/home/bryansgue/acp_ws/install/pi_ros2_interface:/home/bryansgue/acp_ws/install/nmpc_payload_cpp:/home/bryansgue/acp_ws/install/mujoco_ros_utils:/home/bryansgue/acp_ws/install/mav_control:/home/bryansgue/acp_ws/install/dq_cpp:/home/bryansgue/acp_ws/install/acp_mujoco_simulator:/home/bryansgue/acp_ws/install/quadrotor_msgs:/home/bryansgue/acp_ws/install/mesh_visualization:/home/bryansgue/acp_ws/install/mav_manager_srv:/home/bryansgue/acp_ws/install/acp_autonomy /usr/bin/cmake --install /home/bryansgue/uav_ws/build/quadrotor_msgs
