[0.017s] Invoking command in '/home/bryansgue/uav_ws/build/acp_mujoco_simulator': AMENT_PREFIX_PATH=/home/bryansgue/uav_ws/install/quadrotor_msgs:${AMENT_PREFIX_PATH} CMAKE_PREFIX_PATH=/home/bryansgue/uav_ws/install/quadrotor_msgs:/home/bryansgue/acp_ws/install/quad_mujoco_sim:/home/bryansgue/acp_ws/install/voxl2_rpm_interface:/home/bryansgue/acp_ws/install/trackers_manager:/home/bryansgue/acp_ws/install/std_trackers:/home/bryansgue/acp_ws/install/sim_interface:/home/bryansgue/acp_ws/install/drone_teleop:/home/bryansgue/acp_ws/install/nmpc_control:/home/bryansgue/acp_ws/install/mav_manager_test:/home/bryansgue/acp_ws/install/dq_nmpc:/opt/ros/humble:/home/bryansgue/acp_ws/install/mav_manager:/home/bryansgue/acp_ws/install/trackers_msgs:/home/bryansgue/acp_ws/install/quadrotor_simulator:/home/bryansgue/acp_ws/install/pi_ros2_interface:/home/bryansgue/acp_ws/install/nmpc_payload_cpp:/home/bryansgue/acp_ws/install/mujoco_ros_utils:/home/bryansgue/acp_ws/install/mav_control:/home/bryansgue/acp_ws/install/dq_cpp:/home/bryansgue/acp_ws/install/acp_mujoco_simulator:/home/bryansgue/acp_ws/install/quadrotor_msgs:/home/bryansgue/acp_ws/install/mesh_visualization:/home/bryansgue/acp_ws/install/mav_manager_srv:/home/bryansgue/acp_ws/install/acp_autonomy LD_LIBRARY_PATH=/home/bryansgue/uav_ws/install/quadrotor_msgs/lib:/home/bryansgue/acp_ws/install/trackers_manager/lib:/home/bryansgue/acp_ws/install/std_trackers/lib:/home/bryansgue/acp_ws/install/mav_manager/lib:/home/bryansgue/acp_ws/install/trackers_msgs/lib:/home/bryansgue/acp_ws/install/quadrotor_simulator/lib:/home/bryansgue/acp_ws/install/pi_ros2_interface/lib:/home/bryansgue/acp_ws/install/nmpc_payload_cpp/lib:/home/bryansgue/acp_ws/install/mujoco_ros_utils/lib:/home/bryansgue/acp_ws/install/mav_control/lib:/home/bryansgue/acp_ws/install/dq_cpp/lib:/home/bryansgue/acp_ws/install/quadrotor_msgs/lib:/home/bryansgue/acp_ws/install/mesh_visualization/lib:/home/bryansgue/acp_ws/install/mav_manager_srv/lib:/opt/ros/humble/opt/rviz_ogre_vendor/lib:/opt/ros/humble/lib/x86_64-linux-gnu:/opt/ros/humble/lib:/home/bryansgue/acados/lib:/home/bryansgue/acados/lib:/home/bryansgue/acados/external/blasfeo/lib:/home/bryansgue/acados/external/hpipm/lib:/home/bryansgue/acados/lib:/home/bryansgue/acados/lib:/home/bryansgue/acados/external/blasfeo/lib:/home/bryansgue/acados/external/hpipm/lib PYTHONPATH=/home/bryansgue/uav_ws/install/quadrotor_msgs/local/lib/python3.10/dist-packages:${PYTHONPATH} /usr/bin/cmake /home/bryansgue/uav_ws/src/acp_mujoco_simulator -DMUJOCO_ROOT_DIR=/home/bryansgue/uav_ws/mujoco-3.4.0 -DAMENT_CMAKE_SYMLINK_INSTALL=1 -DCMAKE_INSTALL_PREFIX=/home/bryansgue/uav_ws/install/acp_mujoco_simulator
[0.102s] -- The C compiler identification is GNU 11.4.0
[0.163s] -- The CXX compiler identification is GNU 11.4.0
[0.172s] -- Detecting C compiler ABI info
[0.272s] -- Detecting C compiler ABI info - done
[0.277s] -- Check for working C compiler: /usr/bin/cc - skipped
[0.277s] -- Detecting C compile features
[0.277s] -- Detecting C compile features - done
[0.281s] -- Detecting CXX compiler ABI info
[0.390s] -- Detecting CXX compiler ABI info - done
[0.395s] -- Check for working CXX compiler: /usr/bin/c++ - skipped
[0.395s] -- Detecting CXX compile features
[0.396s] -- Detecting CXX compile features - done
[0.398s] -- Found ament_cmake: 1.3.13 (/opt/ros/humble/share/ament_cmake/cmake)
[0.583s] -- Found Python3: /usr/bin/python3 (found version "3.10.12") found components: Interpreter 
[0.649s] -- Override CMake install command with custom implementation using symlinks instead of copying resources
[0.683s] -- Found rclcpp: 16.0.18 (/opt/ros/humble/share/rclcpp/cmake)
[0.729s] -- Found rosidl_generator_c: 3.1.8 (/opt/ros/humble/share/rosidl_generator_c/cmake)
[0.734s] -- Found rosidl_adapter: 3.1.8 (/opt/ros/humble/share/rosidl_adapter/cmake)
[0.742s] -- Found rosidl_generator_cpp: 3.1.8 (/opt/ros/humble/share/rosidl_generator_cpp/cmake)
[0.752s] -- Using all available rosidl_typesupport_c: rosidl_typesupport_fastrtps_c;rosidl_typesupport_introspection_c
[0.766s] -- Using all available rosidl_typesupport_cpp: rosidl_typesupport_fastrtps_cpp;rosidl_typesupport_introspection_cpp
[0.815s] -- Found rmw_implementation_cmake: 6.1.2 (/opt/ros/humble/share/rmw_implementation_cmake/cmake)
[0.820s] -- Found rmw_fastrtps_cpp: 6.2.10 (/opt/ros/humble/share/rmw_fastrtps_cpp/cmake)
[0.945s] -- Found OpenSSL: /usr/lib/x86_64-linux-gnu/libcrypto.so (found version "3.0.2")  
[0.977s] -- Found FastRTPS: /opt/ros/humble/include  
[1.028s] -- Using RMW implementation 'rmw_fastrtps_cpp' as default
[1.042s] -- Looking for pthread.h
[1.136s] -- Looking for pthread.h - found
[1.136s] -- Performing Test CMAKE_HAVE_LIBC_PTHREAD
[1.228s] -- Performing Test CMAKE_HAVE_LIBC_PTHREAD - Success
[1.229s] -- Found Threads: TRUE  
[1.283s] -- Found nav_msgs: 4.9.1 (/opt/ros/humble/share/nav_msgs/cmake)
[1.307s] -- Found sensor_msgs: 4.9.1 (/opt/ros/humble/share/sensor_msgs/cmake)
[1.325s] -- Found tf2_ros: 0.25.19 (/opt/ros/humble/share/tf2_ros/cmake)
[1.433s] -- Found quadrotor_msgs: 1.0.0 (/home/bryansgue/uav_ws/install/quadrotor_msgs/share/quadrotor_msgs/cmake)
[1.459s] -- Found ament_lint_auto: 0.12.15 (/opt/ros/humble/share/ament_lint_auto/cmake)
[1.559s] -- Added test 'flake8' to check Python code syntax and style conventions
[1.561s] -- Added test 'lint_cmake' to check CMake code style
[1.562s] -- Added test 'pep257' to check Python code against some of the docstring style conventions in PEP 257
[1.568s] -- Added test 'xmllint' to check XML markup files
[1.570s] -- Configuring done
[1.576s] -- Generating done
[1.577s] [33mCMake Warning:
[1.577s]   Manually-specified variables were not used by the project:
[1.577s] 
[1.577s]     MUJOCO_ROOT_DIR
[1.577s] 
[1.577s] [0m
[1.578s] -- Build files have been written to: /home/bryansgue/uav_ws/build/acp_mujoco_simulator
[1.596s] Invoked command in '/home/bryansgue/uav_ws/build/acp_mujoco_simulator' returned '0': AMENT_PREFIX_PATH=/home/bryansgue/uav_ws/install/quadrotor_msgs:${AMENT_PREFIX_PATH} CMAKE_PREFIX_PATH=/home/bryansgue/uav_ws/install/quadrotor_msgs:/home/bryansgue/acp_ws/install/quad_mujoco_sim:/home/bryansgue/acp_ws/install/voxl2_rpm_interface:/home/bryansgue/acp_ws/install/trackers_manager:/home/bryansgue/acp_ws/install/std_trackers:/home/bryansgue/acp_ws/install/sim_interface:/home/bryansgue/acp_ws/install/drone_teleop:/home/bryansgue/acp_ws/install/nmpc_control:/home/bryansgue/acp_ws/install/mav_manager_test:/home/bryansgue/acp_ws/install/dq_nmpc:/opt/ros/humble:/home/bryansgue/acp_ws/install/mav_manager:/home/bryansgue/acp_ws/install/trackers_msgs:/home/bryansgue/acp_ws/install/quadrotor_simulator:/home/bryansgue/acp_ws/install/pi_ros2_interface:/home/bryansgue/acp_ws/install/nmpc_payload_cpp:/home/bryansgue/acp_ws/install/mujoco_ros_utils:/home/bryansgue/acp_ws/install/mav_control:/home/bryansgue/acp_ws/install/dq_cpp:/home/bryansgue/acp_ws/install/acp_mujoco_simulator:/home/bryansgue/acp_ws/install/quadrotor_msgs:/home/bryansgue/acp_ws/install/mesh_visualization:/home/bryansgue/acp_ws/install/mav_manager_srv:/home/bryansgue/acp_ws/install/acp_autonomy LD_LIBRARY_PATH=/home/bryansgue/uav_ws/install/quadrotor_msgs/lib:/home/bryansgue/acp_ws/install/trackers_manager/lib:/home/bryansgue/acp_ws/install/std_trackers/lib:/home/bryansgue/acp_ws/install/mav_manager/lib:/home/bryansgue/acp_ws/install/trackers_msgs/lib:/home/bryansgue/acp_ws/install/quadrotor_simulator/lib:/home/bryansgue/acp_ws/install/pi_ros2_interface/lib:/home/bryansgue/acp_ws/install/nmpc_payload_cpp/lib:/home/bryansgue/acp_ws/install/mujoco_ros_utils/lib:/home/bryansgue/acp_ws/install/mav_control/lib:/home/bryansgue/acp_ws/install/dq_cpp/lib:/home/bryansgue/acp_ws/install/quadrotor_msgs/lib:/home/bryansgue/acp_ws/install/mesh_visualization/lib:/home/bryansgue/acp_ws/install/mav_manager_srv/lib:/opt/ros/humble/opt/rviz_ogre_vendor/lib:/opt/ros/humble/lib/x86_64-linux-gnu:/opt/ros/humble/lib:/home/bryansgue/acados/lib:/home/bryansgue/acados/lib:/home/bryansgue/acados/external/blasfeo/lib:/home/bryansgue/acados/external/hpipm/lib:/home/bryansgue/acados/lib:/home/bryansgue/acados/lib:/home/bryansgue/acados/external/blasfeo/lib:/home/bryansgue/acados/external/hpipm/lib PYTHONPATH=/home/bryansgue/uav_ws/install/quadrotor_msgs/local/lib/python3.10/dist-packages:${PYTHONPATH} /usr/bin/cmake /home/bryansgue/uav_ws/src/acp_mujoco_simulator -DMUJOCO_ROOT_DIR=/home/bryansgue/uav_ws/mujoco-3.4.0 -DAMENT_CMAKE_SYMLINK_INSTALL=1 -DCMAKE_INSTALL_PREFIX=/home/bryansgue/uav_ws/install/acp_mujoco_simulator
[1.598s] Invoking command in '/home/bryansgue/uav_ws/build/acp_mujoco_simulator': AMENT_PREFIX_PATH=/home/bryansgue/uav_ws/install/quadrotor_msgs:${AMENT_PREFIX_PATH} CMAKE_PREFIX_PATH=/home/bryansgue/uav_ws/install/quadrotor_msgs:/home/bryansgue/acp_ws/install/quad_mujoco_sim:/home/bryansgue/acp_ws/install/voxl2_rpm_interface:/home/bryansgue/acp_ws/install/trackers_manager:/home/bryansgue/acp_ws/install/std_trackers:/home/bryansgue/acp_ws/install/sim_interface:/home/bryansgue/acp_ws/install/drone_teleop:/home/bryansgue/acp_ws/install/nmpc_control:/home/bryansgue/acp_ws/install/mav_manager_test:/home/bryansgue/acp_ws/install/dq_nmpc:/opt/ros/humble:/home/bryansgue/acp_ws/install/mav_manager:/home/bryansgue/acp_ws/install/trackers_msgs:/home/bryansgue/acp_ws/install/quadrotor_simulator:/home/bryansgue/acp_ws/install/pi_ros2_interface:/home/bryansgue/acp_ws/install/nmpc_payload_cpp:/home/bryansgue/acp_ws/install/mujoco_ros_utils:/home/bryansgue/acp_ws/install/mav_control:/home/bryansgue/acp_ws/install/dq_cpp:/home/bryansgue/acp_ws/install/acp_mujoco_simulator:/home/bryansgue/acp_ws/install/quadrotor_msgs:/home/bryansgue/acp_ws/install/mesh_visualization:/home/bryansgue/acp_ws/install/mav_manager_srv:/home/bryansgue/acp_ws/install/acp_autonomy LD_LIBRARY_PATH=/home/bryansgue/uav_ws/install/quadrotor_msgs/lib:/home/bryansgue/acp_ws/install/trackers_manager/lib:/home/bryansgue/acp_ws/install/std_trackers/lib:/home/bryansgue/acp_ws/install/mav_manager/lib:/home/bryansgue/acp_ws/install/trackers_msgs/lib:/home/bryansgue/acp_ws/install/quadrotor_simulator/lib:/home/bryansgue/acp_ws/install/pi_ros2_interface/lib:/home/bryansgue/acp_ws/install/nmpc_payload_cpp/lib:/home/bryansgue/acp_ws/install/mujoco_ros_utils/lib:/home/bryansgue/acp_ws/install/mav_control/lib:/home/bryansgue/acp_ws/install/dq_cpp/lib:/home/bryansgue/acp_ws/install/quadrotor_msgs/lib:/home/bryansgue/acp_ws/install/mesh_visualization/lib:/home/bryansgue/acp_ws/install/mav_manager_srv/lib:/opt/ros/humble/opt/rviz_ogre_vendor/lib:/opt/ros/humble/lib/x86_64-linux-gnu:/opt/ros/humble/lib:/home/bryansgue/acados/lib:/home/bryansgue/acados/lib:/home/bryansgue/acados/external/blasfeo/lib:/home/bryansgue/acados/external/hpipm/lib:/home/bryansgue/acados/lib:/home/bryansgue/acados/lib:/home/bryansgue/acados/external/blasfeo/lib:/home/bryansgue/acados/external/hpipm/lib PYTHONPATH=/home/bryansgue/uav_ws/install/quadrotor_msgs/local/lib/python3.10/dist-packages:${PYTHONPATH} /usr/bin/cmake --build /home/bryansgue/uav_ws/build/acp_mujoco_simulator -- -j16 -l16
[1.658s] Invoked command in '/home/bryansgue/uav_ws/build/acp_mujoco_simulator' returned '0': AMENT_PREFIX_PATH=/home/bryansgue/uav_ws/install/quadrotor_msgs:${AMENT_PREFIX_PATH} CMAKE_PREFIX_PATH=/home/bryansgue/uav_ws/install/quadrotor_msgs:/home/bryansgue/acp_ws/install/quad_mujoco_sim:/home/bryansgue/acp_ws/install/voxl2_rpm_interface:/home/bryansgue/acp_ws/install/trackers_manager:/home/bryansgue/acp_ws/install/std_trackers:/home/bryansgue/acp_ws/install/sim_interface:/home/bryansgue/acp_ws/install/drone_teleop:/home/bryansgue/acp_ws/install/nmpc_control:/home/bryansgue/acp_ws/install/mav_manager_test:/home/bryansgue/acp_ws/install/dq_nmpc:/opt/ros/humble:/home/bryansgue/acp_ws/install/mav_manager:/home/bryansgue/acp_ws/install/trackers_msgs:/home/bryansgue/acp_ws/install/quadrotor_simulator:/home/bryansgue/acp_ws/install/pi_ros2_interface:/home/bryansgue/acp_ws/install/nmpc_payload_cpp:/home/bryansgue/acp_ws/install/mujoco_ros_utils:/home/bryansgue/acp_ws/install/mav_control:/home/bryansgue/acp_ws/install/dq_cpp:/home/bryansgue/acp_ws/install/acp_mujoco_simulator:/home/bryansgue/acp_ws/install/quadrotor_msgs:/home/bryansgue/acp_ws/install/mesh_visualization:/home/bryansgue/acp_ws/install/mav_manager_srv:/home/bryansgue/acp_ws/install/acp_autonomy LD_LIBRARY_PATH=/home/bryansgue/uav_ws/install/quadrotor_msgs/lib:/home/bryansgue/acp_ws/install/trackers_manager/lib:/home/bryansgue/acp_ws/install/std_trackers/lib:/home/bryansgue/acp_ws/install/mav_manager/lib:/home/bryansgue/acp_ws/install/trackers_msgs/lib:/home/bryansgue/acp_ws/install/quadrotor_simulator/lib:/home/bryansgue/acp_ws/install/pi_ros2_interface/lib:/home/bryansgue/acp_ws/install/nmpc_payload_cpp/lib:/home/bryansgue/acp_ws/install/mujoco_ros_utils/lib:/home/bryansgue/acp_ws/install/mav_control/lib:/home/bryansgue/acp_ws/install/dq_cpp/lib:/home/bryansgue/acp_ws/install/quadrotor_msgs/lib:/home/bryansgue/acp_ws/install/mesh_visualization/lib:/home/bryansgue/acp_ws/install/mav_manager_srv/lib:/opt/ros/humble/opt/rviz_ogre_vendor/lib:/opt/ros/humble/lib/x86_64-linux-gnu:/opt/ros/humble/lib:/home/bryansgue/acados/lib:/home/bryansgue/acados/lib:/home/bryansgue/acados/external/blasfeo/lib:/home/bryansgue/acados/external/hpipm/lib:/home/bryansgue/acados/lib:/home/bryansgue/acados/lib:/home/bryansgue/acados/external/blasfeo/lib:/home/bryansgue/acados/external/hpipm/lib PYTHONPATH=/home/bryansgue/uav_ws/install/quadrotor_msgs/local/lib/python3.10/dist-packages:${PYTHONPATH} /usr/bin/cmake --build /home/bryansgue/uav_ws/build/acp_mujoco_simulator -- -j16 -l16
[1.660s] Invoking command in '/home/bryansgue/uav_ws/build/acp_mujoco_simulator': AMENT_PREFIX_PATH=/home/bryansgue/uav_ws/install/quadrotor_msgs:${AMENT_PREFIX_PATH} CMAKE_PREFIX_PATH=/home/bryansgue/uav_ws/install/quadrotor_msgs:/home/bryansgue/acp_ws/install/quad_mujoco_sim:/home/bryansgue/acp_ws/install/voxl2_rpm_interface:/home/bryansgue/acp_ws/install/trackers_manager:/home/bryansgue/acp_ws/install/std_trackers:/home/bryansgue/acp_ws/install/sim_interface:/home/bryansgue/acp_ws/install/drone_teleop:/home/bryansgue/acp_ws/install/nmpc_control:/home/bryansgue/acp_ws/install/mav_manager_test:/home/bryansgue/acp_ws/install/dq_nmpc:/opt/ros/humble:/home/bryansgue/acp_ws/install/mav_manager:/home/bryansgue/acp_ws/install/trackers_msgs:/home/bryansgue/acp_ws/install/quadrotor_simulator:/home/bryansgue/acp_ws/install/pi_ros2_interface:/home/bryansgue/acp_ws/install/nmpc_payload_cpp:/home/bryansgue/acp_ws/install/mujoco_ros_utils:/home/bryansgue/acp_ws/install/mav_control:/home/bryansgue/acp_ws/install/dq_cpp:/home/bryansgue/acp_ws/install/acp_mujoco_simulator:/home/bryansgue/acp_ws/install/quadrotor_msgs:/home/bryansgue/acp_ws/install/mesh_visualization:/home/bryansgue/acp_ws/install/mav_manager_srv:/home/bryansgue/acp_ws/install/acp_autonomy LD_LIBRARY_PATH=/home/bryansgue/uav_ws/install/quadrotor_msgs/lib:/home/bryansgue/acp_ws/install/trackers_manager/lib:/home/bryansgue/acp_ws/install/std_trackers/lib:/home/bryansgue/acp_ws/install/mav_manager/lib:/home/bryansgue/acp_ws/install/trackers_msgs/lib:/home/bryansgue/acp_ws/install/quadrotor_simulator/lib:/home/bryansgue/acp_ws/install/pi_ros2_interface/lib:/home/bryansgue/acp_ws/install/nmpc_payload_cpp/lib:/home/bryansgue/acp_ws/install/mujoco_ros_utils/lib:/home/bryansgue/acp_ws/install/mav_control/lib:/home/bryansgue/acp_ws/install/dq_cpp/lib:/home/bryansgue/acp_ws/install/quadrotor_msgs/lib:/home/bryansgue/acp_ws/install/mesh_visualization/lib:/home/bryansgue/acp_ws/install/mav_manager_srv/lib:/opt/ros/humble/opt/rviz_ogre_vendor/lib:/opt/ros/humble/lib/x86_64-linux-gnu:/opt/ros/humble/lib:/home/bryansgue/acados/lib:/home/bryansgue/acados/lib:/home/bryansgue/acados/external/blasfeo/lib:/home/bryansgue/acados/external/hpipm/lib:/home/bryansgue/acados/lib:/home/bryansgue/acados/lib:/home/bryansgue/acados/external/blasfeo/lib:/home/bryansgue/acados/external/hpipm/lib PYTHONPATH=/home/bryansgue/uav_ws/install/quadrotor_msgs/local/lib/python3.10/dist-packages:${PYTHONPATH} /usr/bin/cmake --install /home/bryansgue/uav_ws/build/acp_mujoco_simulator
[1.670s] -- Install configuration: ""
[1.671s] -- Execute custom install script
[1.672s] -- Symlinking: /home/bryansgue/uav_ws/install/acp_mujoco_simulator/share/acp_mujoco_simulator/model/humanoid_macro.xml.xacro
[1.684s] -- Symlinking: /home/bryansgue/uav_ws/install/acp_mujoco_simulator/share/acp_mujoco_simulator/model/humanoid_resource/g1_12dof.xml
[1.698s] -- Symlinking: /home/bryansgue/uav_ws/install/acp_mujoco_simulator/share/acp_mujoco_simulator/model/humanoid_resource/g1_27dof.xml
[1.711s] -- Symlinking: /home/bryansgue/uav_ws/install/acp_mujoco_simulator/share/acp_mujoco_simulator/model/humanoid_resource/g1_29dof.xml
[1.726s] -- Symlinking: /home/bryansgue/uav_ws/install/acp_mujoco_simulator/share/acp_mujoco_simulator/model/humanoid_resource/g1_29dof_left.xml
[1.740s] -- Symlinking: /home/bryansgue/uav_ws/install/acp_mujoco_simulator/share/acp_mujoco_simulator/model/humanoid_resource/g1_29dof_right.xml
[1.754s] -- Symlinking: /home/bryansgue/uav_ws/install/acp_mujoco_simulator/share/acp_mujoco_simulator/model/humanoid_resource/g1_gear_wbc.xml
[1.768s] -- Symlinking: /home/bryansgue/uav_ws/install/acp_mujoco_simulator/share/acp_mujoco_simulator/model/humanoid_resource/meshes/X2_lowpoly_texture_SpinningProps_1024.png
[1.781s] -- Symlinking: /home/bryansgue/uav_ws/install/acp_mujoco_simulator/share/acp_mujoco_simulator/model/humanoid_resource/meshes/head_link.STL
[1.794s] -- Symlinking: /home/bryansgue/uav_ws/install/acp_mujoco_simulator/share/acp_mujoco_simulator/model/humanoid_resource/meshes/left_ankle_pitch_link.STL
[1.808s] -- Symlinking: /home/bryansgue/uav_ws/install/acp_mujoco_simulator/share/acp_mujoco_simulator/model/humanoid_resource/meshes/left_ankle_roll_link.STL
[1.823s] -- Symlinking: /home/bryansgue/uav_ws/install/acp_mujoco_simulator/share/acp_mujoco_simulator/model/humanoid_resource/meshes/left_elbow_link.STL
[1.836s] -- Symlinking: /home/bryansgue/uav_ws/install/acp_mujoco_simulator/share/acp_mujoco_simulator/model/humanoid_resource/meshes/left_hand_index_0_link.STL
[1.849s] -- Symlinking: /home/bryansgue/uav_ws/install/acp_mujoco_simulator/share/acp_mujoco_simulator/model/humanoid_resource/meshes/left_hand_index_1_link.STL
[1.862s] -- Symlinking: /home/bryansgue/uav_ws/install/acp_mujoco_simulator/share/acp_mujoco_simulator/model/humanoid_resource/meshes/left_hand_middle_0_link.STL
[1.874s] -- Symlinking: /home/bryansgue/uav_ws/install/acp_mujoco_simulator/share/acp_mujoco_simulator/model/humanoid_resource/meshes/left_hand_middle_1_link.STL
[1.887s] -- Symlinking: /home/bryansgue/uav_ws/install/acp_mujoco_simulator/share/acp_mujoco_simulator/model/humanoid_resource/meshes/left_hand_palm_link.STL
[1.899s] -- Symlinking: /home/bryansgue/uav_ws/install/acp_mujoco_simulator/share/acp_mujoco_simulator/model/humanoid_resource/meshes/left_hand_thumb_0_link.STL
[1.912s] -- Symlinking: /home/bryansgue/uav_ws/install/acp_mujoco_simulator/share/acp_mujoco_simulator/model/humanoid_resource/meshes/left_hand_thumb_1_link.STL
[1.927s] -- Symlinking: /home/bryansgue/uav_ws/install/acp_mujoco_simulator/share/acp_mujoco_simulator/model/humanoid_resource/meshes/left_hand_thumb_2_link.STL
[1.942s] -- Symlinking: /home/bryansgue/uav_ws/install/acp_mujoco_simulator/share/acp_mujoco_simulator/model/humanoid_resource/meshes/left_hip_pitch_link.STL
[1.954s] -- Symlinking: /home/bryansgue/uav_ws/install/acp_mujoco_simulator/share/acp_mujoco_simulator/model/humanoid_resource/meshes/left_hip_roll_link.STL
[1.967s] -- Symlinking: /home/bryansgue/uav_ws/install/acp_mujoco_simulator/share/acp_mujoco_simulator/model/humanoid_resource/meshes/left_hip_yaw_link.STL
[1.980s] -- Symlinking: /home/bryansgue/uav_ws/install/acp_mujoco_simulator/share/acp_mujoco_simulator/model/humanoid_resource/meshes/left_knee_link.STL
[1.992s] -- Symlinking: /home/bryansgue/uav_ws/install/acp_mujoco_simulator/share/acp_mujoco_simulator/model/humanoid_resource/meshes/left_rubber_hand.STL
[2.005s] -- Symlinking: /home/bryansgue/uav_ws/install/acp_mujoco_simulator/share/acp_mujoco_simulator/model/humanoid_resource/meshes/left_shoulder_pitch_link.STL
[2.017s] -- Symlinking: /home/bryansgue/uav_ws/install/acp_mujoco_simulator/share/acp_mujoco_simulator/model/humanoid_resource/meshes/left_shoulder_roll_link.STL
[2.030s] -- Symlinking: /home/bryansgue/uav_ws/install/acp_mujoco_simulator/share/acp_mujoco_simulator/model/humanoid_resource/meshes/left_shoulder_yaw_link.STL
[2.044s] -- Symlinking: /home/bryansgue/uav_ws/install/acp_mujoco_simulator/share/acp_mujoco_simulator/model/humanoid_resource/meshes/left_wrist_pitch_link.STL
[2.058s] -- Symlinking: /home/bryansgue/uav_ws/install/acp_mujoco_simulator/share/acp_mujoco_simulator/model/humanoid_resource/meshes/left_wrist_roll_link.STL
[2.070s] -- Symlinking: /home/bryansgue/uav_ws/install/acp_mujoco_simulator/share/acp_mujoco_simulator/model/humanoid_resource/meshes/left_wrist_roll_rubber_hand.STL
[2.083s] -- Symlinking: /home/bryansgue/uav_ws/install/acp_mujoco_simulator/share/acp_mujoco_simulator/model/humanoid_resource/meshes/left_wrist_yaw_link.STL
[2.096s] -- Symlinking: /home/bryansgue/uav_ws/install/acp_mujoco_simulator/share/acp_mujoco_simulator/model/humanoid_resource/meshes/logo_link.STL
[2.110s] -- Symlinking: /home/bryansgue/uav_ws/install/acp_mujoco_simulator/share/acp_mujoco_simulator/model/humanoid_resource/meshes/pelvis.STL
[2.122s] -- Symlinking: /home/bryansgue/uav_ws/install/acp_mujoco_simulator/share/acp_mujoco_simulator/model/humanoid_resource/meshes/pelvis_contour_link.STL
[2.136s] -- Symlinking: /home/bryansgue/uav_ws/install/acp_mujoco_simulator/share/acp_mujoco_simulator/model/humanoid_resource/meshes/right_ankle_pitch_link.STL
[2.151s] -- Symlinking: /home/bryansgue/uav_ws/install/acp_mujoco_simulator/share/acp_mujoco_simulator/model/humanoid_resource/meshes/right_ankle_roll_link.STL
[2.165s] -- Symlinking: /home/bryansgue/uav_ws/install/acp_mujoco_simulator/share/acp_mujoco_simulator/model/humanoid_resource/meshes/right_elbow_link.STL
[2.178s] -- Symlinking: /home/bryansgue/uav_ws/install/acp_mujoco_simulator/share/acp_mujoco_simulator/model/humanoid_resource/meshes/right_hand_index_0_link.STL
[2.191s] -- Symlinking: /home/bryansgue/uav_ws/install/acp_mujoco_simulator/share/acp_mujoco_simulator/model/humanoid_resource/meshes/right_hand_index_1_link.STL
[2.205s] -- Symlinking: /home/bryansgue/uav_ws/install/acp_mujoco_simulator/share/acp_mujoco_simulator/model/humanoid_resource/meshes/right_hand_middle_0_link.STL
[2.218s] -- Symlinking: /home/bryansgue/uav_ws/install/acp_mujoco_simulator/share/acp_mujoco_simulator/model/humanoid_resource/meshes/right_hand_middle_1_link.STL
[2.232s] -- Symlinking: /home/bryansgue/uav_ws/install/acp_mujoco_simulator/share/acp_mujoco_simulator/model/humanoid_resource/meshes/right_hand_palm_link.STL
[2.246s] -- Symlinking: /home/bryansgue/uav_ws/install/acp_mujoco_simulator/share/acp_mujoco_simulator/model/humanoid_resource/meshes/right_hand_thumb_0_link.STL
[2.260s] -- Symlinking: /home/bryansgue/uav_ws/install/acp_mujoco_simulator/share/acp_mujoco_simulator/model/humanoid_resource/meshes/right_hand_thumb_1_link.STL
[2.272s] -- Symlinking: /home/bryansgue/uav_ws/install/acp_mujoco_simulator/share/acp_mujoco_simulator/model/humanoid_resource/meshes/right_hand_thumb_2_link.STL
[2.284s] -- Symlinking: /home/bryansgue/uav_ws/install/acp_mujoco_simulator/share/acp_mujoco_simulator/model/humanoid_resource/meshes/right_hip_pitch_link.STL
[2.296s] -- Symlinking: /home/bryansgue/uav_ws/install/acp_mujoco_simulator/share/acp_mujoco_simulator/model/humanoid_resource/meshes/right_hip_roll_link.STL
[2.308s] -- Symlinking: /home/bryansgue/uav_ws/install/acp_mujoco_simulator/share/acp_mujoco_simulator/model/humanoid_resource/meshes/right_hip_yaw_link.STL
[2.323s] -- Symlinking: /home/bryansgue/uav_ws/install/acp_mujoco_simulator/share/acp_mujoco_simulator/model/humanoid_resource/meshes/right_knee_link.STL
[2.337s] -- Symlinking: /home/bryansgue/uav_ws/install/acp_mujoco_simulator/share/acp_mujoco_simulator/model/humanoid_resource/meshes/right_rubber_hand.STL
[2.351s] -- Symlinking: /home/bryansgue/uav_ws/install/acp_mujoco_simulator/share/acp_mujoco_simulator/model/humanoid_resource/meshes/right_shoulder_pitch_link.STL
[2.364s] -- Symlinking: /home/bryansgue/uav_ws/install/acp_mujoco_simulator/share/acp_mujoco_simulator/model/humanoid_resource/meshes/right_shoulder_roll_link.STL
[2.376s] -- Symlinking: /home/bryansgue/uav_ws/install/acp_mujoco_simulator/share/acp_mujoco_simulator/model/humanoid_resource/meshes/right_shoulder_yaw_link.STL
[2.391s] -- Symlinking: /home/bryansgue/uav_ws/install/acp_mujoco_simulator/share/acp_mujoco_simulator/model/humanoid_resource/meshes/right_wrist_pitch_link.STL
[2.405s] -- Symlinking: /home/bryansgue/uav_ws/install/acp_mujoco_simulator/share/acp_mujoco_simulator/model/humanoid_resource/meshes/right_wrist_roll_link.STL
[2.417s] -- Symlinking: /home/bryansgue/uav_ws/install/acp_mujoco_simulator/share/acp_mujoco_simulator/model/humanoid_resource/meshes/right_wrist_roll_rubber_hand.STL
[2.433s] -- Symlinking: /home/bryansgue/uav_ws/install/acp_mujoco_simulator/share/acp_mujoco_simulator/model/humanoid_resource/meshes/right_wrist_yaw_link.STL
[2.446s] -- Symlinking: /home/bryansgue/uav_ws/install/acp_mujoco_simulator/share/acp_mujoco_simulator/model/humanoid_resource/meshes/torso_constraint_L_link.STL
[2.459s] -- Symlinking: /home/bryansgue/uav_ws/install/acp_mujoco_simulator/share/acp_mujoco_simulator/model/humanoid_resource/meshes/torso_constraint_L_rod_link.STL
[2.472s] -- Symlinking: /home/bryansgue/uav_ws/install/acp_mujoco_simulator/share/acp_mujoco_simulator/model/humanoid_resource/meshes/torso_constraint_R_link.STL
[2.485s] -- Symlinking: /home/bryansgue/uav_ws/install/acp_mujoco_simulator/share/acp_mujoco_simulator/model/humanoid_resource/meshes/torso_constraint_R_rod_link.STL
[2.498s] -- Symlinking: /home/bryansgue/uav_ws/install/acp_mujoco_simulator/share/acp_mujoco_simulator/model/humanoid_resource/meshes/torso_link.STL
[2.511s] -- Symlinking: /home/bryansgue/uav_ws/install/acp_mujoco_simulator/share/acp_mujoco_simulator/model/humanoid_resource/meshes/torso_link_23dof_rev_1_0.STL
[2.527s] -- Symlinking: /home/bryansgue/uav_ws/install/acp_mujoco_simulator/share/acp_mujoco_simulator/model/humanoid_resource/meshes/torso_link_rev_1_0.STL
[2.540s] -- Symlinking: /home/bryansgue/uav_ws/install/acp_mujoco_simulator/share/acp_mujoco_simulator/model/humanoid_resource/meshes/waist_constraint_L.STL
[2.552s] -- Symlinking: /home/bryansgue/uav_ws/install/acp_mujoco_simulator/share/acp_mujoco_simulator/model/humanoid_resource/meshes/waist_constraint_R.STL
[2.565s] -- Symlinking: /home/bryansgue/uav_ws/install/acp_mujoco_simulator/share/acp_mujoco_simulator/model/humanoid_resource/meshes/waist_roll_link.STL
[2.579s] -- Symlinking: /home/bryansgue/uav_ws/install/acp_mujoco_simulator/share/acp_mujoco_simulator/model/humanoid_resource/meshes/waist_roll_link_rev_1_0.STL
[2.591s] -- Symlinking: /home/bryansgue/uav_ws/install/acp_mujoco_simulator/share/acp_mujoco_simulator/model/humanoid_resource/meshes/waist_support_link.STL
[2.605s] -- Symlinking: /home/bryansgue/uav_ws/install/acp_mujoco_simulator/share/acp_mujoco_simulator/model/humanoid_resource/meshes/waist_yaw_link.STL
[2.618s] -- Symlinking: /home/bryansgue/uav_ws/install/acp_mujoco_simulator/share/acp_mujoco_simulator/model/humanoid_resource/meshes/waist_yaw_link_rev_1_0.STL
[2.634s] -- Symlinking: /home/bryansgue/uav_ws/install/acp_mujoco_simulator/share/acp_mujoco_simulator/model/humanoid_resource/read_mujoco.py
[2.647s] -- Symlinking: /home/bryansgue/uav_ws/install/acp_mujoco_simulator/share/acp_mujoco_simulator/model/quadrotor_acro_macro.xml.xacro
[2.660s] -- Symlinking: /home/bryansgue/uav_ws/install/acp_mujoco_simulator/share/acp_mujoco_simulator/model/quadrotor_lowlevel_macro.xml.xacro
[2.674s] -- Symlinking: /home/bryansgue/uav_ws/install/acp_mujoco_simulator/share/acp_mujoco_simulator/model/quadrotor_so3_macro.xml.xacro
[2.687s] -- Symlinking: /home/bryansgue/uav_ws/install/acp_mujoco_simulator/share/acp_mujoco_simulator/model/quadrotor_verify_mass_inertia.xml
[2.701s] -- Symlinking: /home/bryansgue/uav_ws/install/acp_mujoco_simulator/share/acp_mujoco_simulator/model/read_mujoco.py
[2.715s] -- Symlinking: /home/bryansgue/uav_ws/install/acp_mujoco_simulator/share/acp_mujoco_simulator/model/scene.xml.xacro
[2.728s] -- Symlinking: /home/bryansgue/uav_ws/install/acp_mujoco_simulator/share/acp_mujoco_simulator/model/scene_acro.xml.xacro
[2.741s] -- Symlinking: /home/bryansgue/uav_ws/install/acp_mujoco_simulator/share/acp_mujoco_simulator/model/scene_acro_humanoid.xml.xacro
[2.754s] -- Symlinking: /home/bryansgue/uav_ws/install/acp_mujoco_simulator/share/acp_mujoco_simulator/model/scene_lowlevel.xml.xacro
[2.767s] -- Symlinking: /home/bryansgue/uav_ws/install/acp_mujoco_simulator/share/acp_mujoco_simulator/model/scene_so3.xml.xacro
[2.781s] -- Symlinking: /home/bryansgue/uav_ws/install/acp_mujoco_simulator/share/ament_index/resource_index/package_run_dependencies/acp_mujoco_simulator
[2.793s] -- Symlinking: /home/bryansgue/uav_ws/install/acp_mujoco_simulator/share/ament_index/resource_index/parent_prefix_path/acp_mujoco_simulator
[2.806s] -- Symlinking: /home/bryansgue/uav_ws/install/acp_mujoco_simulator/share/acp_mujoco_simulator/environment/ament_prefix_path.sh
[2.819s] -- Symlinking: /home/bryansgue/uav_ws/install/acp_mujoco_simulator/share/acp_mujoco_simulator/environment/ament_prefix_path.dsv
[2.835s] -- Symlinking: /home/bryansgue/uav_ws/install/acp_mujoco_simulator/share/acp_mujoco_simulator/environment/path.sh
[2.848s] -- Symlinking: /home/bryansgue/uav_ws/install/acp_mujoco_simulator/share/acp_mujoco_simulator/environment/path.dsv
[2.860s] -- Symlinking: /home/bryansgue/uav_ws/install/acp_mujoco_simulator/share/acp_mujoco_simulator/local_setup.bash
[2.873s] -- Symlinking: /home/bryansgue/uav_ws/install/acp_mujoco_simulator/share/acp_mujoco_simulator/local_setup.sh
[2.886s] -- Symlinking: /home/bryansgue/uav_ws/install/acp_mujoco_simulator/share/acp_mujoco_simulator/local_setup.zsh
[2.900s] -- Symlinking: /home/bryansgue/uav_ws/install/acp_mujoco_simulator/share/acp_mujoco_simulator/local_setup.dsv
[2.913s] -- Symlinking: /home/bryansgue/uav_ws/install/acp_mujoco_simulator/share/acp_mujoco_simulator/package.dsv
[2.928s] -- Symlinking: /home/bryansgue/uav_ws/install/acp_mujoco_simulator/share/ament_index/resource_index/packages/acp_mujoco_simulator
[2.941s] -- Symlinking: /home/bryansgue/uav_ws/install/acp_mujoco_simulator/share/acp_mujoco_simulator/cmake/acp_mujoco_simulatorConfig.cmake
[2.953s] -- Symlinking: /home/bryansgue/uav_ws/install/acp_mujoco_simulator/share/acp_mujoco_simulator/cmake/acp_mujoco_simulatorConfig-version.cmake
[2.967s] -- Symlinking: /home/bryansgue/uav_ws/install/acp_mujoco_simulator/share/acp_mujoco_simulator/package.xml
[2.983s] Invoked command in '/home/bryansgue/uav_ws/build/acp_mujoco_simulator' returned '0': AMENT_PREFIX_PATH=/home/bryansgue/uav_ws/install/quadrotor_msgs:${AMENT_PREFIX_PATH} CMAKE_PREFIX_PATH=/home/bryansgue/uav_ws/install/quadrotor_msgs:/home/bryansgue/acp_ws/install/quad_mujoco_sim:/home/bryansgue/acp_ws/install/voxl2_rpm_interface:/home/bryansgue/acp_ws/install/trackers_manager:/home/bryansgue/acp_ws/install/std_trackers:/home/bryansgue/acp_ws/install/sim_interface:/home/bryansgue/acp_ws/install/drone_teleop:/home/bryansgue/acp_ws/install/nmpc_control:/home/bryansgue/acp_ws/install/mav_manager_test:/home/bryansgue/acp_ws/install/dq_nmpc:/opt/ros/humble:/home/bryansgue/acp_ws/install/mav_manager:/home/bryansgue/acp_ws/install/trackers_msgs:/home/bryansgue/acp_ws/install/quadrotor_simulator:/home/bryansgue/acp_ws/install/pi_ros2_interface:/home/bryansgue/acp_ws/install/nmpc_payload_cpp:/home/bryansgue/acp_ws/install/mujoco_ros_utils:/home/bryansgue/acp_ws/install/mav_control:/home/bryansgue/acp_ws/install/dq_cpp:/home/bryansgue/acp_ws/install/acp_mujoco_simulator:/home/bryansgue/acp_ws/install/quadrotor_msgs:/home/bryansgue/acp_ws/install/mesh_visualization:/home/bryansgue/acp_ws/install/mav_manager_srv:/home/bryansgue/acp_ws/install/acp_autonomy LD_LIBRARY_PATH=/home/bryansgue/uav_ws/install/quadrotor_msgs/lib:/home/bryansgue/acp_ws/install/trackers_manager/lib:/home/bryansgue/acp_ws/install/std_trackers/lib:/home/bryansgue/acp_ws/install/mav_manager/lib:/home/bryansgue/acp_ws/install/trackers_msgs/lib:/home/bryansgue/acp_ws/install/quadrotor_simulator/lib:/home/bryansgue/acp_ws/install/pi_ros2_interface/lib:/home/bryansgue/acp_ws/install/nmpc_payload_cpp/lib:/home/bryansgue/acp_ws/install/mujoco_ros_utils/lib:/home/bryansgue/acp_ws/install/mav_control/lib:/home/bryansgue/acp_ws/install/dq_cpp/lib:/home/bryansgue/acp_ws/install/quadrotor_msgs/lib:/home/bryansgue/acp_ws/install/mesh_visualization/lib:/home/bryansgue/acp_ws/install/mav_manager_srv/lib:/opt/ros/humble/opt/rviz_ogre_vendor/lib:/opt/ros/humble/lib/x86_64-linux-gnu:/opt/ros/humble/lib:/home/bryansgue/acados/lib:/home/bryansgue/acados/lib:/home/bryansgue/acados/external/blasfeo/lib:/home/bryansgue/acados/external/hpipm/lib:/home/bryansgue/acados/lib:/home/bryansgue/acados/lib:/home/bryansgue/acados/external/blasfeo/lib:/home/bryansgue/acados/external/hpipm/lib PYTHONPATH=/home/bryansgue/uav_ws/install/quadrotor_msgs/local/lib/python3.10/dist-packages:${PYTHONPATH} /usr/bin/cmake --install /home/bryansgue/uav_ws/build/acp_mujoco_simulator
