/usr/bin/cmake -S/home/bryansgue/uav_ws/src/MujocoRosUtils -B/home/bryansgue/uav_ws/build/mujoco_ros_utils --check-build-system CMakeFiles/Makefile.cmake 0
/usr/bin/cmake -E cmake_progress_start /home/bryansgue/uav_ws/build/mujoco_ros_utils/CMakeFiles /home/bryansgue/uav_ws/build/mujoco_ros_utils//CMakeFiles/progress.marks
/usr/bin/gmake  -f CMakeFiles/Makefile2 all
gmake[1]: Entering directory '/home/bryansgue/uav_ws/build/mujoco_ros_utils'
/usr/bin/gmake  -f CMakeFiles/mujoco_ros_utils__cpp.dir/build.make CMakeFiles/mujoco_ros_utils__cpp.dir/depend
/usr/bin/gmake  -f CMakeFiles/mujoco_ros_utils__rosidl_generator_c.dir/build.make CMakeFiles/mujoco_ros_utils__rosidl_generator_c.dir/depend
/usr/bin/gmake  -f CMakeFiles/ament_cmake_python_symlink_mujoco_ros_utils.dir/build.make CMakeFiles/ament_cmake_python_symlink_mujoco_ros_utils.dir/depend
gmake[2]: Entering directory '/home/bryansgue/uav_ws/build/mujoco_ros_utils'
cd /home/bryansgue/uav_ws/build/mujoco_ros_utils && /usr/bin/cmake -E cmake_depends "Unix Makefiles" /home/bryansgue/uav_ws/src/MujocoRosUtils /home/bryansgue/uav_ws/src/MujocoRosUtils /home/bryansgue/uav_ws/build/mujoco_ros_utils /home/bryansgue/uav_ws/build/mujoco_ros_utils /home/bryansgue/uav_ws/build/mujoco_ros_utils/CMakeFiles/mujoco_ros_utils__cpp.dir/DependInfo.cmake --color=
gmake[2]: Entering directory '/home/bryansgue/uav_ws/build/mujoco_ros_utils'
cd /home/bryansgue/uav_ws/build/mujoco_ros_utils && /usr/bin/cmake -E cmake_depends "Unix Makefiles" /home/bryansgue/uav_ws/src/MujocoRosUtils /home/bryansgue/uav_ws/src/MujocoRosUtils /home/bryansgue/uav_ws/build/mujoco_ros_utils /home/bryansgue/uav_ws/build/mujoco_ros_utils /home/bryansgue/uav_ws/build/mujoco_ros_utils/CMakeFiles/ament_cmake_python_symlink_mujoco_ros_utils.dir/DependInfo.cmake --color=
gmake[2]: Entering directory '/home/bryansgue/uav_ws/build/mujoco_ros_utils'
cd /home/bryansgue/uav_ws/build/mujoco_ros_utils && /usr/bin/cmake -E cmake_depends "Unix Makefiles" /home/bryansgue/uav_ws/src/MujocoRosUtils /home/bryansgue/uav_ws/src/MujocoRosUtils /home/bryansgue/uav_ws/build/mujoco_ros_utils /home/bryansgue/uav_ws/build/mujoco_ros_utils /home/bryansgue/uav_ws/build/mujoco_ros_utils/CMakeFiles/mujoco_ros_utils__rosidl_generator_c.dir/DependInfo.cmake --color=
gmake[2]: Leaving directory '/home/bryansgue/uav_ws/build/mujoco_ros_utils'
gmake[2]: Leaving directory '/home/bryansgue/uav_ws/build/mujoco_ros_utils'
gmake[2]: Leaving directory '/home/bryansgue/uav_ws/build/mujoco_ros_utils'
/usr/bin/gmake  -f CMakeFiles/mujoco_ros_utils__cpp.dir/build.make CMakeFiles/mujoco_ros_utils__cpp.dir/build
/usr/bin/gmake  -f CMakeFiles/mujoco_ros_utils__rosidl_generator_c.dir/build.make CMakeFiles/mujoco_ros_utils__rosidl_generator_c.dir/build
/usr/bin/gmake  -f CMakeFiles/ament_cmake_python_symlink_mujoco_ros_utils.dir/build.make CMakeFiles/ament_cmake_python_symlink_mujoco_ros_utils.dir/build
gmake[2]: Entering directory '/home/bryansgue/uav_ws/build/mujoco_ros_utils'
/usr/bin/cmake -E create_symlink /home/bryansgue/uav_ws/build/mujoco_ros_utils/rosidl_generator_py/mujoco_ros_utils /home/bryansgue/uav_ws/build/mujoco_ros_utils/ament_cmake_python/mujoco_ros_utils/mujoco_ros_utils
gmake[2]: Entering directory '/home/bryansgue/uav_ws/build/mujoco_ros_utils'
gmake[2]: Nothing to be done for 'CMakeFiles/mujoco_ros_utils__cpp.dir/build'.
gmake[2]: Leaving directory '/home/bryansgue/uav_ws/build/mujoco_ros_utils'
gmake[2]: Entering directory '/home/bryansgue/uav_ws/build/mujoco_ros_utils'
gmake[2]: Nothing to be done for 'CMakeFiles/mujoco_ros_utils__rosidl_generator_c.dir/build'.
gmake[2]: Leaving directory '/home/bryansgue/uav_ws/build/mujoco_ros_utils'
[  1%] Built target mujoco_ros_utils__cpp
[  9%] Built target mujoco_ros_utils__rosidl_generator_c
gmake[2]: Leaving directory '/home/bryansgue/uav_ws/build/mujoco_ros_utils'
/usr/bin/gmake  -f CMakeFiles/mujoco_ros_utils__rosidl_typesupport_cpp.dir/build.make CMakeFiles/mujoco_ros_utils__rosidl_typesupport_cpp.dir/depend
/usr/bin/gmake  -f CMakeFiles/mujoco_ros_utils__rosidl_typesupport_fastrtps_cpp.dir/build.make CMakeFiles/mujoco_ros_utils__rosidl_typesupport_fastrtps_cpp.dir/depend
/usr/bin/gmake  -f CMakeFiles/mujoco_ros_utils__rosidl_typesupport_introspection_c.dir/build.make CMakeFiles/mujoco_ros_utils__rosidl_typesupport_introspection_c.dir/depend
/usr/bin/gmake  -f CMakeFiles/mujoco_ros_utils__rosidl_typesupport_c.dir/build.make CMakeFiles/mujoco_ros_utils__rosidl_typesupport_c.dir/depend
/usr/bin/gmake  -f CMakeFiles/mujoco_ros_utils__rosidl_typesupport_introspection_cpp.dir/build.make CMakeFiles/mujoco_ros_utils__rosidl_typesupport_introspection_cpp.dir/depend
gmake[2]: Entering directory '/home/bryansgue/uav_ws/build/mujoco_ros_utils'
cd /home/bryansgue/uav_ws/build/mujoco_ros_utils && /usr/bin/cmake -E cmake_depends "Unix Makefiles" /home/bryansgue/uav_ws/src/MujocoRosUtils /home/bryansgue/uav_ws/src/MujocoRosUtils /home/bryansgue/uav_ws/build/mujoco_ros_utils /home/bryansgue/uav_ws/build/mujoco_ros_utils /home/bryansgue/uav_ws/build/mujoco_ros_utils/CMakeFiles/mujoco_ros_utils__rosidl_typesupport_cpp.dir/DependInfo.cmake --color=
gmake[2]: Entering directory '/home/bryansgue/uav_ws/build/mujoco_ros_utils'
cd /home/bryansgue/uav_ws/build/mujoco_ros_utils && /usr/bin/cmake -E cmake_depends "Unix Makefiles" /home/bryansgue/uav_ws/src/MujocoRosUtils /home/bryansgue/uav_ws/src/MujocoRosUtils /home/bryansgue/uav_ws/build/mujoco_ros_utils /home/bryansgue/uav_ws/build/mujoco_ros_utils /home/bryansgue/uav_ws/build/mujoco_ros_utils/CMakeFiles/mujoco_ros_utils__rosidl_typesupport_introspection_c.dir/DependInfo.cmake --color=
gmake[2]: Entering directory '/home/bryansgue/uav_ws/build/mujoco_ros_utils'
cd /home/bryansgue/uav_ws/build/mujoco_ros_utils && /usr/bin/cmake -E cmake_depends "Unix Makefiles" /home/bryansgue/uav_ws/src/MujocoRosUtils /home/bryansgue/uav_ws/src/MujocoRosUtils /home/bryansgue/uav_ws/build/mujoco_ros_utils /home/bryansgue/uav_ws/build/mujoco_ros_utils /home/bryansgue/uav_ws/build/mujoco_ros_utils/CMakeFiles/mujoco_ros_utils__rosidl_typesupport_c.dir/DependInfo.cmake --color=
gmake[2]: Entering directory '/home/bryansgue/uav_ws/build/mujoco_ros_utils'
cd /home/bryansgue/uav_ws/build/mujoco_ros_utils && /usr/bin/cmake -E cmake_depends "Unix Makefiles" /home/bryansgue/uav_ws/src/MujocoRosUtils /home/bryansgue/uav_ws/src/MujocoRosUtils /home/bryansgue/uav_ws/build/mujoco_ros_utils /home/bryansgue/uav_ws/build/mujoco_ros_utils /home/bryansgue/uav_ws/build/mujoco_ros_utils/CMakeFiles/mujoco_ros_utils__rosidl_typesupport_fastrtps_cpp.dir/DependInfo.cmake --color=
gmake[2]: Entering directory '/home/bryansgue/uav_ws/build/mujoco_ros_utils'
cd /home/bryansgue/uav_ws/build/mujoco_ros_utils && /usr/bin/cmake -E cmake_depends "Unix Makefiles" /home/bryansgue/uav_ws/src/MujocoRosUtils /home/bryansgue/uav_ws/src/MujocoRosUtils /home/bryansgue/uav_ws/build/mujoco_ros_utils /home/bryansgue/uav_ws/build/mujoco_ros_utils /home/bryansgue/uav_ws/build/mujoco_ros_utils/CMakeFiles/mujoco_ros_utils__rosidl_typesupport_introspection_cpp.dir/DependInfo.cmake --color=
[  9%] Built target ament_cmake_python_symlink_mujoco_ros_utils
/usr/bin/gmake  -f CMakeFiles/mujoco_ros_utils__rosidl_typesupport_fastrtps_c.dir/build.make CMakeFiles/mujoco_ros_utils__rosidl_typesupport_fastrtps_c.dir/depend
/usr/bin/gmake  -f CMakeFiles/ament_cmake_python_build_mujoco_ros_utils_egg.dir/build.make CMakeFiles/ament_cmake_python_build_mujoco_ros_utils_egg.dir/depend
gmake[2]: Leaving directory '/home/bryansgue/uav_ws/build/mujoco_ros_utils'
gmake[2]: Leaving directory '/home/bryansgue/uav_ws/build/mujoco_ros_utils'
gmake[2]: Leaving directory '/home/bryansgue/uav_ws/build/mujoco_ros_utils'
/usr/bin/gmake  -f CMakeFiles/mujoco_ros_utils__rosidl_typesupport_c.dir/build.make CMakeFiles/mujoco_ros_utils__rosidl_typesupport_c.dir/build
gmake[2]: Leaving directory '/home/bryansgue/uav_ws/build/mujoco_ros_utils'
gmake[2]: Leaving directory '/home/bryansgue/uav_ws/build/mujoco_ros_utils'
/usr/bin/gmake  -f CMakeFiles/mujoco_ros_utils__rosidl_typesupport_cpp.dir/build.make CMakeFiles/mujoco_ros_utils__rosidl_typesupport_cpp.dir/build
/usr/bin/gmake  -f CMakeFiles/mujoco_ros_utils__rosidl_typesupport_fastrtps_cpp.dir/build.make CMakeFiles/mujoco_ros_utils__rosidl_typesupport_fastrtps_cpp.dir/build
/usr/bin/gmake  -f CMakeFiles/mujoco_ros_utils__rosidl_typesupport_introspection_c.dir/build.make CMakeFiles/mujoco_ros_utils__rosidl_typesupport_introspection_c.dir/build
/usr/bin/gmake  -f CMakeFiles/mujoco_ros_utils__rosidl_typesupport_introspection_cpp.dir/build.make CMakeFiles/mujoco_ros_utils__rosidl_typesupport_introspection_cpp.dir/build
gmake[2]: Entering directory '/home/bryansgue/uav_ws/build/mujoco_ros_utils'
cd /home/bryansgue/uav_ws/build/mujoco_ros_utils && /usr/bin/cmake -E cmake_depends "Unix Makefiles" /home/bryansgue/uav_ws/src/MujocoRosUtils /home/bryansgue/uav_ws/src/MujocoRosUtils /home/bryansgue/uav_ws/build/mujoco_ros_utils /home/bryansgue/uav_ws/build/mujoco_ros_utils /home/bryansgue/uav_ws/build/mujoco_ros_utils/CMakeFiles/ament_cmake_python_build_mujoco_ros_utils_egg.dir/DependInfo.cmake --color=
gmake[2]: Entering directory '/home/bryansgue/uav_ws/build/mujoco_ros_utils'
gmake[2]: Nothing to be done for 'CMakeFiles/mujoco_ros_utils__rosidl_typesupport_c.dir/build'.
gmake[2]: Leaving directory '/home/bryansgue/uav_ws/build/mujoco_ros_utils'
gmake[2]: Entering directory '/home/bryansgue/uav_ws/build/mujoco_ros_utils'
gmake[2]: Nothing to be done for 'CMakeFiles/mujoco_ros_utils__rosidl_typesupport_introspection_c.dir/build'.
gmake[2]: Leaving directory '/home/bryansgue/uav_ws/build/mujoco_ros_utils'
gmake[2]: Entering directory '/home/bryansgue/uav_ws/build/mujoco_ros_utils'
cd /home/bryansgue/uav_ws/build/mujoco_ros_utils && /usr/bin/cmake -E cmake_depends "Unix Makefiles" /home/bryansgue/uav_ws/src/MujocoRosUtils /home/bryansgue/uav_ws/src/MujocoRosUtils /home/bryansgue/uav_ws/build/mujoco_ros_utils /home/bryansgue/uav_ws/build/mujoco_ros_utils /home/bryansgue/uav_ws/build/mujoco_ros_utils/CMakeFiles/mujoco_ros_utils__rosidl_typesupport_fastrtps_c.dir/DependInfo.cmake --color=
gmake[2]: Entering directory '/home/bryansgue/uav_ws/build/mujoco_ros_utils'
gmake[2]: Nothing to be done for 'CMakeFiles/mujoco_ros_utils__rosidl_typesupport_cpp.dir/build'.
gmake[2]: Leaving directory '/home/bryansgue/uav_ws/build/mujoco_ros_utils'
gmake[2]: Entering directory '/home/bryansgue/uav_ws/build/mujoco_ros_utils'
gmake[2]: Nothing to be done for 'CMakeFiles/mujoco_ros_utils__rosidl_typesupport_fastrtps_cpp.dir/build'.
gmake[2]: Leaving directory '/home/bryansgue/uav_ws/build/mujoco_ros_utils'
gmake[2]: Entering directory '/home/bryansgue/uav_ws/build/mujoco_ros_utils'
gmake[2]: Nothing to be done for 'CMakeFiles/mujoco_ros_utils__rosidl_typesupport_introspection_cpp.dir/build'.
gmake[2]: Leaving directory '/home/bryansgue/uav_ws/build/mujoco_ros_utils'
[ 46%] Built target mujoco_ros_utils__rosidl_typesupport_cpp
[ 46%] Built target mujoco_ros_utils__rosidl_typesupport_fastrtps_cpp
[ 46%] Built target mujoco_ros_utils__rosidl_typesupport_c
[ 46%] Built target mujoco_ros_utils__rosidl_typesupport_introspection_c
[ 46%] Built target mujoco_ros_utils__rosidl_typesupport_introspection_cpp
gmake[2]: Leaving directory '/home/bryansgue/uav_ws/build/mujoco_ros_utils'
/usr/bin/gmake  -f CMakeFiles/ament_cmake_python_build_mujoco_ros_utils_egg.dir/build.make CMakeFiles/ament_cmake_python_build_mujoco_ros_utils_egg.dir/build
gmake[2]: Leaving directory '/home/bryansgue/uav_ws/build/mujoco_ros_utils'
/usr/bin/gmake  -f CMakeFiles/mujoco_ros_utils__rosidl_typesupport_fastrtps_c.dir/build.make CMakeFiles/mujoco_ros_utils__rosidl_typesupport_fastrtps_c.dir/build
gmake[2]: Entering directory '/home/bryansgue/uav_ws/build/mujoco_ros_utils'
cd /home/bryansgue/uav_ws/build/mujoco_ros_utils/ament_cmake_python/mujoco_ros_utils && /usr/bin/python3 setup.py egg_info
gmake[2]: Entering directory '/home/bryansgue/uav_ws/build/mujoco_ros_utils'
gmake[2]: Nothing to be done for 'CMakeFiles/mujoco_ros_utils__rosidl_typesupport_fastrtps_c.dir/build'.
gmake[2]: Leaving directory '/home/bryansgue/uav_ws/build/mujoco_ros_utils'
[ 53%] Built target mujoco_ros_utils__rosidl_typesupport_fastrtps_c
/usr/bin/gmake  -f CMakeFiles/mujoco_ros_utils.dir/build.make CMakeFiles/mujoco_ros_utils.dir/depend
gmake[2]: Entering directory '/home/bryansgue/uav_ws/build/mujoco_ros_utils'
cd /home/bryansgue/uav_ws/build/mujoco_ros_utils && /usr/bin/cmake -E cmake_depends "Unix Makefiles" /home/bryansgue/uav_ws/src/MujocoRosUtils /home/bryansgue/uav_ws/src/MujocoRosUtils /home/bryansgue/uav_ws/build/mujoco_ros_utils /home/bryansgue/uav_ws/build/mujoco_ros_utils /home/bryansgue/uav_ws/build/mujoco_ros_utils/CMakeFiles/mujoco_ros_utils.dir/DependInfo.cmake --color=
gmake[2]: Leaving directory '/home/bryansgue/uav_ws/build/mujoco_ros_utils'
/usr/bin/gmake  -f CMakeFiles/mujoco_ros_utils.dir/build.make CMakeFiles/mujoco_ros_utils.dir/build
gmake[2]: Entering directory '/home/bryansgue/uav_ws/build/mujoco_ros_utils'
gmake[2]: Nothing to be done for 'CMakeFiles/mujoco_ros_utils.dir/build'.
gmake[2]: Leaving directory '/home/bryansgue/uav_ws/build/mujoco_ros_utils'
[ 53%] Built target mujoco_ros_utils
/usr/bin/gmake  -f mujoco_ros_utils__py/CMakeFiles/mujoco_ros_utils__py.dir/build.make mujoco_ros_utils__py/CMakeFiles/mujoco_ros_utils__py.dir/depend
/usr/bin/gmake  -f plugin/CMakeFiles/MujocoRosUtils.dir/build.make plugin/CMakeFiles/MujocoRosUtils.dir/depend
gmake[2]: Entering directory '/home/bryansgue/uav_ws/build/mujoco_ros_utils'
cd /home/bryansgue/uav_ws/build/mujoco_ros_utils && /usr/bin/cmake -E cmake_depends "Unix Makefiles" /home/bryansgue/uav_ws/src/MujocoRosUtils /home/bryansgue/uav_ws/build/mujoco_ros_utils/mujoco_ros_utils__py /home/bryansgue/uav_ws/build/mujoco_ros_utils /home/bryansgue/uav_ws/build/mujoco_ros_utils/mujoco_ros_utils__py /home/bryansgue/uav_ws/build/mujoco_ros_utils/mujoco_ros_utils__py/CMakeFiles/mujoco_ros_utils__py.dir/DependInfo.cmake --color=
gmake[2]: Entering directory '/home/bryansgue/uav_ws/build/mujoco_ros_utils'
cd /home/bryansgue/uav_ws/build/mujoco_ros_utils && /usr/bin/cmake -E cmake_depends "Unix Makefiles" /home/bryansgue/uav_ws/src/MujocoRosUtils /home/bryansgue/uav_ws/src/MujocoRosUtils/plugin /home/bryansgue/uav_ws/build/mujoco_ros_utils /home/bryansgue/uav_ws/build/mujoco_ros_utils/plugin /home/bryansgue/uav_ws/build/mujoco_ros_utils/plugin/CMakeFiles/MujocoRosUtils.dir/DependInfo.cmake --color=
gmake[2]: Leaving directory '/home/bryansgue/uav_ws/build/mujoco_ros_utils'
/usr/bin/gmake  -f mujoco_ros_utils__py/CMakeFiles/mujoco_ros_utils__py.dir/build.make mujoco_ros_utils__py/CMakeFiles/mujoco_ros_utils__py.dir/build
gmake[2]: Entering directory '/home/bryansgue/uav_ws/build/mujoco_ros_utils'
gmake[2]: Nothing to be done for 'mujoco_ros_utils__py/CMakeFiles/mujoco_ros_utils__py.dir/build'.
gmake[2]: Leaving directory '/home/bryansgue/uav_ws/build/mujoco_ros_utils'
gmake[2]: Leaving directory '/home/bryansgue/uav_ws/build/mujoco_ros_utils'
/usr/bin/gmake  -f plugin/CMakeFiles/MujocoRosUtils.dir/build.make plugin/CMakeFiles/MujocoRosUtils.dir/build
[ 55%] Built target mujoco_ros_utils__py
/usr/bin/gmake  -f CMakeFiles/mujoco_ros_utils__rosidl_generator_py.dir/build.make CMakeFiles/mujoco_ros_utils__rosidl_generator_py.dir/depend
gmake[2]: Entering directory '/home/bryansgue/uav_ws/build/mujoco_ros_utils'
gmake[2]: Nothing to be done for 'plugin/CMakeFiles/MujocoRosUtils.dir/build'.
gmake[2]: Leaving directory '/home/bryansgue/uav_ws/build/mujoco_ros_utils'
gmake[2]: Entering directory '/home/bryansgue/uav_ws/build/mujoco_ros_utils'
cd /home/bryansgue/uav_ws/build/mujoco_ros_utils && /usr/bin/cmake -E cmake_depends "Unix Makefiles" /home/bryansgue/uav_ws/src/MujocoRosUtils /home/bryansgue/uav_ws/src/MujocoRosUtils /home/bryansgue/uav_ws/build/mujoco_ros_utils /home/bryansgue/uav_ws/build/mujoco_ros_utils /home/bryansgue/uav_ws/build/mujoco_ros_utils/CMakeFiles/mujoco_ros_utils__rosidl_generator_py.dir/DependInfo.cmake --color=
[ 79%] Built target MujocoRosUtils
gmake[2]: Leaving directory '/home/bryansgue/uav_ws/build/mujoco_ros_utils'
/usr/bin/gmake  -f plugin/CMakeFiles/MujocoRosUtilsPlugin.dir/build.make plugin/CMakeFiles/MujocoRosUtilsPlugin.dir/depend
/usr/bin/gmake  -f CMakeFiles/mujoco_ros_utils__rosidl_generator_py.dir/build.make CMakeFiles/mujoco_ros_utils__rosidl_generator_py.dir/build
gmake[2]: Entering directory '/home/bryansgue/uav_ws/build/mujoco_ros_utils'
gmake[2]: Nothing to be done for 'CMakeFiles/mujoco_ros_utils__rosidl_generator_py.dir/build'.
gmake[2]: Leaving directory '/home/bryansgue/uav_ws/build/mujoco_ros_utils'
gmake[2]: Entering directory '/home/bryansgue/uav_ws/build/mujoco_ros_utils'
cd /home/bryansgue/uav_ws/build/mujoco_ros_utils && /usr/bin/cmake -E cmake_depends "Unix Makefiles" /home/bryansgue/uav_ws/src/MujocoRosUtils /home/bryansgue/uav_ws/src/MujocoRosUtils/plugin /home/bryansgue/uav_ws/build/mujoco_ros_utils /home/bryansgue/uav_ws/build/mujoco_ros_utils/plugin /home/bryansgue/uav_ws/build/mujoco_ros_utils/plugin/CMakeFiles/MujocoRosUtilsPlugin.dir/DependInfo.cmake --color=
[ 85%] Built target mujoco_ros_utils__rosidl_generator_py
gmake[2]: Leaving directory '/home/bryansgue/uav_ws/build/mujoco_ros_utils'
/usr/bin/gmake  -f CMakeFiles/mujoco_ros_utils__rosidl_typesupport_fastrtps_c__pyext.dir/build.make CMakeFiles/mujoco_ros_utils__rosidl_typesupport_fastrtps_c__pyext.dir/depend
/usr/bin/gmake  -f plugin/CMakeFiles/MujocoRosUtilsPlugin.dir/build.make plugin/CMakeFiles/MujocoRosUtilsPlugin.dir/build
/usr/bin/gmake  -f CMakeFiles/mujoco_ros_utils__rosidl_typesupport_introspection_c__pyext.dir/build.make CMakeFiles/mujoco_ros_utils__rosidl_typesupport_introspection_c__pyext.dir/depend
/usr/bin/gmake  -f CMakeFiles/mujoco_ros_utils__rosidl_typesupport_c__pyext.dir/build.make CMakeFiles/mujoco_ros_utils__rosidl_typesupport_c__pyext.dir/depend
gmake[2]: Entering directory '/home/bryansgue/uav_ws/build/mujoco_ros_utils'
gmake[2]: Entering directory '/home/bryansgue/uav_ws/build/mujoco_ros_utils'
cd /home/bryansgue/uav_ws/build/mujoco_ros_utils && /usr/bin/cmake -E cmake_depends "Unix Makefiles" /home/bryansgue/uav_ws/src/MujocoRosUtils /home/bryansgue/uav_ws/src/MujocoRosUtils /home/bryansgue/uav_ws/build/mujoco_ros_utils /home/bryansgue/uav_ws/build/mujoco_ros_utils /home/bryansgue/uav_ws/build/mujoco_ros_utils/CMakeFiles/mujoco_ros_utils__rosidl_typesupport_introspection_c__pyext.dir/DependInfo.cmake --color=
cd /home/bryansgue/uav_ws/build/mujoco_ros_utils && /usr/bin/cmake -E cmake_depends "Unix Makefiles" /home/bryansgue/uav_ws/src/MujocoRosUtils /home/bryansgue/uav_ws/src/MujocoRosUtils /home/bryansgue/uav_ws/build/mujoco_ros_utils /home/bryansgue/uav_ws/build/mujoco_ros_utils /home/bryansgue/uav_ws/build/mujoco_ros_utils/CMakeFiles/mujoco_ros_utils__rosidl_typesupport_fastrtps_c__pyext.dir/DependInfo.cmake --color=
gmake[2]: Entering directory '/home/bryansgue/uav_ws/build/mujoco_ros_utils'
cd /home/bryansgue/uav_ws/build/mujoco_ros_utils && /usr/bin/cmake -E cmake_depends "Unix Makefiles" /home/bryansgue/uav_ws/src/MujocoRosUtils /home/bryansgue/uav_ws/src/MujocoRosUtils /home/bryansgue/uav_ws/build/mujoco_ros_utils /home/bryansgue/uav_ws/build/mujoco_ros_utils /home/bryansgue/uav_ws/build/mujoco_ros_utils/CMakeFiles/mujoco_ros_utils__rosidl_typesupport_c__pyext.dir/DependInfo.cmake --color=
gmake[2]: Entering directory '/home/bryansgue/uav_ws/build/mujoco_ros_utils'
gmake[2]: Nothing to be done for 'plugin/CMakeFiles/MujocoRosUtilsPlugin.dir/build'.
gmake[2]: Leaving directory '/home/bryansgue/uav_ws/build/mujoco_ros_utils'
gmake[2]: Leaving directory '/home/bryansgue/uav_ws/build/mujoco_ros_utils'
gmake[2]: Leaving directory '/home/bryansgue/uav_ws/build/mujoco_ros_utils'
gmake[2]: Leaving directory '/home/bryansgue/uav_ws/build/mujoco_ros_utils'
/usr/bin/gmake  -f CMakeFiles/mujoco_ros_utils__rosidl_typesupport_fastrtps_c__pyext.dir/build.make CMakeFiles/mujoco_ros_utils__rosidl_typesupport_fastrtps_c__pyext.dir/build
/usr/bin/gmake  -f CMakeFiles/mujoco_ros_utils__rosidl_typesupport_introspection_c__pyext.dir/build.make CMakeFiles/mujoco_ros_utils__rosidl_typesupport_introspection_c__pyext.dir/build
/usr/bin/gmake  -f CMakeFiles/mujoco_ros_utils__rosidl_typesupport_c__pyext.dir/build.make CMakeFiles/mujoco_ros_utils__rosidl_typesupport_c__pyext.dir/build
gmake[2]: Entering directory '/home/bryansgue/uav_ws/build/mujoco_ros_utils'
gmake[2]: Entering directory '/home/bryansgue/uav_ws/build/mujoco_ros_utils'
gmake[2]: Entering directory '/home/bryansgue/uav_ws/build/mujoco_ros_utils'
gmake[2]: Nothing to be done for 'CMakeFiles/mujoco_ros_utils__rosidl_typesupport_fastrtps_c__pyext.dir/build'.
gmake[2]: Nothing to be done for 'CMakeFiles/mujoco_ros_utils__rosidl_typesupport_introspection_c__pyext.dir/build'.
gmake[2]: Nothing to be done for 'CMakeFiles/mujoco_ros_utils__rosidl_typesupport_c__pyext.dir/build'.
gmake[2]: Leaving directory '/home/bryansgue/uav_ws/build/mujoco_ros_utils'
gmake[2]: Leaving directory '/home/bryansgue/uav_ws/build/mujoco_ros_utils'
gmake[2]: Leaving directory '/home/bryansgue/uav_ws/build/mujoco_ros_utils'
[ 88%] Built target MujocoRosUtilsPlugin
[100%] Built target mujoco_ros_utils__rosidl_typesupport_fastrtps_c__pyext
[100%] Built target mujoco_ros_utils__rosidl_typesupport_c__pyext
[100%] Built target mujoco_ros_utils__rosidl_typesupport_introspection_c__pyext
running egg_info
writing mujoco_ros_utils.egg-info/PKG-INFO
writing dependency_links to mujoco_ros_utils.egg-info/dependency_links.txt
writing top-level names to mujoco_ros_utils.egg-info/top_level.txt
reading manifest file 'mujoco_ros_utils.egg-info/SOURCES.txt'
writing manifest file 'mujoco_ros_utils.egg-info/SOURCES.txt'
gmake[2]: Leaving directory '/home/bryansgue/uav_ws/build/mujoco_ros_utils'
[100%] Built target ament_cmake_python_build_mujoco_ros_utils_egg
gmake[1]: Leaving directory '/home/bryansgue/uav_ws/build/mujoco_ros_utils'
/usr/bin/cmake -E cmake_progress_start /home/bryansgue/uav_ws/build/mujoco_ros_utils/CMakeFiles 0
-- Install configuration: ""
-- Execute custom install script
-- Up-to-date symlink: /home/bryansgue/uav_ws/install/mujoco_ros_utils/share/ament_index/resource_index/rosidl_interfaces/mujoco_ros_utils
-- Up-to-date symlink: /home/bryansgue/uav_ws/install/mujoco_ros_utils/include/mujoco_ros_utils/mujoco_ros_utils/msg/detail/external_force__functions.h
-- Up-to-date symlink: /home/bryansgue/uav_ws/install/mujoco_ros_utils/include/mujoco_ros_utils/mujoco_ros_utils/msg/detail/external_force__struct.h
-- Up-to-date symlink: /home/bryansgue/uav_ws/install/mujoco_ros_utils/include/mujoco_ros_utils/mujoco_ros_utils/msg/detail/external_force__type_support.h
-- Up-to-date symlink: /home/bryansgue/uav_ws/install/mujoco_ros_utils/include/mujoco_ros_utils/mujoco_ros_utils/msg/detail/scalar_stamped__functions.h
-- Up-to-date symlink: /home/bryansgue/uav_ws/install/mujoco_ros_utils/include/mujoco_ros_utils/mujoco_ros_utils/msg/detail/scalar_stamped__struct.h
-- Up-to-date symlink: /home/bryansgue/uav_ws/install/mujoco_ros_utils/include/mujoco_ros_utils/mujoco_ros_utils/msg/detail/scalar_stamped__type_support.h
-- Up-to-date symlink: /home/bryansgue/uav_ws/install/mujoco_ros_utils/include/mujoco_ros_utils/mujoco_ros_utils/msg/external_force.h
-- Up-to-date symlink: /home/bryansgue/uav_ws/install/mujoco_ros_utils/include/mujoco_ros_utils/mujoco_ros_utils/msg/rosidl_generator_c__visibility_control.h
-- Up-to-date symlink: /home/bryansgue/uav_ws/install/mujoco_ros_utils/include/mujoco_ros_utils/mujoco_ros_utils/msg/scalar_stamped.h
-- Up-to-date symlink: /home/bryansgue/uav_ws/install/mujoco_ros_utils/share/mujoco_ros_utils/environment/library_path.sh
-- Up-to-date symlink: /home/bryansgue/uav_ws/install/mujoco_ros_utils/share/mujoco_ros_utils/environment/library_path.dsv
-- Up-to-date symlink: /home/bryansgue/uav_ws/install/mujoco_ros_utils/include/mujoco_ros_utils/mujoco_ros_utils/msg/detail/external_force__rosidl_typesupport_fastrtps_c.h
-- Up-to-date symlink: /home/bryansgue/uav_ws/install/mujoco_ros_utils/include/mujoco_ros_utils/mujoco_ros_utils/msg/detail/scalar_stamped__rosidl_typesupport_fastrtps_c.h
-- Up-to-date symlink: /home/bryansgue/uav_ws/install/mujoco_ros_utils/include/mujoco_ros_utils/mujoco_ros_utils/msg/rosidl_typesupport_fastrtps_c__visibility_control.h
-- Up-to-date symlink: /home/bryansgue/uav_ws/install/mujoco_ros_utils/include/mujoco_ros_utils/mujoco_ros_utils/msg/detail/external_force__builder.hpp
-- Up-to-date symlink: /home/bryansgue/uav_ws/install/mujoco_ros_utils/include/mujoco_ros_utils/mujoco_ros_utils/msg/detail/external_force__struct.hpp
-- Up-to-date symlink: /home/bryansgue/uav_ws/install/mujoco_ros_utils/include/mujoco_ros_utils/mujoco_ros_utils/msg/detail/external_force__traits.hpp
-- Up-to-date symlink: /home/bryansgue/uav_ws/install/mujoco_ros_utils/include/mujoco_ros_utils/mujoco_ros_utils/msg/detail/external_force__type_support.hpp
-- Up-to-date symlink: /home/bryansgue/uav_ws/install/mujoco_ros_utils/include/mujoco_ros_utils/mujoco_ros_utils/msg/detail/scalar_stamped__builder.hpp
-- Up-to-date symlink: /home/bryansgue/uav_ws/install/mujoco_ros_utils/include/mujoco_ros_utils/mujoco_ros_utils/msg/detail/scalar_stamped__struct.hpp
-- Up-to-date symlink: /home/bryansgue/uav_ws/install/mujoco_ros_utils/include/mujoco_ros_utils/mujoco_ros_utils/msg/detail/scalar_stamped__traits.hpp
-- Up-to-date symlink: /home/bryansgue/uav_ws/install/mujoco_ros_utils/include/mujoco_ros_utils/mujoco_ros_utils/msg/detail/scalar_stamped__type_support.hpp
-- Up-to-date symlink: /home/bryansgue/uav_ws/install/mujoco_ros_utils/include/mujoco_ros_utils/mujoco_ros_utils/msg/external_force.hpp
-- Up-to-date symlink: /home/bryansgue/uav_ws/install/mujoco_ros_utils/include/mujoco_ros_utils/mujoco_ros_utils/msg/rosidl_generator_cpp__visibility_control.hpp
-- Up-to-date symlink: /home/bryansgue/uav_ws/install/mujoco_ros_utils/include/mujoco_ros_utils/mujoco_ros_utils/msg/scalar_stamped.hpp
-- Up-to-date symlink: /home/bryansgue/uav_ws/install/mujoco_ros_utils/include/mujoco_ros_utils/mujoco_ros_utils/msg/detail/external_force__rosidl_typesupport_fastrtps_cpp.hpp
-- Up-to-date symlink: /home/bryansgue/uav_ws/install/mujoco_ros_utils/include/mujoco_ros_utils/mujoco_ros_utils/msg/detail/scalar_stamped__rosidl_typesupport_fastrtps_cpp.hpp
-- Up-to-date symlink: /home/bryansgue/uav_ws/install/mujoco_ros_utils/include/mujoco_ros_utils/mujoco_ros_utils/msg/rosidl_typesupport_fastrtps_cpp__visibility_control.h
-- Up-to-date symlink: /home/bryansgue/uav_ws/install/mujoco_ros_utils/include/mujoco_ros_utils/mujoco_ros_utils/msg/detail/external_force__rosidl_typesupport_introspection_c.h
-- Up-to-date symlink: /home/bryansgue/uav_ws/install/mujoco_ros_utils/include/mujoco_ros_utils/mujoco_ros_utils/msg/detail/scalar_stamped__rosidl_typesupport_introspection_c.h
-- Up-to-date symlink: /home/bryansgue/uav_ws/install/mujoco_ros_utils/include/mujoco_ros_utils/mujoco_ros_utils/msg/rosidl_typesupport_introspection_c__visibility_control.h
-- Up-to-date symlink: /home/bryansgue/uav_ws/install/mujoco_ros_utils/include/mujoco_ros_utils/mujoco_ros_utils/msg/detail/external_force__rosidl_typesupport_introspection_cpp.hpp
-- Up-to-date symlink: /home/bryansgue/uav_ws/install/mujoco_ros_utils/include/mujoco_ros_utils/mujoco_ros_utils/msg/detail/scalar_stamped__rosidl_typesupport_introspection_cpp.hpp
-- Up-to-date symlink: /home/bryansgue/uav_ws/install/mujoco_ros_utils/share/mujoco_ros_utils/environment/pythonpath.sh
-- Up-to-date symlink: /home/bryansgue/uav_ws/install/mujoco_ros_utils/share/mujoco_ros_utils/environment/pythonpath.dsv
-- Up-to-date symlink: /home/bryansgue/uav_ws/install/mujoco_ros_utils/local/lib/python3.10/dist-packages/mujoco_ros_utils-0.1.0-py3.10.egg-info/PKG-INFO
-- Up-to-date symlink: /home/bryansgue/uav_ws/install/mujoco_ros_utils/local/lib/python3.10/dist-packages/mujoco_ros_utils-0.1.0-py3.10.egg-info/SOURCES.txt
-- Up-to-date symlink: /home/bryansgue/uav_ws/install/mujoco_ros_utils/local/lib/python3.10/dist-packages/mujoco_ros_utils-0.1.0-py3.10.egg-info/dependency_links.txt
-- Up-to-date symlink: /home/bryansgue/uav_ws/install/mujoco_ros_utils/local/lib/python3.10/dist-packages/mujoco_ros_utils-0.1.0-py3.10.egg-info/top_level.txt
-- Up-to-date symlink: /home/bryansgue/uav_ws/install/mujoco_ros_utils/local/lib/python3.10/dist-packages/mujoco_ros_utils/__init__.py
-- Up-to-date symlink: /home/bryansgue/uav_ws/install/mujoco_ros_utils/local/lib/python3.10/dist-packages/mujoco_ros_utils/_mujoco_ros_utils_s.ep.rosidl_typesupport_c.c
-- Up-to-date symlink: /home/bryansgue/uav_ws/install/mujoco_ros_utils/local/lib/python3.10/dist-packages/mujoco_ros_utils/_mujoco_ros_utils_s.ep.rosidl_typesupport_fastrtps_c.c
-- Up-to-date symlink: /home/bryansgue/uav_ws/install/mujoco_ros_utils/local/lib/python3.10/dist-packages/mujoco_ros_utils/_mujoco_ros_utils_s.ep.rosidl_typesupport_introspection_c.c
-- Up-to-date symlink: /home/bryansgue/uav_ws/install/mujoco_ros_utils/local/lib/python3.10/dist-packages/mujoco_ros_utils/libmujoco_ros_utils__rosidl_generator_py.so
-- Up-to-date symlink: /home/bryansgue/uav_ws/install/mujoco_ros_utils/local/lib/python3.10/dist-packages/mujoco_ros_utils/msg/__init__.py
-- Up-to-date symlink: /home/bryansgue/uav_ws/install/mujoco_ros_utils/local/lib/python3.10/dist-packages/mujoco_ros_utils/msg/_external_force.py
-- Up-to-date symlink: /home/bryansgue/uav_ws/install/mujoco_ros_utils/local/lib/python3.10/dist-packages/mujoco_ros_utils/msg/_external_force_s.c
-- Up-to-date symlink: /home/bryansgue/uav_ws/install/mujoco_ros_utils/local/lib/python3.10/dist-packages/mujoco_ros_utils/msg/_scalar_stamped.py
-- Up-to-date symlink: /home/bryansgue/uav_ws/install/mujoco_ros_utils/local/lib/python3.10/dist-packages/mujoco_ros_utils/msg/_scalar_stamped_s.c
-- Up-to-date symlink: /home/bryansgue/uav_ws/install/mujoco_ros_utils/local/lib/python3.10/dist-packages/mujoco_ros_utils/mujoco_ros_utils_s__rosidl_typesupport_c.cpython-310-x86_64-linux-gnu.so
-- Up-to-date symlink: /home/bryansgue/uav_ws/install/mujoco_ros_utils/local/lib/python3.10/dist-packages/mujoco_ros_utils/mujoco_ros_utils_s__rosidl_typesupport_fastrtps_c.cpython-310-x86_64-linux-gnu.so
-- Up-to-date symlink: /home/bryansgue/uav_ws/install/mujoco_ros_utils/local/lib/python3.10/dist-packages/mujoco_ros_utils/mujoco_ros_utils_s__rosidl_typesupport_introspection_c.cpython-310-x86_64-linux-gnu.so
-- Up-to-date symlink: /home/bryansgue/uav_ws/install/mujoco_ros_utils/local/lib/python3.10/dist-packages/mujoco_ros_utils/mujoco_ros_utils_s__rosidl_typesupport_fastrtps_c.cpython-310-x86_64-linux-gnu.so
-- Up-to-date symlink: /home/bryansgue/uav_ws/install/mujoco_ros_utils/local/lib/python3.10/dist-packages/mujoco_ros_utils/mujoco_ros_utils_s__rosidl_typesupport_introspection_c.cpython-310-x86_64-linux-gnu.so
-- Up-to-date symlink: /home/bryansgue/uav_ws/install/mujoco_ros_utils/local/lib/python3.10/dist-packages/mujoco_ros_utils/mujoco_ros_utils_s__rosidl_typesupport_c.cpython-310-x86_64-linux-gnu.so
-- Up-to-date symlink: /home/bryansgue/uav_ws/install/mujoco_ros_utils/share/mujoco_ros_utils/msg/ExternalForce.idl
-- Up-to-date symlink: /home/bryansgue/uav_ws/install/mujoco_ros_utils/share/mujoco_ros_utils/msg/ScalarStamped.idl
-- Up-to-date symlink: /home/bryansgue/uav_ws/install/mujoco_ros_utils/share/mujoco_ros_utils/msg/ExternalForce.msg
-- Up-to-date symlink: /home/bryansgue/uav_ws/install/mujoco_ros_utils/share/mujoco_ros_utils/msg/ScalarStamped.msg
-- Up-to-date symlink: /home/bryansgue/uav_ws/install/mujoco_ros_utils/share/mujoco_ros_utils/launch/display.launch.py
-- Up-to-date symlink: /home/bryansgue/uav_ws/install/mujoco_ros_utils/share/mujoco_ros_utils/launch/display.rviz
-- Up-to-date symlink: /home/bryansgue/uav_ws/install/mujoco_ros_utils/share/ament_index/resource_index/package_run_dependencies/mujoco_ros_utils
-- Up-to-date symlink: /home/bryansgue/uav_ws/install/mujoco_ros_utils/share/ament_index/resource_index/parent_prefix_path/mujoco_ros_utils
-- Up-to-date symlink: /home/bryansgue/uav_ws/install/mujoco_ros_utils/share/mujoco_ros_utils/environment/ament_prefix_path.sh
-- Up-to-date symlink: /home/bryansgue/uav_ws/install/mujoco_ros_utils/share/mujoco_ros_utils/environment/ament_prefix_path.dsv
-- Up-to-date symlink: /home/bryansgue/uav_ws/install/mujoco_ros_utils/share/mujoco_ros_utils/environment/path.sh
-- Up-to-date symlink: /home/bryansgue/uav_ws/install/mujoco_ros_utils/share/mujoco_ros_utils/environment/path.dsv
-- Up-to-date symlink: /home/bryansgue/uav_ws/install/mujoco_ros_utils/share/mujoco_ros_utils/local_setup.bash
-- Up-to-date symlink: /home/bryansgue/uav_ws/install/mujoco_ros_utils/share/mujoco_ros_utils/local_setup.sh
-- Up-to-date symlink: /home/bryansgue/uav_ws/install/mujoco_ros_utils/share/mujoco_ros_utils/local_setup.zsh
-- Up-to-date symlink: /home/bryansgue/uav_ws/install/mujoco_ros_utils/share/mujoco_ros_utils/local_setup.dsv
-- Symlinking: /home/bryansgue/uav_ws/install/mujoco_ros_utils/share/mujoco_ros_utils/package.dsv
-- Up-to-date symlink: /home/bryansgue/uav_ws/install/mujoco_ros_utils/share/ament_index/resource_index/packages/mujoco_ros_utils
-- Up-to-date symlink: /home/bryansgue/uav_ws/install/mujoco_ros_utils/share/mujoco_ros_utils/cmake/rosidl_cmake-extras.cmake
-- Up-to-date symlink: /home/bryansgue/uav_ws/install/mujoco_ros_utils/share/mujoco_ros_utils/cmake/ament_cmake_export_dependencies-extras.cmake
-- Up-to-date symlink: /home/bryansgue/uav_ws/install/mujoco_ros_utils/share/mujoco_ros_utils/cmake/ament_cmake_export_include_directories-extras.cmake
-- Up-to-date symlink: /home/bryansgue/uav_ws/install/mujoco_ros_utils/share/mujoco_ros_utils/cmake/ament_cmake_export_libraries-extras.cmake
-- Up-to-date symlink: /home/bryansgue/uav_ws/install/mujoco_ros_utils/share/mujoco_ros_utils/cmake/ament_cmake_export_targets-extras.cmake
-- Up-to-date symlink: /home/bryansgue/uav_ws/install/mujoco_ros_utils/share/mujoco_ros_utils/cmake/rosidl_cmake_export_typesupport_targets-extras.cmake
-- Up-to-date symlink: /home/bryansgue/uav_ws/install/mujoco_ros_utils/share/mujoco_ros_utils/cmake/rosidl_cmake_export_typesupport_libraries-extras.cmake
-- Up-to-date symlink: /home/bryansgue/uav_ws/install/mujoco_ros_utils/share/mujoco_ros_utils/cmake/mujoco_ros_utilsConfig.cmake
-- Up-to-date symlink: /home/bryansgue/uav_ws/install/mujoco_ros_utils/share/mujoco_ros_utils/cmake/mujoco_ros_utilsConfig-version.cmake
-- Up-to-date symlink: /home/bryansgue/uav_ws/install/mujoco_ros_utils/share/mujoco_ros_utils/package.xml
-- Up-to-date symlink: /home/bryansgue/uav_ws/install/mujoco_ros_utils/share/xml/sample_mujoco_ros_utils.xml
-- Up-to-date: /home/bryansgue/uav_ws/install/mujoco_ros_utils/lib/libmujoco_ros_utils__rosidl_generator_c.so
-- Up-to-date: /home/bryansgue/uav_ws/install/mujoco_ros_utils/lib/libmujoco_ros_utils__rosidl_typesupport_fastrtps_c.so
-- Up-to-date: /home/bryansgue/uav_ws/install/mujoco_ros_utils/lib/libmujoco_ros_utils__rosidl_typesupport_fastrtps_cpp.so
-- Up-to-date: /home/bryansgue/uav_ws/install/mujoco_ros_utils/lib/libmujoco_ros_utils__rosidl_typesupport_introspection_c.so
-- Up-to-date: /home/bryansgue/uav_ws/install/mujoco_ros_utils/lib/libmujoco_ros_utils__rosidl_typesupport_c.so
-- Up-to-date: /home/bryansgue/uav_ws/install/mujoco_ros_utils/lib/libmujoco_ros_utils__rosidl_typesupport_introspection_cpp.so
-- Up-to-date: /home/bryansgue/uav_ws/install/mujoco_ros_utils/lib/libmujoco_ros_utils__rosidl_typesupport_cpp.so
Listing '/home/bryansgue/uav_ws/install/mujoco_ros_utils/local/lib/python3.10/dist-packages/mujoco_ros_utils'...
Listing '/home/bryansgue/uav_ws/install/mujoco_ros_utils/local/lib/python3.10/dist-packages/mujoco_ros_utils/msg'...
-- Up-to-date: /home/bryansgue/uav_ws/install/mujoco_ros_utils/lib/libmujoco_ros_utils__rosidl_generator_py.so
-- Up-to-date: /home/bryansgue/uav_ws/install/mujoco_ros_utils/share/mujoco_ros_utils/cmake/export_mujoco_ros_utils__rosidl_generator_cExport.cmake
-- Up-to-date: /home/bryansgue/uav_ws/install/mujoco_ros_utils/share/mujoco_ros_utils/cmake/export_mujoco_ros_utils__rosidl_generator_cExport-noconfig.cmake
-- Up-to-date: /home/bryansgue/uav_ws/install/mujoco_ros_utils/share/mujoco_ros_utils/cmake/export_mujoco_ros_utils__rosidl_typesupport_fastrtps_cExport.cmake
-- Up-to-date: /home/bryansgue/uav_ws/install/mujoco_ros_utils/share/mujoco_ros_utils/cmake/export_mujoco_ros_utils__rosidl_typesupport_fastrtps_cExport-noconfig.cmake
-- Up-to-date: /home/bryansgue/uav_ws/install/mujoco_ros_utils/share/mujoco_ros_utils/cmake/export_mujoco_ros_utils__rosidl_generator_cppExport.cmake
-- Up-to-date: /home/bryansgue/uav_ws/install/mujoco_ros_utils/share/mujoco_ros_utils/cmake/export_mujoco_ros_utils__rosidl_typesupport_fastrtps_cppExport.cmake
-- Up-to-date: /home/bryansgue/uav_ws/install/mujoco_ros_utils/share/mujoco_ros_utils/cmake/export_mujoco_ros_utils__rosidl_typesupport_fastrtps_cppExport-noconfig.cmake
-- Up-to-date: /home/bryansgue/uav_ws/install/mujoco_ros_utils/share/mujoco_ros_utils/cmake/mujoco_ros_utils__rosidl_typesupport_introspection_cExport.cmake
-- Up-to-date: /home/bryansgue/uav_ws/install/mujoco_ros_utils/share/mujoco_ros_utils/cmake/mujoco_ros_utils__rosidl_typesupport_introspection_cExport-noconfig.cmake
-- Up-to-date: /home/bryansgue/uav_ws/install/mujoco_ros_utils/share/mujoco_ros_utils/cmake/mujoco_ros_utils__rosidl_typesupport_cExport.cmake
-- Up-to-date: /home/bryansgue/uav_ws/install/mujoco_ros_utils/share/mujoco_ros_utils/cmake/mujoco_ros_utils__rosidl_typesupport_cExport-noconfig.cmake
-- Up-to-date: /home/bryansgue/uav_ws/install/mujoco_ros_utils/share/mujoco_ros_utils/cmake/mujoco_ros_utils__rosidl_typesupport_introspection_cppExport.cmake
-- Up-to-date: /home/bryansgue/uav_ws/install/mujoco_ros_utils/share/mujoco_ros_utils/cmake/mujoco_ros_utils__rosidl_typesupport_introspection_cppExport-noconfig.cmake
-- Up-to-date: /home/bryansgue/uav_ws/install/mujoco_ros_utils/share/mujoco_ros_utils/cmake/mujoco_ros_utils__rosidl_typesupport_cppExport.cmake
-- Up-to-date: /home/bryansgue/uav_ws/install/mujoco_ros_utils/share/mujoco_ros_utils/cmake/mujoco_ros_utils__rosidl_typesupport_cppExport-noconfig.cmake
-- Up-to-date: /home/bryansgue/uav_ws/install/mujoco_ros_utils/share/mujoco_ros_utils/cmake/export_mujoco_ros_utils__rosidl_generator_pyExport.cmake
-- Up-to-date: /home/bryansgue/uav_ws/install/mujoco_ros_utils/share/mujoco_ros_utils/cmake/export_mujoco_ros_utils__rosidl_generator_pyExport-noconfig.cmake
-- Up-to-date: /home/bryansgue/uav_ws/mujoco-3.4.0/bin/mujoco_plugin/libMujocoRosUtils.so
-- Up-to-date: /home/bryansgue/uav_ws/mujoco-3.4.0/bin/mujoco_plugin/libMujocoRosUtilsPlugin.so
-- Up-to-date: /home/bryansgue/uav_ws/install/mujoco_ros_utils/lib/pkgconfig/mujoco_ros_utils.pc
