[0.013s] Invoking command in '/home/bryansgue/uav_ws/build/mujoco_ros_utils': AMENT_PREFIX_PATH=/home/bryansgue/uav_ws/install/quadrotor_msgs:${AMENT_PREFIX_PATH} CMAKE_PREFIX_PATH=/home/bryansgue/uav_ws/install/quadrotor_msgs:/home/bryansgue/acp_ws/install/quad_mujoco_sim:/home/bryansgue/acp_ws/install/voxl2_rpm_interface:/home/bryansgue/acp_ws/install/trackers_manager:/home/bryansgue/acp_ws/install/std_trackers:/home/bryansgue/acp_ws/install/sim_interface:/home/bryansgue/acp_ws/install/drone_teleop:/home/bryansgue/acp_ws/install/nmpc_control:/home/bryansgue/acp_ws/install/mav_manager_test:/home/bryansgue/acp_ws/install/dq_nmpc:/opt/ros/humble:/home/bryansgue/acp_ws/install/mav_manager:/home/bryansgue/acp_ws/install/trackers_msgs:/home/bryansgue/acp_ws/install/quadrotor_simulator:/home/bryansgue/acp_ws/install/pi_ros2_interface:/home/bryansgue/acp_ws/install/nmpc_payload_cpp:/home/bryansgue/acp_ws/install/mujoco_ros_utils:/home/bryansgue/acp_ws/install/mav_control:/home/bryansgue/acp_ws/install/dq_cpp:/home/bryansgue/acp_ws/install/acp_mujoco_simulator:/home/bryansgue/acp_ws/install/quadrotor_msgs:/home/bryansgue/acp_ws/install/mesh_visualization:/home/bryansgue/acp_ws/install/mav_manager_srv:/home/bryansgue/acp_ws/install/acp_autonomy LD_LIBRARY_PATH=/home/bryansgue/uav_ws/install/quadrotor_msgs/lib:/home/bryansgue/acp_ws/install/trackers_manager/lib:/home/bryansgue/acp_ws/install/std_trackers/lib:/home/bryansgue/acp_ws/install/mav_manager/lib:/home/bryansgue/acp_ws/install/trackers_msgs/lib:/home/bryansgue/acp_ws/install/quadrotor_simulator/lib:/home/bryansgue/acp_ws/install/pi_ros2_interface/lib:/home/bryansgue/acp_ws/install/nmpc_payload_cpp/lib:/home/bryansgue/acp_ws/install/mujoco_ros_utils/lib:/home/bryansgue/acp_ws/install/mav_control/lib:/home/bryansgue/acp_ws/install/dq_cpp/lib:/home/bryansgue/acp_ws/install/quadrotor_msgs/lib:/home/bryansgue/acp_ws/install/mesh_visualization/lib:/home/bryansgue/acp_ws/install/mav_manager_srv/lib:/opt/ros/humble/opt/rviz_ogre_vendor/lib:/opt/ros/humble/lib/x86_64-linux-gnu:/opt/ros/humble/lib:/home/bryansgue/acados/lib:/home/bryansgue/acados/lib:/home/bryansgue/acados/external/blasfeo/lib:/home/bryansgue/acados/external/hpipm/lib:/home/bryansgue/acados/lib:/home/bryansgue/acados/lib:/home/bryansgue/acados/external/blasfeo/lib:/home/bryansgue/acados/external/hpipm/lib PYTHONPATH=/home/bryansgue/uav_ws/install/quadrotor_msgs/local/lib/python3.10/dist-packages:${PYTHONPATH} /usr/bin/cmake --build /home/bryansgue/uav_ws/build/mujoco_ros_utils -- -j16 -l16
[0.027s] /usr/bin/cmake -S/home/bryansgue/uav_ws/src/MujocoRosUtils -B/home/bryansgue/uav_ws/build/mujoco_ros_utils --check-build-system CMakeFiles/Makefile.cmake 0
[0.045s] /usr/bin/cmake -E cmake_progress_start /home/bryansgue/uav_ws/build/mujoco_ros_utils/CMakeFiles /home/bryansgue/uav_ws/build/mujoco_ros_utils//CMakeFiles/progress.marks
[0.055s] /usr/bin/gmake  -f CMakeFiles/Makefile2 all
[0.057s] gmake[1]: Entering directory '/home/bryansgue/uav_ws/build/mujoco_ros_utils'
[0.057s] /usr/bin/gmake  -f CMakeFiles/mujoco_ros_utils__cpp.dir/build.make CMakeFiles/mujoco_ros_utils__cpp.dir/depend
[0.058s] /usr/bin/gmake  -f CMakeFiles/mujoco_ros_utils__rosidl_generator_c.dir/build.make CMakeFiles/mujoco_ros_utils__rosidl_generator_c.dir/depend
[0.058s] /usr/bin/gmake  -f CMakeFiles/ament_cmake_python_symlink_mujoco_ros_utils.dir/build.make CMakeFiles/ament_cmake_python_symlink_mujoco_ros_utils.dir/depend
[0.060s] gmake[2]: Entering directory '/home/bryansgue/uav_ws/build/mujoco_ros_utils'
[0.060s] cd /home/bryansgue/uav_ws/build/mujoco_ros_utils && /usr/bin/cmake -E cmake_depends "Unix Makefiles" /home/bryansgue/uav_ws/src/MujocoRosUtils /home/bryansgue/uav_ws/src/MujocoRosUtils /home/bryansgue/uav_ws/build/mujoco_ros_utils /home/bryansgue/uav_ws/build/mujoco_ros_utils /home/bryansgue/uav_ws/build/mujoco_ros_utils/CMakeFiles/mujoco_ros_utils__cpp.dir/DependInfo.cmake --color=
[0.060s] gmake[2]: Entering directory '/home/bryansgue/uav_ws/build/mujoco_ros_utils'
[0.060s] cd /home/bryansgue/uav_ws/build/mujoco_ros_utils && /usr/bin/cmake -E cmake_depends "Unix Makefiles" /home/bryansgue/uav_ws/src/MujocoRosUtils /home/bryansgue/uav_ws/src/MujocoRosUtils /home/bryansgue/uav_ws/build/mujoco_ros_utils /home/bryansgue/uav_ws/build/mujoco_ros_utils /home/bryansgue/uav_ws/build/mujoco_ros_utils/CMakeFiles/ament_cmake_python_symlink_mujoco_ros_utils.dir/DependInfo.cmake --color=
[0.060s] gmake[2]: Entering directory '/home/bryansgue/uav_ws/build/mujoco_ros_utils'
[0.061s] cd /home/bryansgue/uav_ws/build/mujoco_ros_utils && /usr/bin/cmake -E cmake_depends "Unix Makefiles" /home/bryansgue/uav_ws/src/MujocoRosUtils /home/bryansgue/uav_ws/src/MujocoRosUtils /home/bryansgue/uav_ws/build/mujoco_ros_utils /home/bryansgue/uav_ws/build/mujoco_ros_utils /home/bryansgue/uav_ws/build/mujoco_ros_utils/CMakeFiles/mujoco_ros_utils__rosidl_generator_c.dir/DependInfo.cmake --color=
[0.072s] gmake[2]: Leaving directory '/home/bryansgue/uav_ws/build/mujoco_ros_utils'
[0.073s] gmake[2]: Leaving directory '/home/bryansgue/uav_ws/build/mujoco_ros_utils'
[0.073s] gmake[2]: Leaving directory '/home/bryansgue/uav_ws/build/mujoco_ros_utils'
[0.073s] /usr/bin/gmake  -f CMakeFiles/mujoco_ros_utils__cpp.dir/build.make CMakeFiles/mujoco_ros_utils__cpp.dir/build
[0.073s] /usr/bin/gmake  -f CMakeFiles/mujoco_ros_utils__rosidl_generator_c.dir/build.make CMakeFiles/mujoco_ros_utils__rosidl_generator_c.dir/build
[0.073s] /usr/bin/gmake  -f CMakeFiles/ament_cmake_python_symlink_mujoco_ros_utils.dir/build.make CMakeFiles/ament_cmake_python_symlink_mujoco_ros_utils.dir/build
[0.075s] gmake[2]: Entering directory '/home/bryansgue/uav_ws/build/mujoco_ros_utils'
[0.075s] /usr/bin/cmake -E create_symlink /home/bryansgue/uav_ws/build/mujoco_ros_utils/rosidl_generator_py/mujoco_ros_utils /home/bryansgue/uav_ws/build/mujoco_ros_utils/ament_cmake_python/mujoco_ros_utils/mujoco_ros_utils
[0.075s] gmake[2]: Entering directory '/home/bryansgue/uav_ws/build/mujoco_ros_utils'
[0.075s] gmake[2]: Nothing to be done for 'CMakeFiles/mujoco_ros_utils__cpp.dir/build'.
[0.075s] gmake[2]: Leaving directory '/home/bryansgue/uav_ws/build/mujoco_ros_utils'
[0.075s] gmake[2]: Entering directory '/home/bryansgue/uav_ws/build/mujoco_ros_utils'
[0.076s] gmake[2]: Nothing to be done for 'CMakeFiles/mujoco_ros_utils__rosidl_generator_c.dir/build'.
[0.076s] gmake[2]: Leaving directory '/home/bryansgue/uav_ws/build/mujoco_ros_utils'
[0.085s] [  1%] Built target mujoco_ros_utils__cpp
[0.085s] [  9%] Built target mujoco_ros_utils__rosidl_generator_c
[0.087s] gmake[2]: Leaving directory '/home/bryansgue/uav_ws/build/mujoco_ros_utils'
[0.087s] /usr/bin/gmake  -f CMakeFiles/mujoco_ros_utils__rosidl_typesupport_cpp.dir/build.make CMakeFiles/mujoco_ros_utils__rosidl_typesupport_cpp.dir/depend
[0.088s] /usr/bin/gmake  -f CMakeFiles/mujoco_ros_utils__rosidl_typesupport_fastrtps_cpp.dir/build.make CMakeFiles/mujoco_ros_utils__rosidl_typesupport_fastrtps_cpp.dir/depend
[0.088s] /usr/bin/gmake  -f CMakeFiles/mujoco_ros_utils__rosidl_typesupport_introspection_c.dir/build.make CMakeFiles/mujoco_ros_utils__rosidl_typesupport_introspection_c.dir/depend
[0.088s] /usr/bin/gmake  -f CMakeFiles/mujoco_ros_utils__rosidl_typesupport_c.dir/build.make CMakeFiles/mujoco_ros_utils__rosidl_typesupport_c.dir/depend
[0.089s] /usr/bin/gmake  -f CMakeFiles/mujoco_ros_utils__rosidl_typesupport_introspection_cpp.dir/build.make CMakeFiles/mujoco_ros_utils__rosidl_typesupport_introspection_cpp.dir/depend
[0.091s] gmake[2]: Entering directory '/home/bryansgue/uav_ws/build/mujoco_ros_utils'
[0.091s] cd /home/bryansgue/uav_ws/build/mujoco_ros_utils && /usr/bin/cmake -E cmake_depends "Unix Makefiles" /home/bryansgue/uav_ws/src/MujocoRosUtils /home/bryansgue/uav_ws/src/MujocoRosUtils /home/bryansgue/uav_ws/build/mujoco_ros_utils /home/bryansgue/uav_ws/build/mujoco_ros_utils /home/bryansgue/uav_ws/build/mujoco_ros_utils/CMakeFiles/mujoco_ros_utils__rosidl_typesupport_cpp.dir/DependInfo.cmake --color=
[0.091s] gmake[2]: Entering directory '/home/bryansgue/uav_ws/build/mujoco_ros_utils'
[0.091s] cd /home/bryansgue/uav_ws/build/mujoco_ros_utils && /usr/bin/cmake -E cmake_depends "Unix Makefiles" /home/bryansgue/uav_ws/src/MujocoRosUtils /home/bryansgue/uav_ws/src/MujocoRosUtils /home/bryansgue/uav_ws/build/mujoco_ros_utils /home/bryansgue/uav_ws/build/mujoco_ros_utils /home/bryansgue/uav_ws/build/mujoco_ros_utils/CMakeFiles/mujoco_ros_utils__rosidl_typesupport_introspection_c.dir/DependInfo.cmake --color=
[0.091s] gmake[2]: Entering directory '/home/bryansgue/uav_ws/build/mujoco_ros_utils'
[0.091s] cd /home/bryansgue/uav_ws/build/mujoco_ros_utils && /usr/bin/cmake -E cmake_depends "Unix Makefiles" /home/bryansgue/uav_ws/src/MujocoRosUtils /home/bryansgue/uav_ws/src/MujocoRosUtils /home/bryansgue/uav_ws/build/mujoco_ros_utils /home/bryansgue/uav_ws/build/mujoco_ros_utils /home/bryansgue/uav_ws/build/mujoco_ros_utils/CMakeFiles/mujoco_ros_utils__rosidl_typesupport_c.dir/DependInfo.cmake --color=
[0.091s] gmake[2]: Entering directory '/home/bryansgue/uav_ws/build/mujoco_ros_utils'
[0.091s] cd /home/bryansgue/uav_ws/build/mujoco_ros_utils && /usr/bin/cmake -E cmake_depends "Unix Makefiles" /home/bryansgue/uav_ws/src/MujocoRosUtils /home/bryansgue/uav_ws/src/MujocoRosUtils /home/bryansgue/uav_ws/build/mujoco_ros_utils /home/bryansgue/uav_ws/build/mujoco_ros_utils /home/bryansgue/uav_ws/build/mujoco_ros_utils/CMakeFiles/mujoco_ros_utils__rosidl_typesupport_fastrtps_cpp.dir/DependInfo.cmake --color=
[0.092s] gmake[2]: Entering directory '/home/bryansgue/uav_ws/build/mujoco_ros_utils'
[0.092s] cd /home/bryansgue/uav_ws/build/mujoco_ros_utils && /usr/bin/cmake -E cmake_depends "Unix Makefiles" /home/bryansgue/uav_ws/src/MujocoRosUtils /home/bryansgue/uav_ws/src/MujocoRosUtils /home/bryansgue/uav_ws/build/mujoco_ros_utils /home/bryansgue/uav_ws/build/mujoco_ros_utils /home/bryansgue/uav_ws/build/mujoco_ros_utils/CMakeFiles/mujoco_ros_utils__rosidl_typesupport_introspection_cpp.dir/DependInfo.cmake --color=
[0.100s] [  9%] Built target ament_cmake_python_symlink_mujoco_ros_utils
[0.101s] /usr/bin/gmake  -f CMakeFiles/mujoco_ros_utils__rosidl_typesupport_fastrtps_c.dir/build.make CMakeFiles/mujoco_ros_utils__rosidl_typesupport_fastrtps_c.dir/depend
[0.102s] /usr/bin/gmake  -f CMakeFiles/ament_cmake_python_build_mujoco_ros_utils_egg.dir/build.make CMakeFiles/ament_cmake_python_build_mujoco_ros_utils_egg.dir/depend
[0.102s] gmake[2]: Leaving directory '/home/bryansgue/uav_ws/build/mujoco_ros_utils'
[0.102s] gmake[2]: Leaving directory '/home/bryansgue/uav_ws/build/mujoco_ros_utils'
[0.102s] gmake[2]: Leaving directory '/home/bryansgue/uav_ws/build/mujoco_ros_utils'
[0.103s] /usr/bin/gmake  -f CMakeFiles/mujoco_ros_utils__rosidl_typesupport_c.dir/build.make CMakeFiles/mujoco_ros_utils__rosidl_typesupport_c.dir/build
[0.103s] gmake[2]: Leaving directory '/home/bryansgue/uav_ws/build/mujoco_ros_utils'
[0.103s] gmake[2]: Leaving directory '/home/bryansgue/uav_ws/build/mujoco_ros_utils'
[0.103s] /usr/bin/gmake  -f CMakeFiles/mujoco_ros_utils__rosidl_typesupport_cpp.dir/build.make CMakeFiles/mujoco_ros_utils__rosidl_typesupport_cpp.dir/build
[0.103s] /usr/bin/gmake  -f CMakeFiles/mujoco_ros_utils__rosidl_typesupport_fastrtps_cpp.dir/build.make CMakeFiles/mujoco_ros_utils__rosidl_typesupport_fastrtps_cpp.dir/build
[0.103s] /usr/bin/gmake  -f CMakeFiles/mujoco_ros_utils__rosidl_typesupport_introspection_c.dir/build.make CMakeFiles/mujoco_ros_utils__rosidl_typesupport_introspection_c.dir/build
[0.103s] /usr/bin/gmake  -f CMakeFiles/mujoco_ros_utils__rosidl_typesupport_introspection_cpp.dir/build.make CMakeFiles/mujoco_ros_utils__rosidl_typesupport_introspection_cpp.dir/build
[0.104s] gmake[2]: Entering directory '/home/bryansgue/uav_ws/build/mujoco_ros_utils'
[0.104s] cd /home/bryansgue/uav_ws/build/mujoco_ros_utils && /usr/bin/cmake -E cmake_depends "Unix Makefiles" /home/bryansgue/uav_ws/src/MujocoRosUtils /home/bryansgue/uav_ws/src/MujocoRosUtils /home/bryansgue/uav_ws/build/mujoco_ros_utils /home/bryansgue/uav_ws/build/mujoco_ros_utils /home/bryansgue/uav_ws/build/mujoco_ros_utils/CMakeFiles/ament_cmake_python_build_mujoco_ros_utils_egg.dir/DependInfo.cmake --color=
[0.105s] gmake[2]: Entering directory '/home/bryansgue/uav_ws/build/mujoco_ros_utils'
[0.105s] gmake[2]: Nothing to be done for 'CMakeFiles/mujoco_ros_utils__rosidl_typesupport_c.dir/build'.
[0.105s] gmake[2]: Leaving directory '/home/bryansgue/uav_ws/build/mujoco_ros_utils'
[0.128s] gmake[2]: Entering directory '/home/bryansgue/uav_ws/build/mujoco_ros_utils'
[0.128s] gmake[2]: Nothing to be done for 'CMakeFiles/mujoco_ros_utils__rosidl_typesupport_introspection_c.dir/build'.
[0.128s] gmake[2]: Leaving directory '/home/bryansgue/uav_ws/build/mujoco_ros_utils'
[0.128s] gmake[2]: Entering directory '/home/bryansgue/uav_ws/build/mujoco_ros_utils'
[0.128s] cd /home/bryansgue/uav_ws/build/mujoco_ros_utils && /usr/bin/cmake -E cmake_depends "Unix Makefiles" /home/bryansgue/uav_ws/src/MujocoRosUtils /home/bryansgue/uav_ws/src/MujocoRosUtils /home/bryansgue/uav_ws/build/mujoco_ros_utils /home/bryansgue/uav_ws/build/mujoco_ros_utils /home/bryansgue/uav_ws/build/mujoco_ros_utils/CMakeFiles/mujoco_ros_utils__rosidl_typesupport_fastrtps_c.dir/DependInfo.cmake --color=
[0.129s] gmake[2]: Entering directory '/home/bryansgue/uav_ws/build/mujoco_ros_utils'
[0.129s] gmake[2]: Nothing to be done for 'CMakeFiles/mujoco_ros_utils__rosidl_typesupport_cpp.dir/build'.
[0.129s] gmake[2]: Leaving directory '/home/bryansgue/uav_ws/build/mujoco_ros_utils'
[0.129s] gmake[2]: Entering directory '/home/bryansgue/uav_ws/build/mujoco_ros_utils'
[0.129s] gmake[2]: Nothing to be done for 'CMakeFiles/mujoco_ros_utils__rosidl_typesupport_fastrtps_cpp.dir/build'.
[0.129s] gmake[2]: Leaving directory '/home/bryansgue/uav_ws/build/mujoco_ros_utils'
[0.129s] gmake[2]: Entering directory '/home/bryansgue/uav_ws/build/mujoco_ros_utils'
[0.129s] gmake[2]: Nothing to be done for 'CMakeFiles/mujoco_ros_utils__rosidl_typesupport_introspection_cpp.dir/build'.
[0.129s] gmake[2]: Leaving directory '/home/bryansgue/uav_ws/build/mujoco_ros_utils'
[0.129s] [ 46%] Built target mujoco_ros_utils__rosidl_typesupport_cpp
[0.129s] [ 46%] Built target mujoco_ros_utils__rosidl_typesupport_fastrtps_cpp
[0.129s] [ 46%] Built target mujoco_ros_utils__rosidl_typesupport_c
[0.129s] [ 46%] Built target mujoco_ros_utils__rosidl_typesupport_introspection_c
[0.129s] [ 46%] Built target mujoco_ros_utils__rosidl_typesupport_introspection_cpp
[0.129s] gmake[2]: Leaving directory '/home/bryansgue/uav_ws/build/mujoco_ros_utils'
[0.129s] /usr/bin/gmake  -f CMakeFiles/ament_cmake_python_build_mujoco_ros_utils_egg.dir/build.make CMakeFiles/ament_cmake_python_build_mujoco_ros_utils_egg.dir/build
[0.129s] gmake[2]: Leaving directory '/home/bryansgue/uav_ws/build/mujoco_ros_utils'
[0.129s] /usr/bin/gmake  -f CMakeFiles/mujoco_ros_utils__rosidl_typesupport_fastrtps_c.dir/build.make CMakeFiles/mujoco_ros_utils__rosidl_typesupport_fastrtps_c.dir/build
[0.129s] gmake[2]: Entering directory '/home/bryansgue/uav_ws/build/mujoco_ros_utils'
[0.129s] cd /home/bryansgue/uav_ws/build/mujoco_ros_utils/ament_cmake_python/mujoco_ros_utils && /usr/bin/python3 setup.py egg_info
[0.129s] gmake[2]: Entering directory '/home/bryansgue/uav_ws/build/mujoco_ros_utils'
[0.129s] gmake[2]: Nothing to be done for 'CMakeFiles/mujoco_ros_utils__rosidl_typesupport_fastrtps_c.dir/build'.
[0.129s] gmake[2]: Leaving directory '/home/bryansgue/uav_ws/build/mujoco_ros_utils'
[0.397s] [ 53%] Built target mujoco_ros_utils__rosidl_typesupport_fastrtps_c
[0.397s] /usr/bin/gmake  -f CMakeFiles/mujoco_ros_utils.dir/build.make CMakeFiles/mujoco_ros_utils.dir/depend
[0.397s] gmake[2]: Entering directory '/home/bryansgue/uav_ws/build/mujoco_ros_utils'
[0.397s] cd /home/bryansgue/uav_ws/build/mujoco_ros_utils && /usr/bin/cmake -E cmake_depends "Unix Makefiles" /home/bryansgue/uav_ws/src/MujocoRosUtils /home/bryansgue/uav_ws/src/MujocoRosUtils /home/bryansgue/uav_ws/build/mujoco_ros_utils /home/bryansgue/uav_ws/build/mujoco_ros_utils /home/bryansgue/uav_ws/build/mujoco_ros_utils/CMakeFiles/mujoco_ros_utils.dir/DependInfo.cmake --color=
[0.397s] gmake[2]: Leaving directory '/home/bryansgue/uav_ws/build/mujoco_ros_utils'
[0.398s] /usr/bin/gmake  -f CMakeFiles/mujoco_ros_utils.dir/build.make CMakeFiles/mujoco_ros_utils.dir/build
[0.398s] gmake[2]: Entering directory '/home/bryansgue/uav_ws/build/mujoco_ros_utils'
[0.398s] gmake[2]: Nothing to be done for 'CMakeFiles/mujoco_ros_utils.dir/build'.
[0.398s] gmake[2]: Leaving directory '/home/bryansgue/uav_ws/build/mujoco_ros_utils'
[0.398s] [ 53%] Built target mujoco_ros_utils
[0.398s] /usr/bin/gmake  -f mujoco_ros_utils__py/CMakeFiles/mujoco_ros_utils__py.dir/build.make mujoco_ros_utils__py/CMakeFiles/mujoco_ros_utils__py.dir/depend
[0.398s] /usr/bin/gmake  -f plugin/CMakeFiles/MujocoRosUtils.dir/build.make plugin/CMakeFiles/MujocoRosUtils.dir/depend
[0.398s] gmake[2]: Entering directory '/home/bryansgue/uav_ws/build/mujoco_ros_utils'
[0.398s] cd /home/bryansgue/uav_ws/build/mujoco_ros_utils && /usr/bin/cmake -E cmake_depends "Unix Makefiles" /home/bryansgue/uav_ws/src/MujocoRosUtils /home/bryansgue/uav_ws/build/mujoco_ros_utils/mujoco_ros_utils__py /home/bryansgue/uav_ws/build/mujoco_ros_utils /home/bryansgue/uav_ws/build/mujoco_ros_utils/mujoco_ros_utils__py /home/bryansgue/uav_ws/build/mujoco_ros_utils/mujoco_ros_utils__py/CMakeFiles/mujoco_ros_utils__py.dir/DependInfo.cmake --color=
[0.398s] gmake[2]: Entering directory '/home/bryansgue/uav_ws/build/mujoco_ros_utils'
[0.398s] cd /home/bryansgue/uav_ws/build/mujoco_ros_utils && /usr/bin/cmake -E cmake_depends "Unix Makefiles" /home/bryansgue/uav_ws/src/MujocoRosUtils /home/bryansgue/uav_ws/src/MujocoRosUtils/plugin /home/bryansgue/uav_ws/build/mujoco_ros_utils /home/bryansgue/uav_ws/build/mujoco_ros_utils/plugin /home/bryansgue/uav_ws/build/mujoco_ros_utils/plugin/CMakeFiles/MujocoRosUtils.dir/DependInfo.cmake --color=
[0.398s] gmake[2]: Leaving directory '/home/bryansgue/uav_ws/build/mujoco_ros_utils'
[0.398s] /usr/bin/gmake  -f mujoco_ros_utils__py/CMakeFiles/mujoco_ros_utils__py.dir/build.make mujoco_ros_utils__py/CMakeFiles/mujoco_ros_utils__py.dir/build
[0.398s] gmake[2]: Entering directory '/home/bryansgue/uav_ws/build/mujoco_ros_utils'
[0.398s] gmake[2]: Nothing to be done for 'mujoco_ros_utils__py/CMakeFiles/mujoco_ros_utils__py.dir/build'.
[0.398s] gmake[2]: Leaving directory '/home/bryansgue/uav_ws/build/mujoco_ros_utils'
[0.398s] gmake[2]: Leaving directory '/home/bryansgue/uav_ws/build/mujoco_ros_utils'
[0.398s] /usr/bin/gmake  -f plugin/CMakeFiles/MujocoRosUtils.dir/build.make plugin/CMakeFiles/MujocoRosUtils.dir/build
[0.399s] [ 55%] Built target mujoco_ros_utils__py
[0.399s] /usr/bin/gmake  -f CMakeFiles/mujoco_ros_utils__rosidl_generator_py.dir/build.make CMakeFiles/mujoco_ros_utils__rosidl_generator_py.dir/depend
[0.399s] gmake[2]: Entering directory '/home/bryansgue/uav_ws/build/mujoco_ros_utils'
[0.399s] gmake[2]: Nothing to be done for 'plugin/CMakeFiles/MujocoRosUtils.dir/build'.
[0.399s] gmake[2]: Leaving directory '/home/bryansgue/uav_ws/build/mujoco_ros_utils'
[0.399s] gmake[2]: Entering directory '/home/bryansgue/uav_ws/build/mujoco_ros_utils'
[0.399s] cd /home/bryansgue/uav_ws/build/mujoco_ros_utils && /usr/bin/cmake -E cmake_depends "Unix Makefiles" /home/bryansgue/uav_ws/src/MujocoRosUtils /home/bryansgue/uav_ws/src/MujocoRosUtils /home/bryansgue/uav_ws/build/mujoco_ros_utils /home/bryansgue/uav_ws/build/mujoco_ros_utils /home/bryansgue/uav_ws/build/mujoco_ros_utils/CMakeFiles/mujoco_ros_utils__rosidl_generator_py.dir/DependInfo.cmake --color=
[0.399s] [ 79%] Built target MujocoRosUtils
[0.399s] gmake[2]: Leaving directory '/home/bryansgue/uav_ws/build/mujoco_ros_utils'
[0.399s] /usr/bin/gmake  -f plugin/CMakeFiles/MujocoRosUtilsPlugin.dir/build.make plugin/CMakeFiles/MujocoRosUtilsPlugin.dir/depend
[0.399s] /usr/bin/gmake  -f CMakeFiles/mujoco_ros_utils__rosidl_generator_py.dir/build.make CMakeFiles/mujoco_ros_utils__rosidl_generator_py.dir/build
[0.399s] gmake[2]: Entering directory '/home/bryansgue/uav_ws/build/mujoco_ros_utils'
[0.399s] gmake[2]: Nothing to be done for 'CMakeFiles/mujoco_ros_utils__rosidl_generator_py.dir/build'.
[0.399s] gmake[2]: Leaving directory '/home/bryansgue/uav_ws/build/mujoco_ros_utils'
[0.399s] gmake[2]: Entering directory '/home/bryansgue/uav_ws/build/mujoco_ros_utils'
[0.399s] cd /home/bryansgue/uav_ws/build/mujoco_ros_utils && /usr/bin/cmake -E cmake_depends "Unix Makefiles" /home/bryansgue/uav_ws/src/MujocoRosUtils /home/bryansgue/uav_ws/src/MujocoRosUtils/plugin /home/bryansgue/uav_ws/build/mujoco_ros_utils /home/bryansgue/uav_ws/build/mujoco_ros_utils/plugin /home/bryansgue/uav_ws/build/mujoco_ros_utils/plugin/CMakeFiles/MujocoRosUtilsPlugin.dir/DependInfo.cmake --color=
[0.399s] [ 85%] Built target mujoco_ros_utils__rosidl_generator_py
[0.399s] gmake[2]: Leaving directory '/home/bryansgue/uav_ws/build/mujoco_ros_utils'
[0.399s] /usr/bin/gmake  -f CMakeFiles/mujoco_ros_utils__rosidl_typesupport_fastrtps_c__pyext.dir/build.make CMakeFiles/mujoco_ros_utils__rosidl_typesupport_fastrtps_c__pyext.dir/depend
[0.399s] /usr/bin/gmake  -f plugin/CMakeFiles/MujocoRosUtilsPlugin.dir/build.make plugin/CMakeFiles/MujocoRosUtilsPlugin.dir/build
[0.399s] /usr/bin/gmake  -f CMakeFiles/mujoco_ros_utils__rosidl_typesupport_introspection_c__pyext.dir/build.make CMakeFiles/mujoco_ros_utils__rosidl_typesupport_introspection_c__pyext.dir/depend
[0.399s] /usr/bin/gmake  -f CMakeFiles/mujoco_ros_utils__rosidl_typesupport_c__pyext.dir/build.make CMakeFiles/mujoco_ros_utils__rosidl_typesupport_c__pyext.dir/depend
[0.399s] gmake[2]: Entering directory '/home/bryansgue/uav_ws/build/mujoco_ros_utils'
[0.399s] gmake[2]: Entering directory '/home/bryansgue/uav_ws/build/mujoco_ros_utils'
[0.400s] cd /home/bryansgue/uav_ws/build/mujoco_ros_utils && /usr/bin/cmake -E cmake_depends "Unix Makefiles" /home/bryansgue/uav_ws/src/MujocoRosUtils /home/bryansgue/uav_ws/src/MujocoRosUtils /home/bryansgue/uav_ws/build/mujoco_ros_utils /home/bryansgue/uav_ws/build/mujoco_ros_utils /home/bryansgue/uav_ws/build/mujoco_ros_utils/CMakeFiles/mujoco_ros_utils__rosidl_typesupport_introspection_c__pyext.dir/DependInfo.cmake --color=
[0.400s] cd /home/bryansgue/uav_ws/build/mujoco_ros_utils && /usr/bin/cmake -E cmake_depends "Unix Makefiles" /home/bryansgue/uav_ws/src/MujocoRosUtils /home/bryansgue/uav_ws/src/MujocoRosUtils /home/bryansgue/uav_ws/build/mujoco_ros_utils /home/bryansgue/uav_ws/build/mujoco_ros_utils /home/bryansgue/uav_ws/build/mujoco_ros_utils/CMakeFiles/mujoco_ros_utils__rosidl_typesupport_fastrtps_c__pyext.dir/DependInfo.cmake --color=
[0.400s] gmake[2]: Entering directory '/home/bryansgue/uav_ws/build/mujoco_ros_utils'
[0.400s] cd /home/bryansgue/uav_ws/build/mujoco_ros_utils && /usr/bin/cmake -E cmake_depends "Unix Makefiles" /home/bryansgue/uav_ws/src/MujocoRosUtils /home/bryansgue/uav_ws/src/MujocoRosUtils /home/bryansgue/uav_ws/build/mujoco_ros_utils /home/bryansgue/uav_ws/build/mujoco_ros_utils /home/bryansgue/uav_ws/build/mujoco_ros_utils/CMakeFiles/mujoco_ros_utils__rosidl_typesupport_c__pyext.dir/DependInfo.cmake --color=
[0.400s] gmake[2]: Entering directory '/home/bryansgue/uav_ws/build/mujoco_ros_utils'
[0.400s] gmake[2]: Nothing to be done for 'plugin/CMakeFiles/MujocoRosUtilsPlugin.dir/build'.
[0.400s] gmake[2]: Leaving directory '/home/bryansgue/uav_ws/build/mujoco_ros_utils'
[0.400s] gmake[2]: Leaving directory '/home/bryansgue/uav_ws/build/mujoco_ros_utils'
[0.400s] gmake[2]: Leaving directory '/home/bryansgue/uav_ws/build/mujoco_ros_utils'
[0.400s] gmake[2]: Leaving directory '/home/bryansgue/uav_ws/build/mujoco_ros_utils'
[0.400s] /usr/bin/gmake  -f CMakeFiles/mujoco_ros_utils__rosidl_typesupport_fastrtps_c__pyext.dir/build.make CMakeFiles/mujoco_ros_utils__rosidl_typesupport_fastrtps_c__pyext.dir/build
[0.400s] /usr/bin/gmake  -f CMakeFiles/mujoco_ros_utils__rosidl_typesupport_introspection_c__pyext.dir/build.make CMakeFiles/mujoco_ros_utils__rosidl_typesupport_introspection_c__pyext.dir/build
[0.400s] /usr/bin/gmake  -f CMakeFiles/mujoco_ros_utils__rosidl_typesupport_c__pyext.dir/build.make CMakeFiles/mujoco_ros_utils__rosidl_typesupport_c__pyext.dir/build
[0.400s] gmake[2]: Entering directory '/home/bryansgue/uav_ws/build/mujoco_ros_utils'
[0.400s] gmake[2]: Entering directory '/home/bryansgue/uav_ws/build/mujoco_ros_utils'
[0.400s] gmake[2]: Entering directory '/home/bryansgue/uav_ws/build/mujoco_ros_utils'
[0.400s] gmake[2]: Nothing to be done for 'CMakeFiles/mujoco_ros_utils__rosidl_typesupport_fastrtps_c__pyext.dir/build'.
[0.400s] gmake[2]: Nothing to be done for 'CMakeFiles/mujoco_ros_utils__rosidl_typesupport_introspection_c__pyext.dir/build'.
[0.400s] gmake[2]: Nothing to be done for 'CMakeFiles/mujoco_ros_utils__rosidl_typesupport_c__pyext.dir/build'.
[0.400s] gmake[2]: Leaving directory '/home/bryansgue/uav_ws/build/mujoco_ros_utils'
[0.400s] gmake[2]: Leaving directory '/home/bryansgue/uav_ws/build/mujoco_ros_utils'
[0.400s] gmake[2]: Leaving directory '/home/bryansgue/uav_ws/build/mujoco_ros_utils'
[0.400s] [ 88%] Built target MujocoRosUtilsPlugin
[0.400s] [100%] Built target mujoco_ros_utils__rosidl_typesupport_fastrtps_c__pyext
[0.400s] [100%] Built target mujoco_ros_utils__rosidl_typesupport_c__pyext
[0.400s] [100%] Built target mujoco_ros_utils__rosidl_typesupport_introspection_c__pyext
[0.400s] running egg_info
[0.400s] writing mujoco_ros_utils.egg-info/PKG-INFO
[0.400s] writing dependency_links to mujoco_ros_utils.egg-info/dependency_links.txt
[0.400s] writing top-level names to mujoco_ros_utils.egg-info/top_level.txt
[0.400s] reading manifest file 'mujoco_ros_utils.egg-info/SOURCES.txt'
[0.401s] writing manifest file 'mujoco_ros_utils.egg-info/SOURCES.txt'
[0.401s] gmake[2]: Leaving directory '/home/bryansgue/uav_ws/build/mujoco_ros_utils'
[0.401s] [100%] Built target ament_cmake_python_build_mujoco_ros_utils_egg
[0.401s] gmake[1]: Leaving directory '/home/bryansgue/uav_ws/build/mujoco_ros_utils'
[0.401s] /usr/bin/cmake -E cmake_progress_start /home/bryansgue/uav_ws/build/mujoco_ros_utils/CMakeFiles 0
[0.408s] Invoked command in '/home/bryansgue/uav_ws/build/mujoco_ros_utils' returned '0': AMENT_PREFIX_PATH=/home/bryansgue/uav_ws/install/quadrotor_msgs:${AMENT_PREFIX_PATH} CMAKE_PREFIX_PATH=/home/bryansgue/uav_ws/install/quadrotor_msgs:/home/bryansgue/acp_ws/install/quad_mujoco_sim:/home/bryansgue/acp_ws/install/voxl2_rpm_interface:/home/bryansgue/acp_ws/install/trackers_manager:/home/bryansgue/acp_ws/install/std_trackers:/home/bryansgue/acp_ws/install/sim_interface:/home/bryansgue/acp_ws/install/drone_teleop:/home/bryansgue/acp_ws/install/nmpc_control:/home/bryansgue/acp_ws/install/mav_manager_test:/home/bryansgue/acp_ws/install/dq_nmpc:/opt/ros/humble:/home/bryansgue/acp_ws/install/mav_manager:/home/bryansgue/acp_ws/install/trackers_msgs:/home/bryansgue/acp_ws/install/quadrotor_simulator:/home/bryansgue/acp_ws/install/pi_ros2_interface:/home/bryansgue/acp_ws/install/nmpc_payload_cpp:/home/bryansgue/acp_ws/install/mujoco_ros_utils:/home/bryansgue/acp_ws/install/mav_control:/home/bryansgue/acp_ws/install/dq_cpp:/home/bryansgue/acp_ws/install/acp_mujoco_simulator:/home/bryansgue/acp_ws/install/quadrotor_msgs:/home/bryansgue/acp_ws/install/mesh_visualization:/home/bryansgue/acp_ws/install/mav_manager_srv:/home/bryansgue/acp_ws/install/acp_autonomy LD_LIBRARY_PATH=/home/bryansgue/uav_ws/install/quadrotor_msgs/lib:/home/bryansgue/acp_ws/install/trackers_manager/lib:/home/bryansgue/acp_ws/install/std_trackers/lib:/home/bryansgue/acp_ws/install/mav_manager/lib:/home/bryansgue/acp_ws/install/trackers_msgs/lib:/home/bryansgue/acp_ws/install/quadrotor_simulator/lib:/home/bryansgue/acp_ws/install/pi_ros2_interface/lib:/home/bryansgue/acp_ws/install/nmpc_payload_cpp/lib:/home/bryansgue/acp_ws/install/mujoco_ros_utils/lib:/home/bryansgue/acp_ws/install/mav_control/lib:/home/bryansgue/acp_ws/install/dq_cpp/lib:/home/bryansgue/acp_ws/install/quadrotor_msgs/lib:/home/bryansgue/acp_ws/install/mesh_visualization/lib:/home/bryansgue/acp_ws/install/mav_manager_srv/lib:/opt/ros/humble/opt/rviz_ogre_vendor/lib:/opt/ros/humble/lib/x86_64-linux-gnu:/opt/ros/humble/lib:/home/bryansgue/acados/lib:/home/bryansgue/acados/lib:/home/bryansgue/acados/external/blasfeo/lib:/home/bryansgue/acados/external/hpipm/lib:/home/bryansgue/acados/lib:/home/bryansgue/acados/lib:/home/bryansgue/acados/external/blasfeo/lib:/home/bryansgue/acados/external/hpipm/lib PYTHONPATH=/home/bryansgue/uav_ws/install/quadrotor_msgs/local/lib/python3.10/dist-packages:${PYTHONPATH} /usr/bin/cmake --build /home/bryansgue/uav_ws/build/mujoco_ros_utils -- -j16 -l16
[0.409s] Invoking command in '/home/bryansgue/uav_ws/build/mujoco_ros_utils': AMENT_PREFIX_PATH=/home/bryansgue/uav_ws/install/quadrotor_msgs:${AMENT_PREFIX_PATH} CMAKE_PREFIX_PATH=/home/bryansgue/uav_ws/install/quadrotor_msgs:/home/bryansgue/acp_ws/install/quad_mujoco_sim:/home/bryansgue/acp_ws/install/voxl2_rpm_interface:/home/bryansgue/acp_ws/install/trackers_manager:/home/bryansgue/acp_ws/install/std_trackers:/home/bryansgue/acp_ws/install/sim_interface:/home/bryansgue/acp_ws/install/drone_teleop:/home/bryansgue/acp_ws/install/nmpc_control:/home/bryansgue/acp_ws/install/mav_manager_test:/home/bryansgue/acp_ws/install/dq_nmpc:/opt/ros/humble:/home/bryansgue/acp_ws/install/mav_manager:/home/bryansgue/acp_ws/install/trackers_msgs:/home/bryansgue/acp_ws/install/quadrotor_simulator:/home/bryansgue/acp_ws/install/pi_ros2_interface:/home/bryansgue/acp_ws/install/nmpc_payload_cpp:/home/bryansgue/acp_ws/install/mujoco_ros_utils:/home/bryansgue/acp_ws/install/mav_control:/home/bryansgue/acp_ws/install/dq_cpp:/home/bryansgue/acp_ws/install/acp_mujoco_simulator:/home/bryansgue/acp_ws/install/quadrotor_msgs:/home/bryansgue/acp_ws/install/mesh_visualization:/home/bryansgue/acp_ws/install/mav_manager_srv:/home/bryansgue/acp_ws/install/acp_autonomy LD_LIBRARY_PATH=/home/bryansgue/uav_ws/install/quadrotor_msgs/lib:/home/bryansgue/acp_ws/install/trackers_manager/lib:/home/bryansgue/acp_ws/install/std_trackers/lib:/home/bryansgue/acp_ws/install/mav_manager/lib:/home/bryansgue/acp_ws/install/trackers_msgs/lib:/home/bryansgue/acp_ws/install/quadrotor_simulator/lib:/home/bryansgue/acp_ws/install/pi_ros2_interface/lib:/home/bryansgue/acp_ws/install/nmpc_payload_cpp/lib:/home/bryansgue/acp_ws/install/mujoco_ros_utils/lib:/home/bryansgue/acp_ws/install/mav_control/lib:/home/bryansgue/acp_ws/install/dq_cpp/lib:/home/bryansgue/acp_ws/install/quadrotor_msgs/lib:/home/bryansgue/acp_ws/install/mesh_visualization/lib:/home/bryansgue/acp_ws/install/mav_manager_srv/lib:/opt/ros/humble/opt/rviz_ogre_vendor/lib:/opt/ros/humble/lib/x86_64-linux-gnu:/opt/ros/humble/lib:/home/bryansgue/acados/lib:/home/bryansgue/acados/lib:/home/bryansgue/acados/external/blasfeo/lib:/home/bryansgue/acados/external/hpipm/lib:/home/bryansgue/acados/lib:/home/bryansgue/acados/lib:/home/bryansgue/acados/external/blasfeo/lib:/home/bryansgue/acados/external/hpipm/lib PYTHONPATH=/home/bryansgue/uav_ws/install/quadrotor_msgs/local/lib/python3.10/dist-packages:${PYTHONPATH} /usr/bin/cmake --install /home/bryansgue/uav_ws/build/mujoco_ros_utils
[0.420s] -- Install configuration: ""
[0.433s] CMake Error: Invalid value used with --config
[0.433s] Usage: cmake --build <dir>             [options] [-- [native-options]]
[0.433s]        cmake --build --preset <preset> [options] [-- [native-options]]
[0.433s] Options:
[0.433s]   <dir>          = Project binary directory to be built.
[0.433s]   --preset <preset>, --preset=<preset>
[0.433s]                  = Specify a build preset.
[0.433s]   --list-presets
[0.433s]                  = List available build presets.
[0.433s]   --parallel [<jobs>], -j [<jobs>]
[0.433s]                  = Build in parallel using the given number of jobs. 
[0.433s]                    If <jobs> is omitted the native build tool's 
[0.433s]                    default number is used.
[0.433s]                    The CMAKE_BUILD_PARALLEL_LEVEL environment variable
[0.434s]                    specifies a default parallel level when this option
[0.434s]                    is not given.
[0.434s]   --target <tgt>..., -t <tgt>... 
[0.434s]                  = Build <tgt> instead of default targets.
[0.434s]   --config <cfg> = For multi-configuration tools, choose <cfg>.
[0.434s]   --clean-first  = Build target 'clean' first, then build.
[0.434s]                    (To clean only, use --target 'clean'.)
[0.434s]   --verbose, -v  = Enable verbose output - if supported - including
[0.434s]                    the build commands to be executed. 
[0.434s]   --             = Pass remaining options to the native tool.
[0.434s] -- Execute custom install script
[0.435s] -- Up-to-date symlink: /home/bryansgue/uav_ws/install/mujoco_ros_utils/share/ament_index/resource_index/rosidl_interfaces/mujoco_ros_utils
[0.435s] -- Up-to-date symlink: /home/bryansgue/uav_ws/install/mujoco_ros_utils/include/mujoco_ros_utils/mujoco_ros_utils/msg/detail/external_force__functions.h
[0.435s] -- Up-to-date symlink: /home/bryansgue/uav_ws/install/mujoco_ros_utils/include/mujoco_ros_utils/mujoco_ros_utils/msg/detail/external_force__struct.h
[0.435s] -- Up-to-date symlink: /home/bryansgue/uav_ws/install/mujoco_ros_utils/include/mujoco_ros_utils/mujoco_ros_utils/msg/detail/external_force__type_support.h
[0.435s] -- Up-to-date symlink: /home/bryansgue/uav_ws/install/mujoco_ros_utils/include/mujoco_ros_utils/mujoco_ros_utils/msg/detail/scalar_stamped__functions.h
[0.435s] -- Up-to-date symlink: /home/bryansgue/uav_ws/install/mujoco_ros_utils/include/mujoco_ros_utils/mujoco_ros_utils/msg/detail/scalar_stamped__struct.h
[0.435s] -- Up-to-date symlink: /home/bryansgue/uav_ws/install/mujoco_ros_utils/include/mujoco_ros_utils/mujoco_ros_utils/msg/detail/scalar_stamped__type_support.h
[0.435s] -- Up-to-date symlink: /home/bryansgue/uav_ws/install/mujoco_ros_utils/include/mujoco_ros_utils/mujoco_ros_utils/msg/external_force.h
[0.436s] -- Up-to-date symlink: /home/bryansgue/uav_ws/install/mujoco_ros_utils/include/mujoco_ros_utils/mujoco_ros_utils/msg/rosidl_generator_c__visibility_control.h
[0.436s] -- Up-to-date symlink: /home/bryansgue/uav_ws/install/mujoco_ros_utils/include/mujoco_ros_utils/mujoco_ros_utils/msg/scalar_stamped.h
[0.436s] -- Up-to-date symlink: /home/bryansgue/uav_ws/install/mujoco_ros_utils/share/mujoco_ros_utils/environment/library_path.sh
[0.436s] -- Up-to-date symlink: /home/bryansgue/uav_ws/install/mujoco_ros_utils/share/mujoco_ros_utils/environment/library_path.dsv
[0.436s] -- Up-to-date symlink: /home/bryansgue/uav_ws/install/mujoco_ros_utils/include/mujoco_ros_utils/mujoco_ros_utils/msg/detail/external_force__rosidl_typesupport_fastrtps_c.h
[0.436s] -- Up-to-date symlink: /home/bryansgue/uav_ws/install/mujoco_ros_utils/include/mujoco_ros_utils/mujoco_ros_utils/msg/detail/scalar_stamped__rosidl_typesupport_fastrtps_c.h
[0.436s] -- Up-to-date symlink: /home/bryansgue/uav_ws/install/mujoco_ros_utils/include/mujoco_ros_utils/mujoco_ros_utils/msg/rosidl_typesupport_fastrtps_c__visibility_control.h
[0.437s] -- Up-to-date symlink: /home/bryansgue/uav_ws/install/mujoco_ros_utils/include/mujoco_ros_utils/mujoco_ros_utils/msg/detail/external_force__builder.hpp
[0.437s] -- Up-to-date symlink: /home/bryansgue/uav_ws/install/mujoco_ros_utils/include/mujoco_ros_utils/mujoco_ros_utils/msg/detail/external_force__struct.hpp
[0.437s] -- Up-to-date symlink: /home/bryansgue/uav_ws/install/mujoco_ros_utils/include/mujoco_ros_utils/mujoco_ros_utils/msg/detail/external_force__traits.hpp
[0.437s] -- Up-to-date symlink: /home/bryansgue/uav_ws/install/mujoco_ros_utils/include/mujoco_ros_utils/mujoco_ros_utils/msg/detail/external_force__type_support.hpp
[0.437s] -- Up-to-date symlink: /home/bryansgue/uav_ws/install/mujoco_ros_utils/include/mujoco_ros_utils/mujoco_ros_utils/msg/detail/scalar_stamped__builder.hpp
[0.437s] -- Up-to-date symlink: /home/bryansgue/uav_ws/install/mujoco_ros_utils/include/mujoco_ros_utils/mujoco_ros_utils/msg/detail/scalar_stamped__struct.hpp
[0.437s] -- Up-to-date symlink: /home/bryansgue/uav_ws/install/mujoco_ros_utils/include/mujoco_ros_utils/mujoco_ros_utils/msg/detail/scalar_stamped__traits.hpp
[0.437s] -- Up-to-date symlink: /home/bryansgue/uav_ws/install/mujoco_ros_utils/include/mujoco_ros_utils/mujoco_ros_utils/msg/detail/scalar_stamped__type_support.hpp
[0.437s] -- Up-to-date symlink: /home/bryansgue/uav_ws/install/mujoco_ros_utils/include/mujoco_ros_utils/mujoco_ros_utils/msg/external_force.hpp
[0.437s] -- Up-to-date symlink: /home/bryansgue/uav_ws/install/mujoco_ros_utils/include/mujoco_ros_utils/mujoco_ros_utils/msg/rosidl_generator_cpp__visibility_control.hpp
[0.437s] -- Up-to-date symlink: /home/bryansgue/uav_ws/install/mujoco_ros_utils/include/mujoco_ros_utils/mujoco_ros_utils/msg/scalar_stamped.hpp
[0.438s] -- Up-to-date symlink: /home/bryansgue/uav_ws/install/mujoco_ros_utils/include/mujoco_ros_utils/mujoco_ros_utils/msg/detail/external_force__rosidl_typesupport_fastrtps_cpp.hpp
[0.438s] -- Up-to-date symlink: /home/bryansgue/uav_ws/install/mujoco_ros_utils/include/mujoco_ros_utils/mujoco_ros_utils/msg/detail/scalar_stamped__rosidl_typesupport_fastrtps_cpp.hpp
[0.438s] -- Up-to-date symlink: /home/bryansgue/uav_ws/install/mujoco_ros_utils/include/mujoco_ros_utils/mujoco_ros_utils/msg/rosidl_typesupport_fastrtps_cpp__visibility_control.h
[0.438s] -- Up-to-date symlink: /home/bryansgue/uav_ws/install/mujoco_ros_utils/include/mujoco_ros_utils/mujoco_ros_utils/msg/detail/external_force__rosidl_typesupport_introspection_c.h
[0.438s] -- Up-to-date symlink: /home/bryansgue/uav_ws/install/mujoco_ros_utils/include/mujoco_ros_utils/mujoco_ros_utils/msg/detail/scalar_stamped__rosidl_typesupport_introspection_c.h
[0.439s] -- Up-to-date symlink: /home/bryansgue/uav_ws/install/mujoco_ros_utils/include/mujoco_ros_utils/mujoco_ros_utils/msg/rosidl_typesupport_introspection_c__visibility_control.h
[0.439s] -- Up-to-date symlink: /home/bryansgue/uav_ws/install/mujoco_ros_utils/include/mujoco_ros_utils/mujoco_ros_utils/msg/detail/external_force__rosidl_typesupport_introspection_cpp.hpp
[0.439s] -- Up-to-date symlink: /home/bryansgue/uav_ws/install/mujoco_ros_utils/include/mujoco_ros_utils/mujoco_ros_utils/msg/detail/scalar_stamped__rosidl_typesupport_introspection_cpp.hpp
[0.439s] -- Up-to-date symlink: /home/bryansgue/uav_ws/install/mujoco_ros_utils/share/mujoco_ros_utils/environment/pythonpath.sh
[0.439s] -- Up-to-date symlink: /home/bryansgue/uav_ws/install/mujoco_ros_utils/share/mujoco_ros_utils/environment/pythonpath.dsv
[0.439s] -- Up-to-date symlink: /home/bryansgue/uav_ws/install/mujoco_ros_utils/local/lib/python3.10/dist-packages/mujoco_ros_utils-0.1.0-py3.10.egg-info/PKG-INFO
[0.440s] -- Up-to-date symlink: /home/bryansgue/uav_ws/install/mujoco_ros_utils/local/lib/python3.10/dist-packages/mujoco_ros_utils-0.1.0-py3.10.egg-info/SOURCES.txt
[0.440s] -- Up-to-date symlink: /home/bryansgue/uav_ws/install/mujoco_ros_utils/local/lib/python3.10/dist-packages/mujoco_ros_utils-0.1.0-py3.10.egg-info/dependency_links.txt
[0.440s] -- Up-to-date symlink: /home/bryansgue/uav_ws/install/mujoco_ros_utils/local/lib/python3.10/dist-packages/mujoco_ros_utils-0.1.0-py3.10.egg-info/top_level.txt
[0.440s] -- Up-to-date symlink: /home/bryansgue/uav_ws/install/mujoco_ros_utils/local/lib/python3.10/dist-packages/mujoco_ros_utils/__init__.py
[0.440s] -- Up-to-date symlink: /home/bryansgue/uav_ws/install/mujoco_ros_utils/local/lib/python3.10/dist-packages/mujoco_ros_utils/_mujoco_ros_utils_s.ep.rosidl_typesupport_c.c
[0.440s] -- Up-to-date symlink: /home/bryansgue/uav_ws/install/mujoco_ros_utils/local/lib/python3.10/dist-packages/mujoco_ros_utils/_mujoco_ros_utils_s.ep.rosidl_typesupport_fastrtps_c.c
[0.440s] -- Up-to-date symlink: /home/bryansgue/uav_ws/install/mujoco_ros_utils/local/lib/python3.10/dist-packages/mujoco_ros_utils/_mujoco_ros_utils_s.ep.rosidl_typesupport_introspection_c.c
[0.441s] -- Up-to-date symlink: /home/bryansgue/uav_ws/install/mujoco_ros_utils/local/lib/python3.10/dist-packages/mujoco_ros_utils/libmujoco_ros_utils__rosidl_generator_py.so
[0.441s] -- Up-to-date symlink: /home/bryansgue/uav_ws/install/mujoco_ros_utils/local/lib/python3.10/dist-packages/mujoco_ros_utils/msg/__init__.py
[0.441s] -- Up-to-date symlink: /home/bryansgue/uav_ws/install/mujoco_ros_utils/local/lib/python3.10/dist-packages/mujoco_ros_utils/msg/_external_force.py
[0.441s] -- Up-to-date symlink: /home/bryansgue/uav_ws/install/mujoco_ros_utils/local/lib/python3.10/dist-packages/mujoco_ros_utils/msg/_external_force_s.c
[0.441s] -- Up-to-date symlink: /home/bryansgue/uav_ws/install/mujoco_ros_utils/local/lib/python3.10/dist-packages/mujoco_ros_utils/msg/_scalar_stamped.py
[0.441s] -- Up-to-date symlink: /home/bryansgue/uav_ws/install/mujoco_ros_utils/local/lib/python3.10/dist-packages/mujoco_ros_utils/msg/_scalar_stamped_s.c
[0.441s] -- Up-to-date symlink: /home/bryansgue/uav_ws/install/mujoco_ros_utils/local/lib/python3.10/dist-packages/mujoco_ros_utils/mujoco_ros_utils_s__rosidl_typesupport_c.cpython-310-x86_64-linux-gnu.so
[0.441s] -- Up-to-date symlink: /home/bryansgue/uav_ws/install/mujoco_ros_utils/local/lib/python3.10/dist-packages/mujoco_ros_utils/mujoco_ros_utils_s__rosidl_typesupport_fastrtps_c.cpython-310-x86_64-linux-gnu.so
[0.441s] -- Up-to-date symlink: /home/bryansgue/uav_ws/install/mujoco_ros_utils/local/lib/python3.10/dist-packages/mujoco_ros_utils/mujoco_ros_utils_s__rosidl_typesupport_introspection_c.cpython-310-x86_64-linux-gnu.so
[0.442s] -- Up-to-date symlink: /home/bryansgue/uav_ws/install/mujoco_ros_utils/local/lib/python3.10/dist-packages/mujoco_ros_utils/mujoco_ros_utils_s__rosidl_typesupport_fastrtps_c.cpython-310-x86_64-linux-gnu.so
[0.442s] -- Up-to-date symlink: /home/bryansgue/uav_ws/install/mujoco_ros_utils/local/lib/python3.10/dist-packages/mujoco_ros_utils/mujoco_ros_utils_s__rosidl_typesupport_introspection_c.cpython-310-x86_64-linux-gnu.so
[0.442s] -- Up-to-date symlink: /home/bryansgue/uav_ws/install/mujoco_ros_utils/local/lib/python3.10/dist-packages/mujoco_ros_utils/mujoco_ros_utils_s__rosidl_typesupport_c.cpython-310-x86_64-linux-gnu.so
[0.442s] -- Up-to-date symlink: /home/bryansgue/uav_ws/install/mujoco_ros_utils/share/mujoco_ros_utils/msg/ExternalForce.idl
[0.442s] -- Up-to-date symlink: /home/bryansgue/uav_ws/install/mujoco_ros_utils/share/mujoco_ros_utils/msg/ScalarStamped.idl
[0.442s] -- Up-to-date symlink: /home/bryansgue/uav_ws/install/mujoco_ros_utils/share/mujoco_ros_utils/msg/ExternalForce.msg
[0.442s] -- Up-to-date symlink: /home/bryansgue/uav_ws/install/mujoco_ros_utils/share/mujoco_ros_utils/msg/ScalarStamped.msg
[0.443s] -- Up-to-date symlink: /home/bryansgue/uav_ws/install/mujoco_ros_utils/share/mujoco_ros_utils/launch/display.launch.py
[0.443s] -- Up-to-date symlink: /home/bryansgue/uav_ws/install/mujoco_ros_utils/share/mujoco_ros_utils/launch/display.rviz
[0.443s] -- Up-to-date symlink: /home/bryansgue/uav_ws/install/mujoco_ros_utils/share/ament_index/resource_index/package_run_dependencies/mujoco_ros_utils
[0.443s] -- Up-to-date symlink: /home/bryansgue/uav_ws/install/mujoco_ros_utils/share/ament_index/resource_index/parent_prefix_path/mujoco_ros_utils
[0.443s] -- Up-to-date symlink: /home/bryansgue/uav_ws/install/mujoco_ros_utils/share/mujoco_ros_utils/environment/ament_prefix_path.sh
[0.443s] -- Up-to-date symlink: /home/bryansgue/uav_ws/install/mujoco_ros_utils/share/mujoco_ros_utils/environment/ament_prefix_path.dsv
[0.443s] -- Up-to-date symlink: /home/bryansgue/uav_ws/install/mujoco_ros_utils/share/mujoco_ros_utils/environment/path.sh
[0.443s] -- Up-to-date symlink: /home/bryansgue/uav_ws/install/mujoco_ros_utils/share/mujoco_ros_utils/environment/path.dsv
[0.443s] -- Up-to-date symlink: /home/bryansgue/uav_ws/install/mujoco_ros_utils/share/mujoco_ros_utils/local_setup.bash
[0.443s] -- Up-to-date symlink: /home/bryansgue/uav_ws/install/mujoco_ros_utils/share/mujoco_ros_utils/local_setup.sh
[0.444s] -- Up-to-date symlink: /home/bryansgue/uav_ws/install/mujoco_ros_utils/share/mujoco_ros_utils/local_setup.zsh
[0.444s] -- Up-to-date symlink: /home/bryansgue/uav_ws/install/mujoco_ros_utils/share/mujoco_ros_utils/local_setup.dsv
[0.444s] -- Symlinking: /home/bryansgue/uav_ws/install/mujoco_ros_utils/share/mujoco_ros_utils/package.dsv
[0.459s] -- Up-to-date symlink: /home/bryansgue/uav_ws/install/mujoco_ros_utils/share/ament_index/resource_index/packages/mujoco_ros_utils
[0.459s] -- Up-to-date symlink: /home/bryansgue/uav_ws/install/mujoco_ros_utils/share/mujoco_ros_utils/cmake/rosidl_cmake-extras.cmake
[0.459s] -- Up-to-date symlink: /home/bryansgue/uav_ws/install/mujoco_ros_utils/share/mujoco_ros_utils/cmake/ament_cmake_export_dependencies-extras.cmake
[0.459s] -- Up-to-date symlink: /home/bryansgue/uav_ws/install/mujoco_ros_utils/share/mujoco_ros_utils/cmake/ament_cmake_export_include_directories-extras.cmake
[0.459s] -- Up-to-date symlink: /home/bryansgue/uav_ws/install/mujoco_ros_utils/share/mujoco_ros_utils/cmake/ament_cmake_export_libraries-extras.cmake
[0.459s] -- Up-to-date symlink: /home/bryansgue/uav_ws/install/mujoco_ros_utils/share/mujoco_ros_utils/cmake/ament_cmake_export_targets-extras.cmake
[0.460s] -- Up-to-date symlink: /home/bryansgue/uav_ws/install/mujoco_ros_utils/share/mujoco_ros_utils/cmake/rosidl_cmake_export_typesupport_targets-extras.cmake
[0.460s] -- Up-to-date symlink: /home/bryansgue/uav_ws/install/mujoco_ros_utils/share/mujoco_ros_utils/cmake/rosidl_cmake_export_typesupport_libraries-extras.cmake
[0.460s] -- Up-to-date symlink: /home/bryansgue/uav_ws/install/mujoco_ros_utils/share/mujoco_ros_utils/cmake/mujoco_ros_utilsConfig.cmake
[0.460s] -- Up-to-date symlink: /home/bryansgue/uav_ws/install/mujoco_ros_utils/share/mujoco_ros_utils/cmake/mujoco_ros_utilsConfig-version.cmake
[0.460s] -- Up-to-date symlink: /home/bryansgue/uav_ws/install/mujoco_ros_utils/share/mujoco_ros_utils/package.xml
[0.460s] -- Up-to-date symlink: /home/bryansgue/uav_ws/install/mujoco_ros_utils/share/xml/sample_mujoco_ros_utils.xml
[0.460s] -- Up-to-date: /home/bryansgue/uav_ws/install/mujoco_ros_utils/lib/libmujoco_ros_utils__rosidl_generator_c.so
[0.460s] -- Up-to-date: /home/bryansgue/uav_ws/install/mujoco_ros_utils/lib/libmujoco_ros_utils__rosidl_typesupport_fastrtps_c.so
[0.460s] -- Up-to-date: /home/bryansgue/uav_ws/install/mujoco_ros_utils/lib/libmujoco_ros_utils__rosidl_typesupport_fastrtps_cpp.so
[0.460s] -- Up-to-date: /home/bryansgue/uav_ws/install/mujoco_ros_utils/lib/libmujoco_ros_utils__rosidl_typesupport_introspection_c.so
[0.461s] -- Up-to-date: /home/bryansgue/uav_ws/install/mujoco_ros_utils/lib/libmujoco_ros_utils__rosidl_typesupport_c.so
[0.461s] -- Up-to-date: /home/bryansgue/uav_ws/install/mujoco_ros_utils/lib/libmujoco_ros_utils__rosidl_typesupport_introspection_cpp.so
[0.461s] -- Up-to-date: /home/bryansgue/uav_ws/install/mujoco_ros_utils/lib/libmujoco_ros_utils__rosidl_typesupport_cpp.so
[0.495s] Listing '/home/bryansgue/uav_ws/install/mujoco_ros_utils/local/lib/python3.10/dist-packages/mujoco_ros_utils'...
[0.496s] Listing '/home/bryansgue/uav_ws/install/mujoco_ros_utils/local/lib/python3.10/dist-packages/mujoco_ros_utils/msg'...
[0.501s] -- Up-to-date: /home/bryansgue/uav_ws/install/mujoco_ros_utils/lib/libmujoco_ros_utils__rosidl_generator_py.so
[0.501s] -- Up-to-date: /home/bryansgue/uav_ws/install/mujoco_ros_utils/share/mujoco_ros_utils/cmake/export_mujoco_ros_utils__rosidl_generator_cExport.cmake
[0.501s] -- Up-to-date: /home/bryansgue/uav_ws/install/mujoco_ros_utils/share/mujoco_ros_utils/cmake/export_mujoco_ros_utils__rosidl_generator_cExport-noconfig.cmake
[0.502s] -- Up-to-date: /home/bryansgue/uav_ws/install/mujoco_ros_utils/share/mujoco_ros_utils/cmake/export_mujoco_ros_utils__rosidl_typesupport_fastrtps_cExport.cmake
[0.502s] -- Up-to-date: /home/bryansgue/uav_ws/install/mujoco_ros_utils/share/mujoco_ros_utils/cmake/export_mujoco_ros_utils__rosidl_typesupport_fastrtps_cExport-noconfig.cmake
[0.502s] -- Up-to-date: /home/bryansgue/uav_ws/install/mujoco_ros_utils/share/mujoco_ros_utils/cmake/export_mujoco_ros_utils__rosidl_generator_cppExport.cmake
[0.502s] -- Up-to-date: /home/bryansgue/uav_ws/install/mujoco_ros_utils/share/mujoco_ros_utils/cmake/export_mujoco_ros_utils__rosidl_typesupport_fastrtps_cppExport.cmake
[0.502s] -- Up-to-date: /home/bryansgue/uav_ws/install/mujoco_ros_utils/share/mujoco_ros_utils/cmake/export_mujoco_ros_utils__rosidl_typesupport_fastrtps_cppExport-noconfig.cmake
[0.502s] -- Up-to-date: /home/bryansgue/uav_ws/install/mujoco_ros_utils/share/mujoco_ros_utils/cmake/mujoco_ros_utils__rosidl_typesupport_introspection_cExport.cmake
[0.502s] -- Up-to-date: /home/bryansgue/uav_ws/install/mujoco_ros_utils/share/mujoco_ros_utils/cmake/mujoco_ros_utils__rosidl_typesupport_introspection_cExport-noconfig.cmake
[0.502s] -- Up-to-date: /home/bryansgue/uav_ws/install/mujoco_ros_utils/share/mujoco_ros_utils/cmake/mujoco_ros_utils__rosidl_typesupport_cExport.cmake
[0.502s] -- Up-to-date: /home/bryansgue/uav_ws/install/mujoco_ros_utils/share/mujoco_ros_utils/cmake/mujoco_ros_utils__rosidl_typesupport_cExport-noconfig.cmake
[0.502s] -- Up-to-date: /home/bryansgue/uav_ws/install/mujoco_ros_utils/share/mujoco_ros_utils/cmake/mujoco_ros_utils__rosidl_typesupport_introspection_cppExport.cmake
[0.503s] -- Up-to-date: /home/bryansgue/uav_ws/install/mujoco_ros_utils/share/mujoco_ros_utils/cmake/mujoco_ros_utils__rosidl_typesupport_introspection_cppExport-noconfig.cmake
[0.503s] -- Up-to-date: /home/bryansgue/uav_ws/install/mujoco_ros_utils/share/mujoco_ros_utils/cmake/mujoco_ros_utils__rosidl_typesupport_cppExport.cmake
[0.503s] -- Up-to-date: /home/bryansgue/uav_ws/install/mujoco_ros_utils/share/mujoco_ros_utils/cmake/mujoco_ros_utils__rosidl_typesupport_cppExport-noconfig.cmake
[0.503s] -- Up-to-date: /home/bryansgue/uav_ws/install/mujoco_ros_utils/share/mujoco_ros_utils/cmake/export_mujoco_ros_utils__rosidl_generator_pyExport.cmake
[0.503s] -- Up-to-date: /home/bryansgue/uav_ws/install/mujoco_ros_utils/share/mujoco_ros_utils/cmake/export_mujoco_ros_utils__rosidl_generator_pyExport-noconfig.cmake
[0.503s] -- Up-to-date: /home/bryansgue/uav_ws/mujoco-3.4.0/bin/mujoco_plugin/libMujocoRosUtils.so
[0.503s] -- Up-to-date: /home/bryansgue/uav_ws/mujoco-3.4.0/bin/mujoco_plugin/libMujocoRosUtilsPlugin.so
[0.503s] -- Up-to-date: /home/bryansgue/uav_ws/install/mujoco_ros_utils/lib/pkgconfig/mujoco_ros_utils.pc
[0.507s] Invoked command in '/home/bryansgue/uav_ws/build/mujoco_ros_utils' returned '0': AMENT_PREFIX_PATH=/home/bryansgue/uav_ws/install/quadrotor_msgs:${AMENT_PREFIX_PATH} CMAKE_PREFIX_PATH=/home/bryansgue/uav_ws/install/quadrotor_msgs:/home/bryansgue/acp_ws/install/quad_mujoco_sim:/home/bryansgue/acp_ws/install/voxl2_rpm_interface:/home/bryansgue/acp_ws/install/trackers_manager:/home/bryansgue/acp_ws/install/std_trackers:/home/bryansgue/acp_ws/install/sim_interface:/home/bryansgue/acp_ws/install/drone_teleop:/home/bryansgue/acp_ws/install/nmpc_control:/home/bryansgue/acp_ws/install/mav_manager_test:/home/bryansgue/acp_ws/install/dq_nmpc:/opt/ros/humble:/home/bryansgue/acp_ws/install/mav_manager:/home/bryansgue/acp_ws/install/trackers_msgs:/home/bryansgue/acp_ws/install/quadrotor_simulator:/home/bryansgue/acp_ws/install/pi_ros2_interface:/home/bryansgue/acp_ws/install/nmpc_payload_cpp:/home/bryansgue/acp_ws/install/mujoco_ros_utils:/home/bryansgue/acp_ws/install/mav_control:/home/bryansgue/acp_ws/install/dq_cpp:/home/bryansgue/acp_ws/install/acp_mujoco_simulator:/home/bryansgue/acp_ws/install/quadrotor_msgs:/home/bryansgue/acp_ws/install/mesh_visualization:/home/bryansgue/acp_ws/install/mav_manager_srv:/home/bryansgue/acp_ws/install/acp_autonomy LD_LIBRARY_PATH=/home/bryansgue/uav_ws/install/quadrotor_msgs/lib:/home/bryansgue/acp_ws/install/trackers_manager/lib:/home/bryansgue/acp_ws/install/std_trackers/lib:/home/bryansgue/acp_ws/install/mav_manager/lib:/home/bryansgue/acp_ws/install/trackers_msgs/lib:/home/bryansgue/acp_ws/install/quadrotor_simulator/lib:/home/bryansgue/acp_ws/install/pi_ros2_interface/lib:/home/bryansgue/acp_ws/install/nmpc_payload_cpp/lib:/home/bryansgue/acp_ws/install/mujoco_ros_utils/lib:/home/bryansgue/acp_ws/install/mav_control/lib:/home/bryansgue/acp_ws/install/dq_cpp/lib:/home/bryansgue/acp_ws/install/quadrotor_msgs/lib:/home/bryansgue/acp_ws/install/mesh_visualization/lib:/home/bryansgue/acp_ws/install/mav_manager_srv/lib:/opt/ros/humble/opt/rviz_ogre_vendor/lib:/opt/ros/humble/lib/x86_64-linux-gnu:/opt/ros/humble/lib:/home/bryansgue/acados/lib:/home/bryansgue/acados/lib:/home/bryansgue/acados/external/blasfeo/lib:/home/bryansgue/acados/external/hpipm/lib:/home/bryansgue/acados/lib:/home/bryansgue/acados/lib:/home/bryansgue/acados/external/blasfeo/lib:/home/bryansgue/acados/external/hpipm/lib PYTHONPATH=/home/bryansgue/uav_ws/install/quadrotor_msgs/local/lib/python3.10/dist-packages:${PYTHONPATH} /usr/bin/cmake --install /home/bryansgue/uav_ws/build/mujoco_ros_utils
