running develop
running egg_info
creating drone_teleop.egg-info
writing drone_teleop.egg-info/PKG-INFO
writing dependency_links to drone_teleop.egg-info/dependency_links.txt
writing entry points to drone_teleop.egg-info/entry_points.txt
writing requirements to drone_teleop.egg-info/requires.txt
writing top-level names to drone_teleop.egg-info/top_level.txt
writing manifest file 'drone_teleop.egg-info/SOURCES.txt'
reading manifest file 'drone_teleop.egg-info/SOURCES.txt'
writing manifest file 'drone_teleop.egg-info/SOURCES.txt'
running build_ext
Creating /home/bryansgue/uav_ws/install/drone_teleop/lib/python3.10/site-packages/drone-teleop.egg-link (link to .)
Installing teleop script to /home/bryansgue/uav_ws/install/drone_teleop/lib/drone_teleop

Installed /home/bryansgue/uav_ws/build/drone_teleop
running symlink_data
creating /home/bryansgue/uav_ws/install/drone_teleop/share/ament_index
creating /home/bryansgue/uav_ws/install/drone_teleop/share/ament_index/resource_index
creating /home/bryansgue/uav_ws/install/drone_teleop/share/ament_index/resource_index/packages
symbolically linking /home/bryansgue/uav_ws/build/drone_teleop/resource/drone_teleop -> /home/bryansgue/uav_ws/install/drone_teleop/share/ament_index/resource_index/packages
symbolically linking /home/bryansgue/uav_ws/build/drone_teleop/package.xml -> /home/bryansgue/uav_ws/install/drone_teleop/share/drone_teleop
creating /home/bryansgue/uav_ws/install/drone_teleop/share/drone_teleop/launch
symbolically linking /home/bryansgue/uav_ws/build/drone_teleop/launch/mujoco_only.launch.py -> /home/bryansgue/uav_ws/install/drone_teleop/share/drone_teleop/launch
