[0.634s] Invoking command in '/home/bryansgue/uav_ws/build/drone_teleop': AMENT_PREFIX_PATH=/home/bryansgue/uav_ws/install/acp_mujoco_simulator:/home/bryansgue/uav_ws/install/quadrotor_msgs:${AMENT_PREFIX_PATH} CMAKE_PREFIX_PATH=/home/bryansgue/uav_ws/install/acp_mujoco_simulator:/home/bryansgue/uav_ws/install/quadrotor_msgs:${CMAKE_PREFIX_PATH} LD_LIBRARY_PATH=/home/bryansgue/uav_ws/install/quadrotor_msgs/lib:/home/bryansgue/acp_ws/install/trackers_manager/lib:/home/bryansgue/acp_ws/install/std_trackers/lib:/home/bryansgue/acp_ws/install/mav_manager/lib:/home/bryansgue/acp_ws/install/trackers_msgs/lib:/home/bryansgue/acp_ws/install/quadrotor_simulator/lib:/home/bryansgue/acp_ws/install/pi_ros2_interface/lib:/home/bryansgue/acp_ws/install/nmpc_payload_cpp/lib:/home/bryansgue/acp_ws/install/mujoco_ros_utils/lib:/home/bryansgue/acp_ws/install/mav_control/lib:/home/bryansgue/acp_ws/install/dq_cpp/lib:/home/bryansgue/acp_ws/install/quadrotor_msgs/lib:/home/bryansgue/acp_ws/install/mesh_visualization/lib:/home/bryansgue/acp_ws/install/mav_manager_srv/lib:/opt/ros/humble/opt/rviz_ogre_vendor/lib:/opt/ros/humble/lib/x86_64-linux-gnu:/opt/ros/humble/lib:/home/bryansgue/acados/lib:/home/bryansgue/acados/lib:/home/bryansgue/acados/external/blasfeo/lib:/home/bryansgue/acados/external/hpipm/lib:/home/bryansgue/acados/lib:/home/bryansgue/acados/lib:/home/bryansgue/acados/external/blasfeo/lib:/home/bryansgue/acados/external/hpipm/lib PYTHONPATH=/home/bryansgue/uav_ws/build/drone_teleop/prefix_override:/usr/lib/python3/dist-packages/colcon_core/task/python/colcon_distutils_commands:/home/bryansgue/uav_ws/install/drone_teleop/lib/python3.10/site-packages:/home/bryansgue/uav_ws/install/quadrotor_msgs/local/lib/python3.10/dist-packages:${PYTHONPATH} /usr/bin/python3 -W ignore:setup.py install is deprecated -W ignore:easy_install command is deprecated setup.py develop --editable --build-directory /home/bryansgue/uav_ws/build/drone_teleop/build --no-deps symlink_data
[0.875s] running develop
[1.016s] running egg_info
[1.016s] creating drone_teleop.egg-info
[1.016s] writing drone_teleop.egg-info/PKG-INFO
[1.017s] writing dependency_links to drone_teleop.egg-info/dependency_links.txt
[1.017s] writing entry points to drone_teleop.egg-info/entry_points.txt
[1.017s] writing requirements to drone_teleop.egg-info/requires.txt
[1.017s] writing top-level names to drone_teleop.egg-info/top_level.txt
[1.017s] writing manifest file 'drone_teleop.egg-info/SOURCES.txt'
[1.020s] reading manifest file 'drone_teleop.egg-info/SOURCES.txt'
[1.020s] writing manifest file 'drone_teleop.egg-info/SOURCES.txt'
[1.097s] running build_ext
[1.097s] Creating /home/bryansgue/uav_ws/install/drone_teleop/lib/python3.10/site-packages/drone-teleop.egg-link (link to .)
[1.098s] Installing teleop script to /home/bryansgue/uav_ws/install/drone_teleop/lib/drone_teleop
[1.099s] 
[1.099s] Installed /home/bryansgue/uav_ws/build/drone_teleop
[1.099s] running symlink_data
[1.099s] creating /home/bryansgue/uav_ws/install/drone_teleop/share/ament_index
[1.099s] creating /home/bryansgue/uav_ws/install/drone_teleop/share/ament_index/resource_index
[1.099s] creating /home/bryansgue/uav_ws/install/drone_teleop/share/ament_index/resource_index/packages
[1.099s] symbolically linking /home/bryansgue/uav_ws/build/drone_teleop/resource/drone_teleop -> /home/bryansgue/uav_ws/install/drone_teleop/share/ament_index/resource_index/packages
[1.099s] symbolically linking /home/bryansgue/uav_ws/build/drone_teleop/package.xml -> /home/bryansgue/uav_ws/install/drone_teleop/share/drone_teleop
[1.099s] creating /home/bryansgue/uav_ws/install/drone_teleop/share/drone_teleop/launch
[1.099s] symbolically linking /home/bryansgue/uav_ws/build/drone_teleop/launch/mujoco_only.launch.py -> /home/bryansgue/uav_ws/install/drone_teleop/share/drone_teleop/launch
[1.203s] Invoked command in '/home/bryansgue/uav_ws/build/drone_teleop' returned '0': AMENT_PREFIX_PATH=/home/bryansgue/uav_ws/install/acp_mujoco_simulator:/home/bryansgue/uav_ws/install/quadrotor_msgs:${AMENT_PREFIX_PATH} CMAKE_PREFIX_PATH=/home/bryansgue/uav_ws/install/acp_mujoco_simulator:/home/bryansgue/uav_ws/install/quadrotor_msgs:${CMAKE_PREFIX_PATH} LD_LIBRARY_PATH=/home/bryansgue/uav_ws/install/quadrotor_msgs/lib:/home/bryansgue/acp_ws/install/trackers_manager/lib:/home/bryansgue/acp_ws/install/std_trackers/lib:/home/bryansgue/acp_ws/install/mav_manager/lib:/home/bryansgue/acp_ws/install/trackers_msgs/lib:/home/bryansgue/acp_ws/install/quadrotor_simulator/lib:/home/bryansgue/acp_ws/install/pi_ros2_interface/lib:/home/bryansgue/acp_ws/install/nmpc_payload_cpp/lib:/home/bryansgue/acp_ws/install/mujoco_ros_utils/lib:/home/bryansgue/acp_ws/install/mav_control/lib:/home/bryansgue/acp_ws/install/dq_cpp/lib:/home/bryansgue/acp_ws/install/quadrotor_msgs/lib:/home/bryansgue/acp_ws/install/mesh_visualization/lib:/home/bryansgue/acp_ws/install/mav_manager_srv/lib:/opt/ros/humble/opt/rviz_ogre_vendor/lib:/opt/ros/humble/lib/x86_64-linux-gnu:/opt/ros/humble/lib:/home/bryansgue/acados/lib:/home/bryansgue/acados/lib:/home/bryansgue/acados/external/blasfeo/lib:/home/bryansgue/acados/external/hpipm/lib:/home/bryansgue/acados/lib:/home/bryansgue/acados/lib:/home/bryansgue/acados/external/blasfeo/lib:/home/bryansgue/acados/external/hpipm/lib PYTHONPATH=/home/bryansgue/uav_ws/build/drone_teleop/prefix_override:/usr/lib/python3/dist-packages/colcon_core/task/python/colcon_distutils_commands:/home/bryansgue/uav_ws/install/drone_teleop/lib/python3.10/site-packages:/home/bryansgue/uav_ws/install/quadrotor_msgs/local/lib/python3.10/dist-packages:${PYTHONPATH} /usr/bin/python3 -W ignore:setup.py install is deprecated -W ignore:easy_install command is deprecated setup.py develop --editable --build-directory /home/bryansgue/uav_ws/build/drone_teleop/build --no-deps symlink_data
